<?xml version="1.0" encoding="UTF-8"?>
<robot generator="Robot 6.1.1 (Python 3.12.1 on win32)" generated="20240703 22:54:35.875" rpa="false" schemaversion="4">
<suite id="s1" name="Screen" source="D:\Automation\testangel-main\pysmartapi\screen.robot">
<kw name="Open Browser Test" type="SETUP">
<arg>${HOMEPAGE}</arg>
<kw name="Open Browser" library="Selenium2Library">
<arg>${URL}</arg>
<arg>${BROWSER}</arg>
<doc>Opens a new browser instance to the optional ``url``.</doc>
<msg timestamp="20240703 22:54:36.715" level="INFO">Opening browser 'chrome' to base url 'https://www.google.com/finance/quote'.</msg>
<status status="PASS" starttime="20240703 22:54:36.714" endtime="20240703 22:54:39.668"/>
</kw>
<kw name="Maximize Browser Window" library="Selenium2Library">
<doc>Maximizes current browser window.</doc>
<status status="PASS" starttime="20240703 22:54:39.669" endtime="20240703 22:54:39.805"/>
</kw>
<status status="PASS" starttime="20240703 22:54:36.713" endtime="20240703 22:54:39.805"/>
</kw>
<test id="s1-t1" name="Stock Screens" line="18">
<kw name="Log Variables" library="BuiltIn">
<doc>Logs all variables in the current scope with given log level.</doc>
<msg timestamp="20240703 22:54:39.818" level="INFO">${/} = \</msg>
<msg timestamp="20240703 22:54:39.818" level="INFO">${:} = ;</msg>
<msg timestamp="20240703 22:54:39.819" level="INFO">${\n} = 
</msg>
<msg timestamp="20240703 22:54:39.819" level="INFO">${BROWSER} = chrome</msg>
<msg timestamp="20240703 22:54:39.819" level="INFO">${DEBUG_FILE} = NONE</msg>
<msg timestamp="20240703 22:54:39.819" level="INFO">${EXECDIR} = D:\Automation\testangel-main</msg>
<msg timestamp="20240703 22:54:39.819" level="INFO">${False} = False</msg>
<msg timestamp="20240703 22:54:39.819" level="INFO">${HOMEPAGE} = https://www.google.com/finance/quote</msg>
<msg timestamp="20240703 22:54:39.819" level="INFO">${LOG_FILE} = D:\Automation\testangel-main\maheshr052.github.io\20240307\log.html</msg>
<msg timestamp="20240703 22:54:39.819" level="INFO">${LOG_LEVEL} = INFO</msg>
<msg timestamp="20240703 22:54:39.820" level="INFO">${None} = None</msg>
<msg timestamp="20240703 22:54:39.820" level="INFO">${null} = None</msg>
<msg timestamp="20240703 22:54:39.820" level="INFO">&amp;{OPTIONS} = { include=[] | exclude=[] | skip=[] | skip_on_failure=[] }</msg>
<msg timestamp="20240703 22:54:39.820" level="INFO">${OUTPUT_DIR} = D:\Automation\testangel-main\maheshr052.github.io\20240307</msg>
<msg timestamp="20240703 22:54:39.820" level="INFO">${OUTPUT_FILE} = D:\Automation\testangel-main\maheshr052.github.io\20240307\output.xml</msg>
<msg timestamp="20240703 22:54:39.820" level="INFO">${PREV_TEST_MESSAGE} = </msg>
<msg timestamp="20240703 22:54:39.820" level="INFO">${PREV_TEST_NAME} = </msg>
<msg timestamp="20240703 22:54:39.820" level="INFO">${PREV_TEST_STATUS} = </msg>
<msg timestamp="20240703 22:54:39.821" level="INFO">${REPORT_FILE} = D:\Automation\testangel-main\maheshr052.github.io\20240307\report.html</msg>
<msg timestamp="20240703 22:54:39.821" level="INFO">${SPACE} =  </msg>
<msg timestamp="20240703 22:54:39.821" level="INFO">${SUITE_DOCUMENTATION} = </msg>
<msg timestamp="20240703 22:54:39.821" level="INFO">&amp;{SUITE_METADATA} = { }</msg>
<msg timestamp="20240703 22:54:39.821" level="INFO">${SUITE_NAME} = Screen</msg>
<msg timestamp="20240703 22:54:39.822" level="INFO">${SUITE_SOURCE} = D:\Automation\testangel-main\pysmartapi\screen.robot</msg>
<msg timestamp="20240703 22:54:39.822" level="INFO">${TEMPDIR} = C:\Users\Dell\AppData\Local\Temp</msg>
<msg timestamp="20240703 22:54:39.822" level="INFO">${TEST_DOCUMENTATION} = </msg>
<msg timestamp="20240703 22:54:39.822" level="INFO">${TEST_NAME} = Stock Screens</msg>
<msg timestamp="20240703 22:54:39.822" level="INFO">@{TEST_TAGS} = [ ]</msg>
<msg timestamp="20240703 22:54:39.822" level="INFO">${True} = True</msg>
<status status="PASS" starttime="20240703 22:54:39.815" endtime="20240703 22:54:39.822"/>
</kw>
<kw name="Connect To Database" library="DatabaseLibrary">
<arg>psycopg2</arg>
<arg>postgres</arg>
<arg>postgres</arg>
<arg>admin</arg>
<arg>localhost</arg>
<arg>5432</arg>
<doc>Loads the DB API 2.0 module given ``dbapiModuleName`` then uses it to
connect to the database using provided parameters such as ``dbName``, ``dbUsername``, and ``dbPassword``.</doc>
<msg timestamp="20240703 22:54:39.868" level="INFO">Connecting using : psycopg2.connect(database=postgres, user=postgres, password=***, host=localhost, port=5432)</msg>
<status status="PASS" starttime="20240703 22:54:39.825" endtime="20240703 22:54:40.021"/>
</kw>
<kw name="Query" library="DatabaseLibrary">
<var>@{queryResults}</var>
<arg>SELECT distinct * FROM chartink</arg>
<doc>Runs a query with the ``selectStatement`` and returns the result as a list of rows.
The type of row values depends on the database module -
usually they are tuples or tuple-like objects.</doc>
<msg timestamp="20240703 22:54:40.024" level="INFO">Executing : Query  |  SELECT distinct * FROM chartink </msg>
<msg timestamp="20240703 22:54:40.031" level="INFO">@{queryResults} = [ ]</msg>
<status status="PASS" starttime="20240703 22:54:40.022" endtime="20240703 22:54:40.031"/>
</kw>
<for flavor="IN">
<var>${text}</var>
<value>@{queryResults}</value>
<iter>
<var name="${text}"/>
<kw name="Log" library="BuiltIn">
<arg>${text}</arg>
<doc>Logs the given message with the given level.</doc>
<status status="NOT RUN" starttime="20240703 22:54:40.033" endtime="20240703 22:54:40.033"/>
</kw>
<kw name="Go To" library="Selenium2Library">
<arg>${HOMEPAGE}/${text}[0]:NSE</arg>
<doc>Navigates the current browser window to the provided ``url``.</doc>
<status status="NOT RUN" starttime="20240703 22:54:40.033" endtime="20240703 22:54:40.033"/>
</kw>
<kw name="Sleep" library="BuiltIn">
<arg>1s</arg>
<doc>Pauses the test executed for the given time.</doc>
<status status="NOT RUN" starttime="20240703 22:54:40.033" endtime="20240703 22:54:40.033"/>
</kw>
<kw name="Run Keyword And Ignore Error" library="BuiltIn">
<arg>wait until page contains</arg>
<arg>Prev close</arg>
<doc>Runs the given keyword with the given arguments and ignores possible error.</doc>
<status status="NOT RUN" starttime="20240703 22:54:40.033" endtime="20240703 22:54:40.033"/>
</kw>
<kw name="Capture Page Screenshot" library="Selenium2Library">
<arg>${text}[0]_1D</arg>
<doc>Takes a screenshot of the current page and embeds it into a log file.</doc>
<status status="NOT RUN" starttime="20240703 22:54:40.033" endtime="20240703 22:54:40.033"/>
</kw>
<kw name="Go To" library="Selenium2Library">
<arg>${HOMEPAGE}/${text}[0]:NSE?window=5D</arg>
<doc>Navigates the current browser window to the provided ``url``.</doc>
<status status="NOT RUN" starttime="20240703 22:54:40.035" endtime="20240703 22:54:40.035"/>
</kw>
<kw name="Run Keyword And Ignore Error" library="BuiltIn">
<arg>wait until element is visible</arg>
<arg>css:div&gt;svg&gt;g&gt;g&gt;rect</arg>
<doc>Runs the given keyword with the given arguments and ignores possible error.</doc>
<status status="NOT RUN" starttime="20240703 22:54:40.035" endtime="20240703 22:54:40.035"/>
</kw>
<kw name="Sleep" library="BuiltIn">
<arg>1s</arg>
<doc>Pauses the test executed for the given time.</doc>
<status status="NOT RUN" starttime="20240703 22:54:40.035" endtime="20240703 22:54:40.035"/>
</kw>
<kw name="Capture Page Screenshot" library="Selenium2Library">
<arg>${text}[0]_5D</arg>
<doc>Takes a screenshot of the current page and embeds it into a log file.</doc>
<status status="NOT RUN" starttime="20240703 22:54:40.035" endtime="20240703 22:54:40.035"/>
</kw>
<status status="NOT RUN" starttime="20240703 22:54:40.031" endtime="20240703 22:54:40.035"/>
</iter>
<status status="NOT RUN" starttime="20240703 22:54:40.031" endtime="20240703 22:54:40.035"/>
</for>
<status status="PASS" starttime="20240703 22:54:39.806" endtime="20240703 22:54:40.036"/>
</test>
<kw name="Close Browser" library="Selenium2Library" type="TEARDOWN">
<doc>Closes the current browser.</doc>
<status status="PASS" starttime="20240703 22:54:40.041" endtime="20240703 22:54:42.365"/>
</kw>
<status status="PASS" starttime="20240703 22:54:35.878" endtime="20240703 22:54:42.366"/>
</suite>
<statistics>
<total>
<stat pass="1" fail="0" skip="0">All Tests</stat>
</total>
<tag>
</tag>
<suite>
<stat pass="1" fail="0" skip="0" id="s1" name="Screen">Screen</stat>
</suite>
</statistics>
<errors>
</errors>
</robot>
