<?xml version="1.0" encoding="UTF-8"?>
<robot generator="Robot 4.1.1 (Python 3.9.5 on win32)" generated="20220117 18:57:38.176" rpa="false" schemaversion="2">
<suite id="s1" name="Chartinkscreen" source="C:\Users\User\PycharmProjects\stock\pysmartapi\chartinkscreen.robot">
<kw name="Open Browser Test" type="SETUP">
<arg>${HOMEPAGE}</arg>
<kw name="Remove Files" library="OperatingSystem">
<doc>Uses `Remove File` to remove multiple files one-by-one.</doc>
<status status="PASS" starttime="20220117 18:57:38.726" endtime="20220117 18:57:38.726"/>
</kw>
<kw name="Open Browser" library="Selenium2Library">
<arg>${URL}</arg>
<arg>${BROWSER}</arg>
<doc>Opens a new browser instance to the optional ``url``.</doc>
<msg timestamp="20220117 18:57:38.727" level="INFO">Opening browser 'chrome' to base url 'https://chartink.com/stocks'.</msg>
<status status="PASS" starttime="20220117 18:57:38.727" endtime="20220117 18:57:42.811"/>
</kw>
<kw name="Maximize Browser Window" library="Selenium2Library">
<doc>Maximizes current browser window.</doc>
<status status="PASS" starttime="20220117 18:57:42.812" endtime="20220117 18:57:42.942"/>
</kw>
<status status="PASS" starttime="20220117 18:57:38.725" endtime="20220117 18:57:42.942"/>
</kw>
<test id="s1-t1" name="Stock Screens">
<kw name="Log Variables" library="BuiltIn">
<doc>Logs all variables in the current scope with given log level.</doc>
<msg timestamp="20220117 18:57:42.945" level="INFO">${/} = \</msg>
<msg timestamp="20220117 18:57:42.945" level="INFO">${:} = ;</msg>
<msg timestamp="20220117 18:57:42.945" level="INFO">${\n} = 
</msg>
<msg timestamp="20220117 18:57:42.945" level="INFO">${BROWSER} = chrome</msg>
<msg timestamp="20220117 18:57:42.945" level="INFO">${DEBUG_FILE} = NONE</msg>
<msg timestamp="20220117 18:57:42.945" level="INFO">${EXECDIR} = C:\Users\User\PycharmProjects\stock</msg>
<msg timestamp="20220117 18:57:42.945" level="INFO">${False} = False</msg>
<msg timestamp="20220117 18:57:42.945" level="INFO">${HOMEPAGE} = https://chartink.com/stocks</msg>
<msg timestamp="20220117 18:57:42.946" level="INFO">${LOG_FILE} = C:\Users\User\PycharmProjects\stock\jan18\log.html</msg>
<msg timestamp="20220117 18:57:42.946" level="INFO">${LOG_LEVEL} = INFO</msg>
<msg timestamp="20220117 18:57:42.946" level="INFO">${None} = None</msg>
<msg timestamp="20220117 18:57:42.946" level="INFO">${null} = None</msg>
<msg timestamp="20220117 18:57:42.946" level="INFO">${OUTPUT_DIR} = C:\Users\User\PycharmProjects\stock\jan18</msg>
<msg timestamp="20220117 18:57:42.946" level="INFO">${OUTPUT_FILE} = C:\Users\User\PycharmProjects\stock\jan18\output.xml</msg>
<msg timestamp="20220117 18:57:42.946" level="INFO">${PREV_TEST_MESSAGE} = </msg>
<msg timestamp="20220117 18:57:42.946" level="INFO">${PREV_TEST_NAME} = </msg>
<msg timestamp="20220117 18:57:42.946" level="INFO">${PREV_TEST_STATUS} = </msg>
<msg timestamp="20220117 18:57:42.946" level="INFO">${REPORT_FILE} = C:\Users\User\PycharmProjects\stock\jan18\report.html</msg>
<msg timestamp="20220117 18:57:42.946" level="INFO">${SPACE} =  </msg>
<msg timestamp="20220117 18:57:42.946" level="INFO">${SUITE_DOCUMENTATION} = </msg>
<msg timestamp="20220117 18:57:42.946" level="INFO">&amp;{SUITE_METADATA} = { }</msg>
<msg timestamp="20220117 18:57:42.946" level="INFO">${SUITE_NAME} = Chartinkscreen</msg>
<msg timestamp="20220117 18:57:42.946" level="INFO">${SUITE_SOURCE} = C:\Users\User\PycharmProjects\stock\pysmartapi\chartinkscreen.robot</msg>
<msg timestamp="20220117 18:57:42.947" level="INFO">${TEMPDIR} = C:\Users\User\AppData\Local\Temp</msg>
<msg timestamp="20220117 18:57:42.947" level="INFO">${TEST_DOCUMENTATION} = </msg>
<msg timestamp="20220117 18:57:42.947" level="INFO">${TEST_NAME} = Stock Screens</msg>
<msg timestamp="20220117 18:57:42.947" level="INFO">@{TEST_TAGS} = [ ]</msg>
<msg timestamp="20220117 18:57:42.947" level="INFO">${True} = True</msg>
<status status="PASS" starttime="20220117 18:57:42.944" endtime="20220117 18:57:42.947"/>
</kw>
<kw name="Connect To Database" library="DatabaseLibrary">
<arg>psycopg2</arg>
<arg>postgres</arg>
<arg>postgres</arg>
<arg>admin</arg>
<arg>localhost</arg>
<arg>5432</arg>
<doc>Loads the DB API 2.0 module given `dbapiModuleName` then uses it to
connect to the database using `dbName`, `dbUsername`, and `dbPassword`.</doc>
<msg timestamp="20220117 18:57:42.976" level="INFO">Connecting using : psycopg2.connect(database=postgres, user=postgres, password=admin, host=localhost, port=5432) </msg>
<status status="PASS" starttime="20220117 18:57:42.948" endtime="20220117 18:57:43.031"/>
</kw>
<kw name="Query" library="DatabaseLibrary">
<var>@{queryResults}</var>
<arg>SELECT distinct * FROM chartink</arg>
<doc>Uses the input `selectStatement` to query for the values that will be returned as a list of tuples. Set optional
input `sansTran` to True to run command without an explicit transaction commit or rollback.
Set optional input `returnAsDict` to True to return values as a list of dictionaries.</doc>
<msg timestamp="20220117 18:57:43.032" level="INFO">Executing : Query  |  SELECT distinct * FROM chartink </msg>
<msg timestamp="20220117 18:57:43.042" level="INFO">@{queryResults} = [ ('VSTTILLERS',) | ('HDFCLIFE',) | ('REVATHI',) | ('STYLAMIND',) | ('BLUESTARCO',) | ('INSECTICID',) | ('APTECHT',) | ('HEIDELBERG',) | ('JSL',) | ('SHIVATEX',) | ('VBL',) | ('AJMERA',) | ('UBL',) | ...</msg>
<status status="PASS" starttime="20220117 18:57:43.032" endtime="20220117 18:57:43.042"/>
</kw>
<kw name="Go To" library="Selenium2Library">
<arg>${HOMEPAGE}/bse.html</arg>
<doc>Navigates the current browser window to the provided ``url``.</doc>
<msg timestamp="20220117 18:57:43.043" level="INFO">Opening url 'https://chartink.com/stocks/bse.html'</msg>
<status status="PASS" starttime="20220117 18:57:43.042" endtime="20220117 18:57:59.078"/>
</kw>
<kw name="Wait Until Keyword Succeeds" library="BuiltIn">
<arg>10s</arg>
<arg>1s</arg>
<arg>Select Chart</arg>
<doc>Runs the specified keyword and retries if it fails.</doc>
<kw name="Select Chart">
<kw name="Click Element" library="Selenium2Library">
<arg>css:#ti</arg>
<doc>Click the element identified by ``locator``.</doc>
<msg timestamp="20220117 18:57:59.081" level="INFO">Clicking element 'css:#ti'.</msg>
<status status="PASS" starttime="20220117 18:57:59.080" endtime="20220117 18:57:59.172"/>
</kw>
<kw name="Click Link" library="Selenium2Library">
<arg>link:Moving Avgs</arg>
<doc>Clicks a link identified by ``locator``.</doc>
<msg timestamp="20220117 18:57:59.173" level="INFO">Clicking link 'link:Moving Avgs'.</msg>
<status status="PASS" starttime="20220117 18:57:59.172" endtime="20220117 18:57:59.384"/>
</kw>
<kw name="Select From List By Label" library="Selenium2Library">
<arg>css:#a2v</arg>
<arg>Exponential</arg>
<doc>Selects options from selection list ``locator`` by ``labels``.</doc>
<msg timestamp="20220117 18:57:59.385" level="INFO">Selecting options from selection list 'css:#a2v' by label Exponential.</msg>
<status status="PASS" starttime="20220117 18:57:59.384" endtime="20220117 18:57:59.631"/>
</kw>
<kw name="Input Text" library="Selenium2Library">
<arg>//div[@id='moving_avgs']//tr/td[5]/input</arg>
<arg>42</arg>
<doc>Types the given ``text`` into the text field identified by ``locator``.</doc>
<msg timestamp="20220117 18:57:59.632" level="INFO">Typing text '42' into text field '//div[@id='moving_avgs']//tr/td[5]/input'.</msg>
<status status="PASS" starttime="20220117 18:57:59.631" endtime="20220117 18:57:59.852"/>
</kw>
<kw name="Input Text" library="Selenium2Library">
<arg>//div[@id='moving_avgs']//tr[3]/td[5]/input</arg>
<arg>20</arg>
<doc>Types the given ``text`` into the text field identified by ``locator``.</doc>
<msg timestamp="20220117 18:57:59.853" level="INFO">Typing text '20' into text field '//div[@id='moving_avgs']//tr[3]/td[5]/input'.</msg>
<status status="PASS" starttime="20220117 18:57:59.853" endtime="20220117 18:57:59.980"/>
</kw>
<kw name="Click Element" library="Selenium2Library">
<arg>css:input[value='UPDATE CHART']</arg>
<doc>Click the element identified by ``locator``.</doc>
<msg timestamp="20220117 18:57:59.981" level="INFO">Clicking element 'css:input[value='UPDATE CHART']'.</msg>
<status status="PASS" starttime="20220117 18:57:59.980" endtime="20220117 18:58:00.398"/>
</kw>
<status status="PASS" starttime="20220117 18:57:59.079" endtime="20220117 18:58:00.398"/>
</kw>
<status status="PASS" starttime="20220117 18:57:59.078" endtime="20220117 18:58:00.398"/>
</kw>
<kw name="Scroll Element Into View" library="Selenium2Library">
<arg>css:#ChartImage</arg>
<doc>Scrolls the element identified by ``locator`` into view.</doc>
<status status="PASS" starttime="20220117 18:58:00.399" endtime="20220117 18:58:00.697"/>
</kw>
<kw name="Wait Until Element Is Visible" library="Selenium2Library">
<arg>css:#ChartImage</arg>
<doc>Waits until the element ``locator`` is visible.</doc>
<status status="PASS" starttime="20220117 18:58:00.697" endtime="20220117 18:58:00.740"/>
</kw>
<kw name="Execute Javascript" library="Selenium2Library">
<arg>window.scrollTo(0, 350);</arg>
<doc>Executes the given JavaScript code with possible arguments.</doc>
<msg timestamp="20220117 18:58:00.742" level="INFO">Executing JavaScript:
window.scrollTo(0, 350);
Without any arguments.</msg>
<status status="PASS" starttime="20220117 18:58:00.741" endtime="20220117 18:58:00.753"/>
</kw>
<for flavor="IN">
<var>${text}</var>
<value>@{queryResults}</value>
<iter>
<var name="${text}">('VSTTILLERS',)</var>
<kw name="Log" library="BuiltIn">
<arg>${text}</arg>
<doc>Logs the given message with the given level.</doc>
<msg timestamp="20220117 18:58:00.756" level="INFO">('VSTTILLERS',)</msg>
<status status="PASS" starttime="20220117 18:58:00.756" endtime="20220117 18:58:00.756"/>
</kw>
<kw name="Go To" library="Selenium2Library">
<arg>${HOMEPAGE}/${text}[0].html</arg>
<doc>Navigates the current browser window to the provided ``url``.</doc>
<msg timestamp="20220117 18:58:00.757" level="INFO">Opening url 'https://chartink.com/stocks/VSTTILLERS.html'</msg>
<status status="PASS" starttime="20220117 18:58:00.756" endtime="20220117 18:58:05.021"/>
</kw>
<kw name="Sleep" library="BuiltIn">
<arg>1s</arg>
<doc>Pauses the test executed for the given time.</doc>
<msg timestamp="20220117 18:58:06.038" level="INFO">Slept 1 second</msg>
<status status="PASS" starttime="20220117 18:58:05.021" endtime="20220117 18:58:06.038"/>
</kw>
<kw name="Execute Javascript" library="Selenium2Library">
<arg>window.scrollTo(0, 350);</arg>
<doc>Executes the given JavaScript code with possible arguments.</doc>
<msg timestamp="20220117 18:58:06.039" level="INFO">Executing JavaScript:
window.scrollTo(0, 350);
Without any arguments.</msg>
<status status="PASS" starttime="20220117 18:58:06.038" endtime="20220117 18:58:06.100"/>
</kw>
<kw name="Capture Page Screenshot" library="Selenium2Library">
<arg>${text}[0]_chartink</arg>
<doc>Takes a screenshot of the current page and embeds it into a log file.</doc>
<msg timestamp="20220117 18:58:06.319" level="INFO" html="true">&lt;/td&gt;&lt;/tr&gt;&lt;tr&gt;&lt;td colspan="3"&gt;&lt;a href="VSTTILLERS_chartink"&gt;&lt;img src="VSTTILLERS_chartink" width="800px"&gt;&lt;/a&gt;</msg>
<msg timestamp="20220117 18:58:06.319" level="INFO">c:\users\user\appdata\local\programs\python\python39\lib\site-packages\selenium\webdriver\remote\webdriver.py:1030: UserWarning: name used for saved screenshot does not match file type. It should end with a `.png` extension
  warnings.warn("name used for saved screenshot does not match file "</msg>
<status status="PASS" starttime="20220117 18:58:06.100" endtime="20220117 18:58:06.320"/>
</kw>
<status status="PASS" starttime="20220117 18:58:00.756" endtime="20220117 18:58:06.320"/>
</iter>
<iter>
<var name="${text}">('HDFCLIFE',)</var>
<kw name="Log" library="BuiltIn">
<arg>${text}</arg>
<doc>Logs the given message with the given level.</doc>
<msg timestamp="20220117 18:58:06.321" level="INFO">('HDFCLIFE',)</msg>
<status status="PASS" starttime="20220117 18:58:06.321" endtime="20220117 18:58:06.322"/>
</kw>
<kw name="Go To" library="Selenium2Library">
<arg>${HOMEPAGE}/${text}[0].html</arg>
<doc>Navigates the current browser window to the provided ``url``.</doc>
<msg timestamp="20220117 18:58:06.323" level="INFO">Opening url 'https://chartink.com/stocks/HDFCLIFE.html'</msg>
<status status="PASS" starttime="20220117 18:58:06.322" endtime="20220117 18:58:16.150"/>
</kw>
<kw name="Sleep" library="BuiltIn">
<arg>1s</arg>
<doc>Pauses the test executed for the given time.</doc>
<msg timestamp="20220117 18:58:17.153" level="INFO">Slept 1 second</msg>
<status status="PASS" starttime="20220117 18:58:16.151" endtime="20220117 18:58:17.153"/>
</kw>
<kw name="Execute Javascript" library="Selenium2Library">
<arg>window.scrollTo(0, 350);</arg>
<doc>Executes the given JavaScript code with possible arguments.</doc>
<msg timestamp="20220117 18:58:17.154" level="INFO">Executing JavaScript:
window.scrollTo(0, 350);
Without any arguments.</msg>
<status status="PASS" starttime="20220117 18:58:17.153" endtime="20220117 18:58:17.171"/>
</kw>
<kw name="Capture Page Screenshot" library="Selenium2Library">
<arg>${text}[0]_chartink</arg>
<doc>Takes a screenshot of the current page and embeds it into a log file.</doc>
<msg timestamp="20220117 18:58:17.356" level="INFO" html="true">&lt;/td&gt;&lt;/tr&gt;&lt;tr&gt;&lt;td colspan="3"&gt;&lt;a href="HDFCLIFE_chartink"&gt;&lt;img src="HDFCLIFE_chartink" width="800px"&gt;&lt;/a&gt;</msg>
<status status="PASS" starttime="20220117 18:58:17.172" endtime="20220117 18:58:17.356"/>
</kw>
<status status="PASS" starttime="20220117 18:58:06.320" endtime="20220117 18:58:17.356"/>
</iter>
<iter>
<var name="${text}">('REVATHI',)</var>
<kw name="Log" library="BuiltIn">
<arg>${text}</arg>
<doc>Logs the given message with the given level.</doc>
<msg timestamp="20220117 18:58:17.357" level="INFO">('REVATHI',)</msg>
<status status="PASS" starttime="20220117 18:58:17.357" endtime="20220117 18:58:17.357"/>
</kw>
<kw name="Go To" library="Selenium2Library">
<arg>${HOMEPAGE}/${text}[0].html</arg>
<doc>Navigates the current browser window to the provided ``url``.</doc>
<msg timestamp="20220117 18:58:17.358" level="INFO">Opening url 'https://chartink.com/stocks/REVATHI.html'</msg>
<status status="PASS" starttime="20220117 18:58:17.357" endtime="20220117 18:58:19.380"/>
</kw>
<kw name="Sleep" library="BuiltIn">
<arg>1s</arg>
<doc>Pauses the test executed for the given time.</doc>
<msg timestamp="20220117 18:58:20.397" level="INFO">Slept 1 second</msg>
<status status="PASS" starttime="20220117 18:58:19.381" endtime="20220117 18:58:20.397"/>
</kw>
<kw name="Execute Javascript" library="Selenium2Library">
<arg>window.scrollTo(0, 350);</arg>
<doc>Executes the given JavaScript code with possible arguments.</doc>
<msg timestamp="20220117 18:58:20.398" level="INFO">Executing JavaScript:
window.scrollTo(0, 350);
Without any arguments.</msg>
<status status="PASS" starttime="20220117 18:58:20.397" endtime="20220117 18:58:20.419"/>
</kw>
<kw name="Capture Page Screenshot" library="Selenium2Library">
<arg>${text}[0]_chartink</arg>
<doc>Takes a screenshot of the current page and embeds it into a log file.</doc>
<msg timestamp="20220117 18:58:20.591" level="INFO" html="true">&lt;/td&gt;&lt;/tr&gt;&lt;tr&gt;&lt;td colspan="3"&gt;&lt;a href="REVATHI_chartink"&gt;&lt;img src="REVATHI_chartink" width="800px"&gt;&lt;/a&gt;</msg>
<status status="PASS" starttime="20220117 18:58:20.420" endtime="20220117 18:58:20.591"/>
</kw>
<status status="PASS" starttime="20220117 18:58:17.356" endtime="20220117 18:58:20.591"/>
</iter>
<iter>
<var name="${text}">('STYLAMIND',)</var>
<kw name="Log" library="BuiltIn">
<arg>${text}</arg>
<doc>Logs the given message with the given level.</doc>
<msg timestamp="20220117 18:58:20.592" level="INFO">('STYLAMIND',)</msg>
<status status="PASS" starttime="20220117 18:58:20.592" endtime="20220117 18:58:20.592"/>
</kw>
<kw name="Go To" library="Selenium2Library">
<arg>${HOMEPAGE}/${text}[0].html</arg>
<doc>Navigates the current browser window to the provided ``url``.</doc>
<msg timestamp="20220117 18:58:20.593" level="INFO">Opening url 'https://chartink.com/stocks/STYLAMIND.html'</msg>
<status status="PASS" starttime="20220117 18:58:20.592" endtime="20220117 18:58:23.312"/>
</kw>
<kw name="Sleep" library="BuiltIn">
<arg>1s</arg>
<doc>Pauses the test executed for the given time.</doc>
<msg timestamp="20220117 18:58:24.325" level="INFO">Slept 1 second</msg>
<status status="PASS" starttime="20220117 18:58:23.313" endtime="20220117 18:58:24.325"/>
</kw>
<kw name="Execute Javascript" library="Selenium2Library">
<arg>window.scrollTo(0, 350);</arg>
<doc>Executes the given JavaScript code with possible arguments.</doc>
<msg timestamp="20220117 18:58:24.325" level="INFO">Executing JavaScript:
window.scrollTo(0, 350);
Without any arguments.</msg>
<status status="PASS" starttime="20220117 18:58:24.325" endtime="20220117 18:58:24.338"/>
</kw>
<kw name="Capture Page Screenshot" library="Selenium2Library">
<arg>${text}[0]_chartink</arg>
<doc>Takes a screenshot of the current page and embeds it into a log file.</doc>
<msg timestamp="20220117 18:58:24.531" level="INFO" html="true">&lt;/td&gt;&lt;/tr&gt;&lt;tr&gt;&lt;td colspan="3"&gt;&lt;a href="STYLAMIND_chartink"&gt;&lt;img src="STYLAMIND_chartink" width="800px"&gt;&lt;/a&gt;</msg>
<status status="PASS" starttime="20220117 18:58:24.338" endtime="20220117 18:58:24.531"/>
</kw>
<status status="PASS" starttime="20220117 18:58:20.591" endtime="20220117 18:58:24.531"/>
</iter>
<iter>
<var name="${text}">('BLUESTARCO',)</var>
<kw name="Log" library="BuiltIn">
<arg>${text}</arg>
<doc>Logs the given message with the given level.</doc>
<msg timestamp="20220117 18:58:24.532" level="INFO">('BLUESTARCO',)</msg>
<status status="PASS" starttime="20220117 18:58:24.532" endtime="20220117 18:58:24.532"/>
</kw>
<kw name="Go To" library="Selenium2Library">
<arg>${HOMEPAGE}/${text}[0].html</arg>
<doc>Navigates the current browser window to the provided ``url``.</doc>
<msg timestamp="20220117 18:58:24.533" level="INFO">Opening url 'https://chartink.com/stocks/BLUESTARCO.html'</msg>
<status status="PASS" starttime="20220117 18:58:24.533" endtime="20220117 18:58:27.734"/>
</kw>
<kw name="Sleep" library="BuiltIn">
<arg>1s</arg>
<doc>Pauses the test executed for the given time.</doc>
<msg timestamp="20220117 18:58:28.747" level="INFO">Slept 1 second</msg>
<status status="PASS" starttime="20220117 18:58:27.734" endtime="20220117 18:58:28.747"/>
</kw>
<kw name="Execute Javascript" library="Selenium2Library">
<arg>window.scrollTo(0, 350);</arg>
<doc>Executes the given JavaScript code with possible arguments.</doc>
<msg timestamp="20220117 18:58:28.748" level="INFO">Executing JavaScript:
window.scrollTo(0, 350);
Without any arguments.</msg>
<status status="PASS" starttime="20220117 18:58:28.747" endtime="20220117 18:58:28.768"/>
</kw>
<kw name="Capture Page Screenshot" library="Selenium2Library">
<arg>${text}[0]_chartink</arg>
<doc>Takes a screenshot of the current page and embeds it into a log file.</doc>
<msg timestamp="20220117 18:58:28.948" level="INFO" html="true">&lt;/td&gt;&lt;/tr&gt;&lt;tr&gt;&lt;td colspan="3"&gt;&lt;a href="BLUESTARCO_chartink"&gt;&lt;img src="BLUESTARCO_chartink" width="800px"&gt;&lt;/a&gt;</msg>
<status status="PASS" starttime="20220117 18:58:28.768" endtime="20220117 18:58:28.948"/>
</kw>
<status status="PASS" starttime="20220117 18:58:24.531" endtime="20220117 18:58:28.948"/>
</iter>
<iter>
<var name="${text}">('INSECTICID',)</var>
<kw name="Log" library="BuiltIn">
<arg>${text}</arg>
<doc>Logs the given message with the given level.</doc>
<msg timestamp="20220117 18:58:28.949" level="INFO">('INSECTICID',)</msg>
<status status="PASS" starttime="20220117 18:58:28.949" endtime="20220117 18:58:28.950"/>
</kw>
<kw name="Go To" library="Selenium2Library">
<arg>${HOMEPAGE}/${text}[0].html</arg>
<doc>Navigates the current browser window to the provided ``url``.</doc>
<msg timestamp="20220117 18:58:28.950" level="INFO">Opening url 'https://chartink.com/stocks/INSECTICID.html'</msg>
<status status="PASS" starttime="20220117 18:58:28.950" endtime="20220117 18:58:33.271"/>
</kw>
<kw name="Sleep" library="BuiltIn">
<arg>1s</arg>
<doc>Pauses the test executed for the given time.</doc>
<msg timestamp="20220117 18:58:34.285" level="INFO">Slept 1 second</msg>
<status status="PASS" starttime="20220117 18:58:33.272" endtime="20220117 18:58:34.285"/>
</kw>
<kw name="Execute Javascript" library="Selenium2Library">
<arg>window.scrollTo(0, 350);</arg>
<doc>Executes the given JavaScript code with possible arguments.</doc>
<msg timestamp="20220117 18:58:34.286" level="INFO">Executing JavaScript:
window.scrollTo(0, 350);
Without any arguments.</msg>
<status status="PASS" starttime="20220117 18:58:34.285" endtime="20220117 18:58:34.319"/>
</kw>
<kw name="Capture Page Screenshot" library="Selenium2Library">
<arg>${text}[0]_chartink</arg>
<doc>Takes a screenshot of the current page and embeds it into a log file.</doc>
<msg timestamp="20220117 18:58:34.525" level="INFO" html="true">&lt;/td&gt;&lt;/tr&gt;&lt;tr&gt;&lt;td colspan="3"&gt;&lt;a href="INSECTICID_chartink"&gt;&lt;img src="INSECTICID_chartink" width="800px"&gt;&lt;/a&gt;</msg>
<status status="PASS" starttime="20220117 18:58:34.319" endtime="20220117 18:58:34.525"/>
</kw>
<status status="PASS" starttime="20220117 18:58:28.949" endtime="20220117 18:58:34.525"/>
</iter>
<iter>
<var name="${text}">('APTECHT',)</var>
<kw name="Log" library="BuiltIn">
<arg>${text}</arg>
<doc>Logs the given message with the given level.</doc>
<msg timestamp="20220117 18:58:34.526" level="INFO">('APTECHT',)</msg>
<status status="PASS" starttime="20220117 18:58:34.526" endtime="20220117 18:58:34.526"/>
</kw>
<kw name="Go To" library="Selenium2Library">
<arg>${HOMEPAGE}/${text}[0].html</arg>
<doc>Navigates the current browser window to the provided ``url``.</doc>
<msg timestamp="20220117 18:58:34.527" level="INFO">Opening url 'https://chartink.com/stocks/APTECHT.html'</msg>
<status status="PASS" starttime="20220117 18:58:34.527" endtime="20220117 18:58:37.531"/>
</kw>
<kw name="Sleep" library="BuiltIn">
<arg>1s</arg>
<doc>Pauses the test executed for the given time.</doc>
<msg timestamp="20220117 18:58:38.544" level="INFO">Slept 1 second</msg>
<status status="PASS" starttime="20220117 18:58:37.532" endtime="20220117 18:58:38.544"/>
</kw>
<kw name="Execute Javascript" library="Selenium2Library">
<arg>window.scrollTo(0, 350);</arg>
<doc>Executes the given JavaScript code with possible arguments.</doc>
<msg timestamp="20220117 18:58:38.545" level="INFO">Executing JavaScript:
window.scrollTo(0, 350);
Without any arguments.</msg>
<status status="PASS" starttime="20220117 18:58:38.544" endtime="20220117 18:58:38.554"/>
</kw>
<kw name="Capture Page Screenshot" library="Selenium2Library">
<arg>${text}[0]_chartink</arg>
<doc>Takes a screenshot of the current page and embeds it into a log file.</doc>
<msg timestamp="20220117 18:58:38.739" level="INFO" html="true">&lt;/td&gt;&lt;/tr&gt;&lt;tr&gt;&lt;td colspan="3"&gt;&lt;a href="APTECHT_chartink"&gt;&lt;img src="APTECHT_chartink" width="800px"&gt;&lt;/a&gt;</msg>
<status status="PASS" starttime="20220117 18:58:38.554" endtime="20220117 18:58:38.739"/>
</kw>
<status status="PASS" starttime="20220117 18:58:34.525" endtime="20220117 18:58:38.739"/>
</iter>
<iter>
<var name="${text}">('HEIDELBERG',)</var>
<kw name="Log" library="BuiltIn">
<arg>${text}</arg>
<doc>Logs the given message with the given level.</doc>
<msg timestamp="20220117 18:58:38.740" level="INFO">('HEIDELBERG',)</msg>
<status status="PASS" starttime="20220117 18:58:38.739" endtime="20220117 18:58:38.740"/>
</kw>
<kw name="Go To" library="Selenium2Library">
<arg>${HOMEPAGE}/${text}[0].html</arg>
<doc>Navigates the current browser window to the provided ``url``.</doc>
<msg timestamp="20220117 18:58:38.741" level="INFO">Opening url 'https://chartink.com/stocks/HEIDELBERG.html'</msg>
<status status="PASS" starttime="20220117 18:58:38.740" endtime="20220117 18:58:40.754"/>
</kw>
<kw name="Sleep" library="BuiltIn">
<arg>1s</arg>
<doc>Pauses the test executed for the given time.</doc>
<msg timestamp="20220117 18:58:41.768" level="INFO">Slept 1 second</msg>
<status status="PASS" starttime="20220117 18:58:40.755" endtime="20220117 18:58:41.768"/>
</kw>
<kw name="Execute Javascript" library="Selenium2Library">
<arg>window.scrollTo(0, 350);</arg>
<doc>Executes the given JavaScript code with possible arguments.</doc>
<msg timestamp="20220117 18:58:41.769" level="INFO">Executing JavaScript:
window.scrollTo(0, 350);
Without any arguments.</msg>
<status status="PASS" starttime="20220117 18:58:41.768" endtime="20220117 18:58:41.782"/>
</kw>
<kw name="Capture Page Screenshot" library="Selenium2Library">
<arg>${text}[0]_chartink</arg>
<doc>Takes a screenshot of the current page and embeds it into a log file.</doc>
<msg timestamp="20220117 18:58:41.962" level="INFO" html="true">&lt;/td&gt;&lt;/tr&gt;&lt;tr&gt;&lt;td colspan="3"&gt;&lt;a href="HEIDELBERG_chartink"&gt;&lt;img src="HEIDELBERG_chartink" width="800px"&gt;&lt;/a&gt;</msg>
<status status="PASS" starttime="20220117 18:58:41.783" endtime="20220117 18:58:41.962"/>
</kw>
<status status="PASS" starttime="20220117 18:58:38.739" endtime="20220117 18:58:41.962"/>
</iter>
<iter>
<var name="${text}">('JSL',)</var>
<kw name="Log" library="BuiltIn">
<arg>${text}</arg>
<doc>Logs the given message with the given level.</doc>
<msg timestamp="20220117 18:58:41.963" level="INFO">('JSL',)</msg>
<status status="PASS" starttime="20220117 18:58:41.963" endtime="20220117 18:58:41.963"/>
</kw>
<kw name="Go To" library="Selenium2Library">
<arg>${HOMEPAGE}/${text}[0].html</arg>
<doc>Navigates the current browser window to the provided ``url``.</doc>
<msg timestamp="20220117 18:58:41.964" level="INFO">Opening url 'https://chartink.com/stocks/JSL.html'</msg>
<status status="PASS" starttime="20220117 18:58:41.964" endtime="20220117 18:58:43.749"/>
</kw>
<kw name="Sleep" library="BuiltIn">
<arg>1s</arg>
<doc>Pauses the test executed for the given time.</doc>
<msg timestamp="20220117 18:58:44.757" level="INFO">Slept 1 second</msg>
<status status="PASS" starttime="20220117 18:58:43.749" endtime="20220117 18:58:44.757"/>
</kw>
<kw name="Execute Javascript" library="Selenium2Library">
<arg>window.scrollTo(0, 350);</arg>
<doc>Executes the given JavaScript code with possible arguments.</doc>
<msg timestamp="20220117 18:58:44.758" level="INFO">Executing JavaScript:
window.scrollTo(0, 350);
Without any arguments.</msg>
<status status="PASS" starttime="20220117 18:58:44.757" endtime="20220117 18:58:44.772"/>
</kw>
<kw name="Capture Page Screenshot" library="Selenium2Library">
<arg>${text}[0]_chartink</arg>
<doc>Takes a screenshot of the current page and embeds it into a log file.</doc>
<msg timestamp="20220117 18:58:44.978" level="INFO" html="true">&lt;/td&gt;&lt;/tr&gt;&lt;tr&gt;&lt;td colspan="3"&gt;&lt;a href="JSL_chartink"&gt;&lt;img src="JSL_chartink" width="800px"&gt;&lt;/a&gt;</msg>
<status status="PASS" starttime="20220117 18:58:44.772" endtime="20220117 18:58:44.978"/>
</kw>
<status status="PASS" starttime="20220117 18:58:41.962" endtime="20220117 18:58:44.978"/>
</iter>
<iter>
<var name="${text}">('SHIVATEX',)</var>
<kw name="Log" library="BuiltIn">
<arg>${text}</arg>
<doc>Logs the given message with the given level.</doc>
<msg timestamp="20220117 18:58:44.979" level="INFO">('SHIVATEX',)</msg>
<status status="PASS" starttime="20220117 18:58:44.979" endtime="20220117 18:58:44.979"/>
</kw>
<kw name="Go To" library="Selenium2Library">
<arg>${HOMEPAGE}/${text}[0].html</arg>
<doc>Navigates the current browser window to the provided ``url``.</doc>
<msg timestamp="20220117 18:58:44.980" level="INFO">Opening url 'https://chartink.com/stocks/SHIVATEX.html'</msg>
<status status="PASS" starttime="20220117 18:58:44.979" endtime="20220117 18:58:46.687"/>
</kw>
<kw name="Sleep" library="BuiltIn">
<arg>1s</arg>
<doc>Pauses the test executed for the given time.</doc>
<msg timestamp="20220117 18:58:47.692" level="INFO">Slept 1 second</msg>
<status status="PASS" starttime="20220117 18:58:46.688" endtime="20220117 18:58:47.693"/>
</kw>
<kw name="Execute Javascript" library="Selenium2Library">
<arg>window.scrollTo(0, 350);</arg>
<doc>Executes the given JavaScript code with possible arguments.</doc>
<msg timestamp="20220117 18:58:47.695" level="INFO">Executing JavaScript:
window.scrollTo(0, 350);
Without any arguments.</msg>
<status status="PASS" starttime="20220117 18:58:47.693" endtime="20220117 18:58:47.731"/>
</kw>
<kw name="Capture Page Screenshot" library="Selenium2Library">
<arg>${text}[0]_chartink</arg>
<doc>Takes a screenshot of the current page and embeds it into a log file.</doc>
<msg timestamp="20220117 18:58:47.934" level="INFO" html="true">&lt;/td&gt;&lt;/tr&gt;&lt;tr&gt;&lt;td colspan="3"&gt;&lt;a href="SHIVATEX_chartink"&gt;&lt;img src="SHIVATEX_chartink" width="800px"&gt;&lt;/a&gt;</msg>
<status status="PASS" starttime="20220117 18:58:47.733" endtime="20220117 18:58:47.934"/>
</kw>
<status status="PASS" starttime="20220117 18:58:44.978" endtime="20220117 18:58:47.934"/>
</iter>
<iter>
<var name="${text}">('VBL',)</var>
<kw name="Log" library="BuiltIn">
<arg>${text}</arg>
<doc>Logs the given message with the given level.</doc>
<msg timestamp="20220117 18:58:47.935" level="INFO">('VBL',)</msg>
<status status="PASS" starttime="20220117 18:58:47.934" endtime="20220117 18:58:47.935"/>
</kw>
<kw name="Go To" library="Selenium2Library">
<arg>${HOMEPAGE}/${text}[0].html</arg>
<doc>Navigates the current browser window to the provided ``url``.</doc>
<msg timestamp="20220117 18:58:47.935" level="INFO">Opening url 'https://chartink.com/stocks/VBL.html'</msg>
<status status="PASS" starttime="20220117 18:58:47.935" endtime="20220117 18:58:49.381"/>
</kw>
<kw name="Sleep" library="BuiltIn">
<arg>1s</arg>
<doc>Pauses the test executed for the given time.</doc>
<msg timestamp="20220117 18:58:50.386" level="INFO">Slept 1 second</msg>
<status status="PASS" starttime="20220117 18:58:49.381" endtime="20220117 18:58:50.386"/>
</kw>
<kw name="Execute Javascript" library="Selenium2Library">
<arg>window.scrollTo(0, 350);</arg>
<doc>Executes the given JavaScript code with possible arguments.</doc>
<msg timestamp="20220117 18:58:50.388" level="INFO">Executing JavaScript:
window.scrollTo(0, 350);
Without any arguments.</msg>
<status status="PASS" starttime="20220117 18:58:50.387" endtime="20220117 18:58:50.427"/>
</kw>
<kw name="Capture Page Screenshot" library="Selenium2Library">
<arg>${text}[0]_chartink</arg>
<doc>Takes a screenshot of the current page and embeds it into a log file.</doc>
<msg timestamp="20220117 18:58:50.625" level="INFO" html="true">&lt;/td&gt;&lt;/tr&gt;&lt;tr&gt;&lt;td colspan="3"&gt;&lt;a href="VBL_chartink"&gt;&lt;img src="VBL_chartink" width="800px"&gt;&lt;/a&gt;</msg>
<status status="PASS" starttime="20220117 18:58:50.428" endtime="20220117 18:58:50.625"/>
</kw>
<status status="PASS" starttime="20220117 18:58:47.934" endtime="20220117 18:58:50.625"/>
</iter>
<iter>
<var name="${text}">('AJMERA',)</var>
<kw name="Log" library="BuiltIn">
<arg>${text}</arg>
<doc>Logs the given message with the given level.</doc>
<msg timestamp="20220117 18:58:50.626" level="INFO">('AJMERA',)</msg>
<status status="PASS" starttime="20220117 18:58:50.625" endtime="20220117 18:58:50.626"/>
</kw>
<kw name="Go To" library="Selenium2Library">
<arg>${HOMEPAGE}/${text}[0].html</arg>
<doc>Navigates the current browser window to the provided ``url``.</doc>
<msg timestamp="20220117 18:58:50.626" level="INFO">Opening url 'https://chartink.com/stocks/AJMERA.html'</msg>
<status status="PASS" starttime="20220117 18:58:50.626" endtime="20220117 18:58:52.335"/>
</kw>
<kw name="Sleep" library="BuiltIn">
<arg>1s</arg>
<doc>Pauses the test executed for the given time.</doc>
<msg timestamp="20220117 18:58:53.344" level="INFO">Slept 1 second</msg>
<status status="PASS" starttime="20220117 18:58:52.335" endtime="20220117 18:58:53.344"/>
</kw>
<kw name="Execute Javascript" library="Selenium2Library">
<arg>window.scrollTo(0, 350);</arg>
<doc>Executes the given JavaScript code with possible arguments.</doc>
<msg timestamp="20220117 18:58:53.347" level="INFO">Executing JavaScript:
window.scrollTo(0, 350);
Without any arguments.</msg>
<status status="PASS" starttime="20220117 18:58:53.345" endtime="20220117 18:58:53.393"/>
</kw>
<kw name="Capture Page Screenshot" library="Selenium2Library">
<arg>${text}[0]_chartink</arg>
<doc>Takes a screenshot of the current page and embeds it into a log file.</doc>
<msg timestamp="20220117 18:58:53.566" level="INFO" html="true">&lt;/td&gt;&lt;/tr&gt;&lt;tr&gt;&lt;td colspan="3"&gt;&lt;a href="AJMERA_chartink"&gt;&lt;img src="AJMERA_chartink" width="800px"&gt;&lt;/a&gt;</msg>
<status status="PASS" starttime="20220117 18:58:53.393" endtime="20220117 18:58:53.567"/>
</kw>
<status status="PASS" starttime="20220117 18:58:50.625" endtime="20220117 18:58:53.567"/>
</iter>
<iter>
<var name="${text}">('UBL',)</var>
<kw name="Log" library="BuiltIn">
<arg>${text}</arg>
<doc>Logs the given message with the given level.</doc>
<msg timestamp="20220117 18:58:53.567" level="INFO">('UBL',)</msg>
<status status="PASS" starttime="20220117 18:58:53.567" endtime="20220117 18:58:53.567"/>
</kw>
<kw name="Go To" library="Selenium2Library">
<arg>${HOMEPAGE}/${text}[0].html</arg>
<doc>Navigates the current browser window to the provided ``url``.</doc>
<msg timestamp="20220117 18:58:53.568" level="INFO">Opening url 'https://chartink.com/stocks/UBL.html'</msg>
<status status="PASS" starttime="20220117 18:58:53.567" endtime="20220117 18:58:55.314"/>
</kw>
<kw name="Sleep" library="BuiltIn">
<arg>1s</arg>
<doc>Pauses the test executed for the given time.</doc>
<msg timestamp="20220117 18:58:56.330" level="INFO">Slept 1 second</msg>
<status status="PASS" starttime="20220117 18:58:55.314" endtime="20220117 18:58:56.331"/>
</kw>
<kw name="Execute Javascript" library="Selenium2Library">
<arg>window.scrollTo(0, 350);</arg>
<doc>Executes the given JavaScript code with possible arguments.</doc>
<msg timestamp="20220117 18:58:56.333" level="INFO">Executing JavaScript:
window.scrollTo(0, 350);
Without any arguments.</msg>
<status status="PASS" starttime="20220117 18:58:56.331" endtime="20220117 18:58:56.371"/>
</kw>
<kw name="Capture Page Screenshot" library="Selenium2Library">
<arg>${text}[0]_chartink</arg>
<doc>Takes a screenshot of the current page and embeds it into a log file.</doc>
<msg timestamp="20220117 18:58:56.567" level="INFO" html="true">&lt;/td&gt;&lt;/tr&gt;&lt;tr&gt;&lt;td colspan="3"&gt;&lt;a href="UBL_chartink"&gt;&lt;img src="UBL_chartink" width="800px"&gt;&lt;/a&gt;</msg>
<status status="PASS" starttime="20220117 18:58:56.373" endtime="20220117 18:58:56.568"/>
</kw>
<status status="PASS" starttime="20220117 18:58:53.567" endtime="20220117 18:58:56.568"/>
</iter>
<iter>
<var name="${text}">('DHAMPURSUG',)</var>
<kw name="Log" library="BuiltIn">
<arg>${text}</arg>
<doc>Logs the given message with the given level.</doc>
<msg timestamp="20220117 18:58:56.568" level="INFO">('DHAMPURSUG',)</msg>
<status status="PASS" starttime="20220117 18:58:56.568" endtime="20220117 18:58:56.568"/>
</kw>
<kw name="Go To" library="Selenium2Library">
<arg>${HOMEPAGE}/${text}[0].html</arg>
<doc>Navigates the current browser window to the provided ``url``.</doc>
<msg timestamp="20220117 18:58:56.569" level="INFO">Opening url 'https://chartink.com/stocks/DHAMPURSUG.html'</msg>
<status status="PASS" starttime="20220117 18:58:56.568" endtime="20220117 18:58:59.301"/>
</kw>
<kw name="Sleep" library="BuiltIn">
<arg>1s</arg>
<doc>Pauses the test executed for the given time.</doc>
<msg timestamp="20220117 18:59:00.314" level="INFO">Slept 1 second</msg>
<status status="PASS" starttime="20220117 18:58:59.302" endtime="20220117 18:59:00.315"/>
</kw>
<kw name="Execute Javascript" library="Selenium2Library">
<arg>window.scrollTo(0, 350);</arg>
<doc>Executes the given JavaScript code with possible arguments.</doc>
<msg timestamp="20220117 18:59:00.317" level="INFO">Executing JavaScript:
window.scrollTo(0, 350);
Without any arguments.</msg>
<status status="PASS" starttime="20220117 18:59:00.315" endtime="20220117 18:59:00.335"/>
</kw>
<kw name="Capture Page Screenshot" library="Selenium2Library">
<arg>${text}[0]_chartink</arg>
<doc>Takes a screenshot of the current page and embeds it into a log file.</doc>
<msg timestamp="20220117 18:59:00.517" level="INFO" html="true">&lt;/td&gt;&lt;/tr&gt;&lt;tr&gt;&lt;td colspan="3"&gt;&lt;a href="DHAMPURSUG_chartink"&gt;&lt;img src="DHAMPURSUG_chartink" width="800px"&gt;&lt;/a&gt;</msg>
<status status="PASS" starttime="20220117 18:59:00.336" endtime="20220117 18:59:00.518"/>
</kw>
<status status="PASS" starttime="20220117 18:58:56.568" endtime="20220117 18:59:00.518"/>
</iter>
<iter>
<var name="${text}">('SUPERHOUSE',)</var>
<kw name="Log" library="BuiltIn">
<arg>${text}</arg>
<doc>Logs the given message with the given level.</doc>
<msg timestamp="20220117 18:59:00.519" level="INFO">('SUPERHOUSE',)</msg>
<status status="PASS" starttime="20220117 18:59:00.518" endtime="20220117 18:59:00.519"/>
</kw>
<kw name="Go To" library="Selenium2Library">
<arg>${HOMEPAGE}/${text}[0].html</arg>
<doc>Navigates the current browser window to the provided ``url``.</doc>
<msg timestamp="20220117 18:59:00.519" level="INFO">Opening url 'https://chartink.com/stocks/SUPERHOUSE.html'</msg>
<status status="PASS" starttime="20220117 18:59:00.519" endtime="20220117 18:59:04.102"/>
</kw>
<kw name="Sleep" library="BuiltIn">
<arg>1s</arg>
<doc>Pauses the test executed for the given time.</doc>
<msg timestamp="20220117 18:59:05.112" level="INFO">Slept 1 second</msg>
<status status="PASS" starttime="20220117 18:59:04.102" endtime="20220117 18:59:05.113"/>
</kw>
<kw name="Execute Javascript" library="Selenium2Library">
<arg>window.scrollTo(0, 350);</arg>
<doc>Executes the given JavaScript code with possible arguments.</doc>
<msg timestamp="20220117 18:59:05.115" level="INFO">Executing JavaScript:
window.scrollTo(0, 350);
Without any arguments.</msg>
<status status="PASS" starttime="20220117 18:59:05.114" endtime="20220117 18:59:05.241"/>
</kw>
<kw name="Capture Page Screenshot" library="Selenium2Library">
<arg>${text}[0]_chartink</arg>
<doc>Takes a screenshot of the current page and embeds it into a log file.</doc>
<msg timestamp="20220117 18:59:05.400" level="INFO" html="true">&lt;/td&gt;&lt;/tr&gt;&lt;tr&gt;&lt;td colspan="3"&gt;&lt;a href="SUPERHOUSE_chartink"&gt;&lt;img src="SUPERHOUSE_chartink" width="800px"&gt;&lt;/a&gt;</msg>
<status status="PASS" starttime="20220117 18:59:05.241" endtime="20220117 18:59:05.400"/>
</kw>
<status status="PASS" starttime="20220117 18:59:00.518" endtime="20220117 18:59:05.400"/>
</iter>
<iter>
<var name="${text}">('HITECHGEAR',)</var>
<kw name="Log" library="BuiltIn">
<arg>${text}</arg>
<doc>Logs the given message with the given level.</doc>
<msg timestamp="20220117 18:59:05.401" level="INFO">('HITECHGEAR',)</msg>
<status status="PASS" starttime="20220117 18:59:05.401" endtime="20220117 18:59:05.401"/>
</kw>
<kw name="Go To" library="Selenium2Library">
<arg>${HOMEPAGE}/${text}[0].html</arg>
<doc>Navigates the current browser window to the provided ``url``.</doc>
<msg timestamp="20220117 18:59:05.402" level="INFO">Opening url 'https://chartink.com/stocks/HITECHGEAR.html'</msg>
<status status="PASS" starttime="20220117 18:59:05.401" endtime="20220117 18:59:08.015"/>
</kw>
<kw name="Sleep" library="BuiltIn">
<arg>1s</arg>
<doc>Pauses the test executed for the given time.</doc>
<msg timestamp="20220117 18:59:09.030" level="INFO">Slept 1 second</msg>
<status status="PASS" starttime="20220117 18:59:08.015" endtime="20220117 18:59:09.030"/>
</kw>
<kw name="Execute Javascript" library="Selenium2Library">
<arg>window.scrollTo(0, 350);</arg>
<doc>Executes the given JavaScript code with possible arguments.</doc>
<msg timestamp="20220117 18:59:09.032" level="INFO">Executing JavaScript:
window.scrollTo(0, 350);
Without any arguments.</msg>
<status status="PASS" starttime="20220117 18:59:09.031" endtime="20220117 18:59:09.079"/>
</kw>
<kw name="Capture Page Screenshot" library="Selenium2Library">
<arg>${text}[0]_chartink</arg>
<doc>Takes a screenshot of the current page and embeds it into a log file.</doc>
<msg timestamp="20220117 18:59:09.275" level="INFO" html="true">&lt;/td&gt;&lt;/tr&gt;&lt;tr&gt;&lt;td colspan="3"&gt;&lt;a href="HITECHGEAR_chartink"&gt;&lt;img src="HITECHGEAR_chartink" width="800px"&gt;&lt;/a&gt;</msg>
<status status="PASS" starttime="20220117 18:59:09.080" endtime="20220117 18:59:09.275"/>
</kw>
<status status="PASS" starttime="20220117 18:59:05.400" endtime="20220117 18:59:09.276"/>
</iter>
<iter>
<var name="${text}">('BFUTILITIE',)</var>
<kw name="Log" library="BuiltIn">
<arg>${text}</arg>
<doc>Logs the given message with the given level.</doc>
<msg timestamp="20220117 18:59:09.276" level="INFO">('BFUTILITIE',)</msg>
<status status="PASS" starttime="20220117 18:59:09.276" endtime="20220117 18:59:09.276"/>
</kw>
<kw name="Go To" library="Selenium2Library">
<arg>${HOMEPAGE}/${text}[0].html</arg>
<doc>Navigates the current browser window to the provided ``url``.</doc>
<msg timestamp="20220117 18:59:09.277" level="INFO">Opening url 'https://chartink.com/stocks/BFUTILITIE.html'</msg>
<status status="PASS" starttime="20220117 18:59:09.276" endtime="20220117 18:59:13.302"/>
</kw>
<kw name="Sleep" library="BuiltIn">
<arg>1s</arg>
<doc>Pauses the test executed for the given time.</doc>
<msg timestamp="20220117 18:59:14.304" level="INFO">Slept 1 second</msg>
<status status="PASS" starttime="20220117 18:59:13.302" endtime="20220117 18:59:14.304"/>
</kw>
<kw name="Execute Javascript" library="Selenium2Library">
<arg>window.scrollTo(0, 350);</arg>
<doc>Executes the given JavaScript code with possible arguments.</doc>
<msg timestamp="20220117 18:59:14.305" level="INFO">Executing JavaScript:
window.scrollTo(0, 350);
Without any arguments.</msg>
<status status="PASS" starttime="20220117 18:59:14.304" endtime="20220117 18:59:14.328"/>
</kw>
<kw name="Capture Page Screenshot" library="Selenium2Library">
<arg>${text}[0]_chartink</arg>
<doc>Takes a screenshot of the current page and embeds it into a log file.</doc>
<msg timestamp="20220117 18:59:14.497" level="INFO" html="true">&lt;/td&gt;&lt;/tr&gt;&lt;tr&gt;&lt;td colspan="3"&gt;&lt;a href="BFUTILITIE_chartink"&gt;&lt;img src="BFUTILITIE_chartink" width="800px"&gt;&lt;/a&gt;</msg>
<status status="PASS" starttime="20220117 18:59:14.329" endtime="20220117 18:59:14.497"/>
</kw>
<status status="PASS" starttime="20220117 18:59:09.276" endtime="20220117 18:59:14.497"/>
</iter>
<iter>
<var name="${text}">('AMBUJACEM',)</var>
<kw name="Log" library="BuiltIn">
<arg>${text}</arg>
<doc>Logs the given message with the given level.</doc>
<msg timestamp="20220117 18:59:14.498" level="INFO">('AMBUJACEM',)</msg>
<status status="PASS" starttime="20220117 18:59:14.497" endtime="20220117 18:59:14.498"/>
</kw>
<kw name="Go To" library="Selenium2Library">
<arg>${HOMEPAGE}/${text}[0].html</arg>
<doc>Navigates the current browser window to the provided ``url``.</doc>
<msg timestamp="20220117 18:59:14.498" level="INFO">Opening url 'https://chartink.com/stocks/AMBUJACEM.html'</msg>
<status status="PASS" starttime="20220117 18:59:14.498" endtime="20220117 18:59:17.180"/>
</kw>
<kw name="Sleep" library="BuiltIn">
<arg>1s</arg>
<doc>Pauses the test executed for the given time.</doc>
<msg timestamp="20220117 18:59:18.187" level="INFO">Slept 1 second</msg>
<status status="PASS" starttime="20220117 18:59:17.181" endtime="20220117 18:59:18.187"/>
</kw>
<kw name="Execute Javascript" library="Selenium2Library">
<arg>window.scrollTo(0, 350);</arg>
<doc>Executes the given JavaScript code with possible arguments.</doc>
<msg timestamp="20220117 18:59:18.188" level="INFO">Executing JavaScript:
window.scrollTo(0, 350);
Without any arguments.</msg>
<status status="PASS" starttime="20220117 18:59:18.187" endtime="20220117 18:59:18.327"/>
</kw>
<kw name="Capture Page Screenshot" library="Selenium2Library">
<arg>${text}[0]_chartink</arg>
<doc>Takes a screenshot of the current page and embeds it into a log file.</doc>
<msg timestamp="20220117 18:59:18.507" level="INFO" html="true">&lt;/td&gt;&lt;/tr&gt;&lt;tr&gt;&lt;td colspan="3"&gt;&lt;a href="AMBUJACEM_chartink"&gt;&lt;img src="AMBUJACEM_chartink" width="800px"&gt;&lt;/a&gt;</msg>
<status status="PASS" starttime="20220117 18:59:18.327" endtime="20220117 18:59:18.508"/>
</kw>
<status status="PASS" starttime="20220117 18:59:14.497" endtime="20220117 18:59:18.508"/>
</iter>
<iter>
<var name="${text}">('HAL',)</var>
<kw name="Log" library="BuiltIn">
<arg>${text}</arg>
<doc>Logs the given message with the given level.</doc>
<msg timestamp="20220117 18:59:18.508" level="INFO">('HAL',)</msg>
<status status="PASS" starttime="20220117 18:59:18.508" endtime="20220117 18:59:18.509"/>
</kw>
<kw name="Go To" library="Selenium2Library">
<arg>${HOMEPAGE}/${text}[0].html</arg>
<doc>Navigates the current browser window to the provided ``url``.</doc>
<msg timestamp="20220117 18:59:18.509" level="INFO">Opening url 'https://chartink.com/stocks/HAL.html'</msg>
<status status="PASS" starttime="20220117 18:59:18.509" endtime="20220117 18:59:20.525"/>
</kw>
<kw name="Sleep" library="BuiltIn">
<arg>1s</arg>
<doc>Pauses the test executed for the given time.</doc>
<msg timestamp="20220117 18:59:21.538" level="INFO">Slept 1 second</msg>
<status status="PASS" starttime="20220117 18:59:20.526" endtime="20220117 18:59:21.538"/>
</kw>
<kw name="Execute Javascript" library="Selenium2Library">
<arg>window.scrollTo(0, 350);</arg>
<doc>Executes the given JavaScript code with possible arguments.</doc>
<msg timestamp="20220117 18:59:21.541" level="INFO">Executing JavaScript:
window.scrollTo(0, 350);
Without any arguments.</msg>
<status status="PASS" starttime="20220117 18:59:21.540" endtime="20220117 18:59:21.594"/>
</kw>
<kw name="Capture Page Screenshot" library="Selenium2Library">
<arg>${text}[0]_chartink</arg>
<doc>Takes a screenshot of the current page and embeds it into a log file.</doc>
<msg timestamp="20220117 18:59:21.790" level="INFO" html="true">&lt;/td&gt;&lt;/tr&gt;&lt;tr&gt;&lt;td colspan="3"&gt;&lt;a href="HAL_chartink"&gt;&lt;img src="HAL_chartink" width="800px"&gt;&lt;/a&gt;</msg>
<status status="PASS" starttime="20220117 18:59:21.595" endtime="20220117 18:59:21.790"/>
</kw>
<status status="PASS" starttime="20220117 18:59:18.508" endtime="20220117 18:59:21.790"/>
</iter>
<iter>
<var name="${text}">('SUBROS',)</var>
<kw name="Log" library="BuiltIn">
<arg>${text}</arg>
<doc>Logs the given message with the given level.</doc>
<msg timestamp="20220117 18:59:21.790" level="INFO">('SUBROS',)</msg>
<status status="PASS" starttime="20220117 18:59:21.790" endtime="20220117 18:59:21.791"/>
</kw>
<kw name="Go To" library="Selenium2Library">
<arg>${HOMEPAGE}/${text}[0].html</arg>
<doc>Navigates the current browser window to the provided ``url``.</doc>
<msg timestamp="20220117 18:59:21.791" level="INFO">Opening url 'https://chartink.com/stocks/SUBROS.html'</msg>
<status status="PASS" starttime="20220117 18:59:21.791" endtime="20220117 18:59:23.869"/>
</kw>
<kw name="Sleep" library="BuiltIn">
<arg>1s</arg>
<doc>Pauses the test executed for the given time.</doc>
<msg timestamp="20220117 18:59:24.879" level="INFO">Slept 1 second</msg>
<status status="PASS" starttime="20220117 18:59:23.870" endtime="20220117 18:59:24.879"/>
</kw>
<kw name="Execute Javascript" library="Selenium2Library">
<arg>window.scrollTo(0, 350);</arg>
<doc>Executes the given JavaScript code with possible arguments.</doc>
<msg timestamp="20220117 18:59:24.881" level="INFO">Executing JavaScript:
window.scrollTo(0, 350);
Without any arguments.</msg>
<status status="PASS" starttime="20220117 18:59:24.880" endtime="20220117 18:59:24.923"/>
</kw>
<kw name="Capture Page Screenshot" library="Selenium2Library">
<arg>${text}[0]_chartink</arg>
<doc>Takes a screenshot of the current page and embeds it into a log file.</doc>
<msg timestamp="20220117 18:59:25.094" level="INFO" html="true">&lt;/td&gt;&lt;/tr&gt;&lt;tr&gt;&lt;td colspan="3"&gt;&lt;a href="SUBROS_chartink"&gt;&lt;img src="SUBROS_chartink" width="800px"&gt;&lt;/a&gt;</msg>
<status status="PASS" starttime="20220117 18:59:24.923" endtime="20220117 18:59:25.094"/>
</kw>
<status status="PASS" starttime="20220117 18:59:21.790" endtime="20220117 18:59:25.094"/>
</iter>
<iter>
<var name="${text}">('CONTROLPR',)</var>
<kw name="Log" library="BuiltIn">
<arg>${text}</arg>
<doc>Logs the given message with the given level.</doc>
<msg timestamp="20220117 18:59:25.095" level="INFO">('CONTROLPR',)</msg>
<status status="PASS" starttime="20220117 18:59:25.095" endtime="20220117 18:59:25.095"/>
</kw>
<kw name="Go To" library="Selenium2Library">
<arg>${HOMEPAGE}/${text}[0].html</arg>
<doc>Navigates the current browser window to the provided ``url``.</doc>
<msg timestamp="20220117 18:59:25.095" level="INFO">Opening url 'https://chartink.com/stocks/CONTROLPR.html'</msg>
<status status="PASS" starttime="20220117 18:59:25.095" endtime="20220117 18:59:26.445"/>
</kw>
<kw name="Sleep" library="BuiltIn">
<arg>1s</arg>
<doc>Pauses the test executed for the given time.</doc>
<msg timestamp="20220117 18:59:27.453" level="INFO">Slept 1 second</msg>
<status status="PASS" starttime="20220117 18:59:26.445" endtime="20220117 18:59:27.453"/>
</kw>
<kw name="Execute Javascript" library="Selenium2Library">
<arg>window.scrollTo(0, 350);</arg>
<doc>Executes the given JavaScript code with possible arguments.</doc>
<msg timestamp="20220117 18:59:27.454" level="INFO">Executing JavaScript:
window.scrollTo(0, 350);
Without any arguments.</msg>
<status status="PASS" starttime="20220117 18:59:27.453" endtime="20220117 18:59:27.472"/>
</kw>
<kw name="Capture Page Screenshot" library="Selenium2Library">
<arg>${text}[0]_chartink</arg>
<doc>Takes a screenshot of the current page and embeds it into a log file.</doc>
<msg timestamp="20220117 18:59:27.611" level="INFO" html="true">&lt;/td&gt;&lt;/tr&gt;&lt;tr&gt;&lt;td colspan="3"&gt;&lt;a href="CONTROLPR_chartink"&gt;&lt;img src="CONTROLPR_chartink" width="800px"&gt;&lt;/a&gt;</msg>
<status status="PASS" starttime="20220117 18:59:27.472" endtime="20220117 18:59:27.611"/>
</kw>
<status status="PASS" starttime="20220117 18:59:25.094" endtime="20220117 18:59:27.611"/>
</iter>
<iter>
<var name="${text}">('GOCOLORS',)</var>
<kw name="Log" library="BuiltIn">
<arg>${text}</arg>
<doc>Logs the given message with the given level.</doc>
<msg timestamp="20220117 18:59:27.612" level="INFO">('GOCOLORS',)</msg>
<status status="PASS" starttime="20220117 18:59:27.611" endtime="20220117 18:59:27.612"/>
</kw>
<kw name="Go To" library="Selenium2Library">
<arg>${HOMEPAGE}/${text}[0].html</arg>
<doc>Navigates the current browser window to the provided ``url``.</doc>
<msg timestamp="20220117 18:59:27.613" level="INFO">Opening url 'https://chartink.com/stocks/GOCOLORS.html'</msg>
<status status="PASS" starttime="20220117 18:59:27.612" endtime="20220117 18:59:29.442"/>
</kw>
<kw name="Sleep" library="BuiltIn">
<arg>1s</arg>
<doc>Pauses the test executed for the given time.</doc>
<msg timestamp="20220117 18:59:30.451" level="INFO">Slept 1 second</msg>
<status status="PASS" starttime="20220117 18:59:29.443" endtime="20220117 18:59:30.452"/>
</kw>
<kw name="Execute Javascript" library="Selenium2Library">
<arg>window.scrollTo(0, 350);</arg>
<doc>Executes the given JavaScript code with possible arguments.</doc>
<msg timestamp="20220117 18:59:30.455" level="INFO">Executing JavaScript:
window.scrollTo(0, 350);
Without any arguments.</msg>
<status status="PASS" starttime="20220117 18:59:30.453" endtime="20220117 18:59:30.488"/>
</kw>
<kw name="Capture Page Screenshot" library="Selenium2Library">
<arg>${text}[0]_chartink</arg>
<doc>Takes a screenshot of the current page and embeds it into a log file.</doc>
<msg timestamp="20220117 18:59:30.717" level="INFO" html="true">&lt;/td&gt;&lt;/tr&gt;&lt;tr&gt;&lt;td colspan="3"&gt;&lt;a href="GOCOLORS_chartink"&gt;&lt;img src="GOCOLORS_chartink" width="800px"&gt;&lt;/a&gt;</msg>
<status status="PASS" starttime="20220117 18:59:30.488" endtime="20220117 18:59:30.717"/>
</kw>
<status status="PASS" starttime="20220117 18:59:27.611" endtime="20220117 18:59:30.717"/>
</iter>
<iter>
<var name="${text}">('CGCL',)</var>
<kw name="Log" library="BuiltIn">
<arg>${text}</arg>
<doc>Logs the given message with the given level.</doc>
<msg timestamp="20220117 18:59:30.718" level="INFO">('CGCL',)</msg>
<status status="PASS" starttime="20220117 18:59:30.717" endtime="20220117 18:59:30.718"/>
</kw>
<kw name="Go To" library="Selenium2Library">
<arg>${HOMEPAGE}/${text}[0].html</arg>
<doc>Navigates the current browser window to the provided ``url``.</doc>
<msg timestamp="20220117 18:59:30.719" level="INFO">Opening url 'https://chartink.com/stocks/CGCL.html'</msg>
<status status="PASS" starttime="20220117 18:59:30.718" endtime="20220117 18:59:34.693"/>
</kw>
<kw name="Sleep" library="BuiltIn">
<arg>1s</arg>
<doc>Pauses the test executed for the given time.</doc>
<msg timestamp="20220117 18:59:35.707" level="INFO">Slept 1 second</msg>
<status status="PASS" starttime="20220117 18:59:34.693" endtime="20220117 18:59:35.708"/>
</kw>
<kw name="Execute Javascript" library="Selenium2Library">
<arg>window.scrollTo(0, 350);</arg>
<doc>Executes the given JavaScript code with possible arguments.</doc>
<msg timestamp="20220117 18:59:35.711" level="INFO">Executing JavaScript:
window.scrollTo(0, 350);
Without any arguments.</msg>
<status status="PASS" starttime="20220117 18:59:35.709" endtime="20220117 18:59:35.746"/>
</kw>
<kw name="Capture Page Screenshot" library="Selenium2Library">
<arg>${text}[0]_chartink</arg>
<doc>Takes a screenshot of the current page and embeds it into a log file.</doc>
<msg timestamp="20220117 18:59:35.941" level="INFO" html="true">&lt;/td&gt;&lt;/tr&gt;&lt;tr&gt;&lt;td colspan="3"&gt;&lt;a href="CGCL_chartink"&gt;&lt;img src="CGCL_chartink" width="800px"&gt;&lt;/a&gt;</msg>
<status status="PASS" starttime="20220117 18:59:35.746" endtime="20220117 18:59:35.941"/>
</kw>
<status status="PASS" starttime="20220117 18:59:30.717" endtime="20220117 18:59:35.941"/>
</iter>
<iter>
<var name="${text}">('ITDC',)</var>
<kw name="Log" library="BuiltIn">
<arg>${text}</arg>
<doc>Logs the given message with the given level.</doc>
<msg timestamp="20220117 18:59:35.942" level="INFO">('ITDC',)</msg>
<status status="PASS" starttime="20220117 18:59:35.941" endtime="20220117 18:59:35.942"/>
</kw>
<kw name="Go To" library="Selenium2Library">
<arg>${HOMEPAGE}/${text}[0].html</arg>
<doc>Navigates the current browser window to the provided ``url``.</doc>
<msg timestamp="20220117 18:59:35.942" level="INFO">Opening url 'https://chartink.com/stocks/ITDC.html'</msg>
<status status="PASS" starttime="20220117 18:59:35.942" endtime="20220117 18:59:37.652"/>
</kw>
<kw name="Sleep" library="BuiltIn">
<arg>1s</arg>
<doc>Pauses the test executed for the given time.</doc>
<msg timestamp="20220117 18:59:38.662" level="INFO">Slept 1 second</msg>
<status status="PASS" starttime="20220117 18:59:37.652" endtime="20220117 18:59:38.663"/>
</kw>
<kw name="Execute Javascript" library="Selenium2Library">
<arg>window.scrollTo(0, 350);</arg>
<doc>Executes the given JavaScript code with possible arguments.</doc>
<msg timestamp="20220117 18:59:38.665" level="INFO">Executing JavaScript:
window.scrollTo(0, 350);
Without any arguments.</msg>
<status status="PASS" starttime="20220117 18:59:38.663" endtime="20220117 18:59:38.702"/>
</kw>
<kw name="Capture Page Screenshot" library="Selenium2Library">
<arg>${text}[0]_chartink</arg>
<doc>Takes a screenshot of the current page and embeds it into a log file.</doc>
<msg timestamp="20220117 18:59:38.890" level="INFO" html="true">&lt;/td&gt;&lt;/tr&gt;&lt;tr&gt;&lt;td colspan="3"&gt;&lt;a href="ITDC_chartink"&gt;&lt;img src="ITDC_chartink" width="800px"&gt;&lt;/a&gt;</msg>
<status status="PASS" starttime="20220117 18:59:38.703" endtime="20220117 18:59:38.890"/>
</kw>
<status status="PASS" starttime="20220117 18:59:35.941" endtime="20220117 18:59:38.890"/>
</iter>
<iter>
<var name="${text}">('BAJAJHCARE',)</var>
<kw name="Log" library="BuiltIn">
<arg>${text}</arg>
<doc>Logs the given message with the given level.</doc>
<msg timestamp="20220117 18:59:38.891" level="INFO">('BAJAJHCARE',)</msg>
<status status="PASS" starttime="20220117 18:59:38.891" endtime="20220117 18:59:38.891"/>
</kw>
<kw name="Go To" library="Selenium2Library">
<arg>${HOMEPAGE}/${text}[0].html</arg>
<doc>Navigates the current browser window to the provided ``url``.</doc>
<msg timestamp="20220117 18:59:38.891" level="INFO">Opening url 'https://chartink.com/stocks/BAJAJHCARE.html'</msg>
<status status="PASS" starttime="20220117 18:59:38.891" endtime="20220117 18:59:40.810"/>
</kw>
<kw name="Sleep" library="BuiltIn">
<arg>1s</arg>
<doc>Pauses the test executed for the given time.</doc>
<msg timestamp="20220117 18:59:41.826" level="INFO">Slept 1 second</msg>
<status status="PASS" starttime="20220117 18:59:40.811" endtime="20220117 18:59:41.826"/>
</kw>
<kw name="Execute Javascript" library="Selenium2Library">
<arg>window.scrollTo(0, 350);</arg>
<doc>Executes the given JavaScript code with possible arguments.</doc>
<msg timestamp="20220117 18:59:41.828" level="INFO">Executing JavaScript:
window.scrollTo(0, 350);
Without any arguments.</msg>
<status status="PASS" starttime="20220117 18:59:41.826" endtime="20220117 18:59:41.952"/>
</kw>
<kw name="Capture Page Screenshot" library="Selenium2Library">
<arg>${text}[0]_chartink</arg>
<doc>Takes a screenshot of the current page and embeds it into a log file.</doc>
<msg timestamp="20220117 18:59:42.111" level="INFO" html="true">&lt;/td&gt;&lt;/tr&gt;&lt;tr&gt;&lt;td colspan="3"&gt;&lt;a href="BAJAJHCARE_chartink"&gt;&lt;img src="BAJAJHCARE_chartink" width="800px"&gt;&lt;/a&gt;</msg>
<status status="PASS" starttime="20220117 18:59:41.952" endtime="20220117 18:59:42.111"/>
</kw>
<status status="PASS" starttime="20220117 18:59:38.890" endtime="20220117 18:59:42.111"/>
</iter>
<iter>
<var name="${text}">('LIQUIDETF',)</var>
<kw name="Log" library="BuiltIn">
<arg>${text}</arg>
<doc>Logs the given message with the given level.</doc>
<msg timestamp="20220117 18:59:42.112" level="INFO">('LIQUIDETF',)</msg>
<status status="PASS" starttime="20220117 18:59:42.111" endtime="20220117 18:59:42.112"/>
</kw>
<kw name="Go To" library="Selenium2Library">
<arg>${HOMEPAGE}/${text}[0].html</arg>
<doc>Navigates the current browser window to the provided ``url``.</doc>
<msg timestamp="20220117 18:59:42.112" level="INFO">Opening url 'https://chartink.com/stocks/LIQUIDETF.html'</msg>
<status status="PASS" starttime="20220117 18:59:42.112" endtime="20220117 18:59:43.760"/>
</kw>
<kw name="Sleep" library="BuiltIn">
<arg>1s</arg>
<doc>Pauses the test executed for the given time.</doc>
<msg timestamp="20220117 18:59:44.770" level="INFO">Slept 1 second</msg>
<status status="PASS" starttime="20220117 18:59:43.760" endtime="20220117 18:59:44.771"/>
</kw>
<kw name="Execute Javascript" library="Selenium2Library">
<arg>window.scrollTo(0, 350);</arg>
<doc>Executes the given JavaScript code with possible arguments.</doc>
<msg timestamp="20220117 18:59:44.773" level="INFO">Executing JavaScript:
window.scrollTo(0, 350);
Without any arguments.</msg>
<status status="PASS" starttime="20220117 18:59:44.771" endtime="20220117 18:59:44.880"/>
</kw>
<kw name="Capture Page Screenshot" library="Selenium2Library">
<arg>${text}[0]_chartink</arg>
<doc>Takes a screenshot of the current page and embeds it into a log file.</doc>
<msg timestamp="20220117 18:59:45.055" level="INFO" html="true">&lt;/td&gt;&lt;/tr&gt;&lt;tr&gt;&lt;td colspan="3"&gt;&lt;a href="LIQUIDETF_chartink"&gt;&lt;img src="LIQUIDETF_chartink" width="800px"&gt;&lt;/a&gt;</msg>
<status status="PASS" starttime="20220117 18:59:44.880" endtime="20220117 18:59:45.056"/>
</kw>
<status status="PASS" starttime="20220117 18:59:42.111" endtime="20220117 18:59:45.056"/>
</iter>
<iter>
<var name="${text}">('NIPPOBATRY',)</var>
<kw name="Log" library="BuiltIn">
<arg>${text}</arg>
<doc>Logs the given message with the given level.</doc>
<msg timestamp="20220117 18:59:45.057" level="INFO">('NIPPOBATRY',)</msg>
<status status="PASS" starttime="20220117 18:59:45.056" endtime="20220117 18:59:45.057"/>
</kw>
<kw name="Go To" library="Selenium2Library">
<arg>${HOMEPAGE}/${text}[0].html</arg>
<doc>Navigates the current browser window to the provided ``url``.</doc>
<msg timestamp="20220117 18:59:45.058" level="INFO">Opening url 'https://chartink.com/stocks/NIPPOBATRY.html'</msg>
<status status="PASS" starttime="20220117 18:59:45.057" endtime="20220117 19:00:00.744"/>
</kw>
<kw name="Sleep" library="BuiltIn">
<arg>1s</arg>
<doc>Pauses the test executed for the given time.</doc>
<msg timestamp="20220117 19:00:01.750" level="INFO">Slept 1 second</msg>
<status status="PASS" starttime="20220117 19:00:00.745" endtime="20220117 19:00:01.750"/>
</kw>
<kw name="Execute Javascript" library="Selenium2Library">
<arg>window.scrollTo(0, 350);</arg>
<doc>Executes the given JavaScript code with possible arguments.</doc>
<msg timestamp="20220117 19:00:01.751" level="INFO">Executing JavaScript:
window.scrollTo(0, 350);
Without any arguments.</msg>
<status status="PASS" starttime="20220117 19:00:01.750" endtime="20220117 19:00:01.768"/>
</kw>
<kw name="Capture Page Screenshot" library="Selenium2Library">
<arg>${text}[0]_chartink</arg>
<doc>Takes a screenshot of the current page and embeds it into a log file.</doc>
<msg timestamp="20220117 19:00:01.941" level="INFO" html="true">&lt;/td&gt;&lt;/tr&gt;&lt;tr&gt;&lt;td colspan="3"&gt;&lt;a href="NIPPOBATRY_chartink"&gt;&lt;img src="NIPPOBATRY_chartink" width="800px"&gt;&lt;/a&gt;</msg>
<status status="PASS" starttime="20220117 19:00:01.768" endtime="20220117 19:00:01.941"/>
</kw>
<status status="PASS" starttime="20220117 18:59:45.056" endtime="20220117 19:00:01.941"/>
</iter>
<iter>
<var name="${text}">('DIGJAMLMTD',)</var>
<kw name="Log" library="BuiltIn">
<arg>${text}</arg>
<doc>Logs the given message with the given level.</doc>
<msg timestamp="20220117 19:00:01.942" level="INFO">('DIGJAMLMTD',)</msg>
<status status="PASS" starttime="20220117 19:00:01.942" endtime="20220117 19:00:01.943"/>
</kw>
<kw name="Go To" library="Selenium2Library">
<arg>${HOMEPAGE}/${text}[0].html</arg>
<doc>Navigates the current browser window to the provided ``url``.</doc>
<msg timestamp="20220117 19:00:01.943" level="INFO">Opening url 'https://chartink.com/stocks/DIGJAMLMTD.html'</msg>
<status status="PASS" starttime="20220117 19:00:01.943" endtime="20220117 19:00:03.853"/>
</kw>
<kw name="Sleep" library="BuiltIn">
<arg>1s</arg>
<doc>Pauses the test executed for the given time.</doc>
<msg timestamp="20220117 19:00:04.868" level="INFO">Slept 1 second</msg>
<status status="PASS" starttime="20220117 19:00:03.853" endtime="20220117 19:00:04.868"/>
</kw>
<kw name="Execute Javascript" library="Selenium2Library">
<arg>window.scrollTo(0, 350);</arg>
<doc>Executes the given JavaScript code with possible arguments.</doc>
<msg timestamp="20220117 19:00:04.869" level="INFO">Executing JavaScript:
window.scrollTo(0, 350);
Without any arguments.</msg>
<status status="PASS" starttime="20220117 19:00:04.868" endtime="20220117 19:00:04.889"/>
</kw>
<kw name="Capture Page Screenshot" library="Selenium2Library">
<arg>${text}[0]_chartink</arg>
<doc>Takes a screenshot of the current page and embeds it into a log file.</doc>
<msg timestamp="20220117 19:00:05.074" level="INFO" html="true">&lt;/td&gt;&lt;/tr&gt;&lt;tr&gt;&lt;td colspan="3"&gt;&lt;a href="DIGJAMLMTD_chartink"&gt;&lt;img src="DIGJAMLMTD_chartink" width="800px"&gt;&lt;/a&gt;</msg>
<status status="PASS" starttime="20220117 19:00:04.889" endtime="20220117 19:00:05.074"/>
</kw>
<status status="PASS" starttime="20220117 19:00:01.941" endtime="20220117 19:00:05.074"/>
</iter>
<iter>
<var name="${text}">('AARTIIND',)</var>
<kw name="Log" library="BuiltIn">
<arg>${text}</arg>
<doc>Logs the given message with the given level.</doc>
<msg timestamp="20220117 19:00:05.075" level="INFO">('AARTIIND',)</msg>
<status status="PASS" starttime="20220117 19:00:05.074" endtime="20220117 19:00:05.075"/>
</kw>
<kw name="Go To" library="Selenium2Library">
<arg>${HOMEPAGE}/${text}[0].html</arg>
<doc>Navigates the current browser window to the provided ``url``.</doc>
<msg timestamp="20220117 19:00:05.075" level="INFO">Opening url 'https://chartink.com/stocks/AARTIIND.html'</msg>
<status status="PASS" starttime="20220117 19:00:05.075" endtime="20220117 19:00:06.643"/>
</kw>
<kw name="Sleep" library="BuiltIn">
<arg>1s</arg>
<doc>Pauses the test executed for the given time.</doc>
<msg timestamp="20220117 19:00:07.652" level="INFO">Slept 1 second</msg>
<status status="PASS" starttime="20220117 19:00:06.644" endtime="20220117 19:00:07.652"/>
</kw>
<kw name="Execute Javascript" library="Selenium2Library">
<arg>window.scrollTo(0, 350);</arg>
<doc>Executes the given JavaScript code with possible arguments.</doc>
<msg timestamp="20220117 19:00:07.653" level="INFO">Executing JavaScript:
window.scrollTo(0, 350);
Without any arguments.</msg>
<status status="PASS" starttime="20220117 19:00:07.652" endtime="20220117 19:00:07.714"/>
</kw>
<kw name="Capture Page Screenshot" library="Selenium2Library">
<arg>${text}[0]_chartink</arg>
<doc>Takes a screenshot of the current page and embeds it into a log file.</doc>
<msg timestamp="20220117 19:00:07.913" level="INFO" html="true">&lt;/td&gt;&lt;/tr&gt;&lt;tr&gt;&lt;td colspan="3"&gt;&lt;a href="AARTIIND_chartink"&gt;&lt;img src="AARTIIND_chartink" width="800px"&gt;&lt;/a&gt;</msg>
<status status="PASS" starttime="20220117 19:00:07.715" endtime="20220117 19:00:07.913"/>
</kw>
<status status="PASS" starttime="20220117 19:00:05.074" endtime="20220117 19:00:07.913"/>
</iter>
<iter>
<var name="${text}">('KOTAKBANK',)</var>
<kw name="Log" library="BuiltIn">
<arg>${text}</arg>
<doc>Logs the given message with the given level.</doc>
<msg timestamp="20220117 19:00:07.914" level="INFO">('KOTAKBANK',)</msg>
<status status="PASS" starttime="20220117 19:00:07.914" endtime="20220117 19:00:07.914"/>
</kw>
<kw name="Go To" library="Selenium2Library">
<arg>${HOMEPAGE}/${text}[0].html</arg>
<doc>Navigates the current browser window to the provided ``url``.</doc>
<msg timestamp="20220117 19:00:07.914" level="INFO">Opening url 'https://chartink.com/stocks/KOTAKBANK.html'</msg>
<status status="PASS" starttime="20220117 19:00:07.914" endtime="20220117 19:00:10.709"/>
</kw>
<kw name="Sleep" library="BuiltIn">
<arg>1s</arg>
<doc>Pauses the test executed for the given time.</doc>
<msg timestamp="20220117 19:00:11.720" level="INFO">Slept 1 second</msg>
<status status="PASS" starttime="20220117 19:00:10.709" endtime="20220117 19:00:11.720"/>
</kw>
<kw name="Execute Javascript" library="Selenium2Library">
<arg>window.scrollTo(0, 350);</arg>
<doc>Executes the given JavaScript code with possible arguments.</doc>
<msg timestamp="20220117 19:00:11.722" level="INFO">Executing JavaScript:
window.scrollTo(0, 350);
Without any arguments.</msg>
<status status="PASS" starttime="20220117 19:00:11.721" endtime="20220117 19:00:11.751"/>
</kw>
<kw name="Capture Page Screenshot" library="Selenium2Library">
<arg>${text}[0]_chartink</arg>
<doc>Takes a screenshot of the current page and embeds it into a log file.</doc>
<msg timestamp="20220117 19:00:11.952" level="INFO" html="true">&lt;/td&gt;&lt;/tr&gt;&lt;tr&gt;&lt;td colspan="3"&gt;&lt;a href="KOTAKBANK_chartink"&gt;&lt;img src="KOTAKBANK_chartink" width="800px"&gt;&lt;/a&gt;</msg>
<status status="PASS" starttime="20220117 19:00:11.752" endtime="20220117 19:00:11.952"/>
</kw>
<status status="PASS" starttime="20220117 19:00:07.913" endtime="20220117 19:00:11.952"/>
</iter>
<iter>
<var name="${text}">('RPPL',)</var>
<kw name="Log" library="BuiltIn">
<arg>${text}</arg>
<doc>Logs the given message with the given level.</doc>
<msg timestamp="20220117 19:00:11.953" level="INFO">('RPPL',)</msg>
<status status="PASS" starttime="20220117 19:00:11.952" endtime="20220117 19:00:11.953"/>
</kw>
<kw name="Go To" library="Selenium2Library">
<arg>${HOMEPAGE}/${text}[0].html</arg>
<doc>Navigates the current browser window to the provided ``url``.</doc>
<msg timestamp="20220117 19:00:11.953" level="INFO">Opening url 'https://chartink.com/stocks/RPPL.html'</msg>
<status status="PASS" starttime="20220117 19:00:11.953" endtime="20220117 19:00:13.933"/>
</kw>
<kw name="Sleep" library="BuiltIn">
<arg>1s</arg>
<doc>Pauses the test executed for the given time.</doc>
<msg timestamp="20220117 19:00:14.944" level="INFO">Slept 1 second</msg>
<status status="PASS" starttime="20220117 19:00:13.933" endtime="20220117 19:00:14.944"/>
</kw>
<kw name="Execute Javascript" library="Selenium2Library">
<arg>window.scrollTo(0, 350);</arg>
<doc>Executes the given JavaScript code with possible arguments.</doc>
<msg timestamp="20220117 19:00:14.946" level="INFO">Executing JavaScript:
window.scrollTo(0, 350);
Without any arguments.</msg>
<status status="PASS" starttime="20220117 19:00:14.945" endtime="20220117 19:00:14.990"/>
</kw>
<kw name="Capture Page Screenshot" library="Selenium2Library">
<arg>${text}[0]_chartink</arg>
<doc>Takes a screenshot of the current page and embeds it into a log file.</doc>
<msg timestamp="20220117 19:00:15.167" level="INFO" html="true">&lt;/td&gt;&lt;/tr&gt;&lt;tr&gt;&lt;td colspan="3"&gt;&lt;a href="RPPL_chartink"&gt;&lt;img src="RPPL_chartink" width="800px"&gt;&lt;/a&gt;</msg>
<status status="PASS" starttime="20220117 19:00:14.991" endtime="20220117 19:00:15.167"/>
</kw>
<status status="PASS" starttime="20220117 19:00:11.952" endtime="20220117 19:00:15.167"/>
</iter>
<iter>
<var name="${text}">('ICICIGI',)</var>
<kw name="Log" library="BuiltIn">
<arg>${text}</arg>
<doc>Logs the given message with the given level.</doc>
<msg timestamp="20220117 19:00:15.168" level="INFO">('ICICIGI',)</msg>
<status status="PASS" starttime="20220117 19:00:15.167" endtime="20220117 19:00:15.168"/>
</kw>
<kw name="Go To" library="Selenium2Library">
<arg>${HOMEPAGE}/${text}[0].html</arg>
<doc>Navigates the current browser window to the provided ``url``.</doc>
<msg timestamp="20220117 19:00:15.168" level="INFO">Opening url 'https://chartink.com/stocks/ICICIGI.html'</msg>
<status status="PASS" starttime="20220117 19:00:15.168" endtime="20220117 19:00:16.887"/>
</kw>
<kw name="Sleep" library="BuiltIn">
<arg>1s</arg>
<doc>Pauses the test executed for the given time.</doc>
<msg timestamp="20220117 19:00:17.899" level="INFO">Slept 1 second</msg>
<status status="PASS" starttime="20220117 19:00:16.887" endtime="20220117 19:00:17.900"/>
</kw>
<kw name="Execute Javascript" library="Selenium2Library">
<arg>window.scrollTo(0, 350);</arg>
<doc>Executes the given JavaScript code with possible arguments.</doc>
<msg timestamp="20220117 19:00:17.902" level="INFO">Executing JavaScript:
window.scrollTo(0, 350);
Without any arguments.</msg>
<status status="PASS" starttime="20220117 19:00:17.900" endtime="20220117 19:00:17.938"/>
</kw>
<kw name="Capture Page Screenshot" library="Selenium2Library">
<arg>${text}[0]_chartink</arg>
<doc>Takes a screenshot of the current page and embeds it into a log file.</doc>
<msg timestamp="20220117 19:00:18.148" level="INFO" html="true">&lt;/td&gt;&lt;/tr&gt;&lt;tr&gt;&lt;td colspan="3"&gt;&lt;a href="ICICIGI_chartink"&gt;&lt;img src="ICICIGI_chartink" width="800px"&gt;&lt;/a&gt;</msg>
<status status="PASS" starttime="20220117 19:00:17.938" endtime="20220117 19:00:18.148"/>
</kw>
<status status="PASS" starttime="20220117 19:00:15.167" endtime="20220117 19:00:18.148"/>
</iter>
<iter>
<var name="${text}">('SONACOMS',)</var>
<kw name="Log" library="BuiltIn">
<arg>${text}</arg>
<doc>Logs the given message with the given level.</doc>
<msg timestamp="20220117 19:00:18.149" level="INFO">('SONACOMS',)</msg>
<status status="PASS" starttime="20220117 19:00:18.149" endtime="20220117 19:00:18.149"/>
</kw>
<kw name="Go To" library="Selenium2Library">
<arg>${HOMEPAGE}/${text}[0].html</arg>
<doc>Navigates the current browser window to the provided ``url``.</doc>
<msg timestamp="20220117 19:00:18.149" level="INFO">Opening url 'https://chartink.com/stocks/SONACOMS.html'</msg>
<status status="PASS" starttime="20220117 19:00:18.149" endtime="20220117 19:00:20.323"/>
</kw>
<kw name="Sleep" library="BuiltIn">
<arg>1s</arg>
<doc>Pauses the test executed for the given time.</doc>
<msg timestamp="20220117 19:00:21.334" level="INFO">Slept 1 second</msg>
<status status="PASS" starttime="20220117 19:00:20.323" endtime="20220117 19:00:21.334"/>
</kw>
<kw name="Execute Javascript" library="Selenium2Library">
<arg>window.scrollTo(0, 350);</arg>
<doc>Executes the given JavaScript code with possible arguments.</doc>
<msg timestamp="20220117 19:00:21.336" level="INFO">Executing JavaScript:
window.scrollTo(0, 350);
Without any arguments.</msg>
<status status="PASS" starttime="20220117 19:00:21.335" endtime="20220117 19:00:21.369"/>
</kw>
<kw name="Capture Page Screenshot" library="Selenium2Library">
<arg>${text}[0]_chartink</arg>
<doc>Takes a screenshot of the current page and embeds it into a log file.</doc>
<msg timestamp="20220117 19:00:21.555" level="INFO" html="true">&lt;/td&gt;&lt;/tr&gt;&lt;tr&gt;&lt;td colspan="3"&gt;&lt;a href="SONACOMS_chartink"&gt;&lt;img src="SONACOMS_chartink" width="800px"&gt;&lt;/a&gt;</msg>
<status status="PASS" starttime="20220117 19:00:21.369" endtime="20220117 19:00:21.555"/>
</kw>
<status status="PASS" starttime="20220117 19:00:18.149" endtime="20220117 19:00:21.555"/>
</iter>
<iter>
<var name="${text}">('WIPRO',)</var>
<kw name="Log" library="BuiltIn">
<arg>${text}</arg>
<doc>Logs the given message with the given level.</doc>
<msg timestamp="20220117 19:00:21.556" level="INFO">('WIPRO',)</msg>
<status status="PASS" starttime="20220117 19:00:21.555" endtime="20220117 19:00:21.556"/>
</kw>
<kw name="Go To" library="Selenium2Library">
<arg>${HOMEPAGE}/${text}[0].html</arg>
<doc>Navigates the current browser window to the provided ``url``.</doc>
<msg timestamp="20220117 19:00:21.556" level="INFO">Opening url 'https://chartink.com/stocks/WIPRO.html'</msg>
<status status="PASS" starttime="20220117 19:00:21.556" endtime="20220117 19:00:23.214"/>
</kw>
<kw name="Sleep" library="BuiltIn">
<arg>1s</arg>
<doc>Pauses the test executed for the given time.</doc>
<msg timestamp="20220117 19:00:24.219" level="INFO">Slept 1 second</msg>
<status status="PASS" starttime="20220117 19:00:23.214" endtime="20220117 19:00:24.219"/>
</kw>
<kw name="Execute Javascript" library="Selenium2Library">
<arg>window.scrollTo(0, 350);</arg>
<doc>Executes the given JavaScript code with possible arguments.</doc>
<msg timestamp="20220117 19:00:24.221" level="INFO">Executing JavaScript:
window.scrollTo(0, 350);
Without any arguments.</msg>
<status status="PASS" starttime="20220117 19:00:24.220" endtime="20220117 19:00:24.257"/>
</kw>
<kw name="Capture Page Screenshot" library="Selenium2Library">
<arg>${text}[0]_chartink</arg>
<doc>Takes a screenshot of the current page and embeds it into a log file.</doc>
<msg timestamp="20220117 19:00:24.463" level="INFO" html="true">&lt;/td&gt;&lt;/tr&gt;&lt;tr&gt;&lt;td colspan="3"&gt;&lt;a href="WIPRO_chartink"&gt;&lt;img src="WIPRO_chartink" width="800px"&gt;&lt;/a&gt;</msg>
<status status="PASS" starttime="20220117 19:00:24.258" endtime="20220117 19:00:24.463"/>
</kw>
<status status="PASS" starttime="20220117 19:00:21.555" endtime="20220117 19:00:24.464"/>
</iter>
<iter>
<var name="${text}">('RAMASTEEL',)</var>
<kw name="Log" library="BuiltIn">
<arg>${text}</arg>
<doc>Logs the given message with the given level.</doc>
<msg timestamp="20220117 19:00:24.464" level="INFO">('RAMASTEEL',)</msg>
<status status="PASS" starttime="20220117 19:00:24.464" endtime="20220117 19:00:24.464"/>
</kw>
<kw name="Go To" library="Selenium2Library">
<arg>${HOMEPAGE}/${text}[0].html</arg>
<doc>Navigates the current browser window to the provided ``url``.</doc>
<msg timestamp="20220117 19:00:24.465" level="INFO">Opening url 'https://chartink.com/stocks/RAMASTEEL.html'</msg>
<status status="PASS" starttime="20220117 19:00:24.465" endtime="20220117 19:00:26.008"/>
</kw>
<kw name="Sleep" library="BuiltIn">
<arg>1s</arg>
<doc>Pauses the test executed for the given time.</doc>
<msg timestamp="20220117 19:00:27.012" level="INFO">Slept 1 second</msg>
<status status="PASS" starttime="20220117 19:00:26.009" endtime="20220117 19:00:27.012"/>
</kw>
<kw name="Execute Javascript" library="Selenium2Library">
<arg>window.scrollTo(0, 350);</arg>
<doc>Executes the given JavaScript code with possible arguments.</doc>
<msg timestamp="20220117 19:00:27.015" level="INFO">Executing JavaScript:
window.scrollTo(0, 350);
Without any arguments.</msg>
<status status="PASS" starttime="20220117 19:00:27.013" endtime="20220117 19:00:27.049"/>
</kw>
<kw name="Capture Page Screenshot" library="Selenium2Library">
<arg>${text}[0]_chartink</arg>
<doc>Takes a screenshot of the current page and embeds it into a log file.</doc>
<msg timestamp="20220117 19:00:27.199" level="INFO" html="true">&lt;/td&gt;&lt;/tr&gt;&lt;tr&gt;&lt;td colspan="3"&gt;&lt;a href="RAMASTEEL_chartink"&gt;&lt;img src="RAMASTEEL_chartink" width="800px"&gt;&lt;/a&gt;</msg>
<status status="PASS" starttime="20220117 19:00:27.049" endtime="20220117 19:00:27.199"/>
</kw>
<status status="PASS" starttime="20220117 19:00:24.464" endtime="20220117 19:00:27.199"/>
</iter>
<iter>
<var name="${text}">('IOLCP',)</var>
<kw name="Log" library="BuiltIn">
<arg>${text}</arg>
<doc>Logs the given message with the given level.</doc>
<msg timestamp="20220117 19:00:27.200" level="INFO">('IOLCP',)</msg>
<status status="PASS" starttime="20220117 19:00:27.200" endtime="20220117 19:00:27.200"/>
</kw>
<kw name="Go To" library="Selenium2Library">
<arg>${HOMEPAGE}/${text}[0].html</arg>
<doc>Navigates the current browser window to the provided ``url``.</doc>
<msg timestamp="20220117 19:00:27.200" level="INFO">Opening url 'https://chartink.com/stocks/IOLCP.html'</msg>
<status status="PASS" starttime="20220117 19:00:27.200" endtime="20220117 19:00:28.870"/>
</kw>
<kw name="Sleep" library="BuiltIn">
<arg>1s</arg>
<doc>Pauses the test executed for the given time.</doc>
<msg timestamp="20220117 19:00:29.875" level="INFO">Slept 1 second</msg>
<status status="PASS" starttime="20220117 19:00:28.870" endtime="20220117 19:00:29.876"/>
</kw>
<kw name="Execute Javascript" library="Selenium2Library">
<arg>window.scrollTo(0, 350);</arg>
<doc>Executes the given JavaScript code with possible arguments.</doc>
<msg timestamp="20220117 19:00:29.878" level="INFO">Executing JavaScript:
window.scrollTo(0, 350);
Without any arguments.</msg>
<status status="PASS" starttime="20220117 19:00:29.876" endtime="20220117 19:00:29.916"/>
</kw>
<kw name="Capture Page Screenshot" library="Selenium2Library">
<arg>${text}[0]_chartink</arg>
<doc>Takes a screenshot of the current page and embeds it into a log file.</doc>
<msg timestamp="20220117 19:00:30.114" level="INFO" html="true">&lt;/td&gt;&lt;/tr&gt;&lt;tr&gt;&lt;td colspan="3"&gt;&lt;a href="IOLCP_chartink"&gt;&lt;img src="IOLCP_chartink" width="800px"&gt;&lt;/a&gt;</msg>
<status status="PASS" starttime="20220117 19:00:29.916" endtime="20220117 19:00:30.114"/>
</kw>
<status status="PASS" starttime="20220117 19:00:27.199" endtime="20220117 19:00:30.114"/>
</iter>
<iter>
<var name="${text}">('APOLSINHOT',)</var>
<kw name="Log" library="BuiltIn">
<arg>${text}</arg>
<doc>Logs the given message with the given level.</doc>
<msg timestamp="20220117 19:00:30.115" level="INFO">('APOLSINHOT',)</msg>
<status status="PASS" starttime="20220117 19:00:30.115" endtime="20220117 19:00:30.115"/>
</kw>
[...]
<msg timestamp="20220117 19:09:32.663" level="INFO">Executing JavaScript:
window.scrollTo(0, 350);
Without any arguments.</msg>
<status status="PASS" starttime="20220117 19:09:32.662" endtime="20220117 19:09:32.700"/>
</kw>
<kw name="Capture Page Screenshot" library="Selenium2Library">
<arg>${text}[0]_chartink</arg>
<doc>Takes a screenshot of the current page and embeds it into a log file.</doc>
<msg timestamp="20220117 19:09:32.865" level="INFO" html="true">&lt;/td&gt;&lt;/tr&gt;&lt;tr&gt;&lt;td colspan="3"&gt;&lt;a href="PEL_chartink"&gt;&lt;img src="PEL_chartink" width="800px"&gt;&lt;/a&gt;</msg>
<status status="PASS" starttime="20220117 19:09:32.701" endtime="20220117 19:09:32.865"/>
</kw>
<status status="PASS" starttime="20220117 19:09:30.026" endtime="20220117 19:09:32.865"/>
</iter>
<iter>
<var name="${text}">('ONWARDTEC',)</var>
<kw name="Log" library="BuiltIn">
<arg>${text}</arg>
<doc>Logs the given message with the given level.</doc>
<msg timestamp="20220117 19:09:32.866" level="INFO">('ONWARDTEC',)</msg>
<status status="PASS" starttime="20220117 19:09:32.866" endtime="20220117 19:09:32.866"/>
</kw>
<kw name="Go To" library="Selenium2Library">
<arg>${HOMEPAGE}/${text}[0].html</arg>
<doc>Navigates the current browser window to the provided ``url``.</doc>
<msg timestamp="20220117 19:09:32.867" level="INFO">Opening url 'https://chartink.com/stocks/ONWARDTEC.html'</msg>
<status status="PASS" starttime="20220117 19:09:32.866" endtime="20220117 19:09:35.634"/>
</kw>
<kw name="Sleep" library="BuiltIn">
<arg>1s</arg>
<doc>Pauses the test executed for the given time.</doc>
<msg timestamp="20220117 19:09:36.648" level="INFO">Slept 1 second</msg>
<status status="PASS" starttime="20220117 19:09:35.634" endtime="20220117 19:09:36.649"/>
</kw>
<kw name="Execute Javascript" library="Selenium2Library">
<arg>window.scrollTo(0, 350);</arg>
<doc>Executes the given JavaScript code with possible arguments.</doc>
<msg timestamp="20220117 19:09:36.651" level="INFO">Executing JavaScript:
window.scrollTo(0, 350);
Without any arguments.</msg>
<status status="PASS" starttime="20220117 19:09:36.649" endtime="20220117 19:09:36.684"/>
</kw>
<kw name="Capture Page Screenshot" library="Selenium2Library">
<arg>${text}[0]_chartink</arg>
<doc>Takes a screenshot of the current page and embeds it into a log file.</doc>
<msg timestamp="20220117 19:09:36.890" level="INFO" html="true">&lt;/td&gt;&lt;/tr&gt;&lt;tr&gt;&lt;td colspan="3"&gt;&lt;a href="ONWARDTEC_chartink"&gt;&lt;img src="ONWARDTEC_chartink" width="800px"&gt;&lt;/a&gt;</msg>
<status status="PASS" starttime="20220117 19:09:36.685" endtime="20220117 19:09:36.890"/>
</kw>
<status status="PASS" starttime="20220117 19:09:32.866" endtime="20220117 19:09:36.890"/>
</iter>
<iter>
<var name="${text}">('WONDERLA',)</var>
<kw name="Log" library="BuiltIn">
<arg>${text}</arg>
<doc>Logs the given message with the given level.</doc>
<msg timestamp="20220117 19:09:36.891" level="INFO">('WONDERLA',)</msg>
<status status="PASS" starttime="20220117 19:09:36.890" endtime="20220117 19:09:36.891"/>
</kw>
<kw name="Go To" library="Selenium2Library">
<arg>${HOMEPAGE}/${text}[0].html</arg>
<doc>Navigates the current browser window to the provided ``url``.</doc>
<msg timestamp="20220117 19:09:36.891" level="INFO">Opening url 'https://chartink.com/stocks/WONDERLA.html'</msg>
<status status="PASS" starttime="20220117 19:09:36.891" endtime="20220117 19:09:39.044"/>
</kw>
<kw name="Sleep" library="BuiltIn">
<arg>1s</arg>
<doc>Pauses the test executed for the given time.</doc>
<msg timestamp="20220117 19:09:40.056" level="INFO">Slept 1 second</msg>
<status status="PASS" starttime="20220117 19:09:39.044" endtime="20220117 19:09:40.056"/>
</kw>
<kw name="Execute Javascript" library="Selenium2Library">
<arg>window.scrollTo(0, 350);</arg>
<doc>Executes the given JavaScript code with possible arguments.</doc>
<msg timestamp="20220117 19:09:40.059" level="INFO">Executing JavaScript:
window.scrollTo(0, 350);
Without any arguments.</msg>
<status status="PASS" starttime="20220117 19:09:40.057" endtime="20220117 19:09:40.078"/>
</kw>
<kw name="Capture Page Screenshot" library="Selenium2Library">
<arg>${text}[0]_chartink</arg>
<doc>Takes a screenshot of the current page and embeds it into a log file.</doc>
<msg timestamp="20220117 19:09:40.257" level="INFO" html="true">&lt;/td&gt;&lt;/tr&gt;&lt;tr&gt;&lt;td colspan="3"&gt;&lt;a href="WONDERLA_chartink"&gt;&lt;img src="WONDERLA_chartink" width="800px"&gt;&lt;/a&gt;</msg>
<status status="PASS" starttime="20220117 19:09:40.079" endtime="20220117 19:09:40.257"/>
</kw>
<status status="PASS" starttime="20220117 19:09:36.890" endtime="20220117 19:09:40.257"/>
</iter>
<iter>
<var name="${text}">('INDIANHUME',)</var>
<kw name="Log" library="BuiltIn">
<arg>${text}</arg>
<doc>Logs the given message with the given level.</doc>
<msg timestamp="20220117 19:09:40.257" level="INFO">('INDIANHUME',)</msg>
<status status="PASS" starttime="20220117 19:09:40.257" endtime="20220117 19:09:40.258"/>
</kw>
<kw name="Go To" library="Selenium2Library">
<arg>${HOMEPAGE}/${text}[0].html</arg>
<doc>Navigates the current browser window to the provided ``url``.</doc>
<msg timestamp="20220117 19:09:40.258" level="INFO">Opening url 'https://chartink.com/stocks/INDIANHUME.html'</msg>
<status status="PASS" starttime="20220117 19:09:40.258" endtime="20220117 19:09:41.888"/>
</kw>
<kw name="Sleep" library="BuiltIn">
<arg>1s</arg>
<doc>Pauses the test executed for the given time.</doc>
<msg timestamp="20220117 19:09:42.890" level="INFO">Slept 1 second</msg>
<status status="PASS" starttime="20220117 19:09:41.889" endtime="20220117 19:09:42.890"/>
</kw>
<kw name="Execute Javascript" library="Selenium2Library">
<arg>window.scrollTo(0, 350);</arg>
<doc>Executes the given JavaScript code with possible arguments.</doc>
<msg timestamp="20220117 19:09:42.891" level="INFO">Executing JavaScript:
window.scrollTo(0, 350);
Without any arguments.</msg>
<status status="PASS" starttime="20220117 19:09:42.890" endtime="20220117 19:09:42.911"/>
</kw>
<kw name="Capture Page Screenshot" library="Selenium2Library">
<arg>${text}[0]_chartink</arg>
<doc>Takes a screenshot of the current page and embeds it into a log file.</doc>
<msg timestamp="20220117 19:09:43.072" level="INFO" html="true">&lt;/td&gt;&lt;/tr&gt;&lt;tr&gt;&lt;td colspan="3"&gt;&lt;a href="INDIANHUME_chartink"&gt;&lt;img src="INDIANHUME_chartink" width="800px"&gt;&lt;/a&gt;</msg>
<status status="PASS" starttime="20220117 19:09:42.912" endtime="20220117 19:09:43.072"/>
</kw>
<status status="PASS" starttime="20220117 19:09:40.257" endtime="20220117 19:09:43.072"/>
</iter>
<iter>
<var name="${text}">('ANGELONE',)</var>
<kw name="Log" library="BuiltIn">
<arg>${text}</arg>
<doc>Logs the given message with the given level.</doc>
<msg timestamp="20220117 19:09:43.073" level="INFO">('ANGELONE',)</msg>
<status status="PASS" starttime="20220117 19:09:43.072" endtime="20220117 19:09:43.073"/>
</kw>
<kw name="Go To" library="Selenium2Library">
<arg>${HOMEPAGE}/${text}[0].html</arg>
<doc>Navigates the current browser window to the provided ``url``.</doc>
<msg timestamp="20220117 19:09:43.073" level="INFO">Opening url 'https://chartink.com/stocks/ANGELONE.html'</msg>
<status status="PASS" starttime="20220117 19:09:43.073" endtime="20220117 19:09:44.844"/>
</kw>
<kw name="Sleep" library="BuiltIn">
<arg>1s</arg>
<doc>Pauses the test executed for the given time.</doc>
<msg timestamp="20220117 19:09:45.859" level="INFO">Slept 1 second</msg>
<status status="PASS" starttime="20220117 19:09:44.845" endtime="20220117 19:09:45.859"/>
</kw>
<kw name="Execute Javascript" library="Selenium2Library">
<arg>window.scrollTo(0, 350);</arg>
<doc>Executes the given JavaScript code with possible arguments.</doc>
<msg timestamp="20220117 19:09:45.861" level="INFO">Executing JavaScript:
window.scrollTo(0, 350);
Without any arguments.</msg>
<status status="PASS" starttime="20220117 19:09:45.860" endtime="20220117 19:09:45.889"/>
</kw>
<kw name="Capture Page Screenshot" library="Selenium2Library">
<arg>${text}[0]_chartink</arg>
<doc>Takes a screenshot of the current page and embeds it into a log file.</doc>
<msg timestamp="20220117 19:09:46.067" level="INFO" html="true">&lt;/td&gt;&lt;/tr&gt;&lt;tr&gt;&lt;td colspan="3"&gt;&lt;a href="ANGELONE_chartink"&gt;&lt;img src="ANGELONE_chartink" width="800px"&gt;&lt;/a&gt;</msg>
<status status="PASS" starttime="20220117 19:09:45.889" endtime="20220117 19:09:46.067"/>
</kw>
<status status="PASS" starttime="20220117 19:09:43.072" endtime="20220117 19:09:46.067"/>
</iter>
<iter>
<var name="${text}">('CARTRADE',)</var>
<kw name="Log" library="BuiltIn">
<arg>${text}</arg>
<doc>Logs the given message with the given level.</doc>
<msg timestamp="20220117 19:09:46.068" level="INFO">('CARTRADE',)</msg>
<status status="PASS" starttime="20220117 19:09:46.068" endtime="20220117 19:09:46.068"/>
</kw>
<kw name="Go To" library="Selenium2Library">
<arg>${HOMEPAGE}/${text}[0].html</arg>
<doc>Navigates the current browser window to the provided ``url``.</doc>
<msg timestamp="20220117 19:09:46.068" level="INFO">Opening url 'https://chartink.com/stocks/CARTRADE.html'</msg>
<status status="PASS" starttime="20220117 19:09:46.068" endtime="20220117 19:09:47.662"/>
</kw>
<kw name="Sleep" library="BuiltIn">
<arg>1s</arg>
<doc>Pauses the test executed for the given time.</doc>
<msg timestamp="20220117 19:09:48.671" level="INFO">Slept 1 second</msg>
<status status="PASS" starttime="20220117 19:09:47.663" endtime="20220117 19:09:48.671"/>
</kw>
<kw name="Execute Javascript" library="Selenium2Library">
<arg>window.scrollTo(0, 350);</arg>
<doc>Executes the given JavaScript code with possible arguments.</doc>
<msg timestamp="20220117 19:09:48.673" level="INFO">Executing JavaScript:
window.scrollTo(0, 350);
Without any arguments.</msg>
<status status="PASS" starttime="20220117 19:09:48.671" endtime="20220117 19:09:48.715"/>
</kw>
<kw name="Capture Page Screenshot" library="Selenium2Library">
<arg>${text}[0]_chartink</arg>
<doc>Takes a screenshot of the current page and embeds it into a log file.</doc>
<msg timestamp="20220117 19:09:48.904" level="INFO" html="true">&lt;/td&gt;&lt;/tr&gt;&lt;tr&gt;&lt;td colspan="3"&gt;&lt;a href="CARTRADE_chartink"&gt;&lt;img src="CARTRADE_chartink" width="800px"&gt;&lt;/a&gt;</msg>
<status status="PASS" starttime="20220117 19:09:48.716" endtime="20220117 19:09:48.904"/>
</kw>
<status status="PASS" starttime="20220117 19:09:46.068" endtime="20220117 19:09:48.904"/>
</iter>
<iter>
<var name="${text}">('NIITLTD',)</var>
<kw name="Log" library="BuiltIn">
<arg>${text}</arg>
<doc>Logs the given message with the given level.</doc>
<msg timestamp="20220117 19:09:48.905" level="INFO">('NIITLTD',)</msg>
<status status="PASS" starttime="20220117 19:09:48.904" endtime="20220117 19:09:48.905"/>
</kw>
<kw name="Go To" library="Selenium2Library">
<arg>${HOMEPAGE}/${text}[0].html</arg>
<doc>Navigates the current browser window to the provided ``url``.</doc>
<msg timestamp="20220117 19:09:48.905" level="INFO">Opening url 'https://chartink.com/stocks/NIITLTD.html'</msg>
<status status="PASS" starttime="20220117 19:09:48.905" endtime="20220117 19:09:50.471"/>
</kw>
<kw name="Sleep" library="BuiltIn">
<arg>1s</arg>
<doc>Pauses the test executed for the given time.</doc>
<msg timestamp="20220117 19:09:51.480" level="INFO">Slept 1 second</msg>
<status status="PASS" starttime="20220117 19:09:50.471" endtime="20220117 19:09:51.481"/>
</kw>
<kw name="Execute Javascript" library="Selenium2Library">
<arg>window.scrollTo(0, 350);</arg>
<doc>Executes the given JavaScript code with possible arguments.</doc>
<msg timestamp="20220117 19:09:51.483" level="INFO">Executing JavaScript:
window.scrollTo(0, 350);
Without any arguments.</msg>
<status status="PASS" starttime="20220117 19:09:51.482" endtime="20220117 19:09:51.531"/>
</kw>
<kw name="Capture Page Screenshot" library="Selenium2Library">
<arg>${text}[0]_chartink</arg>
<doc>Takes a screenshot of the current page and embeds it into a log file.</doc>
<msg timestamp="20220117 19:09:51.751" level="INFO" html="true">&lt;/td&gt;&lt;/tr&gt;&lt;tr&gt;&lt;td colspan="3"&gt;&lt;a href="NIITLTD_chartink"&gt;&lt;img src="NIITLTD_chartink" width="800px"&gt;&lt;/a&gt;</msg>
<status status="PASS" starttime="20220117 19:09:51.531" endtime="20220117 19:09:51.751"/>
</kw>
<status status="PASS" starttime="20220117 19:09:48.904" endtime="20220117 19:09:51.751"/>
</iter>
<iter>
<var name="${text}">('REPCOHOME',)</var>
<kw name="Log" library="BuiltIn">
<arg>${text}</arg>
<doc>Logs the given message with the given level.</doc>
<msg timestamp="20220117 19:09:51.752" level="INFO">('REPCOHOME',)</msg>
<status status="PASS" starttime="20220117 19:09:51.751" endtime="20220117 19:09:51.752"/>
</kw>
<kw name="Go To" library="Selenium2Library">
<arg>${HOMEPAGE}/${text}[0].html</arg>
<doc>Navigates the current browser window to the provided ``url``.</doc>
<msg timestamp="20220117 19:09:51.752" level="INFO">Opening url 'https://chartink.com/stocks/REPCOHOME.html'</msg>
<status status="PASS" starttime="20220117 19:09:51.752" endtime="20220117 19:09:53.226"/>
</kw>
<kw name="Sleep" library="BuiltIn">
<arg>1s</arg>
<doc>Pauses the test executed for the given time.</doc>
<msg timestamp="20220117 19:09:54.229" level="INFO">Slept 1 second</msg>
<status status="PASS" starttime="20220117 19:09:53.226" endtime="20220117 19:09:54.229"/>
</kw>
<kw name="Execute Javascript" library="Selenium2Library">
<arg>window.scrollTo(0, 350);</arg>
<doc>Executes the given JavaScript code with possible arguments.</doc>
<msg timestamp="20220117 19:09:54.230" level="INFO">Executing JavaScript:
window.scrollTo(0, 350);
Without any arguments.</msg>
<status status="PASS" starttime="20220117 19:09:54.229" endtime="20220117 19:09:54.249"/>
</kw>
<kw name="Capture Page Screenshot" library="Selenium2Library">
<arg>${text}[0]_chartink</arg>
<doc>Takes a screenshot of the current page and embeds it into a log file.</doc>
<msg timestamp="20220117 19:09:54.420" level="INFO" html="true">&lt;/td&gt;&lt;/tr&gt;&lt;tr&gt;&lt;td colspan="3"&gt;&lt;a href="REPCOHOME_chartink"&gt;&lt;img src="REPCOHOME_chartink" width="800px"&gt;&lt;/a&gt;</msg>
<status status="PASS" starttime="20220117 19:09:54.250" endtime="20220117 19:09:54.420"/>
</kw>
<status status="PASS" starttime="20220117 19:09:51.751" endtime="20220117 19:09:54.420"/>
</iter>
<iter>
<var name="${text}">('KALPATPOWR',)</var>
<kw name="Log" library="BuiltIn">
<arg>${text}</arg>
<doc>Logs the given message with the given level.</doc>
<msg timestamp="20220117 19:09:54.421" level="INFO">('KALPATPOWR',)</msg>
<status status="PASS" starttime="20220117 19:09:54.420" endtime="20220117 19:09:54.421"/>
</kw>
<kw name="Go To" library="Selenium2Library">
<arg>${HOMEPAGE}/${text}[0].html</arg>
<doc>Navigates the current browser window to the provided ``url``.</doc>
<msg timestamp="20220117 19:09:54.421" level="INFO">Opening url 'https://chartink.com/stocks/KALPATPOWR.html'</msg>
<status status="PASS" starttime="20220117 19:09:54.421" endtime="20220117 19:09:56.084"/>
</kw>
<kw name="Sleep" library="BuiltIn">
<arg>1s</arg>
<doc>Pauses the test executed for the given time.</doc>
<msg timestamp="20220117 19:09:57.091" level="INFO">Slept 1 second</msg>
<status status="PASS" starttime="20220117 19:09:56.084" endtime="20220117 19:09:57.092"/>
</kw>
<kw name="Execute Javascript" library="Selenium2Library">
<arg>window.scrollTo(0, 350);</arg>
<doc>Executes the given JavaScript code with possible arguments.</doc>
<msg timestamp="20220117 19:09:57.094" level="INFO">Executing JavaScript:
window.scrollTo(0, 350);
Without any arguments.</msg>
<status status="PASS" starttime="20220117 19:09:57.092" endtime="20220117 19:09:57.145"/>
</kw>
<kw name="Capture Page Screenshot" library="Selenium2Library">
<arg>${text}[0]_chartink</arg>
<doc>Takes a screenshot of the current page and embeds it into a log file.</doc>
<msg timestamp="20220117 19:09:57.343" level="INFO" html="true">&lt;/td&gt;&lt;/tr&gt;&lt;tr&gt;&lt;td colspan="3"&gt;&lt;a href="KALPATPOWR_chartink"&gt;&lt;img src="KALPATPOWR_chartink" width="800px"&gt;&lt;/a&gt;</msg>
<status status="PASS" starttime="20220117 19:09:57.145" endtime="20220117 19:09:57.343"/>
</kw>
<status status="PASS" starttime="20220117 19:09:54.420" endtime="20220117 19:09:57.343"/>
</iter>
<iter>
<var name="${text}">('NUVOCO',)</var>
<kw name="Log" library="BuiltIn">
<arg>${text}</arg>
<doc>Logs the given message with the given level.</doc>
<msg timestamp="20220117 19:09:57.344" level="INFO">('NUVOCO',)</msg>
<status status="PASS" starttime="20220117 19:09:57.343" endtime="20220117 19:09:57.344"/>
</kw>
<kw name="Go To" library="Selenium2Library">
<arg>${HOMEPAGE}/${text}[0].html</arg>
<doc>Navigates the current browser window to the provided ``url``.</doc>
<msg timestamp="20220117 19:09:57.344" level="INFO">Opening url 'https://chartink.com/stocks/NUVOCO.html'</msg>
<status status="PASS" starttime="20220117 19:09:57.344" endtime="20220117 19:09:59.015"/>
</kw>
<kw name="Sleep" library="BuiltIn">
<arg>1s</arg>
<doc>Pauses the test executed for the given time.</doc>
<msg timestamp="20220117 19:10:00.018" level="INFO">Slept 1 second</msg>
<status status="PASS" starttime="20220117 19:09:59.015" endtime="20220117 19:10:00.018"/>
</kw>
<kw name="Execute Javascript" library="Selenium2Library">
<arg>window.scrollTo(0, 350);</arg>
<doc>Executes the given JavaScript code with possible arguments.</doc>
<msg timestamp="20220117 19:10:00.022" level="INFO">Executing JavaScript:
window.scrollTo(0, 350);
Without any arguments.</msg>
<status status="PASS" starttime="20220117 19:10:00.019" endtime="20220117 19:10:00.061"/>
</kw>
<kw name="Capture Page Screenshot" library="Selenium2Library">
<arg>${text}[0]_chartink</arg>
<doc>Takes a screenshot of the current page and embeds it into a log file.</doc>
<msg timestamp="20220117 19:10:00.252" level="INFO" html="true">&lt;/td&gt;&lt;/tr&gt;&lt;tr&gt;&lt;td colspan="3"&gt;&lt;a href="NUVOCO_chartink"&gt;&lt;img src="NUVOCO_chartink" width="800px"&gt;&lt;/a&gt;</msg>
<status status="PASS" starttime="20220117 19:10:00.061" endtime="20220117 19:10:00.252"/>
</kw>
<status status="PASS" starttime="20220117 19:09:57.343" endtime="20220117 19:10:00.252"/>
</iter>
<status status="PASS" starttime="20220117 18:58:00.755" endtime="20220117 19:10:00.252"/>
</for>
<status status="PASS" starttime="20220117 18:57:42.942" endtime="20220117 19:10:00.253"/>
</test>
<kw name="Close Browser" library="Selenium2Library" type="TEARDOWN">
<doc>Closes the current browser.</doc>
<status status="PASS" starttime="20220117 19:10:00.256" endtime="20220117 19:10:02.956"/>
</kw>
<status status="PASS" starttime="20220117 18:57:38.184" endtime="20220117 19:10:02.956"/>
</suite>
<statistics>
<total>
<stat pass="1" fail="0" skip="0">All Tests</stat>
</total>
<tag>
</tag>
<suite>
<stat pass="1" fail="0" skip="0" id="s1" name="Chartinkscreen">Chartinkscreen</stat>
</suite>
</statistics>
<errors>
<msg timestamp="20220117 18:57:38.719" level="ERROR">Error in file 'C:\Users\User\PycharmProjects\stock\SeleniumLibrary\keywords.robot' on line 2: Importing library 'C:\Users\User\PycharmProjects\stock\SeleniumLibrary\keywords\BrowserManagementKeywords.py' failed: ImportError: attempted relative import with no known parent package
Traceback (most recent call last):
  File "C:\Users\User\PycharmProjects\stock\SeleniumLibrary\keywords\BrowserManagementKeywords.py", line 30, in &lt;module&gt;
    from .webdrivertools import WebDriverCreator
PYTHONPATH:
  C:\Users\User\AppData\Local\Programs\Python\Python39\Scripts\robot.exe
  c:\users\user\appdata\local\programs\python\python39\python39.zip
  c:\users\user\appdata\local\programs\python\python39\DLLs
  c:\users\user\appdata\local\programs\python\python39\lib
  c:\users\user\appdata\local\programs\python\python39
  c:\users\user\appdata\local\programs\python\python39\lib\site-packages</msg>
</errors>
</robot>
