<?xml version="1.0" encoding="UTF-8"?>
<robot generator="Robot 6.1.1 (Python 3.12.1 on win32)" generated="20240621 22:17:49.282" rpa="false" schemaversion="4">
<suite id="s1" name="Screen" source="D:\Automation\testangel-main\pysmartapi\screen.robot">
<kw name="Open Browser Test" type="SETUP">
<arg>${HOMEPAGE}</arg>
<kw name="Open Browser" library="Selenium2Library">
<arg>${URL}</arg>
<arg>${BROWSER}</arg>
<doc>Opens a new browser instance to the optional ``url``.</doc>
<msg timestamp="20240621 22:17:49.558" level="INFO">Opening browser 'chrome' to base url 'https://www.google.com/finance/quote'.</msg>
<status status="PASS" starttime="20240621 22:17:49.558" endtime="20240621 22:17:51.591"/>
</kw>
<kw name="Maximize Browser Window" library="Selenium2Library">
<doc>Maximizes current browser window.</doc>
<status status="PASS" starttime="20240621 22:17:51.591" endtime="20240621 22:17:51.648"/>
</kw>
<status status="PASS" starttime="20240621 22:17:49.548" endtime="20240621 22:17:51.648"/>
</kw>
<test id="s1-t1" name="Stock Screens" line="18">
<kw name="Log Variables" library="BuiltIn">
<doc>Logs all variables in the current scope with given log level.</doc>
<msg timestamp="20240621 22:17:51.651" level="INFO">${/} = \</msg>
<msg timestamp="20240621 22:17:51.651" level="INFO">${:} = ;</msg>
<msg timestamp="20240621 22:17:51.651" level="INFO">${\n} = 
</msg>
<msg timestamp="20240621 22:17:51.651" level="INFO">${BROWSER} = chrome</msg>
<msg timestamp="20240621 22:17:51.651" level="INFO">${DEBUG_FILE} = NONE</msg>
<msg timestamp="20240621 22:17:51.651" level="INFO">${EXECDIR} = D:\Automation\testangel-main</msg>
<msg timestamp="20240621 22:17:51.651" level="INFO">${False} = False</msg>
<msg timestamp="20240621 22:17:51.656" level="INFO">${HOMEPAGE} = https://www.google.com/finance/quote</msg>
<msg timestamp="20240621 22:17:51.656" level="INFO">${LOG_FILE} = D:\Automation\testangel-main\maheshr052.github.io\20242106\log.html</msg>
<msg timestamp="20240621 22:17:51.656" level="INFO">${LOG_LEVEL} = INFO</msg>
<msg timestamp="20240621 22:17:51.656" level="INFO">${None} = None</msg>
<msg timestamp="20240621 22:17:51.656" level="INFO">${null} = None</msg>
<msg timestamp="20240621 22:17:51.656" level="INFO">&amp;{OPTIONS} = { include=[] | exclude=[] | skip=[] | skip_on_failure=[] }</msg>
<msg timestamp="20240621 22:17:51.656" level="INFO">${OUTPUT_DIR} = D:\Automation\testangel-main\maheshr052.github.io\20242106</msg>
<msg timestamp="20240621 22:17:51.656" level="INFO">${OUTPUT_FILE} = D:\Automation\testangel-main\maheshr052.github.io\20242106\output.xml</msg>
<msg timestamp="20240621 22:17:51.656" level="INFO">${PREV_TEST_MESSAGE} = </msg>
<msg timestamp="20240621 22:17:51.656" level="INFO">${PREV_TEST_NAME} = </msg>
<msg timestamp="20240621 22:17:51.656" level="INFO">${PREV_TEST_STATUS} = </msg>
<msg timestamp="20240621 22:17:51.656" level="INFO">${REPORT_FILE} = D:\Automation\testangel-main\maheshr052.github.io\20242106\report.html</msg>
<msg timestamp="20240621 22:17:51.656" level="INFO">${SPACE} =  </msg>
<msg timestamp="20240621 22:17:51.656" level="INFO">${SUITE_DOCUMENTATION} = </msg>
<msg timestamp="20240621 22:17:51.656" level="INFO">&amp;{SUITE_METADATA} = { }</msg>
<msg timestamp="20240621 22:17:51.656" level="INFO">${SUITE_NAME} = Screen</msg>
<msg timestamp="20240621 22:17:51.656" level="INFO">${SUITE_SOURCE} = D:\Automation\testangel-main\pysmartapi\screen.robot</msg>
<msg timestamp="20240621 22:17:51.656" level="INFO">${TEMPDIR} = C:\Users\Dell\AppData\Local\Temp</msg>
<msg timestamp="20240621 22:17:51.656" level="INFO">${TEST_DOCUMENTATION} = </msg>
<msg timestamp="20240621 22:17:51.656" level="INFO">${TEST_NAME} = Stock Screens</msg>
<msg timestamp="20240621 22:17:51.656" level="INFO">@{TEST_TAGS} = [ ]</msg>
<msg timestamp="20240621 22:17:51.656" level="INFO">${True} = True</msg>
<status status="PASS" starttime="20240621 22:17:51.651" endtime="20240621 22:17:51.656"/>
</kw>
<kw name="Connect To Database" library="DatabaseLibrary">
<arg>psycopg2</arg>
<arg>postgres</arg>
<arg>postgres</arg>
<arg>admin</arg>
<arg>localhost</arg>
<arg>5432</arg>
<doc>Loads the DB API 2.0 module given ``dbapiModuleName`` then uses it to
connect to the database using provided parameters such as ``dbName``, ``dbUsername``, and ``dbPassword``.</doc>
<msg timestamp="20240621 22:17:51.686" level="INFO">Connecting using : psycopg2.connect(database=postgres, user=postgres, password=***, host=localhost, port=5432)</msg>
<status status="PASS" starttime="20240621 22:17:51.656" endtime="20240621 22:17:51.751"/>
</kw>
<kw name="Query" library="DatabaseLibrary">
<var>@{queryResults}</var>
<arg>SELECT distinct * FROM chartink</arg>
<doc>Runs a query with the ``selectStatement`` and returns the result as a list of rows.
The type of row values depends on the database module -
usually they are tuples or tuple-like objects.</doc>
<msg timestamp="20240621 22:17:51.751" level="INFO">Executing : Query  |  SELECT distinct * FROM chartink </msg>
<msg timestamp="20240621 22:17:51.755" level="INFO">@{queryResults} = [ ('PETRONET',) | ('FSL',) | ('DIVISLAB',) | ('ASTERDM',) | ('VGUARD',) | ('POLYPLEX',) | ('GRANULES',) | ('JINDALSTEL',) | ('CHALET',) | ('CRISIL',) | ('JINDALSAW',) | ('KALYANKJIL',) | ('NAUKRI',) |...</msg>
<status status="PASS" starttime="20240621 22:17:51.751" endtime="20240621 22:17:51.755"/>
</kw>
<for flavor="IN">
<var>${text}</var>
<value>@{queryResults}</value>
<iter>
<var name="${text}">('PETRONET',)</var>
<kw name="Log" library="BuiltIn">
<arg>${text}</arg>
<doc>Logs the given message with the given level.</doc>
<msg timestamp="20240621 22:17:51.756" level="INFO">('PETRONET',)</msg>
<status status="PASS" starttime="20240621 22:17:51.756" endtime="20240621 22:17:51.756"/>
</kw>
<kw name="Go To" library="Selenium2Library">
<arg>${HOMEPAGE}/${text}[0]:NSE</arg>
<doc>Navigates the current browser window to the provided ``url``.</doc>
<msg timestamp="20240621 22:17:51.757" level="INFO">Opening url 'https://www.google.com/finance/quote/PETRONET:NSE'</msg>
<status status="PASS" starttime="20240621 22:17:51.757" endtime="20240621 22:17:53.292"/>
</kw>
<kw name="Sleep" library="BuiltIn">
<arg>1s</arg>
<doc>Pauses the test executed for the given time.</doc>
<msg timestamp="20240621 22:17:54.292" level="INFO">Slept 1 second</msg>
<status status="PASS" starttime="20240621 22:17:53.292" endtime="20240621 22:17:54.293"/>
</kw>
<kw name="Run Keyword And Ignore Error" library="BuiltIn">
<arg>wait until page contains</arg>
<arg>Prev close</arg>
<doc>Runs the given keyword with the given arguments and ignores possible error.</doc>
<kw name="Wait Until Page Contains" library="Selenium2Library">
<arg>Prev close</arg>
<doc>Waits until ``text`` appears on the current page.</doc>
<status status="PASS" starttime="20240621 22:17:54.294" endtime="20240621 22:17:54.373"/>
</kw>
<status status="PASS" starttime="20240621 22:17:54.293" endtime="20240621 22:17:54.373"/>
</kw>
<kw name="Capture Page Screenshot" library="Selenium2Library">
<arg>${text}[0]_1D</arg>
<doc>Takes a screenshot of the current page and embeds it into a log file.</doc>
<msg timestamp="20240621 22:17:54.563" level="INFO" html="true">&lt;/td&gt;&lt;/tr&gt;&lt;tr&gt;&lt;td colspan="3"&gt;&lt;a href="PETRONET_1D"&gt;&lt;img src="PETRONET_1D" width="800px"&gt;&lt;/a&gt;</msg>
<msg timestamp="20240621 22:17:54.563" level="INFO">C:\Python312\Lib\site-packages\selenium\webdriver\remote\webdriver.py:829: UserWarning: name used for saved screenshot does not match file type. It should end with a `.png` extension
  return self.get_screenshot_as_file(filename)</msg>
<status status="PASS" starttime="20240621 22:17:54.373" endtime="20240621 22:17:54.563"/>
</kw>
<kw name="Go To" library="Selenium2Library">
<arg>${HOMEPAGE}/${text}[0]:NSE?window=5D</arg>
<doc>Navigates the current browser window to the provided ``url``.</doc>
<msg timestamp="20240621 22:17:54.566" level="INFO">Opening url 'https://www.google.com/finance/quote/PETRONET:NSE?window=5D'</msg>
<status status="PASS" starttime="20240621 22:17:54.563" endtime="20240621 22:17:56.104"/>
</kw>
<kw name="Run Keyword And Ignore Error" library="BuiltIn">
<arg>wait until element is visible</arg>
<arg>css:div&gt;svg&gt;g&gt;g&gt;rect</arg>
<doc>Runs the given keyword with the given arguments and ignores possible error.</doc>
<kw name="Wait Until Element Is Visible" library="Selenium2Library">
<arg>css:div&gt;svg&gt;g&gt;g&gt;rect</arg>
<doc>Waits until the element ``locator`` is visible.</doc>
<status status="PASS" starttime="20240621 22:17:56.105" endtime="20240621 22:17:56.140"/>
</kw>
<status status="PASS" starttime="20240621 22:17:56.104" endtime="20240621 22:17:56.140"/>
</kw>
<kw name="Sleep" library="BuiltIn">
<arg>1s</arg>
<doc>Pauses the test executed for the given time.</doc>
<msg timestamp="20240621 22:17:57.141" level="INFO">Slept 1 second</msg>
<status status="PASS" starttime="20240621 22:17:56.140" endtime="20240621 22:17:57.141"/>
</kw>
<kw name="Capture Page Screenshot" library="Selenium2Library">
<arg>${text}[0]_5D</arg>
<doc>Takes a screenshot of the current page and embeds it into a log file.</doc>
<msg timestamp="20240621 22:17:57.305" level="INFO" html="true">&lt;/td&gt;&lt;/tr&gt;&lt;tr&gt;&lt;td colspan="3"&gt;&lt;a href="PETRONET_5D"&gt;&lt;img src="PETRONET_5D" width="800px"&gt;&lt;/a&gt;</msg>
<status status="PASS" starttime="20240621 22:17:57.141" endtime="20240621 22:17:57.305"/>
</kw>
<status status="PASS" starttime="20240621 22:17:51.756" endtime="20240621 22:17:57.305"/>
</iter>
<iter>
<var name="${text}">('FSL',)</var>
<kw name="Log" library="BuiltIn">
<arg>${text}</arg>
<doc>Logs the given message with the given level.</doc>
<msg timestamp="20240621 22:17:57.305" level="INFO">('FSL',)</msg>
<status status="PASS" starttime="20240621 22:17:57.305" endtime="20240621 22:17:57.305"/>
</kw>
<kw name="Go To" library="Selenium2Library">
<arg>${HOMEPAGE}/${text}[0]:NSE</arg>
<doc>Navigates the current browser window to the provided ``url``.</doc>
<msg timestamp="20240621 22:17:57.305" level="INFO">Opening url 'https://www.google.com/finance/quote/FSL:NSE'</msg>
<status status="PASS" starttime="20240621 22:17:57.305" endtime="20240621 22:17:58.729"/>
</kw>
<kw name="Sleep" library="BuiltIn">
<arg>1s</arg>
<doc>Pauses the test executed for the given time.</doc>
<msg timestamp="20240621 22:17:59.729" level="INFO">Slept 1 second</msg>
<status status="PASS" starttime="20240621 22:17:58.729" endtime="20240621 22:17:59.729"/>
</kw>
<kw name="Run Keyword And Ignore Error" library="BuiltIn">
<arg>wait until page contains</arg>
<arg>Prev close</arg>
<doc>Runs the given keyword with the given arguments and ignores possible error.</doc>
<kw name="Wait Until Page Contains" library="Selenium2Library">
<arg>Prev close</arg>
<doc>Waits until ``text`` appears on the current page.</doc>
<status status="PASS" starttime="20240621 22:17:59.729" endtime="20240621 22:17:59.790"/>
</kw>
<status status="PASS" starttime="20240621 22:17:59.729" endtime="20240621 22:17:59.790"/>
</kw>
<kw name="Capture Page Screenshot" library="Selenium2Library">
<arg>${text}[0]_1D</arg>
<doc>Takes a screenshot of the current page and embeds it into a log file.</doc>
<msg timestamp="20240621 22:17:59.958" level="INFO" html="true">&lt;/td&gt;&lt;/tr&gt;&lt;tr&gt;&lt;td colspan="3"&gt;&lt;a href="FSL_1D"&gt;&lt;img src="FSL_1D" width="800px"&gt;&lt;/a&gt;</msg>
<status status="PASS" starttime="20240621 22:17:59.790" endtime="20240621 22:17:59.958"/>
</kw>
<kw name="Go To" library="Selenium2Library">
<arg>${HOMEPAGE}/${text}[0]:NSE?window=5D</arg>
<doc>Navigates the current browser window to the provided ``url``.</doc>
<msg timestamp="20240621 22:17:59.958" level="INFO">Opening url 'https://www.google.com/finance/quote/FSL:NSE?window=5D'</msg>
<status status="PASS" starttime="20240621 22:17:59.958" endtime="20240621 22:18:01.064"/>
</kw>
<kw name="Run Keyword And Ignore Error" library="BuiltIn">
<arg>wait until element is visible</arg>
<arg>css:div&gt;svg&gt;g&gt;g&gt;rect</arg>
<doc>Runs the given keyword with the given arguments and ignores possible error.</doc>
<kw name="Wait Until Element Is Visible" library="Selenium2Library">
<arg>css:div&gt;svg&gt;g&gt;g&gt;rect</arg>
<doc>Waits until the element ``locator`` is visible.</doc>
<msg timestamp="20240621 22:18:01.101" level="INFO">Suppressing StaleElementReferenceException from Selenium.</msg>
<status status="PASS" starttime="20240621 22:18:01.065" endtime="20240621 22:18:01.349"/>
</kw>
<status status="PASS" starttime="20240621 22:18:01.064" endtime="20240621 22:18:01.349"/>
</kw>
<kw name="Sleep" library="BuiltIn">
<arg>1s</arg>
<doc>Pauses the test executed for the given time.</doc>
<msg timestamp="20240621 22:18:02.349" level="INFO">Slept 1 second</msg>
<status status="PASS" starttime="20240621 22:18:01.349" endtime="20240621 22:18:02.349"/>
</kw>
<kw name="Capture Page Screenshot" library="Selenium2Library">
<arg>${text}[0]_5D</arg>
<doc>Takes a screenshot of the current page and embeds it into a log file.</doc>
<msg timestamp="20240621 22:18:02.509" level="INFO" html="true">&lt;/td&gt;&lt;/tr&gt;&lt;tr&gt;&lt;td colspan="3"&gt;&lt;a href="FSL_5D"&gt;&lt;img src="FSL_5D" width="800px"&gt;&lt;/a&gt;</msg>
<status status="PASS" starttime="20240621 22:18:02.349" endtime="20240621 22:18:02.509"/>
</kw>
<status status="PASS" starttime="20240621 22:17:57.305" endtime="20240621 22:18:02.509"/>
</iter>
<iter>
<var name="${text}">('DIVISLAB',)</var>
<kw name="Log" library="BuiltIn">
<arg>${text}</arg>
<doc>Logs the given message with the given level.</doc>
<msg timestamp="20240621 22:18:02.509" level="INFO">('DIVISLAB',)</msg>
<status status="PASS" starttime="20240621 22:18:02.509" endtime="20240621 22:18:02.509"/>
</kw>
<kw name="Go To" library="Selenium2Library">
<arg>${HOMEPAGE}/${text}[0]:NSE</arg>
<doc>Navigates the current browser window to the provided ``url``.</doc>
<msg timestamp="20240621 22:18:02.509" level="INFO">Opening url 'https://www.google.com/finance/quote/DIVISLAB:NSE'</msg>
<status status="PASS" starttime="20240621 22:18:02.509" endtime="20240621 22:18:03.722"/>
</kw>
<kw name="Sleep" library="BuiltIn">
<arg>1s</arg>
<doc>Pauses the test executed for the given time.</doc>
<msg timestamp="20240621 22:18:04.724" level="INFO">Slept 1 second</msg>
<status status="PASS" starttime="20240621 22:18:03.722" endtime="20240621 22:18:04.724"/>
</kw>
<kw name="Run Keyword And Ignore Error" library="BuiltIn">
<arg>wait until page contains</arg>
<arg>Prev close</arg>
<doc>Runs the given keyword with the given arguments and ignores possible error.</doc>
<kw name="Wait Until Page Contains" library="Selenium2Library">
<arg>Prev close</arg>
<doc>Waits until ``text`` appears on the current page.</doc>
<status status="PASS" starttime="20240621 22:18:04.725" endtime="20240621 22:18:04.788"/>
</kw>
<status status="PASS" starttime="20240621 22:18:04.724" endtime="20240621 22:18:04.788"/>
</kw>
<kw name="Capture Page Screenshot" library="Selenium2Library">
<arg>${text}[0]_1D</arg>
<doc>Takes a screenshot of the current page and embeds it into a log file.</doc>
<msg timestamp="20240621 22:18:04.941" level="INFO" html="true">&lt;/td&gt;&lt;/tr&gt;&lt;tr&gt;&lt;td colspan="3"&gt;&lt;a href="DIVISLAB_1D"&gt;&lt;img src="DIVISLAB_1D" width="800px"&gt;&lt;/a&gt;</msg>
<status status="PASS" starttime="20240621 22:18:04.788" endtime="20240621 22:18:04.941"/>
</kw>
<kw name="Go To" library="Selenium2Library">
<arg>${HOMEPAGE}/${text}[0]:NSE?window=5D</arg>
<doc>Navigates the current browser window to the provided ``url``.</doc>
<msg timestamp="20240621 22:18:04.941" level="INFO">Opening url 'https://www.google.com/finance/quote/DIVISLAB:NSE?window=5D'</msg>
<status status="PASS" starttime="20240621 22:18:04.941" endtime="20240621 22:18:06.087"/>
</kw>
<kw name="Run Keyword And Ignore Error" library="BuiltIn">
<arg>wait until element is visible</arg>
<arg>css:div&gt;svg&gt;g&gt;g&gt;rect</arg>
<doc>Runs the given keyword with the given arguments and ignores possible error.</doc>
<kw name="Wait Until Element Is Visible" library="Selenium2Library">
<arg>css:div&gt;svg&gt;g&gt;g&gt;rect</arg>
<doc>Waits until the element ``locator`` is visible.</doc>
<status status="PASS" starttime="20240621 22:18:06.087" endtime="20240621 22:18:06.138"/>
</kw>
<status status="PASS" starttime="20240621 22:18:06.087" endtime="20240621 22:18:06.138"/>
</kw>
<kw name="Sleep" library="BuiltIn">
<arg>1s</arg>
<doc>Pauses the test executed for the given time.</doc>
<msg timestamp="20240621 22:18:07.140" level="INFO">Slept 1 second</msg>
<status status="PASS" starttime="20240621 22:18:06.138" endtime="20240621 22:18:07.140"/>
</kw>
<kw name="Capture Page Screenshot" library="Selenium2Library">
<arg>${text}[0]_5D</arg>
<doc>Takes a screenshot of the current page and embeds it into a log file.</doc>
<msg timestamp="20240621 22:18:07.307" level="INFO" html="true">&lt;/td&gt;&lt;/tr&gt;&lt;tr&gt;&lt;td colspan="3"&gt;&lt;a href="DIVISLAB_5D"&gt;&lt;img src="DIVISLAB_5D" width="800px"&gt;&lt;/a&gt;</msg>
<status status="PASS" starttime="20240621 22:18:07.140" endtime="20240621 22:18:07.307"/>
</kw>
<status status="PASS" starttime="20240621 22:18:02.509" endtime="20240621 22:18:07.307"/>
</iter>
<iter>
<var name="${text}">('ASTERDM',)</var>
<kw name="Log" library="BuiltIn">
<arg>${text}</arg>
<doc>Logs the given message with the given level.</doc>
<msg timestamp="20240621 22:18:07.307" level="INFO">('ASTERDM',)</msg>
<status status="PASS" starttime="20240621 22:18:07.307" endtime="20240621 22:18:07.307"/>
</kw>
<kw name="Go To" library="Selenium2Library">
<arg>${HOMEPAGE}/${text}[0]:NSE</arg>
<doc>Navigates the current browser window to the provided ``url``.</doc>
<msg timestamp="20240621 22:18:07.307" level="INFO">Opening url 'https://www.google.com/finance/quote/ASTERDM:NSE'</msg>
<status status="PASS" starttime="20240621 22:18:07.307" endtime="20240621 22:18:08.448"/>
</kw>
<kw name="Sleep" library="BuiltIn">
<arg>1s</arg>
<doc>Pauses the test executed for the given time.</doc>
<msg timestamp="20240621 22:18:09.449" level="INFO">Slept 1 second</msg>
<status status="PASS" starttime="20240621 22:18:08.448" endtime="20240621 22:18:09.449"/>
</kw>
<kw name="Run Keyword And Ignore Error" library="BuiltIn">
<arg>wait until page contains</arg>
<arg>Prev close</arg>
<doc>Runs the given keyword with the given arguments and ignores possible error.</doc>
<kw name="Wait Until Page Contains" library="Selenium2Library">
<arg>Prev close</arg>
<doc>Waits until ``text`` appears on the current page.</doc>
<status status="PASS" starttime="20240621 22:18:09.449" endtime="20240621 22:18:09.498"/>
</kw>
<status status="PASS" starttime="20240621 22:18:09.449" endtime="20240621 22:18:09.498"/>
</kw>
<kw name="Capture Page Screenshot" library="Selenium2Library">
<arg>${text}[0]_1D</arg>
<doc>Takes a screenshot of the current page and embeds it into a log file.</doc>
<msg timestamp="20240621 22:18:09.656" level="INFO" html="true">&lt;/td&gt;&lt;/tr&gt;&lt;tr&gt;&lt;td colspan="3"&gt;&lt;a href="ASTERDM_1D"&gt;&lt;img src="ASTERDM_1D" width="800px"&gt;&lt;/a&gt;</msg>
<status status="PASS" starttime="20240621 22:18:09.498" endtime="20240621 22:18:09.656"/>
</kw>
<kw name="Go To" library="Selenium2Library">
<arg>${HOMEPAGE}/${text}[0]:NSE?window=5D</arg>
<doc>Navigates the current browser window to the provided ``url``.</doc>
<msg timestamp="20240621 22:18:09.656" level="INFO">Opening url 'https://www.google.com/finance/quote/ASTERDM:NSE?window=5D'</msg>
<status status="PASS" starttime="20240621 22:18:09.656" endtime="20240621 22:18:10.689"/>
</kw>
<kw name="Run Keyword And Ignore Error" library="BuiltIn">
<arg>wait until element is visible</arg>
<arg>css:div&gt;svg&gt;g&gt;g&gt;rect</arg>
<doc>Runs the given keyword with the given arguments and ignores possible error.</doc>
<kw name="Wait Until Element Is Visible" library="Selenium2Library">
<arg>css:div&gt;svg&gt;g&gt;g&gt;rect</arg>
<doc>Waits until the element ``locator`` is visible.</doc>
<status status="PASS" starttime="20240621 22:18:10.689" endtime="20240621 22:18:10.743"/>
</kw>
<status status="PASS" starttime="20240621 22:18:10.689" endtime="20240621 22:18:10.743"/>
</kw>
<kw name="Sleep" library="BuiltIn">
<arg>1s</arg>
<doc>Pauses the test executed for the given time.</doc>
<msg timestamp="20240621 22:18:11.744" level="INFO">Slept 1 second</msg>
<status status="PASS" starttime="20240621 22:18:10.743" endtime="20240621 22:18:11.744"/>
</kw>
<kw name="Capture Page Screenshot" library="Selenium2Library">
<arg>${text}[0]_5D</arg>
<doc>Takes a screenshot of the current page and embeds it into a log file.</doc>
<msg timestamp="20240621 22:18:11.906" level="INFO" html="true">&lt;/td&gt;&lt;/tr&gt;&lt;tr&gt;&lt;td colspan="3"&gt;&lt;a href="ASTERDM_5D"&gt;&lt;img src="ASTERDM_5D" width="800px"&gt;&lt;/a&gt;</msg>
<status status="PASS" starttime="20240621 22:18:11.744" endtime="20240621 22:18:11.906"/>
</kw>
<status status="PASS" starttime="20240621 22:18:07.307" endtime="20240621 22:18:11.906"/>
</iter>
<iter>
<var name="${text}">('VGUARD',)</var>
<kw name="Log" library="BuiltIn">
<arg>${text}</arg>
<doc>Logs the given message with the given level.</doc>
<msg timestamp="20240621 22:18:11.906" level="INFO">('VGUARD',)</msg>
<status status="PASS" starttime="20240621 22:18:11.906" endtime="20240621 22:18:11.906"/>
</kw>
<kw name="Go To" library="Selenium2Library">
<arg>${HOMEPAGE}/${text}[0]:NSE</arg>
<doc>Navigates the current browser window to the provided ``url``.</doc>
<msg timestamp="20240621 22:18:11.906" level="INFO">Opening url 'https://www.google.com/finance/quote/VGUARD:NSE'</msg>
<status status="PASS" starttime="20240621 22:18:11.906" endtime="20240621 22:18:13.143"/>
</kw>
<kw name="Sleep" library="BuiltIn">
<arg>1s</arg>
<doc>Pauses the test executed for the given time.</doc>
<msg timestamp="20240621 22:18:14.144" level="INFO">Slept 1 second</msg>
<status status="PASS" starttime="20240621 22:18:13.144" endtime="20240621 22:18:14.144"/>
</kw>
<kw name="Run Keyword And Ignore Error" library="BuiltIn">
<arg>wait until page contains</arg>
<arg>Prev close</arg>
<doc>Runs the given keyword with the given arguments and ignores possible error.</doc>
<kw name="Wait Until Page Contains" library="Selenium2Library">
<arg>Prev close</arg>
<doc>Waits until ``text`` appears on the current page.</doc>
<status status="PASS" starttime="20240621 22:18:14.144" endtime="20240621 22:18:14.204"/>
</kw>
<status status="PASS" starttime="20240621 22:18:14.144" endtime="20240621 22:18:14.204"/>
</kw>
<kw name="Capture Page Screenshot" library="Selenium2Library">
<arg>${text}[0]_1D</arg>
<doc>Takes a screenshot of the current page and embeds it into a log file.</doc>
<msg timestamp="20240621 22:18:14.355" level="INFO" html="true">&lt;/td&gt;&lt;/tr&gt;&lt;tr&gt;&lt;td colspan="3"&gt;&lt;a href="VGUARD_1D"&gt;&lt;img src="VGUARD_1D" width="800px"&gt;&lt;/a&gt;</msg>
<status status="PASS" starttime="20240621 22:18:14.204" endtime="20240621 22:18:14.355"/>
</kw>
<kw name="Go To" library="Selenium2Library">
<arg>${HOMEPAGE}/${text}[0]:NSE?window=5D</arg>
<doc>Navigates the current browser window to the provided ``url``.</doc>
<msg timestamp="20240621 22:18:14.368" level="INFO">Opening url 'https://www.google.com/finance/quote/VGUARD:NSE?window=5D'</msg>
<status status="PASS" starttime="20240621 22:18:14.355" endtime="20240621 22:18:15.396"/>
</kw>
<kw name="Run Keyword And Ignore Error" library="BuiltIn">
<arg>wait until element is visible</arg>
<arg>css:div&gt;svg&gt;g&gt;g&gt;rect</arg>
<doc>Runs the given keyword with the given arguments and ignores possible error.</doc>
<kw name="Wait Until Element Is Visible" library="Selenium2Library">
<arg>css:div&gt;svg&gt;g&gt;g&gt;rect</arg>
<doc>Waits until the element ``locator`` is visible.</doc>
<msg timestamp="20240621 22:18:15.441" level="INFO">Suppressing StaleElementReferenceException from Selenium.</msg>
<status status="PASS" starttime="20240621 22:18:15.396" endtime="20240621 22:18:15.681"/>
</kw>
<status status="PASS" starttime="20240621 22:18:15.396" endtime="20240621 22:18:15.681"/>
</kw>
<kw name="Sleep" library="BuiltIn">
<arg>1s</arg>
<doc>Pauses the test executed for the given time.</doc>
<msg timestamp="20240621 22:18:16.683" level="INFO">Slept 1 second</msg>
<status status="PASS" starttime="20240621 22:18:15.683" endtime="20240621 22:18:16.683"/>
</kw>
<kw name="Capture Page Screenshot" library="Selenium2Library">
<arg>${text}[0]_5D</arg>
<doc>Takes a screenshot of the current page and embeds it into a log file.</doc>
<msg timestamp="20240621 22:18:16.854" level="INFO" html="true">&lt;/td&gt;&lt;/tr&gt;&lt;tr&gt;&lt;td colspan="3"&gt;&lt;a href="VGUARD_5D"&gt;&lt;img src="VGUARD_5D" width="800px"&gt;&lt;/a&gt;</msg>
<status status="PASS" starttime="20240621 22:18:16.683" endtime="20240621 22:18:16.854"/>
</kw>
<status status="PASS" starttime="20240621 22:18:11.906" endtime="20240621 22:18:16.854"/>
</iter>
<iter>
<var name="${text}">('POLYPLEX',)</var>
<kw name="Log" library="BuiltIn">
<arg>${text}</arg>
<doc>Logs the given message with the given level.</doc>
<msg timestamp="20240621 22:18:16.854" level="INFO">('POLYPLEX',)</msg>
<status status="PASS" starttime="20240621 22:18:16.854" endtime="20240621 22:18:16.854"/>
</kw>
<kw name="Go To" library="Selenium2Library">
<arg>${HOMEPAGE}/${text}[0]:NSE</arg>
<doc>Navigates the current browser window to the provided ``url``.</doc>
<msg timestamp="20240621 22:18:16.854" level="INFO">Opening url 'https://www.google.com/finance/quote/POLYPLEX:NSE'</msg>
<status status="PASS" starttime="20240621 22:18:16.854" endtime="20240621 22:18:17.995"/>
</kw>
<kw name="Sleep" library="BuiltIn">
<arg>1s</arg>
<doc>Pauses the test executed for the given time.</doc>
<msg timestamp="20240621 22:18:18.996" level="INFO">Slept 1 second</msg>
<status status="PASS" starttime="20240621 22:18:17.995" endtime="20240621 22:18:18.996"/>
</kw>
<kw name="Run Keyword And Ignore Error" library="BuiltIn">
<arg>wait until page contains</arg>
<arg>Prev close</arg>
<doc>Runs the given keyword with the given arguments and ignores possible error.</doc>
<kw name="Wait Until Page Contains" library="Selenium2Library">
<arg>Prev close</arg>
<doc>Waits until ``text`` appears on the current page.</doc>
<status status="PASS" starttime="20240621 22:18:18.996" endtime="20240621 22:18:19.047"/>
</kw>
<status status="PASS" starttime="20240621 22:18:18.996" endtime="20240621 22:18:19.047"/>
</kw>
<kw name="Capture Page Screenshot" library="Selenium2Library">
<arg>${text}[0]_1D</arg>
<doc>Takes a screenshot of the current page and embeds it into a log file.</doc>
<msg timestamp="20240621 22:18:19.222" level="INFO" html="true">&lt;/td&gt;&lt;/tr&gt;&lt;tr&gt;&lt;td colspan="3"&gt;&lt;a href="POLYPLEX_1D"&gt;&lt;img src="POLYPLEX_1D" width="800px"&gt;&lt;/a&gt;</msg>
<status status="PASS" starttime="20240621 22:18:19.047" endtime="20240621 22:18:19.222"/>
</kw>
<kw name="Go To" library="Selenium2Library">
<arg>${HOMEPAGE}/${text}[0]:NSE?window=5D</arg>
<doc>Navigates the current browser window to the provided ``url``.</doc>
<msg timestamp="20240621 22:18:19.222" level="INFO">Opening url 'https://www.google.com/finance/quote/POLYPLEX:NSE?window=5D'</msg>
<status status="PASS" starttime="20240621 22:18:19.222" endtime="20240621 22:18:20.257"/>
</kw>
<kw name="Run Keyword And Ignore Error" library="BuiltIn">
<arg>wait until element is visible</arg>
<arg>css:div&gt;svg&gt;g&gt;g&gt;rect</arg>
<doc>Runs the given keyword with the given arguments and ignores possible error.</doc>
<kw name="Wait Until Element Is Visible" library="Selenium2Library">
<arg>css:div&gt;svg&gt;g&gt;g&gt;rect</arg>
<doc>Waits until the element ``locator`` is visible.</doc>
<status status="PASS" starttime="20240621 22:18:20.257" endtime="20240621 22:18:20.324"/>
</kw>
<status status="PASS" starttime="20240621 22:18:20.257" endtime="20240621 22:18:20.324"/>
</kw>
<kw name="Sleep" library="BuiltIn">
<arg>1s</arg>
<doc>Pauses the test executed for the given time.</doc>
<msg timestamp="20240621 22:18:21.325" level="INFO">Slept 1 second</msg>
<status status="PASS" starttime="20240621 22:18:20.324" endtime="20240621 22:18:21.325"/>
</kw>
<kw name="Capture Page Screenshot" library="Selenium2Library">
<arg>${text}[0]_5D</arg>
<doc>Takes a screenshot of the current page and embeds it into a log file.</doc>
<msg timestamp="20240621 22:18:21.484" level="INFO" html="true">&lt;/td&gt;&lt;/tr&gt;&lt;tr&gt;&lt;td colspan="3"&gt;&lt;a href="POLYPLEX_5D"&gt;&lt;img src="POLYPLEX_5D" width="800px"&gt;&lt;/a&gt;</msg>
<status status="PASS" starttime="20240621 22:18:21.325" endtime="20240621 22:18:21.484"/>
</kw>
<status status="PASS" starttime="20240621 22:18:16.854" endtime="20240621 22:18:21.484"/>
</iter>
<iter>
<var name="${text}">('GRANULES',)</var>
<kw name="Log" library="BuiltIn">
<arg>${text}</arg>
<doc>Logs the given message with the given level.</doc>
<msg timestamp="20240621 22:18:21.484" level="INFO">('GRANULES',)</msg>
<status status="PASS" starttime="20240621 22:18:21.484" endtime="20240621 22:18:21.484"/>
</kw>
<kw name="Go To" library="Selenium2Library">
<arg>${HOMEPAGE}/${text}[0]:NSE</arg>
<doc>Navigates the current browser window to the provided ``url``.</doc>
<msg timestamp="20240621 22:18:21.484" level="INFO">Opening url 'https://www.google.com/finance/quote/GRANULES:NSE'</msg>
<status status="PASS" starttime="20240621 22:18:21.484" endtime="20240621 22:18:23.104"/>
</kw>
<kw name="Sleep" library="BuiltIn">
<arg>1s</arg>
<doc>Pauses the test executed for the given time.</doc>
<msg timestamp="20240621 22:18:24.105" level="INFO">Slept 1 second</msg>
<status status="PASS" starttime="20240621 22:18:23.105" endtime="20240621 22:18:24.105"/>
</kw>
<kw name="Run Keyword And Ignore Error" library="BuiltIn">
<arg>wait until page contains</arg>
<arg>Prev close</arg>
<doc>Runs the given keyword with the given arguments and ignores possible error.</doc>
<kw name="Wait Until Page Contains" library="Selenium2Library">
<arg>Prev close</arg>
<doc>Waits until ``text`` appears on the current page.</doc>
<status status="PASS" starttime="20240621 22:18:24.105" endtime="20240621 22:18:24.157"/>
</kw>
<status status="PASS" starttime="20240621 22:18:24.105" endtime="20240621 22:18:24.157"/>
</kw>
<kw name="Capture Page Screenshot" library="Selenium2Library">
<arg>${text}[0]_1D</arg>
<doc>Takes a screenshot of the current page and embeds it into a log file.</doc>
<msg timestamp="20240621 22:18:24.333" level="INFO" html="true">&lt;/td&gt;&lt;/tr&gt;&lt;tr&gt;&lt;td colspan="3"&gt;&lt;a href="GRANULES_1D"&gt;&lt;img src="GRANULES_1D" width="800px"&gt;&lt;/a&gt;</msg>
<status status="PASS" starttime="20240621 22:18:24.157" endtime="20240621 22:18:24.333"/>
</kw>
<kw name="Go To" library="Selenium2Library">
<arg>${HOMEPAGE}/${text}[0]:NSE?window=5D</arg>
<doc>Navigates the current browser window to the provided ``url``.</doc>
<msg timestamp="20240621 22:18:24.333" level="INFO">Opening url 'https://www.google.com/finance/quote/GRANULES:NSE?window=5D'</msg>
<status status="PASS" starttime="20240621 22:18:24.333" endtime="20240621 22:18:25.360"/>
</kw>
<kw name="Run Keyword And Ignore Error" library="BuiltIn">
<arg>wait until element is visible</arg>
<arg>css:div&gt;svg&gt;g&gt;g&gt;rect</arg>
<doc>Runs the given keyword with the given arguments and ignores possible error.</doc>
<kw name="Wait Until Element Is Visible" library="Selenium2Library">
<arg>css:div&gt;svg&gt;g&gt;g&gt;rect</arg>
<doc>Waits until the element ``locator`` is visible.</doc>
<status status="PASS" starttime="20240621 22:18:25.360" endtime="20240621 22:18:25.417"/>
</kw>
<status status="PASS" starttime="20240621 22:18:25.360" endtime="20240621 22:18:25.417"/>
</kw>
<kw name="Sleep" library="BuiltIn">
<arg>1s</arg>
<doc>Pauses the test executed for the given time.</doc>
<msg timestamp="20240621 22:18:26.417" level="INFO">Slept 1 second</msg>
<status status="PASS" starttime="20240621 22:18:25.417" endtime="20240621 22:18:26.417"/>
</kw>
<kw name="Capture Page Screenshot" library="Selenium2Library">
<arg>${text}[0]_5D</arg>
<doc>Takes a screenshot of the current page and embeds it into a log file.</doc>
<msg timestamp="20240621 22:18:26.584" level="INFO" html="true">&lt;/td&gt;&lt;/tr&gt;&lt;tr&gt;&lt;td colspan="3"&gt;&lt;a href="GRANULES_5D"&gt;&lt;img src="GRANULES_5D" width="800px"&gt;&lt;/a&gt;</msg>
<status status="PASS" starttime="20240621 22:18:26.417" endtime="20240621 22:18:26.584"/>
</kw>
<status status="PASS" starttime="20240621 22:18:21.484" endtime="20240621 22:18:26.584"/>
</iter>
<iter>
<var name="${text}">('JINDALSTEL',)</var>
<kw name="Log" library="BuiltIn">
<arg>${text}</arg>
<doc>Logs the given message with the given level.</doc>
<msg timestamp="20240621 22:18:26.584" level="INFO">('JINDALSTEL',)</msg>
<status status="PASS" starttime="20240621 22:18:26.584" endtime="20240621 22:18:26.584"/>
</kw>
<kw name="Go To" library="Selenium2Library">
<arg>${HOMEPAGE}/${text}[0]:NSE</arg>
<doc>Navigates the current browser window to the provided ``url``.</doc>
<msg timestamp="20240621 22:18:26.584" level="INFO">Opening url 'https://www.google.com/finance/quote/JINDALSTEL:NSE'</msg>
<status status="PASS" starttime="20240621 22:18:26.584" endtime="20240621 22:18:27.690"/>
</kw>
<kw name="Sleep" library="BuiltIn">
<arg>1s</arg>
<doc>Pauses the test executed for the given time.</doc>
<msg timestamp="20240621 22:18:28.690" level="INFO">Slept 1 second</msg>
<status status="PASS" starttime="20240621 22:18:27.690" endtime="20240621 22:18:28.690"/>
</kw>
<kw name="Run Keyword And Ignore Error" library="BuiltIn">
<arg>wait until page contains</arg>
<arg>Prev close</arg>
<doc>Runs the given keyword with the given arguments and ignores possible error.</doc>
<kw name="Wait Until Page Contains" library="Selenium2Library">
<arg>Prev close</arg>
<doc>Waits until ``text`` appears on the current page.</doc>
<status status="PASS" starttime="20240621 22:18:28.690" endtime="20240621 22:18:28.739"/>
</kw>
<status status="PASS" starttime="20240621 22:18:28.690" endtime="20240621 22:18:28.739"/>
</kw>
<kw name="Capture Page Screenshot" library="Selenium2Library">
<arg>${text}[0]_1D</arg>
<doc>Takes a screenshot of the current page and embeds it into a log file.</doc>
<msg timestamp="20240621 22:18:28.884" level="INFO" html="true">&lt;/td&gt;&lt;/tr&gt;&lt;tr&gt;&lt;td colspan="3"&gt;&lt;a href="JINDALSTEL_1D"&gt;&lt;img src="JINDALSTEL_1D" width="800px"&gt;&lt;/a&gt;</msg>
<status status="PASS" starttime="20240621 22:18:28.739" endtime="20240621 22:18:28.884"/>
</kw>
<kw name="Go To" library="Selenium2Library">
<arg>${HOMEPAGE}/${text}[0]:NSE?window=5D</arg>
<doc>Navigates the current browser window to the provided ``url``.</doc>
<msg timestamp="20240621 22:18:28.884" level="INFO">Opening url 'https://www.google.com/finance/quote/JINDALSTEL:NSE?window=5D'</msg>
<status status="PASS" starttime="20240621 22:18:28.884" endtime="20240621 22:18:29.902"/>
</kw>
<kw name="Run Keyword And Ignore Error" library="BuiltIn">
<arg>wait until element is visible</arg>
<arg>css:div&gt;svg&gt;g&gt;g&gt;rect</arg>
<doc>Runs the given keyword with the given arguments and ignores possible error.</doc>
<kw name="Wait Until Element Is Visible" library="Selenium2Library">
<arg>css:div&gt;svg&gt;g&gt;g&gt;rect</arg>
<doc>Waits until the element ``locator`` is visible.</doc>
<msg timestamp="20240621 22:18:29.940" level="INFO">Suppressing StaleElementReferenceException from Selenium.</msg>
<status status="PASS" starttime="20240621 22:18:29.902" endtime="20240621 22:18:30.179"/>
</kw>
<status status="PASS" starttime="20240621 22:18:29.902" endtime="20240621 22:18:30.179"/>
</kw>
<kw name="Sleep" library="BuiltIn">
<arg>1s</arg>
<doc>Pauses the test executed for the given time.</doc>
<msg timestamp="20240621 22:18:31.180" level="INFO">Slept 1 second</msg>
<status status="PASS" starttime="20240621 22:18:30.180" endtime="20240621 22:18:31.180"/>
</kw>
<kw name="Capture Page Screenshot" library="Selenium2Library">
<arg>${text}[0]_5D</arg>
<doc>Takes a screenshot of the current page and embeds it into a log file.</doc>
<msg timestamp="20240621 22:18:31.351" level="INFO" html="true">&lt;/td&gt;&lt;/tr&gt;&lt;tr&gt;&lt;td colspan="3"&gt;&lt;a href="JINDALSTEL_5D"&gt;&lt;img src="JINDALSTEL_5D" width="800px"&gt;&lt;/a&gt;</msg>
<status status="PASS" starttime="20240621 22:18:31.180" endtime="20240621 22:18:31.351"/>
</kw>
<status status="PASS" starttime="20240621 22:18:26.584" endtime="20240621 22:18:31.351"/>
</iter>
<iter>
<var name="${text}">('CHALET',)</var>
<kw name="Log" library="BuiltIn">
<arg>${text}</arg>
<doc>Logs the given message with the given level.</doc>
<msg timestamp="20240621 22:18:31.351" level="INFO">('CHALET',)</msg>
<status status="PASS" starttime="20240621 22:18:31.351" endtime="20240621 22:18:31.351"/>
</kw>
<kw name="Go To" library="Selenium2Library">
<arg>${HOMEPAGE}/${text}[0]:NSE</arg>
<doc>Navigates the current browser window to the provided ``url``.</doc>
<msg timestamp="20240621 22:18:31.351" level="INFO">Opening url 'https://www.google.com/finance/quote/CHALET:NSE'</msg>
<status status="PASS" starttime="20240621 22:18:31.351" endtime="20240621 22:18:32.545"/>
</kw>
<kw name="Sleep" library="BuiltIn">
<arg>1s</arg>
<doc>Pauses the test executed for the given time.</doc>
<msg timestamp="20240621 22:18:33.545" level="INFO">Slept 1 second</msg>
<status status="PASS" starttime="20240621 22:18:32.545" endtime="20240621 22:18:33.545"/>
</kw>
<kw name="Run Keyword And Ignore Error" library="BuiltIn">
<arg>wait until page contains</arg>
<arg>Prev close</arg>
<doc>Runs the given keyword with the given arguments and ignores possible error.</doc>
<kw name="Wait Until Page Contains" library="Selenium2Library">
<arg>Prev close</arg>
<doc>Waits until ``text`` appears on the current page.</doc>
<status status="PASS" starttime="20240621 22:18:33.545" endtime="20240621 22:18:33.597"/>
</kw>
<status status="PASS" starttime="20240621 22:18:33.545" endtime="20240621 22:18:33.597"/>
</kw>
<kw name="Capture Page Screenshot" library="Selenium2Library">
<arg>${text}[0]_1D</arg>
<doc>Takes a screenshot of the current page and embeds it into a log file.</doc>
<msg timestamp="20240621 22:18:33.767" level="INFO" html="true">&lt;/td&gt;&lt;/tr&gt;&lt;tr&gt;&lt;td colspan="3"&gt;&lt;a href="CHALET_1D"&gt;&lt;img src="CHALET_1D" width="800px"&gt;&lt;/a&gt;</msg>
<status status="PASS" starttime="20240621 22:18:33.597" endtime="20240621 22:18:33.767"/>
</kw>
<kw name="Go To" library="Selenium2Library">
<arg>${HOMEPAGE}/${text}[0]:NSE?window=5D</arg>
<doc>Navigates the current browser window to the provided ``url``.</doc>
<msg timestamp="20240621 22:18:33.767" level="INFO">Opening url 'https://www.google.com/finance/quote/CHALET:NSE?window=5D'</msg>
<status status="PASS" starttime="20240621 22:18:33.767" endtime="20240621 22:18:34.786"/>
</kw>
<kw name="Run Keyword And Ignore Error" library="BuiltIn">
<arg>wait until element is visible</arg>
<arg>css:div&gt;svg&gt;g&gt;g&gt;rect</arg>
<doc>Runs the given keyword with the given arguments and ignores possible error.</doc>
<kw name="Wait Until Element Is Visible" library="Selenium2Library">
<arg>css:div&gt;svg&gt;g&gt;g&gt;rect</arg>
<doc>Waits until the element ``locator`` is visible.</doc>
<status status="PASS" starttime="20240621 22:18:34.786" endtime="20240621 22:18:34.830"/>
</kw>
<status status="PASS" starttime="20240621 22:18:34.786" endtime="20240621 22:18:34.830"/>
</kw>
<kw name="Sleep" library="BuiltIn">
<arg>1s</arg>
<doc>Pauses the test executed for the given time.</doc>
<msg timestamp="20240621 22:18:35.830" level="INFO">Slept 1 second</msg>
<status status="PASS" starttime="20240621 22:18:34.830" endtime="20240621 22:18:35.830"/>
</kw>
<kw name="Capture Page Screenshot" library="Selenium2Library">
<arg>${text}[0]_5D</arg>
<doc>Takes a screenshot of the current page and embeds it into a log file.</doc>
<msg timestamp="20240621 22:18:36.003" level="INFO" html="true">&lt;/td&gt;&lt;/tr&gt;&lt;tr&gt;&lt;td colspan="3"&gt;&lt;a href="CHALET_5D"&gt;&lt;img src="CHALET_5D" width="800px"&gt;&lt;/a&gt;</msg>
<status status="PASS" starttime="20240621 22:18:35.830" endtime="20240621 22:18:36.003"/>
</kw>
<status status="PASS" starttime="20240621 22:18:31.351" endtime="20240621 22:18:36.003"/>
</iter>
<iter>
<var name="${text}">('CRISIL',)</var>
<kw name="Log" library="BuiltIn">
<arg>${text}</arg>
<doc>Logs the given message with the given level.</doc>
<msg timestamp="20240621 22:18:36.003" level="INFO">('CRISIL',)</msg>
<status status="PASS" starttime="20240621 22:18:36.003" endtime="20240621 22:18:36.003"/>
</kw>
<kw name="Go To" library="Selenium2Library">
<arg>${HOMEPAGE}/${text}[0]:NSE</arg>
<doc>Navigates the current browser window to the provided ``url``.</doc>
<msg timestamp="20240621 22:18:36.003" level="INFO">Opening url 'https://www.google.com/finance/quote/CRISIL:NSE'</msg>
<status status="PASS" starttime="20240621 22:18:36.003" endtime="20240621 22:18:37.078"/>
</kw>
<kw name="Sleep" library="BuiltIn">
<arg>1s</arg>
<doc>Pauses the test executed for the given time.</doc>
<msg timestamp="20240621 22:18:38.079" level="INFO">Slept 1 second</msg>
<status status="PASS" starttime="20240621 22:18:37.078" endtime="20240621 22:18:38.079"/>
</kw>
<kw name="Run Keyword And Ignore Error" library="BuiltIn">
<arg>wait until page contains</arg>
<arg>Prev close</arg>
<doc>Runs the given keyword with the given arguments and ignores possible error.</doc>
<kw name="Wait Until Page Contains" library="Selenium2Library">
<arg>Prev close</arg>
<doc>Waits until ``text`` appears on the current page.</doc>
<status status="PASS" starttime="20240621 22:18:38.079" endtime="20240621 22:18:38.125"/>
</kw>
<status status="PASS" starttime="20240621 22:18:38.079" endtime="20240621 22:18:38.125"/>
</kw>
<kw name="Capture Page Screenshot" library="Selenium2Library">
<arg>${text}[0]_1D</arg>
<doc>Takes a screenshot of the current page and embeds it into a log file.</doc>
<msg timestamp="20240621 22:18:38.280" level="INFO" html="true">&lt;/td&gt;&lt;/tr&gt;&lt;tr&gt;&lt;td colspan="3"&gt;&lt;a href="CRISIL_1D"&gt;&lt;img src="CRISIL_1D" width="800px"&gt;&lt;/a&gt;</msg>
<status status="PASS" starttime="20240621 22:18:38.125" endtime="20240621 22:18:38.280"/>
</kw>
<kw name="Go To" library="Selenium2Library">
<arg>${HOMEPAGE}/${text}[0]:NSE?window=5D</arg>
<doc>Navigates the current browser window to the provided ``url``.</doc>
<msg timestamp="20240621 22:18:38.280" level="INFO">Opening url 'https://www.google.com/finance/quote/CRISIL:NSE?window=5D'</msg>
<status status="PASS" starttime="20240621 22:18:38.280" endtime="20240621 22:18:39.329"/>
</kw>
<kw name="Run Keyword And Ignore Error" library="BuiltIn">
<arg>wait until element is visible</arg>
<arg>css:div&gt;svg&gt;g&gt;g&gt;rect</arg>
<doc>Runs the given keyword with the given arguments and ignores possible error.</doc>
<kw name="Wait Until Element Is Visible" library="Selenium2Library">
<arg>css:div&gt;svg&gt;g&gt;g&gt;rect</arg>
<doc>Waits until the element ``locator`` is visible.</doc>
<status status="PASS" starttime="20240621 22:18:39.330" endtime="20240621 22:18:39.368"/>
</kw>
<status status="PASS" starttime="20240621 22:18:39.329" endtime="20240621 22:18:39.368"/>
</kw>
<kw name="Sleep" library="BuiltIn">
<arg>1s</arg>
<doc>Pauses the test executed for the given time.</doc>
<msg timestamp="20240621 22:18:40.369" level="INFO">Slept 1 second</msg>
<status status="PASS" starttime="20240621 22:18:39.368" endtime="20240621 22:18:40.369"/>
</kw>
<kw name="Capture Page Screenshot" library="Selenium2Library">
<arg>${text}[0]_5D</arg>
<doc>Takes a screenshot of the current page and embeds it into a log file.</doc>
<msg timestamp="20240621 22:18:40.529" level="INFO" html="true">&lt;/td&gt;&lt;/tr&gt;&lt;tr&gt;&lt;td colspan="3"&gt;&lt;a href="CRISIL_5D"&gt;&lt;img src="CRISIL_5D" width="800px"&gt;&lt;/a&gt;</msg>
<status status="PASS" starttime="20240621 22:18:40.369" endtime="20240621 22:18:40.529"/>
</kw>
<status status="PASS" starttime="20240621 22:18:36.003" endtime="20240621 22:18:40.545"/>
</iter>
<iter>
<var name="${text}">('JINDALSAW',)</var>
<kw name="Log" library="BuiltIn">
<arg>${text}</arg>
<doc>Logs the given message with the given level.</doc>
<msg timestamp="20240621 22:18:40.545" level="INFO">('JINDALSAW',)</msg>
<status status="PASS" starttime="20240621 22:18:40.545" endtime="20240621 22:18:40.545"/>
</kw>
<kw name="Go To" library="Selenium2Library">
<arg>${HOMEPAGE}/${text}[0]:NSE</arg>
<doc>Navigates the current browser window to the provided ``url``.</doc>
<msg timestamp="20240621 22:18:40.545" level="INFO">Opening url 'https://www.google.com/finance/quote/JINDALSAW:NSE'</msg>
<status status="PASS" starttime="20240621 22:18:40.545" endtime="20240621 22:18:41.805"/>
</kw>
<kw name="Sleep" library="BuiltIn">
<arg>1s</arg>
<doc>Pauses the test executed for the given time.</doc>
<msg timestamp="20240621 22:18:42.806" level="INFO">Slept 1 second</msg>
<status status="PASS" starttime="20240621 22:18:41.805" endtime="20240621 22:18:42.806"/>
</kw>
<kw name="Run Keyword And Ignore Error" library="BuiltIn">
<arg>wait until page contains</arg>
<arg>Prev close</arg>
<doc>Runs the given keyword with the given arguments and ignores possible error.</doc>
<kw name="Wait Until Page Contains" library="Selenium2Library">
<arg>Prev close</arg>
<doc>Waits until ``text`` appears on the current page.</doc>
<status status="PASS" starttime="20240621 22:18:42.806" endtime="20240621 22:18:42.859"/>
</kw>
<status status="PASS" starttime="20240621 22:18:42.806" endtime="20240621 22:18:42.859"/>
</kw>
<kw name="Capture Page Screenshot" library="Selenium2Library">
<arg>${text}[0]_1D</arg>
<doc>Takes a screenshot of the current page and embeds it into a log file.</doc>
<msg timestamp="20240621 22:18:42.996" level="INFO" html="true">&lt;/td&gt;&lt;/tr&gt;&lt;tr&gt;&lt;td colspan="3"&gt;&lt;a href="JINDALSAW_1D"&gt;&lt;img src="JINDALSAW_1D" width="800px"&gt;&lt;/a&gt;</msg>
<status status="PASS" starttime="20240621 22:18:42.859" endtime="20240621 22:18:42.996"/>
</kw>
<kw name="Go To" library="Selenium2Library">
<arg>${HOMEPAGE}/${text}[0]:NSE?window=5D</arg>
<doc>Navigates the current browser window to the provided ``url``.</doc>
<msg timestamp="20240621 22:18:43.007" level="INFO">Opening url 'https://www.google.com/finance/quote/JINDALSAW:NSE?window=5D'</msg>
<status status="PASS" starttime="20240621 22:18:42.996" endtime="20240621 22:18:44.081"/>
</kw>
<kw name="Run Keyword And Ignore Error" library="BuiltIn">
<arg>wait until element is visible</arg>
<arg>css:div&gt;svg&gt;g&gt;g&gt;rect</arg>
<doc>Runs the given keyword with the given arguments and ignores possible error.</doc>
<kw name="Wait Until Element Is Visible" library="Selenium2Library">
<arg>css:div&gt;svg&gt;g&gt;g&gt;rect</arg>
<doc>Waits until the element ``locator`` is visible.</doc>
<status status="PASS" starttime="20240621 22:18:44.081" endtime="20240621 22:18:44.137"/>
</kw>
<status status="PASS" starttime="20240621 22:18:44.081" endtime="20240621 22:18:44.137"/>
</kw>
<kw name="Sleep" library="BuiltIn">
<arg>1s</arg>
<doc>Pauses the test executed for the given time.</doc>
<msg timestamp="20240621 22:18:45.138" level="INFO">Slept 1 second</msg>
<status status="PASS" starttime="20240621 22:18:44.137" endtime="20240621 22:18:45.138"/>
</kw>
<kw name="Capture Page Screenshot" library="Selenium2Library">
<arg>${text}[0]_5D</arg>
<doc>Takes a screenshot of the current page and embeds it into a log file.</doc>
<msg timestamp="20240621 22:18:45.294" level="INFO" html="true">&lt;/td&gt;&lt;/tr&gt;&lt;tr&gt;&lt;td colspan="3"&gt;&lt;a href="JINDALSAW_5D"&gt;&lt;img src="JINDALSAW_5D" width="800px"&gt;&lt;/a&gt;</msg>
<status status="PASS" starttime="20240621 22:18:45.138" endtime="20240621 22:18:45.294"/>
</kw>
<status status="PASS" starttime="20240621 22:18:40.545" endtime="20240621 22:18:45.294"/>
</iter>
<iter>
<var name="${text}">('KALYANKJIL',)</var>
<kw name="Log" library="BuiltIn">
<arg>${text}</arg>
<doc>Logs the given message with the given level.</doc>
<msg timestamp="20240621 22:18:45.294" level="INFO">('KALYANKJIL',)</msg>
<status status="PASS" starttime="20240621 22:18:45.294" endtime="20240621 22:18:45.294"/>
</kw>
<kw name="Go To" library="Selenium2Library">
<arg>${HOMEPAGE}/${text}[0]:NSE</arg>
<doc>Navigates the current browser window to the provided ``url``.</doc>
<msg timestamp="20240621 22:18:45.294" level="INFO">Opening url 'https://www.google.com/finance/quote/KALYANKJIL:NSE'</msg>
<status status="PASS" starttime="20240621 22:18:45.294" endtime="20240621 22:18:46.471"/>
</kw>
<kw name="Sleep" library="BuiltIn">
<arg>1s</arg>
<doc>Pauses the test executed for the given time.</doc>
<msg timestamp="20240621 22:18:47.471" level="INFO">Slept 1 second</msg>
<status status="PASS" starttime="20240621 22:18:46.471" endtime="20240621 22:18:47.471"/>
</kw>
<kw name="Run Keyword And Ignore Error" library="BuiltIn">
<arg>wait until page contains</arg>
<arg>Prev close</arg>
<doc>Runs the given keyword with the given arguments and ignores possible error.</doc>
<kw name="Wait Until Page Contains" library="Selenium2Library">
<arg>Prev close</arg>
<doc>Waits until ``text`` appears on the current page.</doc>
<status status="PASS" starttime="20240621 22:18:47.471" endtime="20240621 22:18:47.534"/>
</kw>
<status status="PASS" starttime="20240621 22:18:47.471" endtime="20240621 22:18:47.534"/>
</kw>
<kw name="Capture Page Screenshot" library="Selenium2Library">
<arg>${text}[0]_1D</arg>
<doc>Takes a screenshot of the current page and embeds it into a log file.</doc>
<msg timestamp="20240621 22:18:47.685" level="INFO" html="true">&lt;/td&gt;&lt;/tr&gt;&lt;tr&gt;&lt;td colspan="3"&gt;&lt;a href="KALYANKJIL_1D"&gt;&lt;img src="KALYANKJIL_1D" width="800px"&gt;&lt;/a&gt;</msg>
<status status="PASS" starttime="20240621 22:18:47.534" endtime="20240621 22:18:47.685"/>
</kw>
<kw name="Go To" library="Selenium2Library">
<arg>${HOMEPAGE}/${text}[0]:NSE?window=5D</arg>
<doc>Navigates the current browser window to the provided ``url``.</doc>
<msg timestamp="20240621 22:18:47.685" level="INFO">Opening url 'https://www.google.com/finance/quote/KALYANKJIL:NSE?window=5D'</msg>
<status status="PASS" starttime="20240621 22:18:47.685" endtime="20240621 22:18:48.769"/>
</kw>
<kw name="Run Keyword And Ignore Error" library="BuiltIn">
<arg>wait until element is visible</arg>
<arg>css:div&gt;svg&gt;g&gt;g&gt;rect</arg>
<doc>Runs the given keyword with the given arguments and ignores possible error.</doc>
<kw name="Wait Until Element Is Visible" library="Selenium2Library">
<arg>css:div&gt;svg&gt;g&gt;g&gt;rect</arg>
<doc>Waits until the element ``locator`` is visible.</doc>
<status status="PASS" starttime="20240621 22:18:48.769" endtime="20240621 22:18:48.814"/>
</kw>
<status status="PASS" starttime="20240621 22:18:48.769" endtime="20240621 22:18:48.814"/>
</kw>
<kw name="Sleep" library="BuiltIn">
<arg>1s</arg>
<doc>Pauses the test executed for the given time.</doc>
<msg timestamp="20240621 22:18:49.814" level="INFO">Slept 1 second</msg>
<status status="PASS" starttime="20240621 22:18:48.814" endtime="20240621 22:18:49.814"/>
</kw>
<kw name="Capture Page Screenshot" library="Selenium2Library">
<arg>${text}[0]_5D</arg>
<doc>Takes a screenshot of the current page and embeds it into a log file.</doc>
<msg timestamp="20240621 22:18:49.965" level="INFO" html="true">&lt;/td&gt;&lt;/tr&gt;&lt;tr&gt;&lt;td colspan="3"&gt;&lt;a href="KALYANKJIL_5D"&gt;&lt;img src="KALYANKJIL_5D" width="800px"&gt;&lt;/a&gt;</msg>
<status status="PASS" starttime="20240621 22:18:49.814" endtime="20240621 22:18:49.965"/>
</kw>
<status status="PASS" starttime="20240621 22:18:45.294" endtime="20240621 22:18:49.965"/>
</iter>
<iter>
<var name="${text}">('NAUKRI',)</var>
<kw name="Log" library="BuiltIn">
<arg>${text}</arg>
<doc>Logs the given message with the given level.</doc>
<msg timestamp="20240621 22:18:49.965" level="INFO">('NAUKRI',)</msg>
<status status="PASS" starttime="20240621 22:18:49.965" endtime="20240621 22:18:49.965"/>
</kw>
<kw name="Go To" library="Selenium2Library">
<arg>${HOMEPAGE}/${text}[0]:NSE</arg>
<doc>Navigates the current browser window to the provided ``url``.</doc>
<msg timestamp="20240621 22:18:49.965" level="INFO">Opening url 'https://www.google.com/finance/quote/NAUKRI:NSE'</msg>
<status status="PASS" starttime="20240621 22:18:49.965" endtime="20240621 22:18:51.124"/>
</kw>
<kw name="Sleep" library="BuiltIn">
<arg>1s</arg>
<doc>Pauses the test executed for the given time.</doc>
<msg timestamp="20240621 22:18:52.127" level="INFO">Slept 1 second</msg>
<status status="PASS" starttime="20240621 22:18:51.124" endtime="20240621 22:18:52.127"/>
</kw>
<kw name="Run Keyword And Ignore Error" library="BuiltIn">
<arg>wait until page contains</arg>
<arg>Prev close</arg>
<doc>Runs the given keyword with the given arguments and ignores possible error.</doc>
<kw name="Wait Until Page Contains" library="Selenium2Library">
<arg>Prev close</arg>
<doc>Waits until ``text`` appears on the current page.</doc>
<status status="PASS" starttime="20240621 22:18:52.127" endtime="20240621 22:18:52.177"/>
</kw>
<status status="PASS" starttime="20240621 22:18:52.127" endtime="20240621 22:18:52.177"/>
</kw>
<kw name="Capture Page Screenshot" library="Selenium2Library">
<arg>${text}[0]_1D</arg>
<doc>Takes a screenshot of the current page and embeds it into a log file.</doc>
<msg timestamp="20240621 22:18:52.326" level="INFO" html="true">&lt;/td&gt;&lt;/tr&gt;&lt;tr&gt;&lt;td colspan="3"&gt;&lt;a href="NAUKRI_1D"&gt;&lt;img src="NAUKRI_1D" width="800px"&gt;&lt;/a&gt;</msg>
<status status="PASS" starttime="20240621 22:18:52.178" endtime="20240621 22:18:52.326"/>
</kw>
<kw name="Go To" library="Selenium2Library">
<arg>${HOMEPAGE}/${text}[0]:NSE?window=5D</arg>
<doc>Navigates the current browser window to the provided ``url``.</doc>
<msg timestamp="20240621 22:18:52.326" level="INFO">Opening url 'https://www.google.com/finance/quote/NAUKRI:NSE?window=5D'</msg>
<status status="PASS" starttime="20240621 22:18:52.326" endtime="20240621 22:18:53.391"/>
</kw>
<kw name="Run Keyword And Ignore Error" library="BuiltIn">
<arg>wait until element is visible</arg>
<arg>css:div&gt;svg&gt;g&gt;g&gt;rect</arg>
<doc>Runs the given keyword with the given arguments and ignores possible error.</doc>
<kw name="Wait Until Element Is Visible" library="Selenium2Library">
<arg>css:div&gt;svg&gt;g&gt;g&gt;rect</arg>
<doc>Waits until the element ``locator`` is visible.</doc>
<status status="PASS" starttime="20240621 22:18:53.391" endtime="20240621 22:18:53.413"/>
</kw>
<status status="PASS" starttime="20240621 22:18:53.391" endtime="20240621 22:18:53.413"/>
</kw>
<kw name="Sleep" library="BuiltIn">
<arg>1s</arg>
<doc>Pauses the test executed for the given time.</doc>
<msg timestamp="20240621 22:18:54.414" level="INFO">Slept 1 second</msg>
<status status="PASS" starttime="20240621 22:18:53.413" endtime="20240621 22:18:54.414"/>
</kw>
<kw name="Capture Page Screenshot" library="Selenium2Library">
<arg>${text}[0]_5D</arg>
<doc>Takes a screenshot of the current page and embeds it into a log file.</doc>
<msg timestamp="20240621 22:18:54.607" level="INFO" html="true">&lt;/td&gt;&lt;/tr&gt;&lt;tr&gt;&lt;td colspan="3"&gt;&lt;a href="NAUKRI_5D"&gt;&lt;img src="NAUKRI_5D" width="800px"&gt;&lt;/a&gt;</msg>
<status status="PASS" starttime="20240621 22:18:54.414" endtime="20240621 22:18:54.607"/>
</kw>
<status status="PASS" starttime="20240621 22:18:49.965" endtime="20240621 22:18:54.607"/>
</iter>
<iter>
<var name="${text}">('HINDZINC',)</var>
<kw name="Log" library="BuiltIn">
<arg>${text}</arg>
<doc>Logs the given message with the given level.</doc>
<msg timestamp="20240621 22:18:54.607" level="INFO">('HINDZINC',)</msg>
<status status="PASS" starttime="20240621 22:18:54.607" endtime="20240621 22:18:54.607"/>
</kw>
<kw name="Go To" library="Selenium2Library">
<arg>${HOMEPAGE}/${text}[0]:NSE</arg>
<doc>Navigates the current browser window to the provided ``url``.</doc>
<msg timestamp="20240621 22:18:54.609" level="INFO">Opening url 'https://www.google.com/finance/quote/HINDZINC:NSE'</msg>
<status status="PASS" starttime="20240621 22:18:54.607" endtime="20240621 22:18:55.698"/>
</kw>
<kw name="Sleep" library="BuiltIn">
<arg>1s</arg>
<doc>Pauses the test executed for the given time.</doc>
<msg timestamp="20240621 22:18:56.705" level="INFO">Slept 1 second</msg>
<status status="PASS" starttime="20240621 22:18:55.704" endtime="20240621 22:18:56.705"/>
</kw>
<kw name="Run Keyword And Ignore Error" library="BuiltIn">
<arg>wait until page contains</arg>
<arg>Prev close</arg>
<doc>Runs the given keyword with the given arguments and ignores possible error.</doc>
<kw name="Wait Until Page Contains" library="Selenium2Library">
<arg>Prev close</arg>
<doc>Waits until ``text`` appears on the current page.</doc>
<status status="PASS" starttime="20240621 22:18:56.705" endtime="20240621 22:18:56.757"/>
</kw>
<status status="PASS" starttime="20240621 22:18:56.705" endtime="20240621 22:18:56.757"/>
</kw>
<kw name="Capture Page Screenshot" library="Selenium2Library">
<arg>${text}[0]_1D</arg>
<doc>Takes a screenshot of the current page and embeds it into a log file.</doc>
<msg timestamp="20240621 22:18:56.939" level="INFO" html="true">&lt;/td&gt;&lt;/tr&gt;&lt;tr&gt;&lt;td colspan="3"&gt;&lt;a href="HINDZINC_1D"&gt;&lt;img src="HINDZINC_1D" width="800px"&gt;&lt;/a&gt;</msg>
<status status="PASS" starttime="20240621 22:18:56.757" endtime="20240621 22:18:56.939"/>
</kw>
<kw name="Go To" library="Selenium2Library">
<arg>${HOMEPAGE}/${text}[0]:NSE?window=5D</arg>
<doc>Navigates the current browser window to the provided ``url``.</doc>
<msg timestamp="20240621 22:18:56.946" level="INFO">Opening url 'https://www.google.com/finance/quote/HINDZINC:NSE?window=5D'</msg>
<status status="PASS" starttime="20240621 22:18:56.939" endtime="20240621 22:18:58.007"/>
</kw>
<kw name="Run Keyword And Ignore Error" library="BuiltIn">
<arg>wait until element is visible</arg>
<arg>css:div&gt;svg&gt;g&gt;g&gt;rect</arg>
<doc>Runs the given keyword with the given arguments and ignores possible error.</doc>
<kw name="Wait Until Element Is Visible" library="Selenium2Library">
<arg>css:div&gt;svg&gt;g&gt;g&gt;rect</arg>
<doc>Waits until the element ``locator`` is visible.</doc>
<status status="PASS" starttime="20240621 22:18:58.012" endtime="20240621 22:18:58.041"/>
</kw>
<status status="PASS" starttime="20240621 22:18:58.012" endtime="20240621 22:18:58.041"/>
</kw>
<kw name="Sleep" library="BuiltIn">
<arg>1s</arg>
<doc>Pauses the test executed for the given time.</doc>
<msg timestamp="20240621 22:18:59.041" level="INFO">Slept 1 second</msg>
<status status="PASS" starttime="20240621 22:18:58.041" endtime="20240621 22:18:59.041"/>
</kw>
<kw name="Capture Page Screenshot" library="Selenium2Library">
<arg>${text}[0]_5D</arg>
<doc>Takes a screenshot of the current page and embeds it into a log file.</doc>
<msg timestamp="20240621 22:18:59.224" level="INFO" html="true">&lt;/td&gt;&lt;/tr&gt;&lt;tr&gt;&lt;td colspan="3"&gt;&lt;a href="HINDZINC_5D"&gt;&lt;img src="HINDZINC_5D" width="800px"&gt;&lt;/a&gt;</msg>
<status status="PASS" starttime="20240621 22:18:59.041" endtime="20240621 22:18:59.224"/>
</kw>
<status status="PASS" starttime="20240621 22:18:54.607" endtime="20240621 22:18:59.224"/>
</iter>
<iter>
<var name="${text}">('TTKPRESTIG',)</var>
<kw name="Log" library="BuiltIn">
<arg>${text}</arg>
<doc>Logs the given message with the given level.</doc>
<msg timestamp="20240621 22:18:59.226" level="INFO">('TTKPRESTIG',)</msg>
<status status="PASS" starttime="20240621 22:18:59.225" endtime="20240621 22:18:59.226"/>
</kw>
<kw name="Go To" library="Selenium2Library">
<arg>${HOMEPAGE}/${text}[0]:NSE</arg>
<doc>Navigates the current browser window to the provided ``url``.</doc>
<msg timestamp="20240621 22:18:59.226" level="INFO">Opening url 'https://www.google.com/finance/quote/TTKPRESTIG:NSE'</msg>
<status status="PASS" starttime="20240621 22:18:59.226" endtime="20240621 22:19:00.345"/>
</kw>
<kw name="Sleep" library="BuiltIn">
<arg>1s</arg>
<doc>Pauses the test executed for the given time.</doc>
<msg timestamp="20240621 22:19:01.352" level="INFO">Slept 1 second</msg>
<status status="PASS" starttime="20240621 22:19:00.345" endtime="20240621 22:19:01.352"/>
</kw>
<kw name="Run Keyword And Ignore Error" library="BuiltIn">
<arg>wait until page contains</arg>
<arg>Prev close</arg>
<doc>Runs the given keyword with the given arguments and ignores possible error.</doc>
<kw name="Wait Until Page Contains" library="Selenium2Library">
<arg>Prev close</arg>
<doc>Waits until ``text`` appears on the current page.</doc>
<status status="PASS" starttime="20240621 22:19:01.352" endtime="20240621 22:19:01.394"/>
</kw>
<status status="PASS" starttime="20240621 22:19:01.352" endtime="20240621 22:19:01.394"/>
</kw>
<kw name="Capture Page Screenshot" library="Selenium2Library">
<arg>${text}[0]_1D</arg>
<doc>Takes a screenshot of the current page and embeds it into a log file.</doc>
<msg timestamp="20240621 22:19:01.568" level="INFO" html="true">&lt;/td&gt;&lt;/tr&gt;&lt;tr&gt;&lt;td colspan="3"&gt;&lt;a href="TTKPRESTIG_1D"&gt;&lt;img src="TTKPRESTIG_1D" width="800px"&gt;&lt;/a&gt;</msg>
<status status="PASS" starttime="20240621 22:19:01.394" endtime="20240621 22:19:01.568"/>
</kw>
<kw name="Go To" library="Selenium2Library">
<arg>${HOMEPAGE}/${text}[0]:NSE?window=5D</arg>
<doc>Navigates the current browser window to the provided ``url``.</doc>
<msg timestamp="20240621 22:19:01.568" level="INFO">Opening url 'https://www.google.com/finance/quote/TTKPRESTIG:NSE?window=5D'</msg>
<status status="PASS" starttime="20240621 22:19:01.568" endtime="20240621 22:19:02.611"/>
</kw>
<kw name="Run Keyword And Ignore Error" library="BuiltIn">
<arg>wait until element is visible</arg>
<arg>css:div&gt;svg&gt;g&gt;g&gt;rect</arg>
<doc>Runs the given keyword with the given arguments and ignores possible error.</doc>
<kw name="Wait Until Element Is Visible" library="Selenium2Library">
<arg>css:div&gt;svg&gt;g&gt;g&gt;rect</arg>
<doc>Waits until the element ``locator`` is visible.</doc>
<status status="PASS" starttime="20240621 22:19:02.611" endtime="20240621 22:19:02.672"/>
</kw>
<status status="PASS" starttime="20240621 22:19:02.611" endtime="20240621 22:19:02.672"/>
</kw>
<kw name="Sleep" library="BuiltIn">
<arg>1s</arg>
<doc>Pauses the test executed for the given time.</doc>
<msg timestamp="20240621 22:19:03.673" level="INFO">Slept 1 second</msg>
<status status="PASS" starttime="20240621 22:19:02.672" endtime="20240621 22:19:03.673"/>
</kw>
<kw name="Capture Page Screenshot" library="Selenium2Library">
<arg>${text}[0]_5D</arg>
<doc>Takes a screenshot of the current page and embeds it into a log file.</doc>
<msg timestamp="20240621 22:19:03.839" level="INFO" html="true">&lt;/td&gt;&lt;/tr&gt;&lt;tr&gt;&lt;td colspan="3"&gt;&lt;a href="TTKPRESTIG_5D"&gt;&lt;img src="TTKPRESTIG_5D" width="800px"&gt;&lt;/a&gt;</msg>
<status status="PASS" starttime="20240621 22:19:03.673" endtime="20240621 22:19:03.839"/>
</kw>
<status status="PASS" starttime="20240621 22:18:59.225" endtime="20240621 22:19:03.839"/>
</iter>
<iter>
<var name="${text}">('KPITTECH',)</var>
<kw name="Log" library="BuiltIn">
<arg>${text}</arg>
<doc>Logs the given message with the given level.</doc>
<msg timestamp="20240621 22:19:03.839" level="INFO">('KPITTECH',)</msg>
<status status="PASS" starttime="20240621 22:19:03.839" endtime="20240621 22:19:03.839"/>
</kw>
<kw name="Go To" library="Selenium2Library">
<arg>${HOMEPAGE}/${text}[0]:NSE</arg>
<doc>Navigates the current browser window to the provided ``url``.</doc>
<msg timestamp="20240621 22:19:03.839" level="INFO">Opening url 'https://www.google.com/finance/quote/KPITTECH:NSE'</msg>
<status status="PASS" starttime="20240621 22:19:03.839" endtime="20240621 22:19:04.944"/>
</kw>
<kw name="Sleep" library="BuiltIn">
<arg>1s</arg>
<doc>Pauses the test executed for the given time.</doc>
<msg timestamp="20240621 22:19:05.946" level="INFO">Slept 1 second</msg>
<status status="PASS" starttime="20240621 22:19:04.945" endtime="20240621 22:19:05.946"/>
</kw>
<kw name="Run Keyword And Ignore Error" library="BuiltIn">
<arg>wait until page contains</arg>
<arg>Prev close</arg>
<doc>Runs the given keyword with the given arguments and ignores possible error.</doc>
<kw name="Wait Until Page Contains" library="Selenium2Library">
<arg>Prev close</arg>
<doc>Waits until ``text`` appears on the current page.</doc>
<status status="PASS" starttime="20240621 22:19:05.947" endtime="20240621 22:19:05.996"/>
</kw>
<status status="PASS" starttime="20240621 22:19:05.947" endtime="20240621 22:19:05.996"/>
</kw>
<kw name="Capture Page Screenshot" library="Selenium2Library">
<arg>${text}[0]_1D</arg>
<doc>Takes a screenshot of the current page and embeds it into a log file.</doc>
<msg timestamp="20240621 22:19:06.154" level="INFO" html="true">&lt;/td&gt;&lt;/tr&gt;&lt;tr&gt;&lt;td colspan="3"&gt;&lt;a href="KPITTECH_1D"&gt;&lt;img src="KPITTECH_1D" width="800px"&gt;&lt;/a&gt;</msg>
<status status="PASS" starttime="20240621 22:19:05.996" endtime="20240621 22:19:06.154"/>
</kw>
<kw name="Go To" library="Selenium2Library">
<arg>${HOMEPAGE}/${text}[0]:NSE?window=5D</arg>
<doc>Navigates the current browser window to the provided ``url``.</doc>
<msg timestamp="20240621 22:19:06.154" level="INFO">Opening url 'https://www.google.com/finance/quote/KPITTECH:NSE?window=5D'</msg>
<status status="PASS" starttime="20240621 22:19:06.154" endtime="20240621 22:19:07.409"/>
</kw>
<kw name="Run Keyword And Ignore Error" library="BuiltIn">
<arg>wait until element is visible</arg>
<arg>css:div&gt;svg&gt;g&gt;g&gt;rect</arg>
<doc>Runs the given keyword with the given arguments and ignores possible error.</doc>
<kw name="Wait Until Element Is Visible" library="Selenium2Library">
<arg>css:div&gt;svg&gt;g&gt;g&gt;rect</arg>
<doc>Waits until the element ``locator`` is visible.</doc>
<msg timestamp="20240621 22:19:07.471" level="INFO">Suppressing StaleElementReferenceException from Selenium.</msg>
<msg timestamp="20240621 22:19:07.748" level="INFO">Suppressing StaleElementReferenceException from Selenium.</msg>
<status status="PASS" starttime="20240621 22:19:07.409" endtime="20240621 22:19:08.010"/>
</kw>
<status status="PASS" starttime="20240621 22:19:07.409" endtime="20240621 22:19:08.010"/>
</kw>
<kw name="Sleep" library="BuiltIn">
<arg>1s</arg>
<doc>Pauses the test executed for the given time.</doc>
<msg timestamp="20240621 22:19:09.010" level="INFO">Slept 1 second</msg>
<status status="PASS" starttime="20240621 22:19:08.010" endtime="20240621 22:19:09.010"/>
</kw>
<kw name="Capture Page Screenshot" library="Selenium2Library">
<arg>${text}[0]_5D</arg>
<doc>Takes a screenshot of the current page and embeds it into a log file.</doc>
<msg timestamp="20240621 22:19:09.170" level="INFO" html="true">&lt;/td&gt;&lt;/tr&gt;&lt;tr&gt;&lt;td colspan="3"&gt;&lt;a href="KPITTECH_5D"&gt;&lt;img src="KPITTECH_5D" width="800px"&gt;&lt;/a&gt;</msg>
<status status="PASS" starttime="20240621 22:19:09.010" endtime="20240621 22:19:09.170"/>
</kw>
<status status="PASS" starttime="20240621 22:19:03.839" endtime="20240621 22:19:09.170"/>
</iter>
<iter>
<var name="${text}">('RHIM',)</var>
<kw name="Log" library="BuiltIn">
<arg>${text}</arg>
<doc>Logs the given message with the given level.</doc>
<msg timestamp="20240621 22:19:09.170" level="INFO">('RHIM',)</msg>
<status status="PASS" starttime="20240621 22:19:09.170" endtime="20240621 22:19:09.170"/>
</kw>
<kw name="Go To" library="Selenium2Library">
<arg>${HOMEPAGE}/${text}[0]:NSE</arg>
<doc>Navigates the current browser window to the provided ``url``.</doc>
<msg timestamp="20240621 22:19:09.170" level="INFO">Opening url 'https://www.google.com/finance/quote/RHIM:NSE'</msg>
<status status="PASS" starttime="20240621 22:19:09.170" endtime="20240621 22:19:10.732"/>
</kw>
<kw name="Sleep" library="BuiltIn">
<arg>1s</arg>
<doc>Pauses the test executed for the given time.</doc>
<msg timestamp="20240621 22:19:11.732" level="INFO">Slept 1 second</msg>
<status status="PASS" starttime="20240621 22:19:10.732" endtime="20240621 22:19:11.732"/>
</kw>
<kw name="Run Keyword And Ignore Error" library="BuiltIn">
<arg>wait until page contains</arg>
<arg>Prev close</arg>
<doc>Runs the given keyword with the given arguments and ignores possible error.</doc>
<kw name="Wait Until Page Contains" library="Selenium2Library">
<arg>Prev close</arg>
<doc>Waits until ``text`` appears on the current page.</doc>
<status status="PASS" starttime="20240621 22:19:11.732" endtime="20240621 22:19:11.806"/>
</kw>
<status status="PASS" starttime="20240621 22:19:11.732" endtime="20240621 22:19:11.806"/>
</kw>
<kw name="Capture Page Screenshot" library="Selenium2Library">
<arg>${text}[0]_1D</arg>
<doc>Takes a screenshot of the current page and embeds it into a log file.</doc>
<msg timestamp="20240621 22:19:11.962" level="INFO" html="true">&lt;/td&gt;&lt;/tr&gt;&lt;tr&gt;&lt;td colspan="3"&gt;&lt;a href="RHIM_1D"&gt;&lt;img src="RHIM_1D" width="800px"&gt;&lt;/a&gt;</msg>
<status status="PASS" starttime="20240621 22:19:11.806" endtime="20240621 22:19:11.962"/>
</kw>
<kw name="Go To" library="Selenium2Library">
<arg>${HOMEPAGE}/${text}[0]:NSE?window=5D</arg>
<doc>Navigates the current browser window to the provided ``url``.</doc>
<msg timestamp="20240621 22:19:11.962" level="INFO">Opening url 'https://www.google.com/finance/quote/RHIM:NSE?window=5D'</msg>
<status status="PASS" starttime="20240621 22:19:11.962" endtime="20240621 22:19:13.010"/>
</kw>
<kw name="Run Keyword And Ignore Error" library="BuiltIn">
<arg>wait until element is visible</arg>
<arg>css:div&gt;svg&gt;g&gt;g&gt;rect</arg>
<doc>Runs the given keyword with the given arguments and ignores possible error.</doc>
<kw name="Wait Until Element Is Visible" library="Selenium2Library">
<arg>css:div&gt;svg&gt;g&gt;g&gt;rect</arg>
<doc>Waits until the element ``locator`` is visible.</doc>
<status status="PASS" starttime="20240621 22:19:13.011" endtime="20240621 22:19:13.086"/>
</kw>
<status status="PASS" starttime="20240621 22:19:13.010" endtime="20240621 22:19:13.086"/>
</kw>
<kw name="Sleep" library="BuiltIn">
<arg>1s</arg>
<doc>Pauses the test executed for the given time.</doc>
<msg timestamp="20240621 22:19:14.087" level="INFO">Slept 1 second</msg>
<status status="PASS" starttime="20240621 22:19:13.086" endtime="20240621 22:19:14.087"/>
</kw>
<kw name="Capture Page Screenshot" library="Selenium2Library">
<arg>${text}[0]_5D</arg>
<doc>Takes a screenshot of the current page and embeds it into a log file.</doc>
<msg timestamp="20240621 22:19:14.283" level="INFO" html="true">&lt;/td&gt;&lt;/tr&gt;&lt;tr&gt;&lt;td colspan="3"&gt;&lt;a href="RHIM_5D"&gt;&lt;img src="RHIM_5D" width="800px"&gt;&lt;/a&gt;</msg>
<status status="PASS" starttime="20240621 22:19:14.087" endtime="20240621 22:19:14.283"/>
</kw>
<status status="PASS" starttime="20240621 22:19:09.170" endtime="20240621 22:19:14.283"/>
</iter>
<iter>
<var name="${text}">('APLLTD',)</var>
<kw name="Log" library="BuiltIn">
<arg>${text}</arg>
<doc>Logs the given message with the given level.</doc>
<msg timestamp="20240621 22:19:14.284" level="INFO">('APLLTD',)</msg>
<status status="PASS" starttime="20240621 22:19:14.283" endtime="20240621 22:19:14.284"/>
</kw>
<kw name="Go To" library="Selenium2Library">
<arg>${HOMEPAGE}/${text}[0]:NSE</arg>
<doc>Navigates the current browser window to the provided ``url``.</doc>
<msg timestamp="20240621 22:19:14.284" level="INFO">Opening url 'https://www.google.com/finance/quote/APLLTD:NSE'</msg>
<status status="PASS" starttime="20240621 22:19:14.284" endtime="20240621 22:19:15.413"/>
</kw>
<kw name="Sleep" library="BuiltIn">
<arg>1s</arg>
<doc>Pauses the test executed for the given time.</doc>
<msg timestamp="20240621 22:19:16.413" level="INFO">Slept 1 second</msg>
<status status="PASS" starttime="20240621 22:19:15.413" endtime="20240621 22:19:16.413"/>
</kw>
<kw name="Run Keyword And Ignore Error" library="BuiltIn">
<arg>wait until page contains</arg>
<arg>Prev close</arg>
<doc>Runs the given keyword with the given arguments and ignores possible error.</doc>
<kw name="Wait Until Page Contains" library="Selenium2Library">
<arg>Prev close</arg>
<doc>Waits until ``text`` appears on the current page.</doc>
<status status="PASS" starttime="20240621 22:19:16.413" endtime="20240621 22:19:16.452"/>
</kw>
<status status="PASS" starttime="20240621 22:19:16.413" endtime="20240621 22:19:16.452"/>
</kw>
<kw name="Capture Page Screenshot" library="Selenium2Library">
<arg>${text}[0]_1D</arg>
<doc>Takes a screenshot of the current page and embeds it into a log file.</doc>
<msg timestamp="20240621 22:19:16.649" level="INFO" html="true">&lt;/td&gt;&lt;/tr&gt;&lt;tr&gt;&lt;td colspan="3"&gt;&lt;a href="APLLTD_1D"&gt;&lt;img src="APLLTD_1D" width="800px"&gt;&lt;/a&gt;</msg>
<status status="PASS" starttime="20240621 22:19:16.452" endtime="20240621 22:19:16.649"/>
</kw>
<kw name="Go To" library="Selenium2Library">
<arg>${HOMEPAGE}/${text}[0]:NSE?window=5D</arg>
<doc>Navigates the current browser window to the provided ``url``.</doc>
<msg timestamp="20240621 22:19:16.659" level="INFO">Opening url 'https://www.google.com/finance/quote/APLLTD:NSE?window=5D'</msg>
<status status="PASS" starttime="20240621 22:19:16.649" endtime="20240621 22:19:17.860"/>
</kw>
<kw name="Run Keyword And Ignore Error" library="BuiltIn">
<arg>wait until element is visible</arg>
<arg>css:div&gt;svg&gt;g&gt;g&gt;rect</arg>
<doc>Runs the given keyword with the given arguments and ignores possible error.</doc>
<kw name="Wait Until Element Is Visible" library="Selenium2Library">
<arg>css:div&gt;svg&gt;g&gt;g&gt;rect</arg>
<doc>Waits until the element ``locator`` is visible.</doc>
<status status="PASS" starttime="20240621 22:19:17.860" endtime="20240621 22:19:17.907"/>
</kw>
<status status="PASS" starttime="20240621 22:19:17.860" endtime="20240621 22:19:17.907"/>
</kw>
<kw name="Sleep" library="BuiltIn">
<arg>1s</arg>
<doc>Pauses the test executed for the given time.</doc>
<msg timestamp="20240621 22:19:18.907" level="INFO">Slept 1 second</msg>
<status status="PASS" starttime="20240621 22:19:17.907" endtime="20240621 22:19:18.907"/>
</kw>
<kw name="Capture Page Screenshot" library="Selenium2Library">
<arg>${text}[0]_5D</arg>
<doc>Takes a screenshot of the current page and embeds it into a log file.</doc>
<msg timestamp="20240621 22:19:19.091" level="INFO" html="true">&lt;/td&gt;&lt;/tr&gt;&lt;tr&gt;&lt;td colspan="3"&gt;&lt;a href="APLLTD_5D"&gt;&lt;img src="APLLTD_5D" width="800px"&gt;&lt;/a&gt;</msg>
<status status="PASS" starttime="20240621 22:19:18.907" endtime="20240621 22:19:19.097"/>
</kw>
<status status="PASS" starttime="20240621 22:19:14.283" endtime="20240621 22:19:19.097"/>
</iter>
<iter>
<var name="${text}">('JSWSTEEL',)</var>
<kw name="Log" library="BuiltIn">
<arg>${text}</arg>
<doc>Logs the given message with the given level.</doc>
<msg timestamp="20240621 22:19:19.097" level="INFO">('JSWSTEEL',)</msg>
<status status="PASS" starttime="20240621 22:19:19.097" endtime="20240621 22:19:19.097"/>
</kw>
<kw name="Go To" library="Selenium2Library">
<arg>${HOMEPAGE}/${text}[0]:NSE</arg>
<doc>Navigates the current browser window to the provided ``url``.</doc>
<msg timestamp="20240621 22:19:19.098" level="INFO">Opening url 'https://www.google.com/finance/quote/JSWSTEEL:NSE'</msg>
<status status="PASS" starttime="20240621 22:19:19.098" endtime="20240621 22:19:20.371"/>
</kw>
<kw name="Sleep" library="BuiltIn">
<arg>1s</arg>
<doc>Pauses the test executed for the given time.</doc>
<msg timestamp="20240621 22:19:21.372" level="INFO">Slept 1 second</msg>
<status status="PASS" starttime="20240621 22:19:20.371" endtime="20240621 22:19:21.372"/>
</kw>
<kw name="Run Keyword And Ignore Error" library="BuiltIn">
<arg>wait until page contains</arg>
<arg>Prev close</arg>
<doc>Runs the given keyword with the given arguments and ignores possible error.</doc>
<kw name="Wait Until Page Contains" library="Selenium2Library">
<arg>Prev close</arg>
<doc>Waits until ``text`` appears on the current page.</doc>
<status status="PASS" starttime="20240621 22:19:21.372" endtime="20240621 22:19:21.446"/>
</kw>
<status status="PASS" starttime="20240621 22:19:21.372" endtime="20240621 22:19:21.446"/>
</kw>
<kw name="Capture Page Screenshot" library="Selenium2Library">
<arg>${text}[0]_1D</arg>
<doc>Takes a screenshot of the current page and embeds it into a log file.</doc>
<msg timestamp="20240621 22:19:21.615" level="INFO" html="true">&lt;/td&gt;&lt;/tr&gt;&lt;tr&gt;&lt;td colspan="3"&gt;&lt;a href="JSWSTEEL_1D"&gt;&lt;img src="JSWSTEEL_1D" width="800px"&gt;&lt;/a&gt;</msg>
<status status="PASS" starttime="20240621 22:19:21.446" endtime="20240621 22:19:21.615"/>
</kw>
<kw name="Go To" library="Selenium2Library">
<arg>${HOMEPAGE}/${text}[0]:NSE?window=5D</arg>
<doc>Navigates the current browser window to the provided ``url``.</doc>
<msg timestamp="20240621 22:19:21.615" level="INFO">Opening url 'https://www.google.com/finance/quote/JSWSTEEL:NSE?window=5D'</msg>
<status status="PASS" starttime="20240621 22:19:21.615" endtime="20240621 22:19:22.737"/>
</kw>
<kw name="Run Keyword And Ignore Error" library="BuiltIn">
<arg>wait until element is visible</arg>
<arg>css:div&gt;svg&gt;g&gt;g&gt;rect</arg>
<doc>Runs the given keyword with the given arguments and ignores possible error.</doc>
<kw name="Wait Until Element Is Visible" library="Selenium2Library">
<arg>css:div&gt;svg&gt;g&gt;g&gt;rect</arg>
<doc>Waits until the element ``locator`` is visible.</doc>
<status status="PASS" starttime="20240621 22:19:22.737" endtime="20240621 22:19:22.771"/>
</kw>
<status status="PASS" starttime="20240621 22:19:22.737" endtime="20240621 22:19:22.771"/>
</kw>
<kw name="Sleep" library="BuiltIn">
<arg>1s</arg>
<doc>Pauses the test executed for the given time.</doc>
<msg timestamp="20240621 22:19:23.771" level="INFO">Slept 1 second</msg>
<status status="PASS" starttime="20240621 22:19:22.771" endtime="20240621 22:19:23.771"/>
</kw>
<kw name="Capture Page Screenshot" library="Selenium2Library">
<arg>${text}[0]_5D</arg>
<doc>Takes a screenshot of the current page and embeds it into a log file.</doc>
<msg timestamp="20240621 22:19:23.947" level="INFO" html="true">&lt;/td&gt;&lt;/tr&gt;&lt;tr&gt;&lt;td colspan="3"&gt;&lt;a href="JSWSTEEL_5D"&gt;&lt;img src="JSWSTEEL_5D" width="800px"&gt;&lt;/a&gt;</msg>
<status status="PASS" starttime="20240621 22:19:23.771" endtime="20240621 22:19:23.947"/>
</kw>
<status status="PASS" starttime="20240621 22:19:19.097" endtime="20240621 22:19:23.947"/>
</iter>
<iter>
<var name="${text}">('HINDALCO',)</var>
<kw name="Log" library="BuiltIn">
<arg>${text}</arg>
<doc>Logs the given message with the given level.</doc>
<msg timestamp="20240621 22:19:23.947" level="INFO">('HINDALCO',)</msg>
<status status="PASS" starttime="20240621 22:19:23.947" endtime="20240621 22:19:23.947"/>
</kw>
<kw name="Go To" library="Selenium2Library">
<arg>${HOMEPAGE}/${text}[0]:NSE</arg>
<doc>Navigates the current browser window to the provided ``url``.</doc>
<msg timestamp="20240621 22:19:23.947" level="INFO">Opening url 'https://www.google.com/finance/quote/HINDALCO:NSE'</msg>
<status status="PASS" starttime="20240621 22:19:23.947" endtime="20240621 22:19:25.021"/>
</kw>
<kw name="Sleep" library="BuiltIn">
<arg>1s</arg>
<doc>Pauses the test executed for the given time.</doc>
<msg timestamp="20240621 22:19:26.023" level="INFO">Slept 1 second</msg>
<status status="PASS" starttime="20240621 22:19:25.021" endtime="20240621 22:19:26.023"/>
</kw>
<kw name="Run Keyword And Ignore Error" library="BuiltIn">
<arg>wait until page contains</arg>
<arg>Prev close</arg>
<doc>Runs the given keyword with the given arguments and ignores possible error.</doc>
[...]
</kw>
<status status="PASS" starttime="20240621 22:21:14.877" endtime="20240621 22:21:19.642"/>
</iter>
<iter>
<var name="${text}">('BHARTIARTL',)</var>
<kw name="Log" library="BuiltIn">
<arg>${text}</arg>
<doc>Logs the given message with the given level.</doc>
<msg timestamp="20240621 22:21:19.642" level="INFO">('BHARTIARTL',)</msg>
<status status="PASS" starttime="20240621 22:21:19.642" endtime="20240621 22:21:19.642"/>
</kw>
<kw name="Go To" library="Selenium2Library">
<arg>${HOMEPAGE}/${text}[0]:NSE</arg>
<doc>Navigates the current browser window to the provided ``url``.</doc>
<msg timestamp="20240621 22:21:19.642" level="INFO">Opening url 'https://www.google.com/finance/quote/BHARTIARTL:NSE'</msg>
<status status="PASS" starttime="20240621 22:21:19.642" endtime="20240621 22:21:20.739"/>
</kw>
<kw name="Sleep" library="BuiltIn">
<arg>1s</arg>
<doc>Pauses the test executed for the given time.</doc>
<msg timestamp="20240621 22:21:21.740" level="INFO">Slept 1 second</msg>
<status status="PASS" starttime="20240621 22:21:20.740" endtime="20240621 22:21:21.740"/>
</kw>
<kw name="Run Keyword And Ignore Error" library="BuiltIn">
<arg>wait until page contains</arg>
<arg>Prev close</arg>
<doc>Runs the given keyword with the given arguments and ignores possible error.</doc>
<kw name="Wait Until Page Contains" library="Selenium2Library">
<arg>Prev close</arg>
<doc>Waits until ``text`` appears on the current page.</doc>
<status status="PASS" starttime="20240621 22:21:21.740" endtime="20240621 22:21:21.805"/>
</kw>
<status status="PASS" starttime="20240621 22:21:21.740" endtime="20240621 22:21:21.805"/>
</kw>
<kw name="Capture Page Screenshot" library="Selenium2Library">
<arg>${text}[0]_1D</arg>
<doc>Takes a screenshot of the current page and embeds it into a log file.</doc>
<msg timestamp="20240621 22:21:21.958" level="INFO" html="true">&lt;/td&gt;&lt;/tr&gt;&lt;tr&gt;&lt;td colspan="3"&gt;&lt;a href="BHARTIARTL_1D"&gt;&lt;img src="BHARTIARTL_1D" width="800px"&gt;&lt;/a&gt;</msg>
<status status="PASS" starttime="20240621 22:21:21.805" endtime="20240621 22:21:21.958"/>
</kw>
<kw name="Go To" library="Selenium2Library">
<arg>${HOMEPAGE}/${text}[0]:NSE?window=5D</arg>
<doc>Navigates the current browser window to the provided ``url``.</doc>
<msg timestamp="20240621 22:21:21.958" level="INFO">Opening url 'https://www.google.com/finance/quote/BHARTIARTL:NSE?window=5D'</msg>
<status status="PASS" starttime="20240621 22:21:21.958" endtime="20240621 22:21:23.160"/>
</kw>
<kw name="Run Keyword And Ignore Error" library="BuiltIn">
<arg>wait until element is visible</arg>
<arg>css:div&gt;svg&gt;g&gt;g&gt;rect</arg>
<doc>Runs the given keyword with the given arguments and ignores possible error.</doc>
<kw name="Wait Until Element Is Visible" library="Selenium2Library">
<arg>css:div&gt;svg&gt;g&gt;g&gt;rect</arg>
<doc>Waits until the element ``locator`` is visible.</doc>
<status status="PASS" starttime="20240621 22:21:23.160" endtime="20240621 22:21:23.193"/>
</kw>
<status status="PASS" starttime="20240621 22:21:23.160" endtime="20240621 22:21:23.193"/>
</kw>
<kw name="Sleep" library="BuiltIn">
<arg>1s</arg>
<doc>Pauses the test executed for the given time.</doc>
<msg timestamp="20240621 22:21:24.194" level="INFO">Slept 1 second</msg>
<status status="PASS" starttime="20240621 22:21:23.193" endtime="20240621 22:21:24.194"/>
</kw>
<kw name="Capture Page Screenshot" library="Selenium2Library">
<arg>${text}[0]_5D</arg>
<doc>Takes a screenshot of the current page and embeds it into a log file.</doc>
<msg timestamp="20240621 22:21:24.377" level="INFO" html="true">&lt;/td&gt;&lt;/tr&gt;&lt;tr&gt;&lt;td colspan="3"&gt;&lt;a href="BHARTIARTL_5D"&gt;&lt;img src="BHARTIARTL_5D" width="800px"&gt;&lt;/a&gt;</msg>
<status status="PASS" starttime="20240621 22:21:24.194" endtime="20240621 22:21:24.377"/>
</kw>
<status status="PASS" starttime="20240621 22:21:19.642" endtime="20240621 22:21:24.377"/>
</iter>
<iter>
<var name="${text}">('HLEGLAS',)</var>
<kw name="Log" library="BuiltIn">
<arg>${text}</arg>
<doc>Logs the given message with the given level.</doc>
<msg timestamp="20240621 22:21:24.377" level="INFO">('HLEGLAS',)</msg>
<status status="PASS" starttime="20240621 22:21:24.377" endtime="20240621 22:21:24.377"/>
</kw>
<kw name="Go To" library="Selenium2Library">
<arg>${HOMEPAGE}/${text}[0]:NSE</arg>
<doc>Navigates the current browser window to the provided ``url``.</doc>
<msg timestamp="20240621 22:21:24.377" level="INFO">Opening url 'https://www.google.com/finance/quote/HLEGLAS:NSE'</msg>
<status status="PASS" starttime="20240621 22:21:24.377" endtime="20240621 22:21:25.548"/>
</kw>
<kw name="Sleep" library="BuiltIn">
<arg>1s</arg>
<doc>Pauses the test executed for the given time.</doc>
<msg timestamp="20240621 22:21:26.553" level="INFO">Slept 1 second</msg>
<status status="PASS" starttime="20240621 22:21:25.548" endtime="20240621 22:21:26.553"/>
</kw>
<kw name="Run Keyword And Ignore Error" library="BuiltIn">
<arg>wait until page contains</arg>
<arg>Prev close</arg>
<doc>Runs the given keyword with the given arguments and ignores possible error.</doc>
<kw name="Wait Until Page Contains" library="Selenium2Library">
<arg>Prev close</arg>
<doc>Waits until ``text`` appears on the current page.</doc>
<status status="PASS" starttime="20240621 22:21:26.553" endtime="20240621 22:21:26.605"/>
</kw>
<status status="PASS" starttime="20240621 22:21:26.553" endtime="20240621 22:21:26.605"/>
</kw>
<kw name="Capture Page Screenshot" library="Selenium2Library">
<arg>${text}[0]_1D</arg>
<doc>Takes a screenshot of the current page and embeds it into a log file.</doc>
<msg timestamp="20240621 22:21:26.789" level="INFO" html="true">&lt;/td&gt;&lt;/tr&gt;&lt;tr&gt;&lt;td colspan="3"&gt;&lt;a href="HLEGLAS_1D"&gt;&lt;img src="HLEGLAS_1D" width="800px"&gt;&lt;/a&gt;</msg>
<status status="PASS" starttime="20240621 22:21:26.606" endtime="20240621 22:21:26.789"/>
</kw>
<kw name="Go To" library="Selenium2Library">
<arg>${HOMEPAGE}/${text}[0]:NSE?window=5D</arg>
<doc>Navigates the current browser window to the provided ``url``.</doc>
<msg timestamp="20240621 22:21:26.795" level="INFO">Opening url 'https://www.google.com/finance/quote/HLEGLAS:NSE?window=5D'</msg>
<status status="PASS" starttime="20240621 22:21:26.789" endtime="20240621 22:21:27.921"/>
</kw>
<kw name="Run Keyword And Ignore Error" library="BuiltIn">
<arg>wait until element is visible</arg>
<arg>css:div&gt;svg&gt;g&gt;g&gt;rect</arg>
<doc>Runs the given keyword with the given arguments and ignores possible error.</doc>
<kw name="Wait Until Element Is Visible" library="Selenium2Library">
<arg>css:div&gt;svg&gt;g&gt;g&gt;rect</arg>
<doc>Waits until the element ``locator`` is visible.</doc>
<status status="PASS" starttime="20240621 22:21:27.927" endtime="20240621 22:21:27.978"/>
</kw>
<status status="PASS" starttime="20240621 22:21:27.921" endtime="20240621 22:21:27.978"/>
</kw>
<kw name="Sleep" library="BuiltIn">
<arg>1s</arg>
<doc>Pauses the test executed for the given time.</doc>
<msg timestamp="20240621 22:21:28.979" level="INFO">Slept 1 second</msg>
<status status="PASS" starttime="20240621 22:21:27.978" endtime="20240621 22:21:28.979"/>
</kw>
<kw name="Capture Page Screenshot" library="Selenium2Library">
<arg>${text}[0]_5D</arg>
<doc>Takes a screenshot of the current page and embeds it into a log file.</doc>
<msg timestamp="20240621 22:21:29.142" level="INFO" html="true">&lt;/td&gt;&lt;/tr&gt;&lt;tr&gt;&lt;td colspan="3"&gt;&lt;a href="HLEGLAS_5D"&gt;&lt;img src="HLEGLAS_5D" width="800px"&gt;&lt;/a&gt;</msg>
<status status="PASS" starttime="20240621 22:21:28.979" endtime="20240621 22:21:29.142"/>
</kw>
<status status="PASS" starttime="20240621 22:21:24.377" endtime="20240621 22:21:29.142"/>
</iter>
<iter>
<var name="${text}">('SCHAEFFLER',)</var>
<kw name="Log" library="BuiltIn">
<arg>${text}</arg>
<doc>Logs the given message with the given level.</doc>
<msg timestamp="20240621 22:21:29.153" level="INFO">('SCHAEFFLER',)</msg>
<status status="PASS" starttime="20240621 22:21:29.142" endtime="20240621 22:21:29.153"/>
</kw>
<kw name="Go To" library="Selenium2Library">
<arg>${HOMEPAGE}/${text}[0]:NSE</arg>
<doc>Navigates the current browser window to the provided ``url``.</doc>
<msg timestamp="20240621 22:21:29.153" level="INFO">Opening url 'https://www.google.com/finance/quote/SCHAEFFLER:NSE'</msg>
<status status="PASS" starttime="20240621 22:21:29.153" endtime="20240621 22:21:30.276"/>
</kw>
<kw name="Sleep" library="BuiltIn">
<arg>1s</arg>
<doc>Pauses the test executed for the given time.</doc>
<msg timestamp="20240621 22:21:31.277" level="INFO">Slept 1 second</msg>
<status status="PASS" starttime="20240621 22:21:30.276" endtime="20240621 22:21:31.277"/>
</kw>
<kw name="Run Keyword And Ignore Error" library="BuiltIn">
<arg>wait until page contains</arg>
<arg>Prev close</arg>
<doc>Runs the given keyword with the given arguments and ignores possible error.</doc>
<kw name="Wait Until Page Contains" library="Selenium2Library">
<arg>Prev close</arg>
<doc>Waits until ``text`` appears on the current page.</doc>
<status status="PASS" starttime="20240621 22:21:31.277" endtime="20240621 22:21:31.327"/>
</kw>
<status status="PASS" starttime="20240621 22:21:31.277" endtime="20240621 22:21:31.327"/>
</kw>
<kw name="Capture Page Screenshot" library="Selenium2Library">
<arg>${text}[0]_1D</arg>
<doc>Takes a screenshot of the current page and embeds it into a log file.</doc>
<msg timestamp="20240621 22:21:31.505" level="INFO" html="true">&lt;/td&gt;&lt;/tr&gt;&lt;tr&gt;&lt;td colspan="3"&gt;&lt;a href="SCHAEFFLER_1D"&gt;&lt;img src="SCHAEFFLER_1D" width="800px"&gt;&lt;/a&gt;</msg>
<status status="PASS" starttime="20240621 22:21:31.328" endtime="20240621 22:21:31.505"/>
</kw>
<kw name="Go To" library="Selenium2Library">
<arg>${HOMEPAGE}/${text}[0]:NSE?window=5D</arg>
<doc>Navigates the current browser window to the provided ``url``.</doc>
<msg timestamp="20240621 22:21:31.505" level="INFO">Opening url 'https://www.google.com/finance/quote/SCHAEFFLER:NSE?window=5D'</msg>
<status status="PASS" starttime="20240621 22:21:31.505" endtime="20240621 22:21:32.688"/>
</kw>
<kw name="Run Keyword And Ignore Error" library="BuiltIn">
<arg>wait until element is visible</arg>
<arg>css:div&gt;svg&gt;g&gt;g&gt;rect</arg>
<doc>Runs the given keyword with the given arguments and ignores possible error.</doc>
<kw name="Wait Until Element Is Visible" library="Selenium2Library">
<arg>css:div&gt;svg&gt;g&gt;g&gt;rect</arg>
<doc>Waits until the element ``locator`` is visible.</doc>
<status status="PASS" starttime="20240621 22:21:32.688" endtime="20240621 22:21:32.749"/>
</kw>
<status status="PASS" starttime="20240621 22:21:32.688" endtime="20240621 22:21:32.749"/>
</kw>
<kw name="Sleep" library="BuiltIn">
<arg>1s</arg>
<doc>Pauses the test executed for the given time.</doc>
<msg timestamp="20240621 22:21:33.750" level="INFO">Slept 1 second</msg>
<status status="PASS" starttime="20240621 22:21:32.749" endtime="20240621 22:21:33.750"/>
</kw>
<kw name="Capture Page Screenshot" library="Selenium2Library">
<arg>${text}[0]_5D</arg>
<doc>Takes a screenshot of the current page and embeds it into a log file.</doc>
<msg timestamp="20240621 22:21:33.938" level="INFO" html="true">&lt;/td&gt;&lt;/tr&gt;&lt;tr&gt;&lt;td colspan="3"&gt;&lt;a href="SCHAEFFLER_5D"&gt;&lt;img src="SCHAEFFLER_5D" width="800px"&gt;&lt;/a&gt;</msg>
<status status="PASS" starttime="20240621 22:21:33.750" endtime="20240621 22:21:33.938"/>
</kw>
<status status="PASS" starttime="20240621 22:21:29.142" endtime="20240621 22:21:33.938"/>
</iter>
<iter>
<var name="${text}">('HAVELLS',)</var>
<kw name="Log" library="BuiltIn">
<arg>${text}</arg>
<doc>Logs the given message with the given level.</doc>
<msg timestamp="20240621 22:21:33.938" level="INFO">('HAVELLS',)</msg>
<status status="PASS" starttime="20240621 22:21:33.938" endtime="20240621 22:21:33.938"/>
</kw>
<kw name="Go To" library="Selenium2Library">
<arg>${HOMEPAGE}/${text}[0]:NSE</arg>
<doc>Navigates the current browser window to the provided ``url``.</doc>
<msg timestamp="20240621 22:21:33.938" level="INFO">Opening url 'https://www.google.com/finance/quote/HAVELLS:NSE'</msg>
<status status="PASS" starttime="20240621 22:21:33.938" endtime="20240621 22:21:35.129"/>
</kw>
<kw name="Sleep" library="BuiltIn">
<arg>1s</arg>
<doc>Pauses the test executed for the given time.</doc>
<msg timestamp="20240621 22:21:36.130" level="INFO">Slept 1 second</msg>
<status status="PASS" starttime="20240621 22:21:35.129" endtime="20240621 22:21:36.130"/>
</kw>
<kw name="Run Keyword And Ignore Error" library="BuiltIn">
<arg>wait until page contains</arg>
<arg>Prev close</arg>
<doc>Runs the given keyword with the given arguments and ignores possible error.</doc>
<kw name="Wait Until Page Contains" library="Selenium2Library">
<arg>Prev close</arg>
<doc>Waits until ``text`` appears on the current page.</doc>
<status status="PASS" starttime="20240621 22:21:36.130" endtime="20240621 22:21:36.191"/>
</kw>
<status status="PASS" starttime="20240621 22:21:36.130" endtime="20240621 22:21:36.191"/>
</kw>
<kw name="Capture Page Screenshot" library="Selenium2Library">
<arg>${text}[0]_1D</arg>
<doc>Takes a screenshot of the current page and embeds it into a log file.</doc>
<msg timestamp="20240621 22:21:36.353" level="INFO" html="true">&lt;/td&gt;&lt;/tr&gt;&lt;tr&gt;&lt;td colspan="3"&gt;&lt;a href="HAVELLS_1D"&gt;&lt;img src="HAVELLS_1D" width="800px"&gt;&lt;/a&gt;</msg>
<status status="PASS" starttime="20240621 22:21:36.191" endtime="20240621 22:21:36.353"/>
</kw>
<kw name="Go To" library="Selenium2Library">
<arg>${HOMEPAGE}/${text}[0]:NSE?window=5D</arg>
<doc>Navigates the current browser window to the provided ``url``.</doc>
<msg timestamp="20240621 22:21:36.362" level="INFO">Opening url 'https://www.google.com/finance/quote/HAVELLS:NSE?window=5D'</msg>
<status status="PASS" starttime="20240621 22:21:36.353" endtime="20240621 22:21:37.355"/>
</kw>
<kw name="Run Keyword And Ignore Error" library="BuiltIn">
<arg>wait until element is visible</arg>
<arg>css:div&gt;svg&gt;g&gt;g&gt;rect</arg>
<doc>Runs the given keyword with the given arguments and ignores possible error.</doc>
<kw name="Wait Until Element Is Visible" library="Selenium2Library">
<arg>css:div&gt;svg&gt;g&gt;g&gt;rect</arg>
<doc>Waits until the element ``locator`` is visible.</doc>
<status status="PASS" starttime="20240621 22:21:37.355" endtime="20240621 22:21:37.393"/>
</kw>
<status status="PASS" starttime="20240621 22:21:37.355" endtime="20240621 22:21:37.393"/>
</kw>
<kw name="Sleep" library="BuiltIn">
<arg>1s</arg>
<doc>Pauses the test executed for the given time.</doc>
<msg timestamp="20240621 22:21:38.394" level="INFO">Slept 1 second</msg>
<status status="PASS" starttime="20240621 22:21:37.393" endtime="20240621 22:21:38.394"/>
</kw>
<kw name="Capture Page Screenshot" library="Selenium2Library">
<arg>${text}[0]_5D</arg>
<doc>Takes a screenshot of the current page and embeds it into a log file.</doc>
<msg timestamp="20240621 22:21:38.566" level="INFO" html="true">&lt;/td&gt;&lt;/tr&gt;&lt;tr&gt;&lt;td colspan="3"&gt;&lt;a href="HAVELLS_5D"&gt;&lt;img src="HAVELLS_5D" width="800px"&gt;&lt;/a&gt;</msg>
<status status="PASS" starttime="20240621 22:21:38.394" endtime="20240621 22:21:38.566"/>
</kw>
<status status="PASS" starttime="20240621 22:21:33.938" endtime="20240621 22:21:38.566"/>
</iter>
<iter>
<var name="${text}">('APOLLOHOSP',)</var>
<kw name="Log" library="BuiltIn">
<arg>${text}</arg>
<doc>Logs the given message with the given level.</doc>
<msg timestamp="20240621 22:21:38.566" level="INFO">('APOLLOHOSP',)</msg>
<status status="PASS" starttime="20240621 22:21:38.566" endtime="20240621 22:21:38.566"/>
</kw>
<kw name="Go To" library="Selenium2Library">
<arg>${HOMEPAGE}/${text}[0]:NSE</arg>
<doc>Navigates the current browser window to the provided ``url``.</doc>
<msg timestamp="20240621 22:21:38.566" level="INFO">Opening url 'https://www.google.com/finance/quote/APOLLOHOSP:NSE'</msg>
<status status="PASS" starttime="20240621 22:21:38.566" endtime="20240621 22:21:39.648"/>
</kw>
<kw name="Sleep" library="BuiltIn">
<arg>1s</arg>
<doc>Pauses the test executed for the given time.</doc>
<msg timestamp="20240621 22:21:40.650" level="INFO">Slept 1 second</msg>
<status status="PASS" starttime="20240621 22:21:39.648" endtime="20240621 22:21:40.650"/>
</kw>
<kw name="Run Keyword And Ignore Error" library="BuiltIn">
<arg>wait until page contains</arg>
<arg>Prev close</arg>
<doc>Runs the given keyword with the given arguments and ignores possible error.</doc>
<kw name="Wait Until Page Contains" library="Selenium2Library">
<arg>Prev close</arg>
<doc>Waits until ``text`` appears on the current page.</doc>
<status status="PASS" starttime="20240621 22:21:40.650" endtime="20240621 22:21:40.718"/>
</kw>
<status status="PASS" starttime="20240621 22:21:40.650" endtime="20240621 22:21:40.719"/>
</kw>
<kw name="Capture Page Screenshot" library="Selenium2Library">
<arg>${text}[0]_1D</arg>
<doc>Takes a screenshot of the current page and embeds it into a log file.</doc>
<msg timestamp="20240621 22:21:40.870" level="INFO" html="true">&lt;/td&gt;&lt;/tr&gt;&lt;tr&gt;&lt;td colspan="3"&gt;&lt;a href="APOLLOHOSP_1D"&gt;&lt;img src="APOLLOHOSP_1D" width="800px"&gt;&lt;/a&gt;</msg>
<status status="PASS" starttime="20240621 22:21:40.719" endtime="20240621 22:21:40.870"/>
</kw>
<kw name="Go To" library="Selenium2Library">
<arg>${HOMEPAGE}/${text}[0]:NSE?window=5D</arg>
<doc>Navigates the current browser window to the provided ``url``.</doc>
<msg timestamp="20240621 22:21:40.870" level="INFO">Opening url 'https://www.google.com/finance/quote/APOLLOHOSP:NSE?window=5D'</msg>
<status status="PASS" starttime="20240621 22:21:40.870" endtime="20240621 22:21:41.874"/>
</kw>
<kw name="Run Keyword And Ignore Error" library="BuiltIn">
<arg>wait until element is visible</arg>
<arg>css:div&gt;svg&gt;g&gt;g&gt;rect</arg>
<doc>Runs the given keyword with the given arguments and ignores possible error.</doc>
<kw name="Wait Until Element Is Visible" library="Selenium2Library">
<arg>css:div&gt;svg&gt;g&gt;g&gt;rect</arg>
<doc>Waits until the element ``locator`` is visible.</doc>
<status status="PASS" starttime="20240621 22:21:41.874" endtime="20240621 22:21:41.937"/>
</kw>
<status status="PASS" starttime="20240621 22:21:41.874" endtime="20240621 22:21:41.937"/>
</kw>
<kw name="Sleep" library="BuiltIn">
<arg>1s</arg>
<doc>Pauses the test executed for the given time.</doc>
<msg timestamp="20240621 22:21:42.937" level="INFO">Slept 1 second</msg>
<status status="PASS" starttime="20240621 22:21:41.937" endtime="20240621 22:21:42.937"/>
</kw>
<kw name="Capture Page Screenshot" library="Selenium2Library">
<arg>${text}[0]_5D</arg>
<doc>Takes a screenshot of the current page and embeds it into a log file.</doc>
<msg timestamp="20240621 22:21:43.120" level="INFO" html="true">&lt;/td&gt;&lt;/tr&gt;&lt;tr&gt;&lt;td colspan="3"&gt;&lt;a href="APOLLOHOSP_5D"&gt;&lt;img src="APOLLOHOSP_5D" width="800px"&gt;&lt;/a&gt;</msg>
<status status="PASS" starttime="20240621 22:21:42.937" endtime="20240621 22:21:43.120"/>
</kw>
<status status="PASS" starttime="20240621 22:21:38.566" endtime="20240621 22:21:43.120"/>
</iter>
<status status="PASS" starttime="20240621 22:17:51.756" endtime="20240621 22:21:43.120"/>
</for>
<status status="PASS" starttime="20240621 22:17:51.648" endtime="20240621 22:21:43.132"/>
</test>
<kw name="Close Browser" library="Selenium2Library" type="TEARDOWN">
<doc>Closes the current browser.</doc>
<status status="PASS" starttime="20240621 22:21:43.132" endtime="20240621 22:21:45.462"/>
</kw>
<status status="PASS" starttime="20240621 22:17:49.282" endtime="20240621 22:21:45.462"/>
</suite>
<statistics>
<total>
<stat pass="1" fail="0" skip="0">All Tests</stat>
</total>
<tag>
</tag>
<suite>
<stat pass="1" fail="0" skip="0" id="s1" name="Screen">Screen</stat>
</suite>
</statistics>
<errors>
</errors>
</robot>
