<?xml version="1.0" encoding="UTF-8"?>
<robot generator="Robot 4.1.1 (Python 3.9.5 on win32)" generated="20220124 23:09:31.589" rpa="false" schemaversion="2">
<suite id="s1" name="Chartinkscreen" source="C:\Users\User\PycharmProjects\stock\pysmartapi\chartinkscreen.robot">
<kw name="Open Browser Test" type="SETUP">
<arg>${HOMEPAGE}</arg>
<kw name="Remove Files" library="OperatingSystem">
<doc>Uses `Remove File` to remove multiple files one-by-one.</doc>
<status status="PASS" starttime="20220124 23:09:31.990" endtime="20220124 23:09:31.990"/>
</kw>
<kw name="Open Browser" library="Selenium2Library">
<arg>${URL}</arg>
<arg>${BROWSER}</arg>
<doc>Opens a new browser instance to the optional ``url``.</doc>
<msg timestamp="20220124 23:09:31.991" level="INFO">Opening browser 'chrome' to base url 'https://chartink.com/stocks'.</msg>
<status status="PASS" starttime="20220124 23:09:31.990" endtime="20220124 23:09:36.754"/>
</kw>
<kw name="Maximize Browser Window" library="Selenium2Library">
<doc>Maximizes current browser window.</doc>
<status status="PASS" starttime="20220124 23:09:36.754" endtime="20220124 23:09:36.887"/>
</kw>
<status status="PASS" starttime="20220124 23:09:31.990" endtime="20220124 23:09:36.887"/>
</kw>
<test id="s1-t1" name="Stock Screens">
<kw name="Log Variables" library="BuiltIn">
<doc>Logs all variables in the current scope with given log level.</doc>
<msg timestamp="20220124 23:09:36.889" level="INFO">${/} = \</msg>
<msg timestamp="20220124 23:09:36.889" level="INFO">${:} = ;</msg>
<msg timestamp="20220124 23:09:36.889" level="INFO">${\n} = 
</msg>
<msg timestamp="20220124 23:09:36.889" level="INFO">${BROWSER} = chrome</msg>
<msg timestamp="20220124 23:09:36.889" level="INFO">${DEBUG_FILE} = NONE</msg>
<msg timestamp="20220124 23:09:36.889" level="INFO">${EXECDIR} = C:\Users\User\PycharmProjects\stock</msg>
<msg timestamp="20220124 23:09:36.889" level="INFO">${False} = False</msg>
<msg timestamp="20220124 23:09:36.889" level="INFO">${HOMEPAGE} = https://chartink.com/stocks</msg>
<msg timestamp="20220124 23:09:36.889" level="INFO">${LOG_FILE} = C:\Users\User\PycharmProjects\stock\testresults\bull\log.html</msg>
<msg timestamp="20220124 23:09:36.889" level="INFO">${LOG_LEVEL} = INFO</msg>
<msg timestamp="20220124 23:09:36.889" level="INFO">${None} = None</msg>
<msg timestamp="20220124 23:09:36.889" level="INFO">${null} = None</msg>
<msg timestamp="20220124 23:09:36.889" level="INFO">${OUTPUT_DIR} = C:\Users\User\PycharmProjects\stock\testresults\bull</msg>
<msg timestamp="20220124 23:09:36.889" level="INFO">${OUTPUT_FILE} = C:\Users\User\PycharmProjects\stock\testresults\bull\output.xml</msg>
<msg timestamp="20220124 23:09:36.889" level="INFO">${PREV_TEST_MESSAGE} = </msg>
<msg timestamp="20220124 23:09:36.889" level="INFO">${PREV_TEST_NAME} = </msg>
<msg timestamp="20220124 23:09:36.889" level="INFO">${PREV_TEST_STATUS} = </msg>
<msg timestamp="20220124 23:09:36.890" level="INFO">${REPORT_FILE} = C:\Users\User\PycharmProjects\stock\testresults\bull\report.html</msg>
<msg timestamp="20220124 23:09:36.890" level="INFO">${SPACE} =  </msg>
<msg timestamp="20220124 23:09:36.890" level="INFO">${SUITE_DOCUMENTATION} = </msg>
<msg timestamp="20220124 23:09:36.890" level="INFO">&amp;{SUITE_METADATA} = { }</msg>
<msg timestamp="20220124 23:09:36.890" level="INFO">${SUITE_NAME} = Chartinkscreen</msg>
<msg timestamp="20220124 23:09:36.890" level="INFO">${SUITE_SOURCE} = C:\Users\User\PycharmProjects\stock\pysmartapi\chartinkscreen.robot</msg>
<msg timestamp="20220124 23:09:36.890" level="INFO">${TEMPDIR} = C:\Users\User\AppData\Local\Temp</msg>
<msg timestamp="20220124 23:09:36.890" level="INFO">${TEST_DOCUMENTATION} = </msg>
<msg timestamp="20220124 23:09:36.890" level="INFO">${TEST_NAME} = Stock Screens</msg>
<msg timestamp="20220124 23:09:36.890" level="INFO">@{TEST_TAGS} = [ bull ]</msg>
<msg timestamp="20220124 23:09:36.890" level="INFO">${True} = True</msg>
<status status="PASS" starttime="20220124 23:09:36.888" endtime="20220124 23:09:36.890"/>
</kw>
<kw name="Connect To Database" library="DatabaseLibrary">
<arg>psycopg2</arg>
<arg>postgres</arg>
<arg>postgres</arg>
<arg>admin</arg>
<arg>localhost</arg>
<arg>5432</arg>
<doc>Loads the DB API 2.0 module given `dbapiModuleName` then uses it to
connect to the database using `dbName`, `dbUsername`, and `dbPassword`.</doc>
<msg timestamp="20220124 23:09:36.907" level="INFO">Connecting using : psycopg2.connect(database=postgres, user=postgres, password=admin, host=localhost, port=5432) </msg>
<status status="PASS" starttime="20220124 23:09:36.890" endtime="20220124 23:09:36.944"/>
</kw>
<kw name="Query" library="DatabaseLibrary">
<var>@{queryResults}</var>
<arg>SELECT distinct * FROM chartink</arg>
<doc>Uses the input `selectStatement` to query for the values that will be returned as a list of tuples. Set optional
input `sansTran` to True to run command without an explicit transaction commit or rollback.
Set optional input `returnAsDict` to True to return values as a list of dictionaries.</doc>
<msg timestamp="20220124 23:09:36.945" level="INFO">Executing : Query  |  SELECT distinct * FROM chartink </msg>
<msg timestamp="20220124 23:09:36.948" level="INFO">@{queryResults} = [ ]</msg>
<status status="PASS" starttime="20220124 23:09:36.945" endtime="20220124 23:09:36.948"/>
</kw>
<kw name="Go To" library="Selenium2Library">
<arg>${HOMEPAGE}/bse.html</arg>
<doc>Navigates the current browser window to the provided ``url``.</doc>
<msg timestamp="20220124 23:09:36.950" level="INFO">Opening url 'https://chartink.com/stocks/bse.html'</msg>
<status status="PASS" starttime="20220124 23:09:36.949" endtime="20220124 23:09:42.283"/>
</kw>
<kw name="Wait Until Keyword Succeeds" library="BuiltIn">
<arg>10s</arg>
<arg>1s</arg>
<arg>Select Chart</arg>
<doc>Runs the specified keyword and retries if it fails.</doc>
<kw name="Select Chart">
<kw name="Click Element" library="Selenium2Library">
<arg>css:#ti</arg>
<doc>Click the element identified by ``locator``.</doc>
<msg timestamp="20220124 23:09:42.285" level="INFO">Clicking element 'css:#ti'.</msg>
<status status="PASS" starttime="20220124 23:09:42.285" endtime="20220124 23:09:42.386"/>
</kw>
<kw name="Click Link" library="Selenium2Library">
<arg>link:Moving Avgs</arg>
<doc>Clicks a link identified by ``locator``.</doc>
<msg timestamp="20220124 23:09:42.387" level="INFO">Clicking link 'link:Moving Avgs'.</msg>
<status status="PASS" starttime="20220124 23:09:42.387" endtime="20220124 23:09:43.804"/>
</kw>
<kw name="Select From List By Label" library="Selenium2Library">
<arg>css:#a2v</arg>
<arg>Exponential</arg>
<doc>Selects options from selection list ``locator`` by ``labels``.</doc>
<msg timestamp="20220124 23:09:43.805" level="INFO">Selecting options from selection list 'css:#a2v' by label Exponential.</msg>
<status status="PASS" starttime="20220124 23:09:43.804" endtime="20220124 23:09:45.145"/>
</kw>
<kw name="Input Text" library="Selenium2Library">
<arg>//div[@id='moving_avgs']//tr/td[5]/input</arg>
<arg>42</arg>
<doc>Types the given ``text`` into the text field identified by ``locator``.</doc>
<msg timestamp="20220124 23:09:45.146" level="INFO">Typing text '42' into text field '//div[@id='moving_avgs']//tr/td[5]/input'.</msg>
<status status="PASS" starttime="20220124 23:09:45.145" endtime="20220124 23:09:45.378"/>
</kw>
<kw name="Input Text" library="Selenium2Library">
<arg>//div[@id='moving_avgs']//tr[3]/td[5]/input</arg>
<arg>20</arg>
<doc>Types the given ``text`` into the text field identified by ``locator``.</doc>
<msg timestamp="20220124 23:09:45.379" level="INFO">Typing text '20' into text field '//div[@id='moving_avgs']//tr[3]/td[5]/input'.</msg>
<status status="PASS" starttime="20220124 23:09:45.378" endtime="20220124 23:09:45.674"/>
</kw>
<kw name="Click Element" library="Selenium2Library">
<arg>css:input[value='UPDATE CHART']</arg>
<doc>Click the element identified by ``locator``.</doc>
<msg timestamp="20220124 23:09:45.675" level="INFO">Clicking element 'css:input[value='UPDATE CHART']'.</msg>
<status status="PASS" starttime="20220124 23:09:45.674" endtime="20220124 23:09:49.596"/>
</kw>
<status status="PASS" starttime="20220124 23:09:42.284" endtime="20220124 23:09:49.597"/>
</kw>
<status status="PASS" starttime="20220124 23:09:42.284" endtime="20220124 23:09:49.597"/>
</kw>
<kw name="Scroll Element Into View" library="Selenium2Library">
<arg>css:#ChartImage</arg>
<doc>Scrolls the element identified by ``locator`` into view.</doc>
<status status="PASS" starttime="20220124 23:09:49.597" endtime="20220124 23:09:49.876"/>
</kw>
<kw name="Wait Until Element Is Visible" library="Selenium2Library">
<arg>css:#ChartImage</arg>
<doc>Waits until the element ``locator`` is visible.</doc>
<status status="PASS" starttime="20220124 23:09:49.877" endtime="20220124 23:09:49.899"/>
</kw>
<kw name="Execute Javascript" library="Selenium2Library">
<arg>window.scrollTo(0, 350);</arg>
<doc>Executes the given JavaScript code with possible arguments.</doc>
<msg timestamp="20220124 23:09:49.900" level="INFO">Executing JavaScript:
window.scrollTo(0, 350);
Without any arguments.</msg>
<status status="PASS" starttime="20220124 23:09:49.900" endtime="20220124 23:09:49.916"/>
</kw>
<for flavor="IN">
<var>${text}</var>
<value>@{queryResults}</value>
<status status="PASS" starttime="20220124 23:09:49.917" endtime="20220124 23:09:49.917"/>
</for>
<kw name="Disconnect From Database" library="DatabaseLibrary">
<doc>Disconnects from the database.</doc>
<msg timestamp="20220124 23:09:49.918" level="INFO">Executing : Disconnect From Database</msg>
<status status="PASS" starttime="20220124 23:09:49.918" endtime="20220124 23:09:49.918"/>
</kw>
<tag>bull</tag>
<status status="PASS" starttime="20220124 23:09:36.887" endtime="20220124 23:09:49.918"/>
</test>
<kw name="Close Browser" library="Selenium2Library" type="TEARDOWN">
<doc>Closes the current browser.</doc>
<status status="PASS" starttime="20220124 23:09:49.922" endtime="20220124 23:09:52.254"/>
</kw>
<status status="PASS" starttime="20220124 23:09:31.592" endtime="20220124 23:09:52.254"/>
</suite>
<statistics>
<total>
<stat pass="1" fail="0" skip="0">All Tests</stat>
</total>
<tag>
<stat pass="1" fail="0" skip="0">bull</stat>
</tag>
<suite>
<stat pass="1" fail="0" skip="0" id="s1" name="Chartinkscreen">Chartinkscreen</stat>
</suite>
</statistics>
<errors>
<msg timestamp="20220124 23:09:31.987" level="ERROR">Error in file 'C:\Users\User\PycharmProjects\stock\SeleniumLibrary\keywords.robot' on line 2: Importing library 'C:\Users\User\PycharmProjects\stock\SeleniumLibrary\keywords\BrowserManagementKeywords.py' failed: ImportError: attempted relative import with no known parent package
Traceback (most recent call last):
  File "C:\Users\User\PycharmProjects\stock\SeleniumLibrary\keywords\BrowserManagementKeywords.py", line 30, in &lt;module&gt;
    from .webdrivertools import WebDriverCreator
PYTHONPATH:
  C:\Users\User\AppData\Local\Programs\Python\Python39\Scripts\robot.exe
  c:\users\user\appdata\local\programs\python\python39\python39.zip
  c:\users\user\appdata\local\programs\python\python39\DLLs
  c:\users\user\appdata\local\programs\python\python39\lib
  c:\users\user\appdata\local\programs\python\python39
  c:\users\user\appdata\local\programs\python\python39\lib\site-packages</msg>
</errors>
</robot>
