<?xml version="1.0" encoding="UTF-8"?>
<robot generator="Robot 4.1.1 (Python 3.9.5 on win32)" generated="20220121 18:50:44.224" rpa="false" schemaversion="2">
<suite id="s1" name="Chartinkscreen" source="C:\Users\User\PycharmProjects\stock\pysmartapi\chartinkscreen.robot">
<kw name="Open Browser Test" type="SETUP">
<arg>${HOMEPAGE}</arg>
<kw name="Remove Files" library="OperatingSystem">
<doc>Uses `Remove File` to remove multiple files one-by-one.</doc>
<status status="PASS" starttime="20220121 18:50:44.549" endtime="20220121 18:50:44.549"/>
</kw>
<kw name="Open Browser" library="Selenium2Library">
<arg>${URL}</arg>
<arg>${BROWSER}</arg>
<doc>Opens a new browser instance to the optional ``url``.</doc>
<msg timestamp="20220121 18:50:44.550" level="INFO">Opening browser 'chrome' to base url 'https://chartink.com/stocks'.</msg>
<status status="PASS" starttime="20220121 18:50:44.549" endtime="20220121 18:50:46.531"/>
</kw>
<kw name="Maximize Browser Window" library="Selenium2Library">
<doc>Maximizes current browser window.</doc>
<status status="PASS" starttime="20220121 18:50:46.532" endtime="20220121 18:50:46.665"/>
</kw>
<status status="PASS" starttime="20220121 18:50:44.549" endtime="20220121 18:50:46.666"/>
</kw>
<test id="s1-t1" name="Stock Screens">
<kw name="Log Variables" library="BuiltIn">
<doc>Logs all variables in the current scope with given log level.</doc>
<msg timestamp="20220121 18:50:46.667" level="INFO">${/} = \</msg>
<msg timestamp="20220121 18:50:46.667" level="INFO">${:} = ;</msg>
<msg timestamp="20220121 18:50:46.668" level="INFO">${\n} = 
</msg>
<msg timestamp="20220121 18:50:46.668" level="INFO">${BROWSER} = chrome</msg>
<msg timestamp="20220121 18:50:46.668" level="INFO">${DEBUG_FILE} = NONE</msg>
<msg timestamp="20220121 18:50:46.668" level="INFO">${EXECDIR} = C:\Users\User\PycharmProjects\stock</msg>
<msg timestamp="20220121 18:50:46.668" level="INFO">${False} = False</msg>
<msg timestamp="20220121 18:50:46.668" level="INFO">${HOMEPAGE} = https://chartink.com/stocks</msg>
<msg timestamp="20220121 18:50:46.668" level="INFO">${LOG_FILE} = C:\Users\User\PycharmProjects\stock\testresults\log.html</msg>
<msg timestamp="20220121 18:50:46.668" level="INFO">${LOG_LEVEL} = INFO</msg>
<msg timestamp="20220121 18:50:46.668" level="INFO">${None} = None</msg>
<msg timestamp="20220121 18:50:46.669" level="INFO">${null} = None</msg>
<msg timestamp="20220121 18:50:46.669" level="INFO">${OUTPUT_DIR} = C:\Users\User\PycharmProjects\stock\testresults</msg>
<msg timestamp="20220121 18:50:46.669" level="INFO">${OUTPUT_FILE} = C:\Users\User\PycharmProjects\stock\testresults\output.xml</msg>
<msg timestamp="20220121 18:50:46.669" level="INFO">${PREV_TEST_MESSAGE} = </msg>
<msg timestamp="20220121 18:50:46.669" level="INFO">${PREV_TEST_NAME} = </msg>
<msg timestamp="20220121 18:50:46.669" level="INFO">${PREV_TEST_STATUS} = </msg>
<msg timestamp="20220121 18:50:46.669" level="INFO">${REPORT_FILE} = C:\Users\User\PycharmProjects\stock\testresults\report.html</msg>
<msg timestamp="20220121 18:50:46.669" level="INFO">${SPACE} =  </msg>
<msg timestamp="20220121 18:50:46.669" level="INFO">${SUITE_DOCUMENTATION} = </msg>
<msg timestamp="20220121 18:50:46.669" level="INFO">&amp;{SUITE_METADATA} = { }</msg>
<msg timestamp="20220121 18:50:46.669" level="INFO">${SUITE_NAME} = Chartinkscreen</msg>
<msg timestamp="20220121 18:50:46.670" level="INFO">${SUITE_SOURCE} = C:\Users\User\PycharmProjects\stock\pysmartapi\chartinkscreen.robot</msg>
<msg timestamp="20220121 18:50:46.670" level="INFO">${TEMPDIR} = C:\Users\User\AppData\Local\Temp</msg>
<msg timestamp="20220121 18:50:46.670" level="INFO">${TEST_DOCUMENTATION} = </msg>
<msg timestamp="20220121 18:50:46.670" level="INFO">${TEST_NAME} = Stock Screens</msg>
<msg timestamp="20220121 18:50:46.670" level="INFO">@{TEST_TAGS} = [ ]</msg>
<msg timestamp="20220121 18:50:46.670" level="INFO">${True} = True</msg>
<status status="PASS" starttime="20220121 18:50:46.667" endtime="20220121 18:50:46.670"/>
</kw>
<kw name="Connect To Database" library="DatabaseLibrary">
<arg>psycopg2</arg>
<arg>postgres</arg>
<arg>postgres</arg>
<arg>admin</arg>
<arg>localhost</arg>
<arg>5432</arg>
<doc>Loads the DB API 2.0 module given `dbapiModuleName` then uses it to
connect to the database using `dbName`, `dbUsername`, and `dbPassword`.</doc>
<msg timestamp="20220121 18:50:46.688" level="INFO">Connecting using : psycopg2.connect(database=postgres, user=postgres, password=admin, host=localhost, port=5432) </msg>
<status status="PASS" starttime="20220121 18:50:46.671" endtime="20220121 18:50:46.728"/>
</kw>
<kw name="Query" library="DatabaseLibrary">
<var>@{queryResults}</var>
<arg>SELECT distinct * FROM chartink</arg>
<doc>Uses the input `selectStatement` to query for the values that will be returned as a list of tuples. Set optional
input `sansTran` to True to run command without an explicit transaction commit or rollback.
Set optional input `returnAsDict` to True to return values as a list of dictionaries.</doc>
<msg timestamp="20220121 18:50:46.729" level="INFO">Executing : Query  |  SELECT distinct * FROM chartink </msg>
<msg timestamp="20220121 18:50:46.731" level="INFO">@{queryResults} = [ ('APOLLOHOSP',) | ('LINCPEN',) | ('RAIN',) | ('SANGAMIND',) | ('BAJAJHLDNG',) | ('SALONA',) | ('SIRCA',) | ('POWERINDIA',) | ('HINDUNILVR',) | ('SUPRAJIT',) | ('BBL',) | ('IVZINGOLD',) | ('CHOLAFIN'...</msg>
<status status="PASS" starttime="20220121 18:50:46.729" endtime="20220121 18:50:46.731"/>
</kw>
<kw name="Go To" library="Selenium2Library">
<arg>${HOMEPAGE}/bse.html</arg>
<doc>Navigates the current browser window to the provided ``url``.</doc>
<msg timestamp="20220121 18:50:46.732" level="INFO">Opening url 'https://chartink.com/stocks/bse.html'</msg>
<status status="PASS" starttime="20220121 18:50:46.732" endtime="20220121 18:50:48.974"/>
</kw>
<kw name="Wait Until Keyword Succeeds" library="BuiltIn">
<arg>10s</arg>
<arg>1s</arg>
<arg>Select Chart</arg>
<doc>Runs the specified keyword and retries if it fails.</doc>
<kw name="Select Chart">
<kw name="Click Element" library="Selenium2Library">
<arg>css:#ti</arg>
<doc>Click the element identified by ``locator``.</doc>
<msg timestamp="20220121 18:50:48.977" level="INFO">Clicking element 'css:#ti'.</msg>
<status status="PASS" starttime="20220121 18:50:48.976" endtime="20220121 18:50:49.172"/>
</kw>
<kw name="Click Link" library="Selenium2Library">
<arg>link:Moving Avgs</arg>
<doc>Clicks a link identified by ``locator``.</doc>
<msg timestamp="20220121 18:50:49.173" level="INFO">Clicking link 'link:Moving Avgs'.</msg>
<status status="PASS" starttime="20220121 18:50:49.172" endtime="20220121 18:50:49.657"/>
</kw>
<kw name="Select From List By Label" library="Selenium2Library">
<arg>css:#a2v</arg>
<arg>Exponential</arg>
<doc>Selects options from selection list ``locator`` by ``labels``.</doc>
<msg timestamp="20220121 18:50:49.658" level="INFO">Selecting options from selection list 'css:#a2v' by label Exponential.</msg>
<status status="PASS" starttime="20220121 18:50:49.657" endtime="20220121 18:50:49.796"/>
</kw>
<kw name="Input Text" library="Selenium2Library">
<arg>//div[@id='moving_avgs']//tr/td[5]/input</arg>
<arg>42</arg>
<doc>Types the given ``text`` into the text field identified by ``locator``.</doc>
<msg timestamp="20220121 18:50:49.797" level="INFO">Typing text '42' into text field '//div[@id='moving_avgs']//tr/td[5]/input'.</msg>
<status status="PASS" starttime="20220121 18:50:49.796" endtime="20220121 18:50:49.927"/>
</kw>
<kw name="Input Text" library="Selenium2Library">
<arg>//div[@id='moving_avgs']//tr[3]/td[5]/input</arg>
<arg>20</arg>
<doc>Types the given ``text`` into the text field identified by ``locator``.</doc>
<msg timestamp="20220121 18:50:49.927" level="INFO">Typing text '20' into text field '//div[@id='moving_avgs']//tr[3]/td[5]/input'.</msg>
<status status="PASS" starttime="20220121 18:50:49.927" endtime="20220121 18:50:50.027"/>
</kw>
<kw name="Click Element" library="Selenium2Library">
<arg>css:input[value='UPDATE CHART']</arg>
<doc>Click the element identified by ``locator``.</doc>
<msg timestamp="20220121 18:50:50.027" level="INFO">Clicking element 'css:input[value='UPDATE CHART']'.</msg>
<status status="PASS" starttime="20220121 18:50:50.027" endtime="20220121 18:50:51.857"/>
</kw>
<status status="PASS" starttime="20220121 18:50:48.975" endtime="20220121 18:50:51.857"/>
</kw>
<status status="PASS" starttime="20220121 18:50:48.975" endtime="20220121 18:50:51.857"/>
</kw>
<kw name="Scroll Element Into View" library="Selenium2Library">
<arg>css:#ChartImage</arg>
<doc>Scrolls the element identified by ``locator`` into view.</doc>
<status status="PASS" starttime="20220121 18:50:51.937" endtime="20220121 18:50:52.454"/>
</kw>
<kw name="Wait Until Element Is Visible" library="Selenium2Library">
<arg>css:#ChartImage</arg>
<doc>Waits until the element ``locator`` is visible.</doc>
<status status="PASS" starttime="20220121 18:50:52.455" endtime="20220121 18:50:52.486"/>
</kw>
<kw name="Execute Javascript" library="Selenium2Library">
<arg>window.scrollTo(0, 350);</arg>
<doc>Executes the given JavaScript code with possible arguments.</doc>
<msg timestamp="20220121 18:50:52.488" level="INFO">Executing JavaScript:
window.scrollTo(0, 350);
Without any arguments.</msg>
<status status="PASS" starttime="20220121 18:50:52.487" endtime="20220121 18:50:52.504"/>
</kw>
<for flavor="IN">
<var>${text}</var>
<value>@{queryResults}</value>
<iter>
<var name="${text}">('APOLLOHOSP',)</var>
<kw name="Log" library="BuiltIn">
<arg>${text}</arg>
<doc>Logs the given message with the given level.</doc>
<msg timestamp="20220121 18:50:52.506" level="INFO">('APOLLOHOSP',)</msg>
<status status="PASS" starttime="20220121 18:50:52.505" endtime="20220121 18:50:52.506"/>
</kw>
<kw name="Go To" library="Selenium2Library">
<arg>${HOMEPAGE}/${text}[0].html</arg>
<doc>Navigates the current browser window to the provided ``url``.</doc>
<msg timestamp="20220121 18:50:52.507" level="INFO">Opening url 'https://chartink.com/stocks/APOLLOHOSP.html'</msg>
<status status="PASS" starttime="20220121 18:50:52.506" endtime="20220121 18:50:54.799"/>
</kw>
<kw name="Sleep" library="BuiltIn">
<arg>1s</arg>
<doc>Pauses the test executed for the given time.</doc>
<msg timestamp="20220121 18:50:55.813" level="INFO">Slept 1 second</msg>
<status status="PASS" starttime="20220121 18:50:54.799" endtime="20220121 18:50:55.813"/>
</kw>
<kw name="Execute Javascript" library="Selenium2Library">
<arg>window.scrollTo(0, 350);</arg>
<doc>Executes the given JavaScript code with possible arguments.</doc>
<msg timestamp="20220121 18:50:55.814" level="INFO">Executing JavaScript:
window.scrollTo(0, 350);
Without any arguments.</msg>
<status status="PASS" starttime="20220121 18:50:55.813" endtime="20220121 18:50:55.827"/>
</kw>
<kw name="Capture Page Screenshot" library="Selenium2Library">
<arg>${text}[0]_chartink</arg>
<doc>Takes a screenshot of the current page and embeds it into a log file.</doc>
<msg timestamp="20220121 18:50:56.009" level="INFO" html="true">&lt;/td&gt;&lt;/tr&gt;&lt;tr&gt;&lt;td colspan="3"&gt;&lt;a href="APOLLOHOSP_chartink"&gt;&lt;img src="APOLLOHOSP_chartink" width="800px"&gt;&lt;/a&gt;</msg>
<msg timestamp="20220121 18:50:56.009" level="INFO">c:\users\user\appdata\local\programs\python\python39\lib\site-packages\selenium\webdriver\remote\webdriver.py:1030: UserWarning: name used for saved screenshot does not match file type. It should end with a `.png` extension
  warnings.warn("name used for saved screenshot does not match file "</msg>
<status status="PASS" starttime="20220121 18:50:55.827" endtime="20220121 18:50:56.009"/>
</kw>
<status status="PASS" starttime="20220121 18:50:52.505" endtime="20220121 18:50:56.009"/>
</iter>
<iter>
<var name="${text}">('LINCPEN',)</var>
<kw name="Log" library="BuiltIn">
<arg>${text}</arg>
<doc>Logs the given message with the given level.</doc>
<msg timestamp="20220121 18:50:56.010" level="INFO">('LINCPEN',)</msg>
<status status="PASS" starttime="20220121 18:50:56.010" endtime="20220121 18:50:56.011"/>
</kw>
<kw name="Go To" library="Selenium2Library">
<arg>${HOMEPAGE}/${text}[0].html</arg>
<doc>Navigates the current browser window to the provided ``url``.</doc>
<msg timestamp="20220121 18:50:56.011" level="INFO">Opening url 'https://chartink.com/stocks/LINCPEN.html'</msg>
<status status="PASS" starttime="20220121 18:50:56.011" endtime="20220121 18:50:56.629"/>
</kw>
<kw name="Sleep" library="BuiltIn">
<arg>1s</arg>
<doc>Pauses the test executed for the given time.</doc>
<msg timestamp="20220121 18:50:57.632" level="INFO">Slept 1 second</msg>
<status status="PASS" starttime="20220121 18:50:56.629" endtime="20220121 18:50:57.632"/>
</kw>
<kw name="Execute Javascript" library="Selenium2Library">
<arg>window.scrollTo(0, 350);</arg>
<doc>Executes the given JavaScript code with possible arguments.</doc>
<msg timestamp="20220121 18:50:57.633" level="INFO">Executing JavaScript:
window.scrollTo(0, 350);
Without any arguments.</msg>
<status status="PASS" starttime="20220121 18:50:57.632" endtime="20220121 18:50:57.645"/>
</kw>
<kw name="Capture Page Screenshot" library="Selenium2Library">
<arg>${text}[0]_chartink</arg>
<doc>Takes a screenshot of the current page and embeds it into a log file.</doc>
<msg timestamp="20220121 18:50:57.790" level="INFO" html="true">&lt;/td&gt;&lt;/tr&gt;&lt;tr&gt;&lt;td colspan="3"&gt;&lt;a href="LINCPEN_chartink"&gt;&lt;img src="LINCPEN_chartink" width="800px"&gt;&lt;/a&gt;</msg>
<status status="PASS" starttime="20220121 18:50:57.645" endtime="20220121 18:50:57.790"/>
</kw>
<status status="PASS" starttime="20220121 18:50:56.010" endtime="20220121 18:50:57.790"/>
</iter>
<iter>
<var name="${text}">('RAIN',)</var>
<kw name="Log" library="BuiltIn">
<arg>${text}</arg>
<doc>Logs the given message with the given level.</doc>
<msg timestamp="20220121 18:50:57.791" level="INFO">('RAIN',)</msg>
<status status="PASS" starttime="20220121 18:50:57.791" endtime="20220121 18:50:57.791"/>
</kw>
<kw name="Go To" library="Selenium2Library">
<arg>${HOMEPAGE}/${text}[0].html</arg>
<doc>Navigates the current browser window to the provided ``url``.</doc>
<msg timestamp="20220121 18:50:57.792" level="INFO">Opening url 'https://chartink.com/stocks/RAIN.html'</msg>
<status status="PASS" starttime="20220121 18:50:57.792" endtime="20220121 18:50:59.684"/>
</kw>
<kw name="Sleep" library="BuiltIn">
<arg>1s</arg>
<doc>Pauses the test executed for the given time.</doc>
<msg timestamp="20220121 18:51:00.688" level="INFO">Slept 1 second</msg>
<status status="PASS" starttime="20220121 18:50:59.684" endtime="20220121 18:51:00.688"/>
</kw>
<kw name="Execute Javascript" library="Selenium2Library">
<arg>window.scrollTo(0, 350);</arg>
<doc>Executes the given JavaScript code with possible arguments.</doc>
<msg timestamp="20220121 18:51:00.689" level="INFO">Executing JavaScript:
window.scrollTo(0, 350);
Without any arguments.</msg>
<status status="PASS" starttime="20220121 18:51:00.688" endtime="20220121 18:51:00.710"/>
</kw>
<kw name="Capture Page Screenshot" library="Selenium2Library">
<arg>${text}[0]_chartink</arg>
<doc>Takes a screenshot of the current page and embeds it into a log file.</doc>
<msg timestamp="20220121 18:51:00.903" level="INFO" html="true">&lt;/td&gt;&lt;/tr&gt;&lt;tr&gt;&lt;td colspan="3"&gt;&lt;a href="RAIN_chartink"&gt;&lt;img src="RAIN_chartink" width="800px"&gt;&lt;/a&gt;</msg>
<status status="PASS" starttime="20220121 18:51:00.710" endtime="20220121 18:51:00.904"/>
</kw>
<status status="PASS" starttime="20220121 18:50:57.791" endtime="20220121 18:51:00.904"/>
</iter>
<iter>
<var name="${text}">('SANGAMIND',)</var>
<kw name="Log" library="BuiltIn">
<arg>${text}</arg>
<doc>Logs the given message with the given level.</doc>
<msg timestamp="20220121 18:51:00.905" level="INFO">('SANGAMIND',)</msg>
<status status="PASS" starttime="20220121 18:51:00.904" endtime="20220121 18:51:00.905"/>
</kw>
<kw name="Go To" library="Selenium2Library">
<arg>${HOMEPAGE}/${text}[0].html</arg>
<doc>Navigates the current browser window to the provided ``url``.</doc>
<msg timestamp="20220121 18:51:00.906" level="INFO">Opening url 'https://chartink.com/stocks/SANGAMIND.html'</msg>
<status status="PASS" starttime="20220121 18:51:00.905" endtime="20220121 18:51:02.657"/>
</kw>
<kw name="Sleep" library="BuiltIn">
<arg>1s</arg>
<doc>Pauses the test executed for the given time.</doc>
<msg timestamp="20220121 18:51:03.665" level="INFO">Slept 1 second</msg>
<status status="PASS" starttime="20220121 18:51:02.657" endtime="20220121 18:51:03.665"/>
</kw>
<kw name="Execute Javascript" library="Selenium2Library">
<arg>window.scrollTo(0, 350);</arg>
<doc>Executes the given JavaScript code with possible arguments.</doc>
<msg timestamp="20220121 18:51:03.667" level="INFO">Executing JavaScript:
window.scrollTo(0, 350);
Without any arguments.</msg>
<status status="PASS" starttime="20220121 18:51:03.666" endtime="20220121 18:51:03.677"/>
</kw>
<kw name="Capture Page Screenshot" library="Selenium2Library">
<arg>${text}[0]_chartink</arg>
<doc>Takes a screenshot of the current page and embeds it into a log file.</doc>
<msg timestamp="20220121 18:51:03.819" level="INFO" html="true">&lt;/td&gt;&lt;/tr&gt;&lt;tr&gt;&lt;td colspan="3"&gt;&lt;a href="SANGAMIND_chartink"&gt;&lt;img src="SANGAMIND_chartink" width="800px"&gt;&lt;/a&gt;</msg>
<status status="PASS" starttime="20220121 18:51:03.677" endtime="20220121 18:51:03.819"/>
</kw>
<status status="PASS" starttime="20220121 18:51:00.904" endtime="20220121 18:51:03.819"/>
</iter>
<iter>
<var name="${text}">('BAJAJHLDNG',)</var>
<kw name="Log" library="BuiltIn">
<arg>${text}</arg>
<doc>Logs the given message with the given level.</doc>
<msg timestamp="20220121 18:51:03.820" level="INFO">('BAJAJHLDNG',)</msg>
<status status="PASS" starttime="20220121 18:51:03.820" endtime="20220121 18:51:03.820"/>
</kw>
<kw name="Go To" library="Selenium2Library">
<arg>${HOMEPAGE}/${text}[0].html</arg>
<doc>Navigates the current browser window to the provided ``url``.</doc>
<msg timestamp="20220121 18:51:03.821" level="INFO">Opening url 'https://chartink.com/stocks/BAJAJHLDNG.html'</msg>
<status status="PASS" starttime="20220121 18:51:03.820" endtime="20220121 18:51:05.855"/>
</kw>
<kw name="Sleep" library="BuiltIn">
<arg>1s</arg>
<doc>Pauses the test executed for the given time.</doc>
<msg timestamp="20220121 18:51:06.869" level="INFO">Slept 1 second</msg>
<status status="PASS" starttime="20220121 18:51:05.856" endtime="20220121 18:51:06.869"/>
</kw>
<kw name="Execute Javascript" library="Selenium2Library">
<arg>window.scrollTo(0, 350);</arg>
<doc>Executes the given JavaScript code with possible arguments.</doc>
<msg timestamp="20220121 18:51:06.870" level="INFO">Executing JavaScript:
window.scrollTo(0, 350);
Without any arguments.</msg>
<status status="PASS" starttime="20220121 18:51:06.869" endtime="20220121 18:51:06.879"/>
</kw>
<kw name="Capture Page Screenshot" library="Selenium2Library">
<arg>${text}[0]_chartink</arg>
<doc>Takes a screenshot of the current page and embeds it into a log file.</doc>
<msg timestamp="20220121 18:51:07.043" level="INFO" html="true">&lt;/td&gt;&lt;/tr&gt;&lt;tr&gt;&lt;td colspan="3"&gt;&lt;a href="BAJAJHLDNG_chartink"&gt;&lt;img src="BAJAJHLDNG_chartink" width="800px"&gt;&lt;/a&gt;</msg>
<status status="PASS" starttime="20220121 18:51:06.880" endtime="20220121 18:51:07.043"/>
</kw>
<status status="PASS" starttime="20220121 18:51:03.819" endtime="20220121 18:51:07.043"/>
</iter>
<iter>
<var name="${text}">('SALONA',)</var>
<kw name="Log" library="BuiltIn">
<arg>${text}</arg>
<doc>Logs the given message with the given level.</doc>
<msg timestamp="20220121 18:51:07.044" level="INFO">('SALONA',)</msg>
<status status="PASS" starttime="20220121 18:51:07.043" endtime="20220121 18:51:07.044"/>
</kw>
<kw name="Go To" library="Selenium2Library">
<arg>${HOMEPAGE}/${text}[0].html</arg>
<doc>Navigates the current browser window to the provided ``url``.</doc>
<msg timestamp="20220121 18:51:07.044" level="INFO">Opening url 'https://chartink.com/stocks/SALONA.html'</msg>
<status status="PASS" starttime="20220121 18:51:07.044" endtime="20220121 18:51:09.750"/>
</kw>
<kw name="Sleep" library="BuiltIn">
<arg>1s</arg>
<doc>Pauses the test executed for the given time.</doc>
<msg timestamp="20220121 18:51:10.755" level="INFO">Slept 1 second</msg>
<status status="PASS" starttime="20220121 18:51:09.750" endtime="20220121 18:51:10.756"/>
</kw>
<kw name="Execute Javascript" library="Selenium2Library">
<arg>window.scrollTo(0, 350);</arg>
<doc>Executes the given JavaScript code with possible arguments.</doc>
<msg timestamp="20220121 18:51:10.758" level="INFO">Executing JavaScript:
window.scrollTo(0, 350);
Without any arguments.</msg>
<status status="PASS" starttime="20220121 18:51:10.756" endtime="20220121 18:51:10.797"/>
</kw>
<kw name="Capture Page Screenshot" library="Selenium2Library">
<arg>${text}[0]_chartink</arg>
<doc>Takes a screenshot of the current page and embeds it into a log file.</doc>
<msg timestamp="20220121 18:51:11.221" level="INFO" html="true">&lt;/td&gt;&lt;/tr&gt;&lt;tr&gt;&lt;td colspan="3"&gt;&lt;a href="SALONA_chartink"&gt;&lt;img src="SALONA_chartink" width="800px"&gt;&lt;/a&gt;</msg>
<status status="PASS" starttime="20220121 18:51:10.797" endtime="20220121 18:51:11.221"/>
</kw>
<status status="PASS" starttime="20220121 18:51:07.043" endtime="20220121 18:51:11.221"/>
</iter>
<iter>
<var name="${text}">('SIRCA',)</var>
<kw name="Log" library="BuiltIn">
<arg>${text}</arg>
<doc>Logs the given message with the given level.</doc>
<msg timestamp="20220121 18:51:11.222" level="INFO">('SIRCA',)</msg>
<status status="PASS" starttime="20220121 18:51:11.222" endtime="20220121 18:51:11.223"/>
</kw>
<kw name="Go To" library="Selenium2Library">
<arg>${HOMEPAGE}/${text}[0].html</arg>
<doc>Navigates the current browser window to the provided ``url``.</doc>
<msg timestamp="20220121 18:51:11.223" level="INFO">Opening url 'https://chartink.com/stocks/SIRCA.html'</msg>
<status status="PASS" starttime="20220121 18:51:11.223" endtime="20220121 18:51:12.654"/>
</kw>
<kw name="Sleep" library="BuiltIn">
<arg>1s</arg>
<doc>Pauses the test executed for the given time.</doc>
<msg timestamp="20220121 18:51:13.670" level="INFO">Slept 1 second</msg>
<status status="PASS" starttime="20220121 18:51:12.654" endtime="20220121 18:51:13.670"/>
</kw>
<kw name="Execute Javascript" library="Selenium2Library">
<arg>window.scrollTo(0, 350);</arg>
<doc>Executes the given JavaScript code with possible arguments.</doc>
<msg timestamp="20220121 18:51:13.672" level="INFO">Executing JavaScript:
window.scrollTo(0, 350);
Without any arguments.</msg>
<status status="PASS" starttime="20220121 18:51:13.671" endtime="20220121 18:51:13.706"/>
</kw>
<kw name="Capture Page Screenshot" library="Selenium2Library">
<arg>${text}[0]_chartink</arg>
<doc>Takes a screenshot of the current page and embeds it into a log file.</doc>
<msg timestamp="20220121 18:51:13.915" level="INFO" html="true">&lt;/td&gt;&lt;/tr&gt;&lt;tr&gt;&lt;td colspan="3"&gt;&lt;a href="SIRCA_chartink"&gt;&lt;img src="SIRCA_chartink" width="800px"&gt;&lt;/a&gt;</msg>
<status status="PASS" starttime="20220121 18:51:13.707" endtime="20220121 18:51:13.916"/>
</kw>
<status status="PASS" starttime="20220121 18:51:11.222" endtime="20220121 18:51:13.916"/>
</iter>
<iter>
<var name="${text}">('POWERINDIA',)</var>
<kw name="Log" library="BuiltIn">
<arg>${text}</arg>
<doc>Logs the given message with the given level.</doc>
<msg timestamp="20220121 18:51:13.916" level="INFO">('POWERINDIA',)</msg>
<status status="PASS" starttime="20220121 18:51:13.916" endtime="20220121 18:51:13.917"/>
</kw>
<kw name="Go To" library="Selenium2Library">
<arg>${HOMEPAGE}/${text}[0].html</arg>
<doc>Navigates the current browser window to the provided ``url``.</doc>
<msg timestamp="20220121 18:51:13.917" level="INFO">Opening url 'https://chartink.com/stocks/POWERINDIA.html'</msg>
<status status="PASS" starttime="20220121 18:51:13.917" endtime="20220121 18:51:15.038"/>
</kw>
<kw name="Sleep" library="BuiltIn">
<arg>1s</arg>
<doc>Pauses the test executed for the given time.</doc>
<msg timestamp="20220121 18:51:16.053" level="INFO">Slept 1 second</msg>
<status status="PASS" starttime="20220121 18:51:15.039" endtime="20220121 18:51:16.054"/>
</kw>
<kw name="Execute Javascript" library="Selenium2Library">
<arg>window.scrollTo(0, 350);</arg>
<doc>Executes the given JavaScript code with possible arguments.</doc>
<msg timestamp="20220121 18:51:16.056" level="INFO">Executing JavaScript:
window.scrollTo(0, 350);
Without any arguments.</msg>
<status status="PASS" starttime="20220121 18:51:16.054" endtime="20220121 18:51:16.084"/>
</kw>
<kw name="Capture Page Screenshot" library="Selenium2Library">
<arg>${text}[0]_chartink</arg>
<doc>Takes a screenshot of the current page and embeds it into a log file.</doc>
<msg timestamp="20220121 18:51:16.275" level="INFO" html="true">&lt;/td&gt;&lt;/tr&gt;&lt;tr&gt;&lt;td colspan="3"&gt;&lt;a href="POWERINDIA_chartink"&gt;&lt;img src="POWERINDIA_chartink" width="800px"&gt;&lt;/a&gt;</msg>
<status status="PASS" starttime="20220121 18:51:16.085" endtime="20220121 18:51:16.277"/>
</kw>
<status status="PASS" starttime="20220121 18:51:13.916" endtime="20220121 18:51:16.277"/>
</iter>
<iter>
<var name="${text}">('HINDUNILVR',)</var>
<kw name="Log" library="BuiltIn">
<arg>${text}</arg>
<doc>Logs the given message with the given level.</doc>
<msg timestamp="20220121 18:51:16.277" level="INFO">('HINDUNILVR',)</msg>
<status status="PASS" starttime="20220121 18:51:16.277" endtime="20220121 18:51:16.277"/>
</kw>
<kw name="Go To" library="Selenium2Library">
<arg>${HOMEPAGE}/${text}[0].html</arg>
<doc>Navigates the current browser window to the provided ``url``.</doc>
<msg timestamp="20220121 18:51:16.278" level="INFO">Opening url 'https://chartink.com/stocks/HINDUNILVR.html'</msg>
<status status="PASS" starttime="20220121 18:51:16.278" endtime="20220121 18:51:17.422"/>
</kw>
<kw name="Sleep" library="BuiltIn">
<arg>1s</arg>
<doc>Pauses the test executed for the given time.</doc>
<msg timestamp="20220121 18:51:18.423" level="INFO">Slept 1 second</msg>
<status status="PASS" starttime="20220121 18:51:17.423" endtime="20220121 18:51:18.423"/>
</kw>
<kw name="Execute Javascript" library="Selenium2Library">
<arg>window.scrollTo(0, 350);</arg>
<doc>Executes the given JavaScript code with possible arguments.</doc>
<msg timestamp="20220121 18:51:18.426" level="INFO">Executing JavaScript:
window.scrollTo(0, 350);
Without any arguments.</msg>
<status status="PASS" starttime="20220121 18:51:18.424" endtime="20220121 18:51:18.455"/>
</kw>
<kw name="Capture Page Screenshot" library="Selenium2Library">
<arg>${text}[0]_chartink</arg>
<doc>Takes a screenshot of the current page and embeds it into a log file.</doc>
<msg timestamp="20220121 18:51:18.657" level="INFO" html="true">&lt;/td&gt;&lt;/tr&gt;&lt;tr&gt;&lt;td colspan="3"&gt;&lt;a href="HINDUNILVR_chartink"&gt;&lt;img src="HINDUNILVR_chartink" width="800px"&gt;&lt;/a&gt;</msg>
<status status="PASS" starttime="20220121 18:51:18.455" endtime="20220121 18:51:18.657"/>
</kw>
<status status="PASS" starttime="20220121 18:51:16.277" endtime="20220121 18:51:18.658"/>
</iter>
<iter>
<var name="${text}">('SUPRAJIT',)</var>
<kw name="Log" library="BuiltIn">
<arg>${text}</arg>
<doc>Logs the given message with the given level.</doc>
<msg timestamp="20220121 18:51:18.658" level="INFO">('SUPRAJIT',)</msg>
<status status="PASS" starttime="20220121 18:51:18.658" endtime="20220121 18:51:18.658"/>
</kw>
<kw name="Go To" library="Selenium2Library">
<arg>${HOMEPAGE}/${text}[0].html</arg>
<doc>Navigates the current browser window to the provided ``url``.</doc>
<msg timestamp="20220121 18:51:18.659" level="INFO">Opening url 'https://chartink.com/stocks/SUPRAJIT.html'</msg>
<status status="PASS" starttime="20220121 18:51:18.658" endtime="20220121 18:51:21.047"/>
</kw>
<kw name="Sleep" library="BuiltIn">
<arg>1s</arg>
<doc>Pauses the test executed for the given time.</doc>
<msg timestamp="20220121 18:51:22.059" level="INFO">Slept 1 second</msg>
<status status="PASS" starttime="20220121 18:51:21.048" endtime="20220121 18:51:22.059"/>
</kw>
<kw name="Execute Javascript" library="Selenium2Library">
<arg>window.scrollTo(0, 350);</arg>
<doc>Executes the given JavaScript code with possible arguments.</doc>
<msg timestamp="20220121 18:51:22.061" level="INFO">Executing JavaScript:
window.scrollTo(0, 350);
Without any arguments.</msg>
<status status="PASS" starttime="20220121 18:51:22.060" endtime="20220121 18:51:22.098"/>
</kw>
<kw name="Capture Page Screenshot" library="Selenium2Library">
<arg>${text}[0]_chartink</arg>
<doc>Takes a screenshot of the current page and embeds it into a log file.</doc>
<msg timestamp="20220121 18:51:22.237" level="INFO" html="true">&lt;/td&gt;&lt;/tr&gt;&lt;tr&gt;&lt;td colspan="3"&gt;&lt;a href="SUPRAJIT_chartink"&gt;&lt;img src="SUPRAJIT_chartink" width="800px"&gt;&lt;/a&gt;</msg>
<status status="PASS" starttime="20220121 18:51:22.099" endtime="20220121 18:51:22.237"/>
</kw>
<status status="PASS" starttime="20220121 18:51:18.658" endtime="20220121 18:51:22.237"/>
</iter>
<iter>
<var name="${text}">('BBL',)</var>
<kw name="Log" library="BuiltIn">
<arg>${text}</arg>
<doc>Logs the given message with the given level.</doc>
<msg timestamp="20220121 18:51:22.237" level="INFO">('BBL',)</msg>
<status status="PASS" starttime="20220121 18:51:22.237" endtime="20220121 18:51:22.237"/>
</kw>
<kw name="Go To" library="Selenium2Library">
<arg>${HOMEPAGE}/${text}[0].html</arg>
<doc>Navigates the current browser window to the provided ``url``.</doc>
<msg timestamp="20220121 18:51:22.238" level="INFO">Opening url 'https://chartink.com/stocks/BBL.html'</msg>
<status status="PASS" starttime="20220121 18:51:22.237" endtime="20220121 18:51:23.505"/>
</kw>
<kw name="Sleep" library="BuiltIn">
<arg>1s</arg>
<doc>Pauses the test executed for the given time.</doc>
<msg timestamp="20220121 18:51:24.517" level="INFO">Slept 1 second</msg>
<status status="PASS" starttime="20220121 18:51:23.505" endtime="20220121 18:51:24.517"/>
</kw>
<kw name="Execute Javascript" library="Selenium2Library">
<arg>window.scrollTo(0, 350);</arg>
<doc>Executes the given JavaScript code with possible arguments.</doc>
<msg timestamp="20220121 18:51:24.520" level="INFO">Executing JavaScript:
window.scrollTo(0, 350);
Without any arguments.</msg>
<status status="PASS" starttime="20220121 18:51:24.518" endtime="20220121 18:51:24.548"/>
</kw>
<kw name="Capture Page Screenshot" library="Selenium2Library">
<arg>${text}[0]_chartink</arg>
<doc>Takes a screenshot of the current page and embeds it into a log file.</doc>
<msg timestamp="20220121 18:51:24.741" level="INFO" html="true">&lt;/td&gt;&lt;/tr&gt;&lt;tr&gt;&lt;td colspan="3"&gt;&lt;a href="BBL_chartink"&gt;&lt;img src="BBL_chartink" width="800px"&gt;&lt;/a&gt;</msg>
<status status="PASS" starttime="20220121 18:51:24.549" endtime="20220121 18:51:24.741"/>
</kw>
<status status="PASS" starttime="20220121 18:51:22.237" endtime="20220121 18:51:24.741"/>
</iter>
<iter>
<var name="${text}">('IVZINGOLD',)</var>
<kw name="Log" library="BuiltIn">
<arg>${text}</arg>
<doc>Logs the given message with the given level.</doc>
<msg timestamp="20220121 18:51:24.742" level="INFO">('IVZINGOLD',)</msg>
<status status="PASS" starttime="20220121 18:51:24.742" endtime="20220121 18:51:24.742"/>
</kw>
<kw name="Go To" library="Selenium2Library">
<arg>${HOMEPAGE}/${text}[0].html</arg>
<doc>Navigates the current browser window to the provided ``url``.</doc>
<msg timestamp="20220121 18:51:24.743" level="INFO">Opening url 'https://chartink.com/stocks/IVZINGOLD.html'</msg>
<status status="PASS" starttime="20220121 18:51:24.742" endtime="20220121 18:51:26.687"/>
</kw>
<kw name="Sleep" library="BuiltIn">
<arg>1s</arg>
<doc>Pauses the test executed for the given time.</doc>
<msg timestamp="20220121 18:51:27.697" level="INFO">Slept 1 second</msg>
<status status="PASS" starttime="20220121 18:51:26.688" endtime="20220121 18:51:27.698"/>
</kw>
<kw name="Execute Javascript" library="Selenium2Library">
<arg>window.scrollTo(0, 350);</arg>
<doc>Executes the given JavaScript code with possible arguments.</doc>
<msg timestamp="20220121 18:51:27.700" level="INFO">Executing JavaScript:
window.scrollTo(0, 350);
Without any arguments.</msg>
<status status="PASS" starttime="20220121 18:51:27.698" endtime="20220121 18:51:27.733"/>
</kw>
<kw name="Capture Page Screenshot" library="Selenium2Library">
<arg>${text}[0]_chartink</arg>
<doc>Takes a screenshot of the current page and embeds it into a log file.</doc>
<msg timestamp="20220121 18:51:27.885" level="INFO" html="true">&lt;/td&gt;&lt;/tr&gt;&lt;tr&gt;&lt;td colspan="3"&gt;&lt;a href="IVZINGOLD_chartink"&gt;&lt;img src="IVZINGOLD_chartink" width="800px"&gt;&lt;/a&gt;</msg>
<status status="PASS" starttime="20220121 18:51:27.734" endtime="20220121 18:51:27.885"/>
</kw>
<status status="PASS" starttime="20220121 18:51:24.742" endtime="20220121 18:51:27.886"/>
</iter>
<iter>
<var name="${text}">('CHOLAFIN',)</var>
<kw name="Log" library="BuiltIn">
<arg>${text}</arg>
<doc>Logs the given message with the given level.</doc>
<msg timestamp="20220121 18:51:27.886" level="INFO">('CHOLAFIN',)</msg>
<status status="PASS" starttime="20220121 18:51:27.886" endtime="20220121 18:51:27.886"/>
</kw>
<kw name="Go To" library="Selenium2Library">
<arg>${HOMEPAGE}/${text}[0].html</arg>
<doc>Navigates the current browser window to the provided ``url``.</doc>
<msg timestamp="20220121 18:51:27.887" level="INFO">Opening url 'https://chartink.com/stocks/CHOLAFIN.html'</msg>
<status status="PASS" starttime="20220121 18:51:27.886" endtime="20220121 18:51:29.567"/>
</kw>
<kw name="Sleep" library="BuiltIn">
<arg>1s</arg>
<doc>Pauses the test executed for the given time.</doc>
<msg timestamp="20220121 18:51:30.575" level="INFO">Slept 1 second</msg>
<status status="PASS" starttime="20220121 18:51:29.568" endtime="20220121 18:51:30.575"/>
</kw>
<kw name="Execute Javascript" library="Selenium2Library">
<arg>window.scrollTo(0, 350);</arg>
<doc>Executes the given JavaScript code with possible arguments.</doc>
<msg timestamp="20220121 18:51:30.576" level="INFO">Executing JavaScript:
window.scrollTo(0, 350);
Without any arguments.</msg>
<status status="PASS" starttime="20220121 18:51:30.575" endtime="20220121 18:51:30.592"/>
</kw>
<kw name="Capture Page Screenshot" library="Selenium2Library">
<arg>${text}[0]_chartink</arg>
<doc>Takes a screenshot of the current page and embeds it into a log file.</doc>
<msg timestamp="20220121 18:51:30.751" level="INFO" html="true">&lt;/td&gt;&lt;/tr&gt;&lt;tr&gt;&lt;td colspan="3"&gt;&lt;a href="CHOLAFIN_chartink"&gt;&lt;img src="CHOLAFIN_chartink" width="800px"&gt;&lt;/a&gt;</msg>
<status status="PASS" starttime="20220121 18:51:30.592" endtime="20220121 18:51:30.752"/>
</kw>
<status status="PASS" starttime="20220121 18:51:27.886" endtime="20220121 18:51:30.752"/>
</iter>
<iter>
<var name="${text}">('VGUARD',)</var>
<kw name="Log" library="BuiltIn">
<arg>${text}</arg>
<doc>Logs the given message with the given level.</doc>
<msg timestamp="20220121 18:51:30.752" level="INFO">('VGUARD',)</msg>
<status status="PASS" starttime="20220121 18:51:30.752" endtime="20220121 18:51:30.752"/>
</kw>
<kw name="Go To" library="Selenium2Library">
<arg>${HOMEPAGE}/${text}[0].html</arg>
<doc>Navigates the current browser window to the provided ``url``.</doc>
<msg timestamp="20220121 18:51:30.753" level="INFO">Opening url 'https://chartink.com/stocks/VGUARD.html'</msg>
<status status="PASS" starttime="20220121 18:51:30.753" endtime="20220121 18:51:31.855"/>
</kw>
<kw name="Sleep" library="BuiltIn">
<arg>1s</arg>
<doc>Pauses the test executed for the given time.</doc>
<msg timestamp="20220121 18:51:32.859" level="INFO">Slept 1 second</msg>
<status status="PASS" starttime="20220121 18:51:31.856" endtime="20220121 18:51:32.860"/>
</kw>
<kw name="Execute Javascript" library="Selenium2Library">
<arg>window.scrollTo(0, 350);</arg>
<doc>Executes the given JavaScript code with possible arguments.</doc>
<msg timestamp="20220121 18:51:32.862" level="INFO">Executing JavaScript:
window.scrollTo(0, 350);
Without any arguments.</msg>
<status status="PASS" starttime="20220121 18:51:32.861" endtime="20220121 18:51:32.885"/>
</kw>
<kw name="Capture Page Screenshot" library="Selenium2Library">
<arg>${text}[0]_chartink</arg>
<doc>Takes a screenshot of the current page and embeds it into a log file.</doc>
<msg timestamp="20220121 18:51:33.032" level="INFO" html="true">&lt;/td&gt;&lt;/tr&gt;&lt;tr&gt;&lt;td colspan="3"&gt;&lt;a href="VGUARD_chartink"&gt;&lt;img src="VGUARD_chartink" width="800px"&gt;&lt;/a&gt;</msg>
<status status="PASS" starttime="20220121 18:51:32.886" endtime="20220121 18:51:33.033"/>
</kw>
<status status="PASS" starttime="20220121 18:51:30.752" endtime="20220121 18:51:33.033"/>
</iter>
<iter>
<var name="${text}">('KIRLOSIND',)</var>
<kw name="Log" library="BuiltIn">
<arg>${text}</arg>
<doc>Logs the given message with the given level.</doc>
<msg timestamp="20220121 18:51:33.033" level="INFO">('KIRLOSIND',)</msg>
<status status="PASS" starttime="20220121 18:51:33.033" endtime="20220121 18:51:33.033"/>
</kw>
<kw name="Go To" library="Selenium2Library">
<arg>${HOMEPAGE}/${text}[0].html</arg>
<doc>Navigates the current browser window to the provided ``url``.</doc>
<msg timestamp="20220121 18:51:33.034" level="INFO">Opening url 'https://chartink.com/stocks/KIRLOSIND.html'</msg>
<status status="PASS" starttime="20220121 18:51:33.033" endtime="20220121 18:51:34.503"/>
</kw>
<kw name="Sleep" library="BuiltIn">
<arg>1s</arg>
<doc>Pauses the test executed for the given time.</doc>
<msg timestamp="20220121 18:51:35.515" level="INFO">Slept 1 second</msg>
<status status="PASS" starttime="20220121 18:51:34.504" endtime="20220121 18:51:35.515"/>
</kw>
<kw name="Execute Javascript" library="Selenium2Library">
<arg>window.scrollTo(0, 350);</arg>
<doc>Executes the given JavaScript code with possible arguments.</doc>
<msg timestamp="20220121 18:51:35.516" level="INFO">Executing JavaScript:
window.scrollTo(0, 350);
Without any arguments.</msg>
<status status="PASS" starttime="20220121 18:51:35.515" endtime="20220121 18:51:35.532"/>
</kw>
<kw name="Capture Page Screenshot" library="Selenium2Library">
<arg>${text}[0]_chartink</arg>
<doc>Takes a screenshot of the current page and embeds it into a log file.</doc>
<msg timestamp="20220121 18:51:35.691" level="INFO" html="true">&lt;/td&gt;&lt;/tr&gt;&lt;tr&gt;&lt;td colspan="3"&gt;&lt;a href="KIRLOSIND_chartink"&gt;&lt;img src="KIRLOSIND_chartink" width="800px"&gt;&lt;/a&gt;</msg>
<status status="PASS" starttime="20220121 18:51:35.532" endtime="20220121 18:51:35.692"/>
</kw>
<status status="PASS" starttime="20220121 18:51:33.033" endtime="20220121 18:51:35.692"/>
</iter>
<iter>
<var name="${text}">('KSB',)</var>
<kw name="Log" library="BuiltIn">
<arg>${text}</arg>
<doc>Logs the given message with the given level.</doc>
<msg timestamp="20220121 18:51:35.692" level="INFO">('KSB',)</msg>
<status status="PASS" starttime="20220121 18:51:35.692" endtime="20220121 18:51:35.692"/>
</kw>
<kw name="Go To" library="Selenium2Library">
<arg>${HOMEPAGE}/${text}[0].html</arg>
<doc>Navigates the current browser window to the provided ``url``.</doc>
<msg timestamp="20220121 18:51:35.694" level="INFO">Opening url 'https://chartink.com/stocks/KSB.html'</msg>
<status status="PASS" starttime="20220121 18:51:35.693" endtime="20220121 18:51:36.818"/>
</kw>
<kw name="Sleep" library="BuiltIn">
<arg>1s</arg>
<doc>Pauses the test executed for the given time.</doc>
<msg timestamp="20220121 18:51:37.829" level="INFO">Slept 1 second</msg>
<status status="PASS" starttime="20220121 18:51:36.819" endtime="20220121 18:51:37.830"/>
</kw>
<kw name="Execute Javascript" library="Selenium2Library">
<arg>window.scrollTo(0, 350);</arg>
<doc>Executes the given JavaScript code with possible arguments.</doc>
<msg timestamp="20220121 18:51:37.832" level="INFO">Executing JavaScript:
window.scrollTo(0, 350);
Without any arguments.</msg>
<status status="PASS" starttime="20220121 18:51:37.830" endtime="20220121 18:51:37.861"/>
</kw>
<kw name="Capture Page Screenshot" library="Selenium2Library">
<arg>${text}[0]_chartink</arg>
<doc>Takes a screenshot of the current page and embeds it into a log file.</doc>
<msg timestamp="20220121 18:51:38.047" level="INFO" html="true">&lt;/td&gt;&lt;/tr&gt;&lt;tr&gt;&lt;td colspan="3"&gt;&lt;a href="KSB_chartink"&gt;&lt;img src="KSB_chartink" width="800px"&gt;&lt;/a&gt;</msg>
<status status="PASS" starttime="20220121 18:51:37.862" endtime="20220121 18:51:38.047"/>
</kw>
<status status="PASS" starttime="20220121 18:51:35.692" endtime="20220121 18:51:38.047"/>
</iter>
<iter>
<var name="${text}">('AHLEAST',)</var>
<kw name="Log" library="BuiltIn">
<arg>${text}</arg>
<doc>Logs the given message with the given level.</doc>
<msg timestamp="20220121 18:51:38.048" level="INFO">('AHLEAST',)</msg>
<status status="PASS" starttime="20220121 18:51:38.047" endtime="20220121 18:51:38.048"/>
</kw>
<kw name="Go To" library="Selenium2Library">
<arg>${HOMEPAGE}/${text}[0].html</arg>
<doc>Navigates the current browser window to the provided ``url``.</doc>
<msg timestamp="20220121 18:51:38.048" level="INFO">Opening url 'https://chartink.com/stocks/AHLEAST.html'</msg>
<status status="PASS" starttime="20220121 18:51:38.048" endtime="20220121 18:51:39.132"/>
</kw>
<kw name="Sleep" library="BuiltIn">
<arg>1s</arg>
<doc>Pauses the test executed for the given time.</doc>
<msg timestamp="20220121 18:51:40.133" level="INFO">Slept 1 second</msg>
<status status="PASS" starttime="20220121 18:51:39.132" endtime="20220121 18:51:40.133"/>
</kw>
<kw name="Execute Javascript" library="Selenium2Library">
<arg>window.scrollTo(0, 350);</arg>
<doc>Executes the given JavaScript code with possible arguments.</doc>
<msg timestamp="20220121 18:51:40.135" level="INFO">Executing JavaScript:
window.scrollTo(0, 350);
Without any arguments.</msg>
<status status="PASS" starttime="20220121 18:51:40.134" endtime="20220121 18:51:40.168"/>
</kw>
<kw name="Capture Page Screenshot" library="Selenium2Library">
<arg>${text}[0]_chartink</arg>
<doc>Takes a screenshot of the current page and embeds it into a log file.</doc>
<msg timestamp="20220121 18:51:40.340" level="INFO" html="true">&lt;/td&gt;&lt;/tr&gt;&lt;tr&gt;&lt;td colspan="3"&gt;&lt;a href="AHLEAST_chartink"&gt;&lt;img src="AHLEAST_chartink" width="800px"&gt;&lt;/a&gt;</msg>
<status status="PASS" starttime="20220121 18:51:40.169" endtime="20220121 18:51:40.340"/>
</kw>
<status status="PASS" starttime="20220121 18:51:38.047" endtime="20220121 18:51:40.340"/>
</iter>
<iter>
<var name="${text}">('VAIBHAVGBL',)</var>
<kw name="Log" library="BuiltIn">
<arg>${text}</arg>
<doc>Logs the given message with the given level.</doc>
<msg timestamp="20220121 18:51:40.341" level="INFO">('VAIBHAVGBL',)</msg>
<status status="PASS" starttime="20220121 18:51:40.341" endtime="20220121 18:51:40.341"/>
</kw>
<kw name="Go To" library="Selenium2Library">
<arg>${HOMEPAGE}/${text}[0].html</arg>
<doc>Navigates the current browser window to the provided ``url``.</doc>
<msg timestamp="20220121 18:51:40.342" level="INFO">Opening url 'https://chartink.com/stocks/VAIBHAVGBL.html'</msg>
<status status="PASS" starttime="20220121 18:51:40.341" endtime="20220121 18:51:41.492"/>
</kw>
<kw name="Sleep" library="BuiltIn">
<arg>1s</arg>
<doc>Pauses the test executed for the given time.</doc>
<msg timestamp="20220121 18:51:42.503" level="INFO">Slept 1 second</msg>
<status status="PASS" starttime="20220121 18:51:41.492" endtime="20220121 18:51:42.503"/>
</kw>
<kw name="Execute Javascript" library="Selenium2Library">
<arg>window.scrollTo(0, 350);</arg>
<doc>Executes the given JavaScript code with possible arguments.</doc>
<msg timestamp="20220121 18:51:42.505" level="INFO">Executing JavaScript:
window.scrollTo(0, 350);
Without any arguments.</msg>
<status status="PASS" starttime="20220121 18:51:42.504" endtime="20220121 18:51:42.529"/>
</kw>
<kw name="Capture Page Screenshot" library="Selenium2Library">
<arg>${text}[0]_chartink</arg>
<doc>Takes a screenshot of the current page and embeds it into a log file.</doc>
<msg timestamp="20220121 18:51:42.683" level="INFO" html="true">&lt;/td&gt;&lt;/tr&gt;&lt;tr&gt;&lt;td colspan="3"&gt;&lt;a href="VAIBHAVGBL_chartink"&gt;&lt;img src="VAIBHAVGBL_chartink" width="800px"&gt;&lt;/a&gt;</msg>
<status status="PASS" starttime="20220121 18:51:42.529" endtime="20220121 18:51:42.684"/>
</kw>
<status status="PASS" starttime="20220121 18:51:40.341" endtime="20220121 18:51:42.684"/>
</iter>
<iter>
<var name="${text}">('POLYMED',)</var>
<kw name="Log" library="BuiltIn">
<arg>${text}</arg>
<doc>Logs the given message with the given level.</doc>
<msg timestamp="20220121 18:51:42.685" level="INFO">('POLYMED',)</msg>
<status status="PASS" starttime="20220121 18:51:42.684" endtime="20220121 18:51:42.685"/>
</kw>
<kw name="Go To" library="Selenium2Library">
<arg>${HOMEPAGE}/${text}[0].html</arg>
<doc>Navigates the current browser window to the provided ``url``.</doc>
<msg timestamp="20220121 18:51:42.686" level="INFO">Opening url 'https://chartink.com/stocks/POLYMED.html'</msg>
<status status="PASS" starttime="20220121 18:51:42.685" endtime="20220121 18:51:44.818"/>
</kw>
<kw name="Sleep" library="BuiltIn">
<arg>1s</arg>
<doc>Pauses the test executed for the given time.</doc>
<msg timestamp="20220121 18:51:45.834" level="INFO">Slept 1 second</msg>
<status status="PASS" starttime="20220121 18:51:44.818" endtime="20220121 18:51:45.834"/>
</kw>
<kw name="Execute Javascript" library="Selenium2Library">
<arg>window.scrollTo(0, 350);</arg>
<doc>Executes the given JavaScript code with possible arguments.</doc>
<msg timestamp="20220121 18:51:45.836" level="INFO">Executing JavaScript:
window.scrollTo(0, 350);
Without any arguments.</msg>
<status status="PASS" starttime="20220121 18:51:45.835" endtime="20220121 18:51:45.871"/>
</kw>
<kw name="Capture Page Screenshot" library="Selenium2Library">
<arg>${text}[0]_chartink</arg>
<doc>Takes a screenshot of the current page and embeds it into a log file.</doc>
<msg timestamp="20220121 18:51:46.072" level="INFO" html="true">&lt;/td&gt;&lt;/tr&gt;&lt;tr&gt;&lt;td colspan="3"&gt;&lt;a href="POLYMED_chartink"&gt;&lt;img src="POLYMED_chartink" width="800px"&gt;&lt;/a&gt;</msg>
<status status="PASS" starttime="20220121 18:51:45.872" endtime="20220121 18:51:46.072"/>
</kw>
<status status="PASS" starttime="20220121 18:51:42.684" endtime="20220121 18:51:46.072"/>
</iter>
<iter>
<var name="${text}">('FINEORG',)</var>
<kw name="Log" library="BuiltIn">
<arg>${text}</arg>
<doc>Logs the given message with the given level.</doc>
<msg timestamp="20220121 18:51:46.073" level="INFO">('FINEORG',)</msg>
<status status="PASS" starttime="20220121 18:51:46.073" endtime="20220121 18:51:46.073"/>
</kw>
<kw name="Go To" library="Selenium2Library">
<arg>${HOMEPAGE}/${text}[0].html</arg>
<doc>Navigates the current browser window to the provided ``url``.</doc>
<msg timestamp="20220121 18:51:46.073" level="INFO">Opening url 'https://chartink.com/stocks/FINEORG.html'</msg>
<status status="PASS" starttime="20220121 18:51:46.073" endtime="20220121 18:51:48.216"/>
</kw>
<kw name="Sleep" library="BuiltIn">
<arg>1s</arg>
<doc>Pauses the test executed for the given time.</doc>
<msg timestamp="20220121 18:51:49.227" level="INFO">Slept 1 second</msg>
<status status="PASS" starttime="20220121 18:51:48.216" endtime="20220121 18:51:49.227"/>
</kw>
<kw name="Execute Javascript" library="Selenium2Library">
<arg>window.scrollTo(0, 350);</arg>
<doc>Executes the given JavaScript code with possible arguments.</doc>
<msg timestamp="20220121 18:51:49.230" level="INFO">Executing JavaScript:
window.scrollTo(0, 350);
Without any arguments.</msg>
<status status="PASS" starttime="20220121 18:51:49.228" endtime="20220121 18:51:49.262"/>
</kw>
<kw name="Capture Page Screenshot" library="Selenium2Library">
<arg>${text}[0]_chartink</arg>
<doc>Takes a screenshot of the current page and embeds it into a log file.</doc>
<msg timestamp="20220121 18:51:49.424" level="INFO" html="true">&lt;/td&gt;&lt;/tr&gt;&lt;tr&gt;&lt;td colspan="3"&gt;&lt;a href="FINEORG_chartink"&gt;&lt;img src="FINEORG_chartink" width="800px"&gt;&lt;/a&gt;</msg>
<status status="PASS" starttime="20220121 18:51:49.263" endtime="20220121 18:51:49.425"/>
</kw>
<status status="PASS" starttime="20220121 18:51:46.073" endtime="20220121 18:51:49.425"/>
</iter>
<iter>
<var name="${text}">('HEROMOTOCO',)</var>
<kw name="Log" library="BuiltIn">
<arg>${text}</arg>
<doc>Logs the given message with the given level.</doc>
<msg timestamp="20220121 18:51:49.425" level="INFO">('HEROMOTOCO',)</msg>
<status status="PASS" starttime="20220121 18:51:49.425" endtime="20220121 18:51:49.426"/>
</kw>
<kw name="Go To" library="Selenium2Library">
<arg>${HOMEPAGE}/${text}[0].html</arg>
<doc>Navigates the current browser window to the provided ``url``.</doc>
<msg timestamp="20220121 18:51:49.426" level="INFO">Opening url 'https://chartink.com/stocks/HEROMOTOCO.html'</msg>
<status status="PASS" starttime="20220121 18:51:49.426" endtime="20220121 18:51:51.249"/>
</kw>
<kw name="Sleep" library="BuiltIn">
<arg>1s</arg>
<doc>Pauses the test executed for the given time.</doc>
<msg timestamp="20220121 18:51:52.257" level="INFO">Slept 1 second</msg>
<status status="PASS" starttime="20220121 18:51:51.249" endtime="20220121 18:51:52.258"/>
</kw>
<kw name="Execute Javascript" library="Selenium2Library">
<arg>window.scrollTo(0, 350);</arg>
<doc>Executes the given JavaScript code with possible arguments.</doc>
<msg timestamp="20220121 18:51:52.260" level="INFO">Executing JavaScript:
window.scrollTo(0, 350);
Without any arguments.</msg>
<status status="PASS" starttime="20220121 18:51:52.258" endtime="20220121 18:51:52.290"/>
</kw>
<kw name="Capture Page Screenshot" library="Selenium2Library">
<arg>${text}[0]_chartink</arg>
<doc>Takes a screenshot of the current page and embeds it into a log file.</doc>
<msg timestamp="20220121 18:51:52.440" level="INFO" html="true">&lt;/td&gt;&lt;/tr&gt;&lt;tr&gt;&lt;td colspan="3"&gt;&lt;a href="HEROMOTOCO_chartink"&gt;&lt;img src="HEROMOTOCO_chartink" width="800px"&gt;&lt;/a&gt;</msg>
<status status="PASS" starttime="20220121 18:51:52.290" endtime="20220121 18:51:52.440"/>
</kw>
<status status="PASS" starttime="20220121 18:51:49.425" endtime="20220121 18:51:52.440"/>
</iter>
<iter>
<var name="${text}">('DENORA',)</var>
<kw name="Log" library="BuiltIn">
<arg>${text}</arg>
<doc>Logs the given message with the given level.</doc>
<msg timestamp="20220121 18:51:52.441" level="INFO">('DENORA',)</msg>
<status status="PASS" starttime="20220121 18:51:52.441" endtime="20220121 18:51:52.441"/>
</kw>
<kw name="Go To" library="Selenium2Library">
<arg>${HOMEPAGE}/${text}[0].html</arg>
<doc>Navigates the current browser window to the provided ``url``.</doc>
<msg timestamp="20220121 18:51:52.441" level="INFO">Opening url 'https://chartink.com/stocks/DENORA.html'</msg>
<status status="PASS" starttime="20220121 18:51:52.441" endtime="20220121 18:51:53.867"/>
</kw>
<kw name="Sleep" library="BuiltIn">
<arg>1s</arg>
<doc>Pauses the test executed for the given time.</doc>
<msg timestamp="20220121 18:51:54.883" level="INFO">Slept 1 second</msg>
<status status="PASS" starttime="20220121 18:51:53.868" endtime="20220121 18:51:54.883"/>
</kw>
<kw name="Execute Javascript" library="Selenium2Library">
<arg>window.scrollTo(0, 350);</arg>
<doc>Executes the given JavaScript code with possible arguments.</doc>
<msg timestamp="20220121 18:51:54.884" level="INFO">Executing JavaScript:
window.scrollTo(0, 350);
Without any arguments.</msg>
<status status="PASS" starttime="20220121 18:51:54.883" endtime="20220121 18:51:54.911"/>
</kw>
<kw name="Capture Page Screenshot" library="Selenium2Library">
<arg>${text}[0]_chartink</arg>
<doc>Takes a screenshot of the current page and embeds it into a log file.</doc>
<msg timestamp="20220121 18:51:55.100" level="INFO" html="true">&lt;/td&gt;&lt;/tr&gt;&lt;tr&gt;&lt;td colspan="3"&gt;&lt;a href="DENORA_chartink"&gt;&lt;img src="DENORA_chartink" width="800px"&gt;&lt;/a&gt;</msg>
<status status="PASS" starttime="20220121 18:51:54.912" endtime="20220121 18:51:55.100"/>
</kw>
<status status="PASS" starttime="20220121 18:51:52.440" endtime="20220121 18:51:55.100"/>
</iter>
<iter>
<var name="${text}">('VINYLINDIA',)</var>
<kw name="Log" library="BuiltIn">
<arg>${text}</arg>
<doc>Logs the given message with the given level.</doc>
<msg timestamp="20220121 18:51:55.101" level="INFO">('VINYLINDIA',)</msg>
<status status="PASS" starttime="20220121 18:51:55.101" endtime="20220121 18:51:55.101"/>
</kw>
<kw name="Go To" library="Selenium2Library">
<arg>${HOMEPAGE}/${text}[0].html</arg>
<doc>Navigates the current browser window to the provided ``url``.</doc>
<msg timestamp="20220121 18:51:55.101" level="INFO">Opening url 'https://chartink.com/stocks/VINYLINDIA.html'</msg>
<status status="PASS" starttime="20220121 18:51:55.101" endtime="20220121 18:51:56.534"/>
</kw>
<kw name="Sleep" library="BuiltIn">
<arg>1s</arg>
<doc>Pauses the test executed for the given time.</doc>
<msg timestamp="20220121 18:51:57.546" level="INFO">Slept 1 second</msg>
<status status="PASS" starttime="20220121 18:51:56.534" endtime="20220121 18:51:57.547"/>
</kw>
<kw name="Execute Javascript" library="Selenium2Library">
<arg>window.scrollTo(0, 350);</arg>
<doc>Executes the given JavaScript code with possible arguments.</doc>
<msg timestamp="20220121 18:51:57.550" level="INFO">Executing JavaScript:
window.scrollTo(0, 350);
Without any arguments.</msg>
<status status="PASS" starttime="20220121 18:51:57.547" endtime="20220121 18:51:57.585"/>
</kw>
<kw name="Capture Page Screenshot" library="Selenium2Library">
<arg>${text}[0]_chartink</arg>
<doc>Takes a screenshot of the current page and embeds it into a log file.</doc>
<msg timestamp="20220121 18:51:57.755" level="INFO" html="true">&lt;/td&gt;&lt;/tr&gt;&lt;tr&gt;&lt;td colspan="3"&gt;&lt;a href="VINYLINDIA_chartink"&gt;&lt;img src="VINYLINDIA_chartink" width="800px"&gt;&lt;/a&gt;</msg>
<status status="PASS" starttime="20220121 18:51:57.586" endtime="20220121 18:51:57.755"/>
</kw>
<status status="PASS" starttime="20220121 18:51:55.101" endtime="20220121 18:51:57.755"/>
</iter>
<iter>
<var name="${text}">('ALKEM',)</var>
<kw name="Log" library="BuiltIn">
<arg>${text}</arg>
<doc>Logs the given message with the given level.</doc>
<msg timestamp="20220121 18:51:57.756" level="INFO">('ALKEM',)</msg>
<status status="PASS" starttime="20220121 18:51:57.756" endtime="20220121 18:51:57.756"/>
</kw>
<kw name="Go To" library="Selenium2Library">
<arg>${HOMEPAGE}/${text}[0].html</arg>
<doc>Navigates the current browser window to the provided ``url``.</doc>
<msg timestamp="20220121 18:51:57.756" level="INFO">Opening url 'https://chartink.com/stocks/ALKEM.html'</msg>
<status status="PASS" starttime="20220121 18:51:57.756" endtime="20220121 18:51:59.397"/>
</kw>
<kw name="Sleep" library="BuiltIn">
<arg>1s</arg>
<doc>Pauses the test executed for the given time.</doc>
<msg timestamp="20220121 18:52:00.400" level="INFO">Slept 1 second</msg>
<status status="PASS" starttime="20220121 18:51:59.398" endtime="20220121 18:52:00.400"/>
</kw>
<kw name="Execute Javascript" library="Selenium2Library">
<arg>window.scrollTo(0, 350);</arg>
<doc>Executes the given JavaScript code with possible arguments.</doc>
<msg timestamp="20220121 18:52:00.401" level="INFO">Executing JavaScript:
window.scrollTo(0, 350);
Without any arguments.</msg>
<status status="PASS" starttime="20220121 18:52:00.400" endtime="20220121 18:52:00.414"/>
</kw>
<kw name="Capture Page Screenshot" library="Selenium2Library">
<arg>${text}[0]_chartink</arg>
<doc>Takes a screenshot of the current page and embeds it into a log file.</doc>
<msg timestamp="20220121 18:52:00.589" level="INFO" html="true">&lt;/td&gt;&lt;/tr&gt;&lt;tr&gt;&lt;td colspan="3"&gt;&lt;a href="ALKEM_chartink"&gt;&lt;img src="ALKEM_chartink" width="800px"&gt;&lt;/a&gt;</msg>
<status status="PASS" starttime="20220121 18:52:00.415" endtime="20220121 18:52:00.589"/>
</kw>
<status status="PASS" starttime="20220121 18:51:57.755" endtime="20220121 18:52:00.590"/>
</iter>
<iter>
<var name="${text}">('TVSSRICHAK',)</var>
<kw name="Log" library="BuiltIn">
<arg>${text}</arg>
<doc>Logs the given message with the given level.</doc>
<msg timestamp="20220121 18:52:00.590" level="INFO">('TVSSRICHAK',)</msg>
<status status="PASS" starttime="20220121 18:52:00.590" endtime="20220121 18:52:00.591"/>
</kw>
<kw name="Go To" library="Selenium2Library">
<arg>${HOMEPAGE}/${text}[0].html</arg>
<doc>Navigates the current browser window to the provided ``url``.</doc>
<msg timestamp="20220121 18:52:00.591" level="INFO">Opening url 'https://chartink.com/stocks/TVSSRICHAK.html'</msg>
<status status="PASS" starttime="20220121 18:52:00.591" endtime="20220121 18:52:02.139"/>
</kw>
<kw name="Sleep" library="BuiltIn">
<arg>1s</arg>
<doc>Pauses the test executed for the given time.</doc>
<msg timestamp="20220121 18:52:03.146" level="INFO">Slept 1 second</msg>
<status status="PASS" starttime="20220121 18:52:02.139" endtime="20220121 18:52:03.146"/>
</kw>
<kw name="Execute Javascript" library="Selenium2Library">
<arg>window.scrollTo(0, 350);</arg>
<doc>Executes the given JavaScript code with possible arguments.</doc>
<msg timestamp="20220121 18:52:03.147" level="INFO">Executing JavaScript:
window.scrollTo(0, 350);
Without any arguments.</msg>
<status status="PASS" starttime="20220121 18:52:03.146" endtime="20220121 18:52:03.164"/>
</kw>
<kw name="Capture Page Screenshot" library="Selenium2Library">
<arg>${text}[0]_chartink</arg>
<doc>Takes a screenshot of the current page and embeds it into a log file.</doc>
<msg timestamp="20220121 18:52:03.338" level="INFO" html="true">&lt;/td&gt;&lt;/tr&gt;&lt;tr&gt;&lt;td colspan="3"&gt;&lt;a href="TVSSRICHAK_chartink"&gt;&lt;img src="TVSSRICHAK_chartink" width="800px"&gt;&lt;/a&gt;</msg>
<status status="PASS" starttime="20220121 18:52:03.164" endtime="20220121 18:52:03.338"/>
</kw>
<status status="PASS" starttime="20220121 18:52:00.590" endtime="20220121 18:52:03.338"/>
</iter>
<iter>
<var name="${text}">('PLASTIBLEN',)</var>
<kw name="Log" library="BuiltIn">
<arg>${text}</arg>
<doc>Logs the given message with the given level.</doc>
<msg timestamp="20220121 18:52:03.339" level="INFO">('PLASTIBLEN',)</msg>
<status status="PASS" starttime="20220121 18:52:03.339" endtime="20220121 18:52:03.339"/>
</kw>
<kw name="Go To" library="Selenium2Library">
<arg>${HOMEPAGE}/${text}[0].html</arg>
<doc>Navigates the current browser window to the provided ``url``.</doc>
<msg timestamp="20220121 18:52:03.340" level="INFO">Opening url 'https://chartink.com/stocks/PLASTIBLEN.html'</msg>
<status status="PASS" starttime="20220121 18:52:03.339" endtime="20220121 18:52:06.445"/>
</kw>
<kw name="Sleep" library="BuiltIn">
<arg>1s</arg>
<doc>Pauses the test executed for the given time.</doc>
<msg timestamp="20220121 18:52:07.455" level="INFO">Slept 1 second</msg>
<status status="PASS" starttime="20220121 18:52:06.445" endtime="20220121 18:52:07.455"/>
</kw>
<kw name="Execute Javascript" library="Selenium2Library">
<arg>window.scrollTo(0, 350);</arg>
<doc>Executes the given JavaScript code with possible arguments.</doc>
<msg timestamp="20220121 18:52:07.457" level="INFO">Executing JavaScript:
window.scrollTo(0, 350);
Without any arguments.</msg>
<status status="PASS" starttime="20220121 18:52:07.456" endtime="20220121 18:52:07.578"/>
</kw>
<kw name="Capture Page Screenshot" library="Selenium2Library">
<arg>${text}[0]_chartink</arg>
<doc>Takes a screenshot of the current page and embeds it into a log file.</doc>
<msg timestamp="20220121 18:52:07.826" level="INFO" html="true">&lt;/td&gt;&lt;/tr&gt;&lt;tr&gt;&lt;td colspan="3"&gt;&lt;a href="PLASTIBLEN_chartink"&gt;&lt;img src="PLASTIBLEN_chartink" width="800px"&gt;&lt;/a&gt;</msg>
<status status="PASS" starttime="20220121 18:52:07.579" endtime="20220121 18:52:07.826"/>
</kw>
<status status="PASS" starttime="20220121 18:52:03.338" endtime="20220121 18:52:07.826"/>
</iter>
<iter>
<var name="${text}">('TRENT',)</var>
<kw name="Log" library="BuiltIn">
<arg>${text}</arg>
<doc>Logs the given message with the given level.</doc>
<msg timestamp="20220121 18:52:07.828" level="INFO">('TRENT',)</msg>
<status status="PASS" starttime="20220121 18:52:07.827" endtime="20220121 18:52:07.828"/>
</kw>
<kw name="Go To" library="Selenium2Library">
<arg>${HOMEPAGE}/${text}[0].html</arg>
<doc>Navigates the current browser window to the provided ``url``.</doc>
<msg timestamp="20220121 18:52:07.829" level="INFO">Opening url 'https://chartink.com/stocks/TRENT.html'</msg>
<status status="PASS" starttime="20220121 18:52:07.828" endtime="20220121 18:52:10.562"/>
</kw>
<kw name="Sleep" library="BuiltIn">
<arg>1s</arg>
<doc>Pauses the test executed for the given time.</doc>
<msg timestamp="20220121 18:52:11.577" level="INFO">Slept 1 second</msg>
<status status="PASS" starttime="20220121 18:52:10.562" endtime="20220121 18:52:11.578"/>
</kw>
<kw name="Execute Javascript" library="Selenium2Library">
<arg>window.scrollTo(0, 350);</arg>
<doc>Executes the given JavaScript code with possible arguments.</doc>
<msg timestamp="20220121 18:52:11.581" level="INFO">Executing JavaScript:
window.scrollTo(0, 350);
Without any arguments.</msg>
<status status="PASS" starttime="20220121 18:52:11.579" endtime="20220121 18:52:11.622"/>
</kw>
<kw name="Capture Page Screenshot" library="Selenium2Library">
<arg>${text}[0]_chartink</arg>
<doc>Takes a screenshot of the current page and embeds it into a log file.</doc>
<msg timestamp="20220121 18:52:11.823" level="INFO" html="true">&lt;/td&gt;&lt;/tr&gt;&lt;tr&gt;&lt;td colspan="3"&gt;&lt;a href="TRENT_chartink"&gt;&lt;img src="TRENT_chartink" width="800px"&gt;&lt;/a&gt;</msg>
<status status="PASS" starttime="20220121 18:52:11.623" endtime="20220121 18:52:11.823"/>
</kw>
<status status="PASS" starttime="20220121 18:52:07.827" endtime="20220121 18:52:11.823"/>
</iter>
<iter>
<var name="${text}">('COSMOFILMS',)</var>
<kw name="Log" library="BuiltIn">
<arg>${text}</arg>
<doc>Logs the given message with the given level.</doc>
<msg timestamp="20220121 18:52:11.824" level="INFO">('COSMOFILMS',)</msg>
<status status="PASS" starttime="20220121 18:52:11.824" endtime="20220121 18:52:11.824"/>
</kw>
<kw name="Go To" library="Selenium2Library">
<arg>${HOMEPAGE}/${text}[0].html</arg>
<doc>Navigates the current browser window to the provided ``url``.</doc>
<msg timestamp="20220121 18:52:11.825" level="INFO">Opening url 'https://chartink.com/stocks/COSMOFILMS.html'</msg>
<status status="PASS" starttime="20220121 18:52:11.824" endtime="20220121 18:52:13.517"/>
</kw>
<kw name="Sleep" library="BuiltIn">
<arg>1s</arg>
<doc>Pauses the test executed for the given time.</doc>
<msg timestamp="20220121 18:52:14.532" level="INFO">Slept 1 second</msg>
<status status="PASS" starttime="20220121 18:52:13.518" endtime="20220121 18:52:14.532"/>
</kw>
<kw name="Execute Javascript" library="Selenium2Library">
<arg>window.scrollTo(0, 350);</arg>
<doc>Executes the given JavaScript code with possible arguments.</doc>
<msg timestamp="20220121 18:52:14.534" level="INFO">Executing JavaScript:
window.scrollTo(0, 350);
Without any arguments.</msg>
<status status="PASS" starttime="20220121 18:52:14.533" endtime="20220121 18:52:14.570"/>
</kw>
<kw name="Capture Page Screenshot" library="Selenium2Library">
<arg>${text}[0]_chartink</arg>
<doc>Takes a screenshot of the current page and embeds it into a log file.</doc>
<msg timestamp="20220121 18:52:14.786" level="INFO" html="true">&lt;/td&gt;&lt;/tr&gt;&lt;tr&gt;&lt;td colspan="3"&gt;&lt;a href="COSMOFILMS_chartink"&gt;&lt;img src="COSMOFILMS_chartink" width="800px"&gt;&lt;/a&gt;</msg>
<status status="PASS" starttime="20220121 18:52:14.571" endtime="20220121 18:52:14.786"/>
</kw>
<status status="PASS" starttime="20220121 18:52:11.824" endtime="20220121 18:52:14.786"/>
</iter>
<iter>
<var name="${text}">('RUSHIL',)</var>
<kw name="Log" library="BuiltIn">
<arg>${text}</arg>
<doc>Logs the given message with the given level.</doc>
<msg timestamp="20220121 18:52:14.787" level="INFO">('RUSHIL',)</msg>
<status status="PASS" starttime="20220121 18:52:14.787" endtime="20220121 18:52:14.788"/>
</kw>
<kw name="Go To" library="Selenium2Library">
<arg>${HOMEPAGE}/${text}[0].html</arg>
<doc>Navigates the current browser window to the provided ``url``.</doc>
<msg timestamp="20220121 18:52:14.788" level="INFO">Opening url 'https://chartink.com/stocks/RUSHIL.html'</msg>
<status status="PASS" starttime="20220121 18:52:14.788" endtime="20220121 18:52:16.258"/>
</kw>
<kw name="Sleep" library="BuiltIn">
<arg>1s</arg>
<doc>Pauses the test executed for the given time.</doc>
<msg timestamp="20220121 18:52:17.270" level="INFO">Slept 1 second</msg>
<status status="PASS" starttime="20220121 18:52:16.258" endtime="20220121 18:52:17.271"/>
</kw>
<kw name="Execute Javascript" library="Selenium2Library">
<arg>window.scrollTo(0, 350);</arg>
<doc>Executes the given JavaScript code with possible arguments.</doc>
<msg timestamp="20220121 18:52:17.273" level="INFO">Executing JavaScript:
window.scrollTo(0, 350);
Without any arguments.</msg>
<status status="PASS" starttime="20220121 18:52:17.271" endtime="20220121 18:52:17.297"/>
</kw>
<kw name="Capture Page Screenshot" library="Selenium2Library">
<arg>${text}[0]_chartink</arg>
<doc>Takes a screenshot of the current page and embeds it into a log file.</doc>
<msg timestamp="20220121 18:52:17.456" level="INFO" html="true">&lt;/td&gt;&lt;/tr&gt;&lt;tr&gt;&lt;td colspan="3"&gt;&lt;a href="RUSHIL_chartink"&gt;&lt;img src="RUSHIL_chartink" width="800px"&gt;&lt;/a&gt;</msg>
<status status="PASS" starttime="20220121 18:52:17.297" endtime="20220121 18:52:17.456"/>
</kw>
<status status="PASS" starttime="20220121 18:52:14.786" endtime="20220121 18:52:17.456"/>
</iter>
<iter>
<var name="${text}">('ZENTEC',)</var>
<kw name="Log" library="BuiltIn">
<arg>${text}</arg>
<doc>Logs the given message with the given level.</doc>
<msg timestamp="20220121 18:52:17.457" level="INFO">('ZENTEC',)</msg>
<status status="PASS" starttime="20220121 18:52:17.457" endtime="20220121 18:52:17.457"/>
</kw>
<kw name="Go To" library="Selenium2Library">
<arg>${HOMEPAGE}/${text}[0].html</arg>
<doc>Navigates the current browser window to the provided ``url``.</doc>
<msg timestamp="20220121 18:52:17.457" level="INFO">Opening url 'https://chartink.com/stocks/ZENTEC.html'</msg>
<status status="PASS" starttime="20220121 18:52:17.457" endtime="20220121 18:52:19.145"/>
</kw>
<kw name="Sleep" library="BuiltIn">
<arg>1s</arg>
<doc>Pauses the test executed for the given time.</doc>
<msg timestamp="20220121 18:52:20.160" level="INFO">Slept 1 second</msg>
<status status="PASS" starttime="20220121 18:52:19.145" endtime="20220121 18:52:20.160"/>
</kw>
<kw name="Execute Javascript" library="Selenium2Library">
<arg>window.scrollTo(0, 350);</arg>
<doc>Executes the given JavaScript code with possible arguments.</doc>
<msg timestamp="20220121 18:52:20.161" level="INFO">Executing JavaScript:
window.scrollTo(0, 350);
Without any arguments.</msg>
<status status="PASS" starttime="20220121 18:52:20.160" endtime="20220121 18:52:20.175"/>
</kw>
<kw name="Capture Page Screenshot" library="Selenium2Library">
<arg>${text}[0]_chartink</arg>
<doc>Takes a screenshot of the current page and embeds it into a log file.</doc>
<msg timestamp="20220121 18:52:20.363" level="INFO" html="true">&lt;/td&gt;&lt;/tr&gt;&lt;tr&gt;&lt;td colspan="3"&gt;&lt;a href="ZENTEC_chartink"&gt;&lt;img src="ZENTEC_chartink" width="800px"&gt;&lt;/a&gt;</msg>
<status status="PASS" starttime="20220121 18:52:20.175" endtime="20220121 18:52:20.363"/>
</kw>
<status status="PASS" starttime="20220121 18:52:17.456" endtime="20220121 18:52:20.363"/>
</iter>
<iter>
<var name="${text}">('INDOTHAI',)</var>
<kw name="Log" library="BuiltIn">
<arg>${text}</arg>
<doc>Logs the given message with the given level.</doc>
<msg timestamp="20220121 18:52:20.363" level="INFO">('INDOTHAI',)</msg>
<status status="PASS" starttime="20220121 18:52:20.363" endtime="20220121 18:52:20.363"/>
</kw>
<kw name="Go To" library="Selenium2Library">
<arg>${HOMEPAGE}/${text}[0].html</arg>
<doc>Navigates the current browser window to the provided ``url``.</doc>
<msg timestamp="20220121 18:52:20.364" level="INFO">Opening url 'https://chartink.com/stocks/INDOTHAI.html'</msg>
<status status="PASS" starttime="20220121 18:52:20.364" endtime="20220121 18:52:21.958"/>
</kw>
<kw name="Sleep" library="BuiltIn">
<arg>1s</arg>
<doc>Pauses the test executed for the given time.</doc>
<msg timestamp="20220121 18:52:22.971" level="INFO">Slept 1 second</msg>
<status status="PASS" starttime="20220121 18:52:21.959" endtime="20220121 18:52:22.972"/>
</kw>
<kw name="Execute Javascript" library="Selenium2Library">
<arg>window.scrollTo(0, 350);</arg>
<doc>Executes the given JavaScript code with possible arguments.</doc>
<msg timestamp="20220121 18:52:22.974" level="INFO">Executing JavaScript:
window.scrollTo(0, 350);
Without any arguments.</msg>
<status status="PASS" starttime="20220121 18:52:22.972" endtime="20220121 18:52:23.010"/>
</kw>
<kw name="Capture Page Screenshot" library="Selenium2Library">
<arg>${text}[0]_chartink</arg>
<doc>Takes a screenshot of the current page and embeds it into a log file.</doc>
<msg timestamp="20220121 18:52:23.180" level="INFO" html="true">&lt;/td&gt;&lt;/tr&gt;&lt;tr&gt;&lt;td colspan="3"&gt;&lt;a href="INDOTHAI_chartink"&gt;&lt;img src="INDOTHAI_chartink" width="800px"&gt;&lt;/a&gt;</msg>
<status status="PASS" starttime="20220121 18:52:23.010" endtime="20220121 18:52:23.180"/>
</kw>
<status status="PASS" starttime="20220121 18:52:20.363" endtime="20220121 18:52:23.180"/>
</iter>
<iter>
<var name="${text}">('SIS',)</var>
<kw name="Log" library="BuiltIn">
<arg>${text}</arg>
<doc>Logs the given message with the given level.</doc>
<msg timestamp="20220121 18:52:23.181" level="INFO">('SIS',)</msg>
<status status="PASS" starttime="20220121 18:52:23.181" endtime="20220121 18:52:23.181"/>
</kw>
<kw name="Go To" library="Selenium2Library">
<arg>${HOMEPAGE}/${text}[0].html</arg>
<doc>Navigates the current browser window to the provided ``url``.</doc>
<msg timestamp="20220121 18:52:23.181" level="INFO">Opening url 'https://chartink.com/stocks/SIS.html'</msg>
<status status="PASS" starttime="20220121 18:52:23.181" endtime="20220121 18:52:24.213"/>
</kw>
<kw name="Sleep" library="BuiltIn">
<arg>1s</arg>
<doc>Pauses the test executed for the given time.</doc>
<msg timestamp="20220121 18:52:25.218" level="INFO">Slept 1 second</msg>
<status status="PASS" starttime="20220121 18:52:24.214" endtime="20220121 18:52:25.218"/>
</kw>
<kw name="Execute Javascript" library="Selenium2Library">
<arg>window.scrollTo(0, 350);</arg>
<doc>Executes the given JavaScript code with possible arguments.</doc>
<msg timestamp="20220121 18:52:25.220" level="INFO">Executing JavaScript:
window.scrollTo(0, 350);
Without any arguments.</msg>
<status status="PASS" starttime="20220121 18:52:25.219" endtime="20220121 18:52:25.256"/>
</kw>
<kw name="Capture Page Screenshot" library="Selenium2Library">
<arg>${text}[0]_chartink</arg>
<doc>Takes a screenshot of the current page and embeds it into a log file.</doc>
<msg timestamp="20220121 18:52:25.474" level="INFO" html="true">&lt;/td&gt;&lt;/tr&gt;&lt;tr&gt;&lt;td colspan="3"&gt;&lt;a href="SIS_chartink"&gt;&lt;img src="SIS_chartink" width="800px"&gt;&lt;/a&gt;</msg>
<status status="PASS" starttime="20220121 18:52:25.257" endtime="20220121 18:52:25.474"/>
</kw>
<status status="PASS" starttime="20220121 18:52:23.180" endtime="20220121 18:52:25.474"/>
</iter>
<iter>
<var name="${text}">('UGROCAP',)</var>
<kw name="Log" library="BuiltIn">
<arg>${text}</arg>
<doc>Logs the given message with the given level.</doc>
<msg timestamp="20220121 18:52:25.475" level="INFO">('UGROCAP',)</msg>
<status status="PASS" starttime="20220121 18:52:25.475" endtime="20220121 18:52:25.475"/>
</kw>
<kw name="Go To" library="Selenium2Library">
<arg>${HOMEPAGE}/${text}[0].html</arg>
<doc>Navigates the current browser window to the provided ``url``.</doc>
<msg timestamp="20220121 18:52:25.475" level="INFO">Opening url 'https://chartink.com/stocks/UGROCAP.html'</msg>
<status status="PASS" starttime="20220121 18:52:25.475" endtime="20220121 18:52:27.056"/>
</kw>
<kw name="Sleep" library="BuiltIn">
<arg>1s</arg>
<doc>Pauses the test executed for the given time.</doc>
<msg timestamp="20220121 18:52:28.058" level="INFO">Slept 1 second</msg>
<status status="PASS" starttime="20220121 18:52:27.056" endtime="20220121 18:52:28.058"/>
</kw>
<kw name="Execute Javascript" library="Selenium2Library">
<arg>window.scrollTo(0, 350);</arg>
<doc>Executes the given JavaScript code with possible arguments.</doc>
<msg timestamp="20220121 18:52:28.060" level="INFO">Executing JavaScript:
window.scrollTo(0, 350);
Without any arguments.</msg>
<status status="PASS" starttime="20220121 18:52:28.059" endtime="20220121 18:52:28.100"/>
</kw>
<kw name="Capture Page Screenshot" library="Selenium2Library">
<arg>${text}[0]_chartink</arg>
<doc>Takes a screenshot of the current page and embeds it into a log file.</doc>
<msg timestamp="20220121 18:52:28.280" level="INFO" html="true">&lt;/td&gt;&lt;/tr&gt;&lt;tr&gt;&lt;td colspan="3"&gt;&lt;a href="UGROCAP_chartink"&gt;&lt;img src="UGROCAP_chartink" width="800px"&gt;&lt;/a&gt;</msg>
<status status="PASS" starttime="20220121 18:52:28.101" endtime="20220121 18:52:28.280"/>
</kw>
<status status="PASS" starttime="20220121 18:52:25.474" endtime="20220121 18:52:28.280"/>
</iter>
<iter>
<var name="${text}">('ATFL',)</var>
<kw name="Log" library="BuiltIn">
<arg>${text}</arg>
<doc>Logs the given message with the given level.</doc>
<msg timestamp="20220121 18:52:28.281" level="INFO">('ATFL',)</msg>
<status status="PASS" starttime="20220121 18:52:28.281" endtime="20220121 18:52:28.281"/>
</kw>
<kw name="Go To" library="Selenium2Library">
<arg>${HOMEPAGE}/${text}[0].html</arg>
<doc>Navigates the current browser window to the provided ``url``.</doc>
<msg timestamp="20220121 18:52:28.281" level="INFO">Opening url 'https://chartink.com/stocks/ATFL.html'</msg>
<status status="PASS" starttime="20220121 18:52:28.281" endtime="20220121 18:52:29.778"/>
</kw>
<kw name="Sleep" library="BuiltIn">
<arg>1s</arg>
<doc>Pauses the test executed for the given time.</doc>
<msg timestamp="20220121 18:52:30.778" level="INFO">Slept 1 second</msg>
<status status="PASS" starttime="20220121 18:52:29.778" endtime="20220121 18:52:30.778"/>
</kw>
<kw name="Execute Javascript" library="Selenium2Library">
<arg>window.scrollTo(0, 350);</arg>
<doc>Executes the given JavaScript code with possible arguments.</doc>
<msg timestamp="20220121 18:52:30.782" level="INFO">Executing JavaScript:
window.scrollTo(0, 350);
Without any arguments.</msg>
<status status="PASS" starttime="20220121 18:52:30.779" endtime="20220121 18:52:30.814"/>
</kw>
<kw name="Capture Page Screenshot" library="Selenium2Library">
<arg>${text}[0]_chartink</arg>
<doc>Takes a screenshot of the current page and embeds it into a log file.</doc>
<msg timestamp="20220121 18:52:30.963" level="INFO" html="true">&lt;/td&gt;&lt;/tr&gt;&lt;tr&gt;&lt;td colspan="3"&gt;&lt;a href="ATFL_chartink"&gt;&lt;img src="ATFL_chartink" width="800px"&gt;&lt;/a&gt;</msg>
<status status="PASS" starttime="20220121 18:52:30.815" endtime="20220121 18:52:30.964"/>
</kw>
<status status="PASS" starttime="20220121 18:52:28.280" endtime="20220121 18:52:30.964"/>
</iter>
<iter>
<var name="${text}">('MARUTI',)</var>
<kw name="Log" library="BuiltIn">
<arg>${text}</arg>
<doc>Logs the given message with the given level.</doc>
<msg timestamp="20220121 18:52:30.964" level="INFO">('MARUTI',)</msg>
<status status="PASS" starttime="20220121 18:52:30.964" endtime="20220121 18:52:30.965"/>
</kw>
<kw name="Go To" library="Selenium2Library">
<arg>${HOMEPAGE}/${text}[0].html</arg>
<doc>Navigates the current browser window to the provided ``url``.</doc>
<msg timestamp="20220121 18:52:30.965" level="INFO">Opening url 'https://chartink.com/stocks/MARUTI.html'</msg>
<status status="PASS" starttime="20220121 18:52:30.965" endtime="20220121 18:52:53.607"/>
</kw>
<kw name="Sleep" library="BuiltIn">
<arg>1s</arg>
<doc>Pauses the test executed for the given time.</doc>
<msg timestamp="20220121 18:52:54.616" level="INFO">Slept 1 second</msg>
<status status="PASS" starttime="20220121 18:52:53.607" endtime="20220121 18:52:54.617"/>
</kw>
<kw name="Execute Javascript" library="Selenium2Library">
<arg>window.scrollTo(0, 350);</arg>
<doc>Executes the given JavaScript code with possible arguments.</doc>
<msg timestamp="20220121 18:52:54.620" level="INFO">Executing JavaScript:
window.scrollTo(0, 350);
Without any arguments.</msg>
<status status="PASS" starttime="20220121 18:52:54.617" endtime="20220121 18:52:54.659"/>
</kw>
<kw name="Capture Page Screenshot" library="Selenium2Library">
<arg>${text}[0]_chartink</arg>
<doc>Takes a screenshot of the current page and embeds it into a log file.</doc>
<msg timestamp="20220121 18:52:54.847" level="INFO" html="true">&lt;/td&gt;&lt;/tr&gt;&lt;tr&gt;&lt;td colspan="3"&gt;&lt;a href="MARUTI_chartink"&gt;&lt;img src="MARUTI_chartink" width="800px"&gt;&lt;/a&gt;</msg>
<status status="PASS" starttime="20220121 18:52:54.660" endtime="20220121 18:52:54.848"/>
</kw>
<status status="PASS" starttime="20220121 18:52:30.964" endtime="20220121 18:52:54.848"/>
</iter>
<iter>
<var name="${text}">('ICICIBANK',)</var>
<kw name="Log" library="BuiltIn">
<arg>${text}</arg>
<doc>Logs the given message with the given level.</doc>
<msg timestamp="20220121 18:52:54.849" level="INFO">('ICICIBANK',)</msg>
<status status="PASS" starttime="20220121 18:52:54.848" endtime="20220121 18:52:54.849"/>
</kw>
<kw name="Go To" library="Selenium2Library">
<arg>${HOMEPAGE}/${text}[0].html</arg>
<doc>Navigates the current browser window to the provided ``url``.</doc>
<msg timestamp="20220121 18:52:54.849" level="INFO">Opening url 'https://chartink.com/stocks/ICICIBANK.html'</msg>
<status status="PASS" starttime="20220121 18:52:54.849" endtime="20220121 18:52:55.937"/>
</kw>
<kw name="Sleep" library="BuiltIn">
<arg>1s</arg>
<doc>Pauses the test executed for the given time.</doc>
<msg timestamp="20220121 18:52:56.952" level="INFO">Slept 1 second</msg>
<status status="PASS" starttime="20220121 18:52:55.937" endtime="20220121 18:52:56.952"/>
</kw>
<kw name="Execute Javascript" library="Selenium2Library">
<arg>window.scrollTo(0, 350);</arg>
<doc>Executes the given JavaScript code with possible arguments.</doc>
<msg timestamp="20220121 18:52:56.954" level="INFO">Executing JavaScript:
window.scrollTo(0, 350);
Without any arguments.</msg>
<status status="PASS" starttime="20220121 18:52:56.953" endtime="20220121 18:52:56.997"/>
</kw>
<kw name="Capture Page Screenshot" library="Selenium2Library">
<arg>${text}[0]_chartink</arg>
<doc>Takes a screenshot of the current page and embeds it into a log file.</doc>
<msg timestamp="20220121 18:52:57.153" level="INFO" html="true">&lt;/td&gt;&lt;/tr&gt;&lt;tr&gt;&lt;td colspan="3"&gt;&lt;a href="ICICIBANK_chartink"&gt;&lt;img src="ICICIBANK_chartink" width="800px"&gt;&lt;/a&gt;</msg>
<status status="PASS" starttime="20220121 18:52:56.998" endtime="20220121 18:52:57.153"/>
</kw>
<status status="PASS" starttime="20220121 18:52:54.848" endtime="20220121 18:52:57.153"/>
</iter>
<iter>
<var name="${text}">('CHOLAHLDNG',)</var>
<kw name="Log" library="BuiltIn">
<arg>${text}</arg>
<doc>Logs the given message with the given level.</doc>
<msg timestamp="20220121 18:52:57.154" level="INFO">('CHOLAHLDNG',)</msg>
<status status="PASS" starttime="20220121 18:52:57.153" endtime="20220121 18:52:57.154"/>
</kw>
<kw name="Go To" library="Selenium2Library">
<arg>${HOMEPAGE}/${text}[0].html</arg>
<doc>Navigates the current browser window to the provided ``url``.</doc>
<msg timestamp="20220121 18:52:57.154" level="INFO">Opening url 'https://chartink.com/stocks/CHOLAHLDNG.html'</msg>
<status status="PASS" starttime="20220121 18:52:57.154" endtime="20220121 18:53:00.407"/>
</kw>
<kw name="Sleep" library="BuiltIn">
<arg>1s</arg>
<doc>Pauses the test executed for the given time.</doc>
<msg timestamp="20220121 18:53:01.412" level="INFO">Slept 1 second</msg>
<status status="PASS" starttime="20220121 18:53:00.408" endtime="20220121 18:53:01.412"/>
</kw>
<kw name="Execute Javascript" library="Selenium2Library">
<arg>window.scrollTo(0, 350);</arg>
<doc>Executes the given JavaScript code with possible arguments.</doc>
<msg timestamp="20220121 18:53:01.413" level="INFO">Executing JavaScript:
window.scrollTo(0, 350);
Without any arguments.</msg>
<status status="PASS" starttime="20220121 18:53:01.412" endtime="20220121 18:53:01.441"/>
</kw>
<kw name="Capture Page Screenshot" library="Selenium2Library">
<arg>${text}[0]_chartink</arg>
<doc>Takes a screenshot of the current page and embeds it into a log file.</doc>
<msg timestamp="20220121 18:53:01.594" level="INFO" html="true">&lt;/td&gt;&lt;/tr&gt;&lt;tr&gt;&lt;td colspan="3"&gt;&lt;a href="CHOLAHLDNG_chartink"&gt;&lt;img src="CHOLAHLDNG_chartink" width="800px"&gt;&lt;/a&gt;</msg>
<status status="PASS" starttime="20220121 18:53:01.442" endtime="20220121 18:53:01.594"/>
</kw>
<status status="PASS" starttime="20220121 18:52:57.153" endtime="20220121 18:53:01.594"/>
</iter>
<iter>
<var name="${text}">('HBANKETF',)</var>
<kw name="Log" library="BuiltIn">
<arg>${text}</arg>
<doc>Logs the given message with the given level.</doc>
<msg timestamp="20220121 18:53:01.595" level="INFO">('HBANKETF',)</msg>
<status status="PASS" starttime="20220121 18:53:01.595" endtime="20220121 18:53:01.595"/>
</kw>
<kw name="Go To" library="Selenium2Library">
<arg>${HOMEPAGE}/${text}[0].html</arg>
<doc>Navigates the current browser window to the provided ``url``.</doc>
<msg timestamp="20220121 18:53:01.596" level="INFO">Opening url 'https://chartink.com/stocks/HBANKETF.html'</msg>
<status status="PASS" starttime="20220121 18:53:01.596" endtime="20220121 18:53:04.801"/>
</kw>
<kw name="Sleep" library="BuiltIn">
<arg>1s</arg>
<doc>Pauses the test executed for the given time.</doc>
<msg timestamp="20220121 18:53:05.802" level="INFO">Slept 1 second</msg>
<status status="PASS" starttime="20220121 18:53:04.801" endtime="20220121 18:53:05.802"/>
</kw>
<kw name="Execute Javascript" library="Selenium2Library">
<arg>window.scrollTo(0, 350);</arg>
<doc>Executes the given JavaScript code with possible arguments.</doc>
<msg timestamp="20220121 18:53:05.803" level="INFO">Executing JavaScript:
window.scrollTo(0, 350);
Without any arguments.</msg>
<status status="PASS" starttime="20220121 18:53:05.802" endtime="20220121 18:53:06.043"/>
</kw>
<kw name="Capture Page Screenshot" library="Selenium2Library">
<arg>${text}[0]_chartink</arg>
<doc>Takes a screenshot of the current page and embeds it into a log file.</doc>
<msg timestamp="20220121 18:53:06.244" level="INFO" html="true">&lt;/td&gt;&lt;/tr&gt;&lt;tr&gt;&lt;td colspan="3"&gt;&lt;a href="HBANKETF_chartink"&gt;&lt;img src="HBANKETF_chartink" width="800px"&gt;&lt;/a&gt;</msg>
<status status="PASS" starttime="20220121 18:53:06.043" endtime="20220121 18:53:06.244"/>
</kw>
<status status="PASS" starttime="20220121 18:53:01.595" endtime="20220121 18:53:06.244"/>
</iter>
<iter>
<var name="${text}">('LODHA',)</var>
<kw name="Log" library="BuiltIn">
<arg>${text}</arg>
<doc>Logs the given message with the given level.</doc>
<msg timestamp="20220121 18:53:06.245" level="INFO">('LODHA',)</msg>
<status status="PASS" starttime="20220121 18:53:06.244" endtime="20220121 18:53:06.245"/>
</kw>
<kw name="Go To" library="Selenium2Library">
<arg>${HOMEPAGE}/${text}[0].html</arg>
<doc>Navigates the current browser window to the provided ``url``.</doc>
<msg timestamp="20220121 18:53:06.245" level="INFO">Opening url 'https://chartink.com/stocks/LODHA.html'</msg>
<status status="PASS" starttime="20220121 18:53:06.245" endtime="20220121 18:53:07.377"/>
</kw>
<kw name="Sleep" library="BuiltIn">
<arg>1s</arg>
<doc>Pauses the test executed for the given time.</doc>
<msg timestamp="20220121 18:53:08.390" level="INFO">Slept 1 second</msg>
<status status="PASS" starttime="20220121 18:53:07.377" endtime="20220121 18:53:08.390"/>
</kw>
<kw name="Execute Javascript" library="Selenium2Library">
<arg>window.scrollTo(0, 350);</arg>
<doc>Executes the given JavaScript code with possible arguments.</doc>
<msg timestamp="20220121 18:53:08.393" level="INFO">Executing JavaScript:
window.scrollTo(0, 350);
Without any arguments.</msg>
<status status="PASS" starttime="20220121 18:53:08.391" endtime="20220121 18:53:08.421"/>
</kw>
<kw name="Capture Page Screenshot" library="Selenium2Library">
<arg>${text}[0]_chartink</arg>
<doc>Takes a screenshot of the current page and embeds it into a log file.</doc>
<msg timestamp="20220121 18:53:08.552" level="INFO" html="true">&lt;/td&gt;&lt;/tr&gt;&lt;tr&gt;&lt;td colspan="3"&gt;&lt;a href="LODHA_chartink"&gt;&lt;img src="LODHA_chartink" width="800px"&gt;&lt;/a&gt;</msg>
<status status="PASS" starttime="20220121 18:53:08.421" endtime="20220121 18:53:08.553"/>
</kw>
<status status="PASS" starttime="20220121 18:53:06.244" endtime="20220121 18:53:08.553"/>
</iter>
<iter>
<var name="${text}">('IIFL',)</var>
<kw name="Log" library="BuiltIn">
<arg>${text}</arg>
<doc>Logs the given message with the given level.</doc>
<msg timestamp="20220121 18:53:08.553" level="INFO">('IIFL',)</msg>
<status status="PASS" starttime="20220121 18:53:08.553" endtime="20220121 18:53:08.554"/>
</kw>
<kw name="Go To" library="Selenium2Library">
<arg>${HOMEPAGE}/${text}[0].html</arg>
<doc>Navigates the current browser window to the provided ``url``.</doc>
<msg timestamp="20220121 18:53:08.554" level="INFO">Opening url 'https://chartink.com/stocks/IIFL.html'</msg>
<status status="PASS" starttime="20220121 18:53:08.554" endtime="20220121 18:53:19.437"/>
</kw>
<kw name="Sleep" library="BuiltIn">
<arg>1s</arg>
<doc>Pauses the test executed for the given time.</doc>
<msg timestamp="20220121 18:53:20.441" level="INFO">Slept 1 second</msg>
<status status="PASS" starttime="20220121 18:53:19.437" endtime="20220121 18:53:20.441"/>
</kw>
<kw name="Execute Javascript" library="Selenium2Library">
<arg>window.scrollTo(0, 350);</arg>
<doc>Executes the given JavaScript code with possible arguments.</doc>
<msg timestamp="20220121 18:53:20.443" level="INFO">Executing JavaScript:
window.scrollTo(0, 350);
Without any arguments.</msg>
<status status="PASS" starttime="20220121 18:53:20.442" endtime="20220121 18:53:20.486"/>
</kw>
<kw name="Capture Page Screenshot" library="Selenium2Library">
<arg>${text}[0]_chartink</arg>
<doc>Takes a screenshot of the current page and embeds it into a log file.</doc>
<msg timestamp="20220121 18:53:20.654" level="INFO" html="true">&lt;/td&gt;&lt;/tr&gt;&lt;tr&gt;&lt;td colspan="3"&gt;&lt;a href="IIFL_chartink"&gt;&lt;img src="IIFL_chartink" width="800px"&gt;&lt;/a&gt;</msg>
<status status="PASS" starttime="20220121 18:53:20.486" endtime="20220121 18:53:20.654"/>
</kw>
<status status="PASS" starttime="20220121 18:53:08.553" endtime="20220121 18:53:20.655"/>
</iter>
<iter>
<var name="${text}">('KIRIINDUS',)</var>
<kw name="Log" library="BuiltIn">
<arg>${text}</arg>
<doc>Logs the given message with the given level.</doc>
<msg timestamp="20220121 18:53:20.655" level="INFO">('KIRIINDUS',)</msg>
<status status="PASS" starttime="20220121 18:53:20.655" endtime="20220121 18:53:20.655"/>
</kw>
<kw name="Go To" library="Selenium2Library">
<arg>${HOMEPAGE}/${text}[0].html</arg>
<doc>Navigates the current browser window to the provided ``url``.</doc>
<msg timestamp="20220121 18:53:20.656" level="INFO">Opening url 'https://chartink.com/stocks/KIRIINDUS.html'</msg>
<status status="PASS" starttime="20220121 18:53:20.655" endtime="20220121 18:53:21.783"/>
</kw>
<kw name="Sleep" library="BuiltIn">
<arg>1s</arg>
<doc>Pauses the test executed for the given time.</doc>
<msg timestamp="20220121 18:53:22.795" level="INFO">Slept 1 second</msg>
<status status="PASS" starttime="20220121 18:53:21.784" endtime="20220121 18:53:22.795"/>
</kw>
<kw name="Execute Javascript" library="Selenium2Library">
<arg>window.scrollTo(0, 350);</arg>
<doc>Executes the given JavaScript code with possible arguments.</doc>
<msg timestamp="20220121 18:53:22.797" level="INFO">Executing JavaScript:
window.scrollTo(0, 350);
Without any arguments.</msg>
<status status="PASS" starttime="20220121 18:53:22.796" endtime="20220121 18:53:22.831"/>
</kw>
<kw name="Capture Page Screenshot" library="Selenium2Library">
<arg>${text}[0]_chartink</arg>
<doc>Takes a screenshot of the current page and embeds it into a log file.</doc>
<msg timestamp="20220121 18:53:23.003" level="INFO" html="true">&lt;/td&gt;&lt;/tr&gt;&lt;tr&gt;&lt;td colspan="3"&gt;&lt;a href="KIRIINDUS_chartink"&gt;&lt;img src="KIRIINDUS_chartink" width="800px"&gt;&lt;/a&gt;</msg>
<status status="PASS" starttime="20220121 18:53:22.832" endtime="20220121 18:53:23.004"/>
</kw>
<status status="PASS" starttime="20220121 18:53:20.655" endtime="20220121 18:53:23.004"/>
</iter>
<iter>
<var name="${text}">('LGBBROSLTD',)</var>
<kw name="Log" library="BuiltIn">
<arg>${text}</arg>
<doc>Logs the given message with the given level.</doc>
<msg timestamp="20220121 18:53:23.004" level="INFO">('LGBBROSLTD',)</msg>
<status status="PASS" starttime="20220121 18:53:23.004" endtime="20220121 18:53:23.004"/>
</kw>
<kw name="Go To" library="Selenium2Library">
<arg>${HOMEPAGE}/${text}[0].html</arg>
<doc>Navigates the current browser window to the provided ``url``.</doc>
<msg timestamp="20220121 18:53:23.005" level="INFO">Opening url 'https://chartink.com/stocks/LGBBROSLTD.html'</msg>
<status status="PASS" starttime="20220121 18:53:23.004" endtime="20220121 18:53:24.037"/>
</kw>
<kw name="Sleep" library="BuiltIn">
<arg>1s</arg>
<doc>Pauses the test executed for the given time.</doc>
<msg timestamp="20220121 18:53:25.040" level="INFO">Slept 1 second</msg>
<status status="PASS" starttime="20220121 18:53:24.038" endtime="20220121 18:53:25.040"/>
</kw>
<kw name="Execute Javascript" library="Selenium2Library">
<arg>window.scrollTo(0, 350);</arg>
<doc>Executes the given JavaScript code with possible arguments.</doc>
<msg timestamp="20220121 18:53:25.041" level="INFO">Executing JavaScript:
window.scrollTo(0, 350);
Without any arguments.</msg>
<status status="PASS" starttime="20220121 18:53:25.040" endtime="20220121 18:53:25.145"/>
</kw>
<kw name="Capture Page Screenshot" library="Selenium2Library">
<arg>${text}[0]_chartink</arg>
<doc>Takes a screenshot of the current page and embeds it into a log file.</doc>
<msg timestamp="20220121 18:53:25.319" level="INFO" html="true">&lt;/td&gt;&lt;/tr&gt;&lt;tr&gt;&lt;td colspan="3"&gt;&lt;a href="LGBBROSLTD_chartink"&gt;&lt;img src="LGBBROSLTD_chartink" width="800px"&gt;&lt;/a&gt;</msg>
<status status="PASS" starttime="20220121 18:53:25.145" endtime="20220121 18:53:25.319"/>
</kw>
<status status="PASS" starttime="20220121 18:53:23.004" endtime="20220121 18:53:25.319"/>
</iter>
<iter>
<var name="${text}">('ANGELONE',)</var>
<kw name="Log" library="BuiltIn">
<arg>${text}</arg>
<doc>Logs the given message with the given level.</doc>
<msg timestamp="20220121 18:53:25.320" level="INFO">('ANGELONE',)</msg>
<status status="PASS" starttime="20220121 18:53:25.320" endtime="20220121 18:53:25.320"/>
</kw>
<kw name="Go To" library="Selenium2Library">
<arg>${HOMEPAGE}/${text}[0].html</arg>
<doc>Navigates the current browser window to the provided ``url``.</doc>
<msg timestamp="20220121 18:53:25.320" level="INFO">Opening url 'https://chartink.com/stocks/ANGELONE.html'</msg>
<status status="PASS" starttime="20220121 18:53:25.320" endtime="20220121 18:53:28.970"/>
</kw>
<kw name="Sleep" library="BuiltIn">
<arg>1s</arg>
<doc>Pauses the test executed for the given time.</doc>
<msg timestamp="20220121 18:53:29.971" level="INFO">Slept 1 second</msg>
<status status="PASS" starttime="20220121 18:53:28.970" endtime="20220121 18:53:29.972"/>
</kw>
<kw name="Execute Javascript" library="Selenium2Library">
<arg>window.scrollTo(0, 350);</arg>
<doc>Executes the given JavaScript code with possible arguments.</doc>
<msg timestamp="20220121 18:53:29.974" level="INFO">Executing JavaScript:
window.scrollTo(0, 350);
Without any arguments.</msg>
<status status="PASS" starttime="20220121 18:53:29.972" endtime="20220121 18:53:30.024"/>
</kw>
<kw name="Capture Page Screenshot" library="Selenium2Library">
<arg>${text}[0]_chartink</arg>
<doc>Takes a screenshot of the current page and embeds it into a log file.</doc>
<msg timestamp="20220121 18:53:30.185" level="INFO" html="true">&lt;/td&gt;&lt;/tr&gt;&lt;tr&gt;&lt;td colspan="3"&gt;&lt;a href="ANGELONE_chartink"&gt;&lt;img src="ANGELONE_chartink" width="800px"&gt;&lt;/a&gt;</msg>
<status status="PASS" starttime="20220121 18:53:30.024" endtime="20220121 18:53:30.185"/>
</kw>
<status status="PASS" starttime="20220121 18:53:25.319" endtime="20220121 18:53:30.185"/>
</iter>
<status status="PASS" starttime="20220121 18:50:52.504" endtime="20220121 18:53:30.185"/>
</for>
<status status="PASS" starttime="20220121 18:50:46.666" endtime="20220121 18:53:30.186"/>
</test>
<kw name="Close Browser" library="Selenium2Library" type="TEARDOWN">
<doc>Closes the current browser.</doc>
<status status="PASS" starttime="20220121 18:53:30.188" endtime="20220121 18:53:32.596"/>
</kw>
<status status="PASS" starttime="20220121 18:50:44.226" endtime="20220121 18:53:32.597"/>
</suite>
<statistics>
<total>
<stat pass="1" fail="0" skip="0">All Tests</stat>
</total>
<tag>
</tag>
<suite>
<stat pass="1" fail="0" skip="0" id="s1" name="Chartinkscreen">Chartinkscreen</stat>
</suite>
</statistics>
<errors>
<msg timestamp="20220121 18:50:44.546" level="ERROR">Error in file 'C:\Users\User\PycharmProjects\stock\SeleniumLibrary\keywords.robot' on line 2: Importing library 'C:\Users\User\PycharmProjects\stock\SeleniumLibrary\keywords\BrowserManagementKeywords.py' failed: ImportError: attempted relative import with no known parent package
Traceback (most recent call last):
  File "C:\Users\User\PycharmProjects\stock\SeleniumLibrary\keywords\BrowserManagementKeywords.py", line 30, in &lt;module&gt;
    from .webdrivertools import WebDriverCreator
PYTHONPATH:
  C:\Users\User\AppData\Local\Programs\Python\Python39\Scripts\robot.exe
  c:\users\user\appdata\local\programs\python\python39\python39.zip
  c:\users\user\appdata\local\programs\python\python39\DLLs
  c:\users\user\appdata\local\programs\python\python39\lib
  c:\users\user\appdata\local\programs\python\python39
  c:\users\user\appdata\local\programs\python\python39\lib\site-packages</msg>
</errors>
</robot>
