<?xml version="1.0" encoding="UTF-8"?>
<robot generator="Robot 4.1.1 (Python 3.9.5 on win32)" generated="20220106 23:37:22.615" rpa="false" schemaversion="2">
<suite id="s1" name="Chartinkscreen" source="C:\Users\User\PycharmProjects\stock\pysmartapi\chartinkscreen.robot">
<kw name="Open Browser Test" type="SETUP">
<arg>${HOMEPAGE}</arg>
<kw name="Remove Files" library="OperatingSystem">
<doc>Uses `Remove File` to remove multiple files one-by-one.</doc>
<status status="PASS" starttime="20220106 23:37:22.955" endtime="20220106 23:37:22.956"/>
</kw>
<kw name="Open Browser" library="Selenium2Library">
<arg>${URL}</arg>
<arg>${BROWSER}</arg>
<doc>Opens a new browser instance to the optional ``url``.</doc>
<msg timestamp="20220106 23:37:22.956" level="INFO">Opening browser 'chrome' to base url 'https://chartink.com/stocks'.</msg>
<status status="PASS" starttime="20220106 23:37:22.956" endtime="20220106 23:37:25.047"/>
</kw>
<kw name="Maximize Browser Window" library="Selenium2Library">
<doc>Maximizes current browser window.</doc>
<status status="PASS" starttime="20220106 23:37:25.048" endtime="20220106 23:37:25.182"/>
</kw>
<status status="PASS" starttime="20220106 23:37:22.955" endtime="20220106 23:37:25.182"/>
</kw>
<test id="s1-t1" name="Stock Screens">
<kw name="Log Variables" library="BuiltIn">
<doc>Logs all variables in the current scope with given log level.</doc>
<msg timestamp="20220106 23:37:25.183" level="INFO">${/} = \</msg>
<msg timestamp="20220106 23:37:25.183" level="INFO">${:} = ;</msg>
<msg timestamp="20220106 23:37:25.184" level="INFO">${\n} = 
</msg>
<msg timestamp="20220106 23:37:25.184" level="INFO">${BROWSER} = chrome</msg>
<msg timestamp="20220106 23:37:25.184" level="INFO">${DEBUG_FILE} = NONE</msg>
<msg timestamp="20220106 23:37:25.184" level="INFO">${EXECDIR} = C:\Users\User\PycharmProjects\stock</msg>
<msg timestamp="20220106 23:37:25.184" level="INFO">${False} = False</msg>
<msg timestamp="20220106 23:37:25.184" level="INFO">${HOMEPAGE} = https://chartink.com/stocks</msg>
<msg timestamp="20220106 23:37:25.184" level="INFO">${LOG_FILE} = C:\Users\User\PycharmProjects\stock\stockscreen\log.html</msg>
<msg timestamp="20220106 23:37:25.184" level="INFO">${LOG_LEVEL} = INFO</msg>
<msg timestamp="20220106 23:37:25.184" level="INFO">${None} = None</msg>
<msg timestamp="20220106 23:37:25.184" level="INFO">${null} = None</msg>
<msg timestamp="20220106 23:37:25.184" level="INFO">${OUTPUT_DIR} = C:\Users\User\PycharmProjects\stock\stockscreen</msg>
<msg timestamp="20220106 23:37:25.184" level="INFO">${OUTPUT_FILE} = C:\Users\User\PycharmProjects\stock\stockscreen\output.xml</msg>
<msg timestamp="20220106 23:37:25.184" level="INFO">${PREV_TEST_MESSAGE} = </msg>
<msg timestamp="20220106 23:37:25.184" level="INFO">${PREV_TEST_NAME} = </msg>
<msg timestamp="20220106 23:37:25.184" level="INFO">${PREV_TEST_STATUS} = </msg>
<msg timestamp="20220106 23:37:25.184" level="INFO">${REPORT_FILE} = C:\Users\User\PycharmProjects\stock\stockscreen\report.html</msg>
<msg timestamp="20220106 23:37:25.184" level="INFO">${SPACE} =  </msg>
<msg timestamp="20220106 23:37:25.184" level="INFO">${SUITE_DOCUMENTATION} = </msg>
<msg timestamp="20220106 23:37:25.184" level="INFO">&amp;{SUITE_METADATA} = { }</msg>
<msg timestamp="20220106 23:37:25.184" level="INFO">${SUITE_NAME} = Chartinkscreen</msg>
<msg timestamp="20220106 23:37:25.184" level="INFO">${SUITE_SOURCE} = C:\Users\User\PycharmProjects\stock\pysmartapi\chartinkscreen.robot</msg>
<msg timestamp="20220106 23:37:25.184" level="INFO">${TEMPDIR} = C:\Users\User\AppData\Local\Temp</msg>
<msg timestamp="20220106 23:37:25.185" level="INFO">${TEST_DOCUMENTATION} = </msg>
<msg timestamp="20220106 23:37:25.185" level="INFO">${TEST_NAME} = Stock Screens</msg>
<msg timestamp="20220106 23:37:25.185" level="INFO">@{TEST_TAGS} = [ ]</msg>
<msg timestamp="20220106 23:37:25.185" level="INFO">${True} = True</msg>
<status status="PASS" starttime="20220106 23:37:25.183" endtime="20220106 23:37:25.185"/>
</kw>
<kw name="Connect To Database" library="DatabaseLibrary">
<arg>psycopg2</arg>
<arg>postgres</arg>
<arg>postgres</arg>
<arg>admin</arg>
<arg>localhost</arg>
<arg>5432</arg>
<doc>Loads the DB API 2.0 module given `dbapiModuleName` then uses it to
connect to the database using `dbName`, `dbUsername`, and `dbPassword`.</doc>
<msg timestamp="20220106 23:37:25.202" level="INFO">Connecting using : psycopg2.connect(database=postgres, user=postgres, password=admin, host=localhost, port=5432) </msg>
<status status="PASS" starttime="20220106 23:37:25.185" endtime="20220106 23:37:25.239"/>
</kw>
<kw name="Query" library="DatabaseLibrary">
<var>@{queryResults}</var>
<arg>SELECT distinct * FROM chartink</arg>
<doc>Uses the input `selectStatement` to query for the values that will be returned as a list of tuples. Set optional
input `sansTran` to True to run command without an explicit transaction commit or rollback.
Set optional input `returnAsDict` to True to return values as a list of dictionaries.</doc>
<msg timestamp="20220106 23:37:25.240" level="INFO">Executing : Query  |  SELECT distinct * FROM chartink </msg>
<msg timestamp="20220106 23:37:25.243" level="INFO">@{queryResults} = [ ('MAXVIL',) | ('LINCPEN',) | ('KILITCH',) | ('VSTTILLERS',) | ('PATSPINLTD',) | ('MARICO',) | ('ISGEC',) | ('OMINFRAL',) | ('KEC',) | ('ELGIEQUIP',) | ('ASAHIINDIA',) | ('SANGHIIND',) | ('SUBROS',) ...</msg>
<status status="PASS" starttime="20220106 23:37:25.240" endtime="20220106 23:37:25.243"/>
</kw>
<kw name="Go To" library="Selenium2Library">
<arg>${HOMEPAGE}/bse.html</arg>
<doc>Navigates the current browser window to the provided ``url``.</doc>
<msg timestamp="20220106 23:37:25.244" level="INFO">Opening url 'https://chartink.com/stocks/bse.html'</msg>
<status status="PASS" starttime="20220106 23:37:25.244" endtime="20220106 23:37:27.955"/>
</kw>
<kw name="Wait Until Keyword Succeeds" library="BuiltIn">
<arg>10s</arg>
<arg>1s</arg>
<arg>Select Chart</arg>
<doc>Runs the specified keyword and retries if it fails.</doc>
<kw name="Select Chart">
<kw name="Click Element" library="Selenium2Library">
<arg>css:#ti</arg>
<doc>Click the element identified by ``locator``.</doc>
<msg timestamp="20220106 23:37:27.957" level="INFO">Clicking element 'css:#ti'.</msg>
<status status="PASS" starttime="20220106 23:37:27.957" endtime="20220106 23:37:28.080"/>
</kw>
<kw name="Click Link" library="Selenium2Library">
<arg>link:Moving Avgs</arg>
<doc>Clicks a link identified by ``locator``.</doc>
<msg timestamp="20220106 23:37:28.081" level="INFO">Clicking link 'link:Moving Avgs'.</msg>
<status status="PASS" starttime="20220106 23:37:28.080" endtime="20220106 23:37:28.251"/>
</kw>
<kw name="Select From List By Label" library="Selenium2Library">
<arg>css:#a2v</arg>
<arg>Exponential</arg>
<doc>Selects options from selection list ``locator`` by ``labels``.</doc>
<msg timestamp="20220106 23:37:28.252" level="INFO">Selecting options from selection list 'css:#a2v' by label Exponential.</msg>
<status status="PASS" starttime="20220106 23:37:28.251" endtime="20220106 23:37:28.454"/>
</kw>
<kw name="Input Text" library="Selenium2Library">
<arg>//div[@id='moving_avgs']//tr/td[5]/input</arg>
<arg>42</arg>
<doc>Types the given ``text`` into the text field identified by ``locator``.</doc>
<msg timestamp="20220106 23:37:28.455" level="INFO">Typing text '42' into text field '//div[@id='moving_avgs']//tr/td[5]/input'.</msg>
<status status="PASS" starttime="20220106 23:37:28.454" endtime="20220106 23:37:28.624"/>
</kw>
<kw name="Input Text" library="Selenium2Library">
<arg>//div[@id='moving_avgs']//tr[3]/td[5]/input</arg>
<arg>20</arg>
<doc>Types the given ``text`` into the text field identified by ``locator``.</doc>
<msg timestamp="20220106 23:37:28.625" level="INFO">Typing text '20' into text field '//div[@id='moving_avgs']//tr[3]/td[5]/input'.</msg>
<status status="PASS" starttime="20220106 23:37:28.624" endtime="20220106 23:37:28.773"/>
</kw>
<kw name="Click Element" library="Selenium2Library">
<arg>css:input[value='UPDATE CHART']</arg>
<doc>Click the element identified by ``locator``.</doc>
<msg timestamp="20220106 23:37:28.774" level="INFO">Clicking element 'css:input[value='UPDATE CHART']'.</msg>
<status status="PASS" starttime="20220106 23:37:28.773" endtime="20220106 23:37:29.081"/>
</kw>
<status status="PASS" starttime="20220106 23:37:27.957" endtime="20220106 23:37:29.081"/>
</kw>
<status status="PASS" starttime="20220106 23:37:27.956" endtime="20220106 23:37:29.081"/>
</kw>
<kw name="Scroll Element Into View" library="Selenium2Library">
<arg>css:#ChartImage</arg>
<doc>Scrolls the element identified by ``locator`` into view.</doc>
<status status="PASS" starttime="20220106 23:37:29.082" endtime="20220106 23:37:29.365"/>
</kw>
<kw name="Wait Until Element Is Visible" library="Selenium2Library">
<arg>css:#ChartImage</arg>
<doc>Waits until the element ``locator`` is visible.</doc>
<status status="PASS" starttime="20220106 23:37:29.367" endtime="20220106 23:37:29.435"/>
</kw>
<kw name="Execute Javascript" library="Selenium2Library">
<arg>window.scrollTo(0, 350);</arg>
<doc>Executes the given JavaScript code with possible arguments.</doc>
<msg timestamp="20220106 23:37:29.437" level="INFO">Executing JavaScript:
window.scrollTo(0, 350);
Without any arguments.</msg>
<status status="PASS" starttime="20220106 23:37:29.436" endtime="20220106 23:37:29.457"/>
</kw>
<for flavor="IN">
<var>${text}</var>
<value>@{queryResults}</value>
<iter>
<var name="${text}">('MAXVIL',)</var>
<kw name="Log" library="BuiltIn">
<arg>${text}</arg>
<doc>Logs the given message with the given level.</doc>
<msg timestamp="20220106 23:37:29.459" level="INFO">('MAXVIL',)</msg>
<status status="PASS" starttime="20220106 23:37:29.458" endtime="20220106 23:37:29.459"/>
</kw>
<kw name="Go To" library="Selenium2Library">
<arg>${HOMEPAGE}/${text}[0].html</arg>
<doc>Navigates the current browser window to the provided ``url``.</doc>
<msg timestamp="20220106 23:37:29.462" level="INFO">Opening url 'https://chartink.com/stocks/MAXVIL.html'</msg>
<status status="PASS" starttime="20220106 23:37:29.460" endtime="20220106 23:37:32.932"/>
</kw>
<kw name="Sleep" library="BuiltIn">
<arg>1s</arg>
<doc>Pauses the test executed for the given time.</doc>
<msg timestamp="20220106 23:37:33.936" level="INFO">Slept 1 second</msg>
<status status="PASS" starttime="20220106 23:37:32.933" endtime="20220106 23:37:33.936"/>
</kw>
<kw name="Execute Javascript" library="Selenium2Library">
<arg>window.scrollTo(0, 350);</arg>
<doc>Executes the given JavaScript code with possible arguments.</doc>
<msg timestamp="20220106 23:37:33.937" level="INFO">Executing JavaScript:
window.scrollTo(0, 350);
Without any arguments.</msg>
<status status="PASS" starttime="20220106 23:37:33.936" endtime="20220106 23:37:35.617"/>
</kw>
<kw name="Capture Page Screenshot" library="Selenium2Library">
<arg>${text}[0]_chartink</arg>
<doc>Takes a screenshot of the current page and embeds it into a log file.</doc>
<msg timestamp="20220106 23:37:35.847" level="INFO" html="true">&lt;/td&gt;&lt;/tr&gt;&lt;tr&gt;&lt;td colspan="3"&gt;&lt;a href="MAXVIL_chartink"&gt;&lt;img src="MAXVIL_chartink" width="800px"&gt;&lt;/a&gt;</msg>
<msg timestamp="20220106 23:37:35.848" level="INFO">c:\users\user\appdata\local\programs\python\python39\lib\site-packages\selenium\webdriver\remote\webdriver.py:1030: UserWarning: name used for saved screenshot does not match file type. It should end with a `.png` extension
  warnings.warn("name used for saved screenshot does not match file "</msg>
<status status="PASS" starttime="20220106 23:37:35.618" endtime="20220106 23:37:35.860"/>
</kw>
<status status="PASS" starttime="20220106 23:37:29.458" endtime="20220106 23:37:35.860"/>
</iter>
<iter>
<var name="${text}">('LINCPEN',)</var>
<kw name="Log" library="BuiltIn">
<arg>${text}</arg>
<doc>Logs the given message with the given level.</doc>
<msg timestamp="20220106 23:37:35.861" level="INFO">('LINCPEN',)</msg>
<status status="PASS" starttime="20220106 23:37:35.861" endtime="20220106 23:37:35.861"/>
</kw>
<kw name="Go To" library="Selenium2Library">
<arg>${HOMEPAGE}/${text}[0].html</arg>
<doc>Navigates the current browser window to the provided ``url``.</doc>
<msg timestamp="20220106 23:37:35.862" level="INFO">Opening url 'https://chartink.com/stocks/LINCPEN.html'</msg>
<status status="PASS" starttime="20220106 23:37:35.862" endtime="20220106 23:37:37.779"/>
</kw>
<kw name="Sleep" library="BuiltIn">
<arg>1s</arg>
<doc>Pauses the test executed for the given time.</doc>
<msg timestamp="20220106 23:37:38.793" level="INFO">Slept 1 second</msg>
<status status="PASS" starttime="20220106 23:37:37.780" endtime="20220106 23:37:38.793"/>
</kw>
<kw name="Execute Javascript" library="Selenium2Library">
<arg>window.scrollTo(0, 350);</arg>
<doc>Executes the given JavaScript code with possible arguments.</doc>
<msg timestamp="20220106 23:37:38.794" level="INFO">Executing JavaScript:
window.scrollTo(0, 350);
Without any arguments.</msg>
<status status="PASS" starttime="20220106 23:37:38.793" endtime="20220106 23:37:38.850"/>
</kw>
<kw name="Capture Page Screenshot" library="Selenium2Library">
<arg>${text}[0]_chartink</arg>
<doc>Takes a screenshot of the current page and embeds it into a log file.</doc>
<msg timestamp="20220106 23:37:39.031" level="INFO" html="true">&lt;/td&gt;&lt;/tr&gt;&lt;tr&gt;&lt;td colspan="3"&gt;&lt;a href="LINCPEN_chartink"&gt;&lt;img src="LINCPEN_chartink" width="800px"&gt;&lt;/a&gt;</msg>
<status status="PASS" starttime="20220106 23:37:38.851" endtime="20220106 23:37:39.031"/>
</kw>
<status status="PASS" starttime="20220106 23:37:35.860" endtime="20220106 23:37:39.031"/>
</iter>
<iter>
<var name="${text}">('KILITCH',)</var>
<kw name="Log" library="BuiltIn">
<arg>${text}</arg>
<doc>Logs the given message with the given level.</doc>
<msg timestamp="20220106 23:37:39.032" level="INFO">('KILITCH',)</msg>
<status status="PASS" starttime="20220106 23:37:39.031" endtime="20220106 23:37:39.032"/>
</kw>
<kw name="Go To" library="Selenium2Library">
<arg>${HOMEPAGE}/${text}[0].html</arg>
<doc>Navigates the current browser window to the provided ``url``.</doc>
<msg timestamp="20220106 23:37:39.033" level="INFO">Opening url 'https://chartink.com/stocks/KILITCH.html'</msg>
<status status="PASS" starttime="20220106 23:37:39.032" endtime="20220106 23:37:41.250"/>
</kw>
<kw name="Sleep" library="BuiltIn">
<arg>1s</arg>
<doc>Pauses the test executed for the given time.</doc>
<msg timestamp="20220106 23:37:42.264" level="INFO">Slept 1 second</msg>
<status status="PASS" starttime="20220106 23:37:41.250" endtime="20220106 23:37:42.264"/>
</kw>
<kw name="Execute Javascript" library="Selenium2Library">
<arg>window.scrollTo(0, 350);</arg>
<doc>Executes the given JavaScript code with possible arguments.</doc>
<msg timestamp="20220106 23:37:42.265" level="INFO">Executing JavaScript:
window.scrollTo(0, 350);
Without any arguments.</msg>
<status status="PASS" starttime="20220106 23:37:42.264" endtime="20220106 23:37:42.278"/>
</kw>
<kw name="Capture Page Screenshot" library="Selenium2Library">
<arg>${text}[0]_chartink</arg>
<doc>Takes a screenshot of the current page and embeds it into a log file.</doc>
<msg timestamp="20220106 23:37:42.459" level="INFO" html="true">&lt;/td&gt;&lt;/tr&gt;&lt;tr&gt;&lt;td colspan="3"&gt;&lt;a href="KILITCH_chartink"&gt;&lt;img src="KILITCH_chartink" width="800px"&gt;&lt;/a&gt;</msg>
<status status="PASS" starttime="20220106 23:37:42.279" endtime="20220106 23:37:42.459"/>
</kw>
<status status="PASS" starttime="20220106 23:37:39.031" endtime="20220106 23:37:42.459"/>
</iter>
<iter>
<var name="${text}">('VSTTILLERS',)</var>
<kw name="Log" library="BuiltIn">
<arg>${text}</arg>
<doc>Logs the given message with the given level.</doc>
<msg timestamp="20220106 23:37:42.460" level="INFO">('VSTTILLERS',)</msg>
<status status="PASS" starttime="20220106 23:37:42.460" endtime="20220106 23:37:42.460"/>
</kw>
<kw name="Go To" library="Selenium2Library">
<arg>${HOMEPAGE}/${text}[0].html</arg>
<doc>Navigates the current browser window to the provided ``url``.</doc>
<msg timestamp="20220106 23:37:42.461" level="INFO">Opening url 'https://chartink.com/stocks/VSTTILLERS.html'</msg>
<status status="PASS" starttime="20220106 23:37:42.460" endtime="20220106 23:37:43.710"/>
</kw>
<kw name="Sleep" library="BuiltIn">
<arg>1s</arg>
<doc>Pauses the test executed for the given time.</doc>
<msg timestamp="20220106 23:37:44.719" level="INFO">Slept 1 second</msg>
<status status="PASS" starttime="20220106 23:37:43.711" endtime="20220106 23:37:44.719"/>
</kw>
<kw name="Execute Javascript" library="Selenium2Library">
<arg>window.scrollTo(0, 350);</arg>
<doc>Executes the given JavaScript code with possible arguments.</doc>
<msg timestamp="20220106 23:37:44.720" level="INFO">Executing JavaScript:
window.scrollTo(0, 350);
Without any arguments.</msg>
<status status="PASS" starttime="20220106 23:37:44.719" endtime="20220106 23:37:44.744"/>
</kw>
<kw name="Capture Page Screenshot" library="Selenium2Library">
<arg>${text}[0]_chartink</arg>
<doc>Takes a screenshot of the current page and embeds it into a log file.</doc>
<msg timestamp="20220106 23:37:44.907" level="INFO" html="true">&lt;/td&gt;&lt;/tr&gt;&lt;tr&gt;&lt;td colspan="3"&gt;&lt;a href="VSTTILLERS_chartink"&gt;&lt;img src="VSTTILLERS_chartink" width="800px"&gt;&lt;/a&gt;</msg>
<status status="PASS" starttime="20220106 23:37:44.744" endtime="20220106 23:37:44.907"/>
</kw>
<status status="PASS" starttime="20220106 23:37:42.459" endtime="20220106 23:37:44.908"/>
</iter>
<iter>
<var name="${text}">('PATSPINLTD',)</var>
<kw name="Log" library="BuiltIn">
<arg>${text}</arg>
<doc>Logs the given message with the given level.</doc>
<msg timestamp="20220106 23:37:44.908" level="INFO">('PATSPINLTD',)</msg>
<status status="PASS" starttime="20220106 23:37:44.908" endtime="20220106 23:37:44.909"/>
</kw>
<kw name="Go To" library="Selenium2Library">
<arg>${HOMEPAGE}/${text}[0].html</arg>
<doc>Navigates the current browser window to the provided ``url``.</doc>
<msg timestamp="20220106 23:37:44.909" level="INFO">Opening url 'https://chartink.com/stocks/PATSPINLTD.html'</msg>
<status status="PASS" starttime="20220106 23:37:44.909" endtime="20220106 23:37:46.992"/>
</kw>
<kw name="Sleep" library="BuiltIn">
<arg>1s</arg>
<doc>Pauses the test executed for the given time.</doc>
<msg timestamp="20220106 23:37:48.007" level="INFO">Slept 1 second</msg>
<status status="PASS" starttime="20220106 23:37:46.993" endtime="20220106 23:37:48.007"/>
</kw>
<kw name="Execute Javascript" library="Selenium2Library">
<arg>window.scrollTo(0, 350);</arg>
<doc>Executes the given JavaScript code with possible arguments.</doc>
<msg timestamp="20220106 23:37:48.009" level="INFO">Executing JavaScript:
window.scrollTo(0, 350);
Without any arguments.</msg>
<status status="PASS" starttime="20220106 23:37:48.008" endtime="20220106 23:37:48.050"/>
</kw>
<kw name="Capture Page Screenshot" library="Selenium2Library">
<arg>${text}[0]_chartink</arg>
<doc>Takes a screenshot of the current page and embeds it into a log file.</doc>
<msg timestamp="20220106 23:37:48.250" level="INFO" html="true">&lt;/td&gt;&lt;/tr&gt;&lt;tr&gt;&lt;td colspan="3"&gt;&lt;a href="PATSPINLTD_chartink"&gt;&lt;img src="PATSPINLTD_chartink" width="800px"&gt;&lt;/a&gt;</msg>
<status status="PASS" starttime="20220106 23:37:48.051" endtime="20220106 23:37:48.250"/>
</kw>
<status status="PASS" starttime="20220106 23:37:44.908" endtime="20220106 23:37:48.250"/>
</iter>
<iter>
<var name="${text}">('MARICO',)</var>
<kw name="Log" library="BuiltIn">
<arg>${text}</arg>
<doc>Logs the given message with the given level.</doc>
<msg timestamp="20220106 23:37:48.250" level="INFO">('MARICO',)</msg>
<status status="PASS" starttime="20220106 23:37:48.250" endtime="20220106 23:37:48.251"/>
</kw>
<kw name="Go To" library="Selenium2Library">
<arg>${HOMEPAGE}/${text}[0].html</arg>
<doc>Navigates the current browser window to the provided ``url``.</doc>
<msg timestamp="20220106 23:37:48.251" level="INFO">Opening url 'https://chartink.com/stocks/MARICO.html'</msg>
<status status="PASS" starttime="20220106 23:37:48.251" endtime="20220106 23:37:49.781"/>
</kw>
<kw name="Sleep" library="BuiltIn">
<arg>1s</arg>
<doc>Pauses the test executed for the given time.</doc>
<msg timestamp="20220106 23:37:50.785" level="INFO">Slept 1 second</msg>
<status status="PASS" starttime="20220106 23:37:49.782" endtime="20220106 23:37:50.785"/>
</kw>
<kw name="Execute Javascript" library="Selenium2Library">
<arg>window.scrollTo(0, 350);</arg>
<doc>Executes the given JavaScript code with possible arguments.</doc>
<msg timestamp="20220106 23:37:50.786" level="INFO">Executing JavaScript:
window.scrollTo(0, 350);
Without any arguments.</msg>
<status status="PASS" starttime="20220106 23:37:50.785" endtime="20220106 23:37:50.802"/>
</kw>
<kw name="Capture Page Screenshot" library="Selenium2Library">
<arg>${text}[0]_chartink</arg>
<doc>Takes a screenshot of the current page and embeds it into a log file.</doc>
<msg timestamp="20220106 23:37:50.954" level="INFO" html="true">&lt;/td&gt;&lt;/tr&gt;&lt;tr&gt;&lt;td colspan="3"&gt;&lt;a href="MARICO_chartink"&gt;&lt;img src="MARICO_chartink" width="800px"&gt;&lt;/a&gt;</msg>
<status status="PASS" starttime="20220106 23:37:50.803" endtime="20220106 23:37:50.954"/>
</kw>
<status status="PASS" starttime="20220106 23:37:48.250" endtime="20220106 23:37:50.954"/>
</iter>
<iter>
<var name="${text}">('ISGEC',)</var>
<kw name="Log" library="BuiltIn">
<arg>${text}</arg>
<doc>Logs the given message with the given level.</doc>
<msg timestamp="20220106 23:37:50.955" level="INFO">('ISGEC',)</msg>
<status status="PASS" starttime="20220106 23:37:50.954" endtime="20220106 23:37:50.955"/>
</kw>
<kw name="Go To" library="Selenium2Library">
<arg>${HOMEPAGE}/${text}[0].html</arg>
<doc>Navigates the current browser window to the provided ``url``.</doc>
<msg timestamp="20220106 23:37:50.955" level="INFO">Opening url 'https://chartink.com/stocks/ISGEC.html'</msg>
<status status="PASS" starttime="20220106 23:37:50.955" endtime="20220106 23:37:53.674"/>
</kw>
<kw name="Sleep" library="BuiltIn">
<arg>1s</arg>
<doc>Pauses the test executed for the given time.</doc>
<msg timestamp="20220106 23:37:54.685" level="INFO">Slept 1 second</msg>
<status status="PASS" starttime="20220106 23:37:53.675" endtime="20220106 23:37:54.685"/>
</kw>
<kw name="Execute Javascript" library="Selenium2Library">
<arg>window.scrollTo(0, 350);</arg>
<doc>Executes the given JavaScript code with possible arguments.</doc>
<msg timestamp="20220106 23:37:54.686" level="INFO">Executing JavaScript:
window.scrollTo(0, 350);
Without any arguments.</msg>
<status status="PASS" starttime="20220106 23:37:54.685" endtime="20220106 23:37:54.733"/>
</kw>
<kw name="Capture Page Screenshot" library="Selenium2Library">
<arg>${text}[0]_chartink</arg>
<doc>Takes a screenshot of the current page and embeds it into a log file.</doc>
<msg timestamp="20220106 23:37:55.246" level="INFO" html="true">&lt;/td&gt;&lt;/tr&gt;&lt;tr&gt;&lt;td colspan="3"&gt;&lt;a href="ISGEC_chartink"&gt;&lt;img src="ISGEC_chartink" width="800px"&gt;&lt;/a&gt;</msg>
<status status="PASS" starttime="20220106 23:37:54.734" endtime="20220106 23:37:55.247"/>
</kw>
<status status="PASS" starttime="20220106 23:37:50.954" endtime="20220106 23:37:55.247"/>
</iter>
<iter>
<var name="${text}">('OMINFRAL',)</var>
<kw name="Log" library="BuiltIn">
<arg>${text}</arg>
<doc>Logs the given message with the given level.</doc>
<msg timestamp="20220106 23:37:55.248" level="INFO">('OMINFRAL',)</msg>
<status status="PASS" starttime="20220106 23:37:55.247" endtime="20220106 23:37:55.248"/>
</kw>
<kw name="Go To" library="Selenium2Library">
<arg>${HOMEPAGE}/${text}[0].html</arg>
<doc>Navigates the current browser window to the provided ``url``.</doc>
<msg timestamp="20220106 23:37:55.249" level="INFO">Opening url 'https://chartink.com/stocks/OMINFRAL.html'</msg>
<status status="PASS" starttime="20220106 23:37:55.248" endtime="20220106 23:37:56.771"/>
</kw>
<kw name="Sleep" library="BuiltIn">
<arg>1s</arg>
<doc>Pauses the test executed for the given time.</doc>
<msg timestamp="20220106 23:37:57.781" level="INFO">Slept 1 second</msg>
<status status="PASS" starttime="20220106 23:37:56.771" endtime="20220106 23:37:57.782"/>
</kw>
<kw name="Execute Javascript" library="Selenium2Library">
<arg>window.scrollTo(0, 350);</arg>
<doc>Executes the given JavaScript code with possible arguments.</doc>
<msg timestamp="20220106 23:37:57.784" level="INFO">Executing JavaScript:
window.scrollTo(0, 350);
Without any arguments.</msg>
<status status="PASS" starttime="20220106 23:37:57.782" endtime="20220106 23:37:57.819"/>
</kw>
<kw name="Capture Page Screenshot" library="Selenium2Library">
<arg>${text}[0]_chartink</arg>
<doc>Takes a screenshot of the current page and embeds it into a log file.</doc>
<msg timestamp="20220106 23:37:58.025" level="INFO" html="true">&lt;/td&gt;&lt;/tr&gt;&lt;tr&gt;&lt;td colspan="3"&gt;&lt;a href="OMINFRAL_chartink"&gt;&lt;img src="OMINFRAL_chartink" width="800px"&gt;&lt;/a&gt;</msg>
<status status="PASS" starttime="20220106 23:37:57.820" endtime="20220106 23:37:58.026"/>
</kw>
<status status="PASS" starttime="20220106 23:37:55.247" endtime="20220106 23:37:58.026"/>
</iter>
<iter>
<var name="${text}">('KEC',)</var>
<kw name="Log" library="BuiltIn">
<arg>${text}</arg>
<doc>Logs the given message with the given level.</doc>
<msg timestamp="20220106 23:37:58.027" level="INFO">('KEC',)</msg>
<status status="PASS" starttime="20220106 23:37:58.026" endtime="20220106 23:37:58.027"/>
</kw>
<kw name="Go To" library="Selenium2Library">
<arg>${HOMEPAGE}/${text}[0].html</arg>
<doc>Navigates the current browser window to the provided ``url``.</doc>
<msg timestamp="20220106 23:37:58.027" level="INFO">Opening url 'https://chartink.com/stocks/KEC.html'</msg>
<status status="PASS" starttime="20220106 23:37:58.027" endtime="20220106 23:37:59.315"/>
</kw>
<kw name="Sleep" library="BuiltIn">
<arg>1s</arg>
<doc>Pauses the test executed for the given time.</doc>
<msg timestamp="20220106 23:38:00.331" level="INFO">Slept 1 second</msg>
<status status="PASS" starttime="20220106 23:37:59.315" endtime="20220106 23:38:00.331"/>
</kw>
<kw name="Execute Javascript" library="Selenium2Library">
<arg>window.scrollTo(0, 350);</arg>
<doc>Executes the given JavaScript code with possible arguments.</doc>
<msg timestamp="20220106 23:38:00.332" level="INFO">Executing JavaScript:
window.scrollTo(0, 350);
Without any arguments.</msg>
<status status="PASS" starttime="20220106 23:38:00.331" endtime="20220106 23:38:00.391"/>
</kw>
<kw name="Capture Page Screenshot" library="Selenium2Library">
<arg>${text}[0]_chartink</arg>
<doc>Takes a screenshot of the current page and embeds it into a log file.</doc>
<msg timestamp="20220106 23:38:00.598" level="INFO" html="true">&lt;/td&gt;&lt;/tr&gt;&lt;tr&gt;&lt;td colspan="3"&gt;&lt;a href="KEC_chartink"&gt;&lt;img src="KEC_chartink" width="800px"&gt;&lt;/a&gt;</msg>
<status status="PASS" starttime="20220106 23:38:00.391" endtime="20220106 23:38:00.599"/>
</kw>
<status status="PASS" starttime="20220106 23:37:58.026" endtime="20220106 23:38:00.599"/>
</iter>
<iter>
<var name="${text}">('ELGIEQUIP',)</var>
<kw name="Log" library="BuiltIn">
<arg>${text}</arg>
<doc>Logs the given message with the given level.</doc>
<msg timestamp="20220106 23:38:00.600" level="INFO">('ELGIEQUIP',)</msg>
<status status="PASS" starttime="20220106 23:38:00.599" endtime="20220106 23:38:00.600"/>
</kw>
<kw name="Go To" library="Selenium2Library">
<arg>${HOMEPAGE}/${text}[0].html</arg>
<doc>Navigates the current browser window to the provided ``url``.</doc>
<msg timestamp="20220106 23:38:00.601" level="INFO">Opening url 'https://chartink.com/stocks/ELGIEQUIP.html'</msg>
<status status="PASS" starttime="20220106 23:38:00.600" endtime="20220106 23:38:02.418"/>
</kw>
<kw name="Sleep" library="BuiltIn">
<arg>1s</arg>
<doc>Pauses the test executed for the given time.</doc>
<msg timestamp="20220106 23:38:03.433" level="INFO">Slept 1 second</msg>
<status status="PASS" starttime="20220106 23:38:02.418" endtime="20220106 23:38:03.433"/>
</kw>
<kw name="Execute Javascript" library="Selenium2Library">
<arg>window.scrollTo(0, 350);</arg>
<doc>Executes the given JavaScript code with possible arguments.</doc>
<msg timestamp="20220106 23:38:03.435" level="INFO">Executing JavaScript:
window.scrollTo(0, 350);
Without any arguments.</msg>
<status status="PASS" starttime="20220106 23:38:03.433" endtime="20220106 23:38:03.452"/>
</kw>
<kw name="Capture Page Screenshot" library="Selenium2Library">
<arg>${text}[0]_chartink</arg>
<doc>Takes a screenshot of the current page and embeds it into a log file.</doc>
<msg timestamp="20220106 23:38:03.614" level="INFO" html="true">&lt;/td&gt;&lt;/tr&gt;&lt;tr&gt;&lt;td colspan="3"&gt;&lt;a href="ELGIEQUIP_chartink"&gt;&lt;img src="ELGIEQUIP_chartink" width="800px"&gt;&lt;/a&gt;</msg>
<status status="PASS" starttime="20220106 23:38:03.453" endtime="20220106 23:38:03.615"/>
</kw>
<status status="PASS" starttime="20220106 23:38:00.599" endtime="20220106 23:38:03.615"/>
</iter>
<iter>
<var name="${text}">('ASAHIINDIA',)</var>
<kw name="Log" library="BuiltIn">
<arg>${text}</arg>
<doc>Logs the given message with the given level.</doc>
<msg timestamp="20220106 23:38:03.616" level="INFO">('ASAHIINDIA',)</msg>
<status status="PASS" starttime="20220106 23:38:03.615" endtime="20220106 23:38:03.616"/>
</kw>
<kw name="Go To" library="Selenium2Library">
<arg>${HOMEPAGE}/${text}[0].html</arg>
<doc>Navigates the current browser window to the provided ``url``.</doc>
<msg timestamp="20220106 23:38:03.616" level="INFO">Opening url 'https://chartink.com/stocks/ASAHIINDIA.html'</msg>
<status status="PASS" starttime="20220106 23:38:03.616" endtime="20220106 23:38:05.556"/>
</kw>
<kw name="Sleep" library="BuiltIn">
<arg>1s</arg>
<doc>Pauses the test executed for the given time.</doc>
<msg timestamp="20220106 23:38:06.562" level="INFO">Slept 1 second</msg>
<status status="PASS" starttime="20220106 23:38:05.556" endtime="20220106 23:38:06.563"/>
</kw>
<kw name="Execute Javascript" library="Selenium2Library">
<arg>window.scrollTo(0, 350);</arg>
<doc>Executes the given JavaScript code with possible arguments.</doc>
<msg timestamp="20220106 23:38:06.565" level="INFO">Executing JavaScript:
window.scrollTo(0, 350);
Without any arguments.</msg>
<status status="PASS" starttime="20220106 23:38:06.563" endtime="20220106 23:38:06.592"/>
</kw>
<kw name="Capture Page Screenshot" library="Selenium2Library">
<arg>${text}[0]_chartink</arg>
<doc>Takes a screenshot of the current page and embeds it into a log file.</doc>
<msg timestamp="20220106 23:38:06.771" level="INFO" html="true">&lt;/td&gt;&lt;/tr&gt;&lt;tr&gt;&lt;td colspan="3"&gt;&lt;a href="ASAHIINDIA_chartink"&gt;&lt;img src="ASAHIINDIA_chartink" width="800px"&gt;&lt;/a&gt;</msg>
<status status="PASS" starttime="20220106 23:38:06.592" endtime="20220106 23:38:06.771"/>
</kw>
<status status="PASS" starttime="20220106 23:38:03.615" endtime="20220106 23:38:06.771"/>
</iter>
<iter>
<var name="${text}">('SANGHIIND',)</var>
<kw name="Log" library="BuiltIn">
<arg>${text}</arg>
<doc>Logs the given message with the given level.</doc>
<msg timestamp="20220106 23:38:06.772" level="INFO">('SANGHIIND',)</msg>
<status status="PASS" starttime="20220106 23:38:06.772" endtime="20220106 23:38:06.772"/>
</kw>
<kw name="Go To" library="Selenium2Library">
<arg>${HOMEPAGE}/${text}[0].html</arg>
<doc>Navigates the current browser window to the provided ``url``.</doc>
<msg timestamp="20220106 23:38:06.772" level="INFO">Opening url 'https://chartink.com/stocks/SANGHIIND.html'</msg>
<status status="PASS" starttime="20220106 23:38:06.772" endtime="20220106 23:38:09.536"/>
</kw>
<kw name="Sleep" library="BuiltIn">
<arg>1s</arg>
<doc>Pauses the test executed for the given time.</doc>
<msg timestamp="20220106 23:38:10.547" level="INFO">Slept 1 second</msg>
<status status="PASS" starttime="20220106 23:38:09.536" endtime="20220106 23:38:10.548"/>
</kw>
<kw name="Execute Javascript" library="Selenium2Library">
<arg>window.scrollTo(0, 350);</arg>
<doc>Executes the given JavaScript code with possible arguments.</doc>
<msg timestamp="20220106 23:38:10.551" level="INFO">Executing JavaScript:
window.scrollTo(0, 350);
Without any arguments.</msg>
<status status="PASS" starttime="20220106 23:38:10.548" endtime="20220106 23:38:10.594"/>
</kw>
<kw name="Capture Page Screenshot" library="Selenium2Library">
<arg>${text}[0]_chartink</arg>
<doc>Takes a screenshot of the current page and embeds it into a log file.</doc>
<msg timestamp="20220106 23:38:11.224" level="INFO" html="true">&lt;/td&gt;&lt;/tr&gt;&lt;tr&gt;&lt;td colspan="3"&gt;&lt;a href="SANGHIIND_chartink"&gt;&lt;img src="SANGHIIND_chartink" width="800px"&gt;&lt;/a&gt;</msg>
<status status="PASS" starttime="20220106 23:38:10.594" endtime="20220106 23:38:11.224"/>
</kw>
<status status="PASS" starttime="20220106 23:38:06.771" endtime="20220106 23:38:11.224"/>
</iter>
<iter>
<var name="${text}">('SUBROS',)</var>
<kw name="Log" library="BuiltIn">
<arg>${text}</arg>
<doc>Logs the given message with the given level.</doc>
<msg timestamp="20220106 23:38:11.225" level="INFO">('SUBROS',)</msg>
<status status="PASS" starttime="20220106 23:38:11.225" endtime="20220106 23:38:11.225"/>
</kw>
<kw name="Go To" library="Selenium2Library">
<arg>${HOMEPAGE}/${text}[0].html</arg>
<doc>Navigates the current browser window to the provided ``url``.</doc>
<msg timestamp="20220106 23:38:11.225" level="INFO">Opening url 'https://chartink.com/stocks/SUBROS.html'</msg>
<status status="PASS" starttime="20220106 23:38:11.225" endtime="20220106 23:38:12.448"/>
</kw>
<kw name="Sleep" library="BuiltIn">
<arg>1s</arg>
<doc>Pauses the test executed for the given time.</doc>
<msg timestamp="20220106 23:38:13.457" level="INFO">Slept 1 second</msg>
<status status="PASS" starttime="20220106 23:38:12.448" endtime="20220106 23:38:13.457"/>
</kw>
<kw name="Execute Javascript" library="Selenium2Library">
<arg>window.scrollTo(0, 350);</arg>
<doc>Executes the given JavaScript code with possible arguments.</doc>
<msg timestamp="20220106 23:38:13.458" level="INFO">Executing JavaScript:
window.scrollTo(0, 350);
Without any arguments.</msg>
<status status="PASS" starttime="20220106 23:38:13.457" endtime="20220106 23:38:13.560"/>
</kw>
<kw name="Capture Page Screenshot" library="Selenium2Library">
<arg>${text}[0]_chartink</arg>
<doc>Takes a screenshot of the current page and embeds it into a log file.</doc>
<msg timestamp="20220106 23:38:13.749" level="INFO" html="true">&lt;/td&gt;&lt;/tr&gt;&lt;tr&gt;&lt;td colspan="3"&gt;&lt;a href="SUBROS_chartink"&gt;&lt;img src="SUBROS_chartink" width="800px"&gt;&lt;/a&gt;</msg>
<status status="PASS" starttime="20220106 23:38:13.560" endtime="20220106 23:38:13.749"/>
</kw>
<status status="PASS" starttime="20220106 23:38:11.225" endtime="20220106 23:38:13.749"/>
</iter>
<iter>
<var name="${text}">('MOTOGENFIN',)</var>
<kw name="Log" library="BuiltIn">
<arg>${text}</arg>
<doc>Logs the given message with the given level.</doc>
<msg timestamp="20220106 23:38:13.750" level="INFO">('MOTOGENFIN',)</msg>
<status status="PASS" starttime="20220106 23:38:13.750" endtime="20220106 23:38:13.750"/>
</kw>
<kw name="Go To" library="Selenium2Library">
<arg>${HOMEPAGE}/${text}[0].html</arg>
<doc>Navigates the current browser window to the provided ``url``.</doc>
<msg timestamp="20220106 23:38:13.751" level="INFO">Opening url 'https://chartink.com/stocks/MOTOGENFIN.html'</msg>
<status status="PASS" starttime="20220106 23:38:13.750" endtime="20220106 23:38:15.389"/>
</kw>
<kw name="Sleep" library="BuiltIn">
<arg>1s</arg>
<doc>Pauses the test executed for the given time.</doc>
<msg timestamp="20220106 23:38:16.394" level="INFO">Slept 1 second</msg>
<status status="PASS" starttime="20220106 23:38:15.389" endtime="20220106 23:38:16.394"/>
</kw>
<kw name="Execute Javascript" library="Selenium2Library">
<arg>window.scrollTo(0, 350);</arg>
<doc>Executes the given JavaScript code with possible arguments.</doc>
<msg timestamp="20220106 23:38:16.396" level="INFO">Executing JavaScript:
window.scrollTo(0, 350);
Without any arguments.</msg>
<status status="PASS" starttime="20220106 23:38:16.395" endtime="20220106 23:38:16.430"/>
</kw>
<kw name="Capture Page Screenshot" library="Selenium2Library">
<arg>${text}[0]_chartink</arg>
<doc>Takes a screenshot of the current page and embeds it into a log file.</doc>
<msg timestamp="20220106 23:38:16.615" level="INFO" html="true">&lt;/td&gt;&lt;/tr&gt;&lt;tr&gt;&lt;td colspan="3"&gt;&lt;a href="MOTOGENFIN_chartink"&gt;&lt;img src="MOTOGENFIN_chartink" width="800px"&gt;&lt;/a&gt;</msg>
<status status="PASS" starttime="20220106 23:38:16.430" endtime="20220106 23:38:16.615"/>
</kw>
<status status="PASS" starttime="20220106 23:38:13.750" endtime="20220106 23:38:16.615"/>
</iter>
<iter>
<var name="${text}">('CGCL',)</var>
<kw name="Log" library="BuiltIn">
<arg>${text}</arg>
<doc>Logs the given message with the given level.</doc>
<msg timestamp="20220106 23:38:16.616" level="INFO">('CGCL',)</msg>
<status status="PASS" starttime="20220106 23:38:16.615" endtime="20220106 23:38:16.616"/>
</kw>
<kw name="Go To" library="Selenium2Library">
<arg>${HOMEPAGE}/${text}[0].html</arg>
<doc>Navigates the current browser window to the provided ``url``.</doc>
<msg timestamp="20220106 23:38:16.616" level="INFO">Opening url 'https://chartink.com/stocks/CGCL.html'</msg>
<status status="PASS" starttime="20220106 23:38:16.616" endtime="20220106 23:38:19.579"/>
</kw>
<kw name="Sleep" library="BuiltIn">
<arg>1s</arg>
<doc>Pauses the test executed for the given time.</doc>
<msg timestamp="20220106 23:38:20.589" level="INFO">Slept 1 second</msg>
<status status="PASS" starttime="20220106 23:38:19.579" endtime="20220106 23:38:20.589"/>
</kw>
<kw name="Execute Javascript" library="Selenium2Library">
<arg>window.scrollTo(0, 350);</arg>
<doc>Executes the given JavaScript code with possible arguments.</doc>
<msg timestamp="20220106 23:38:20.590" level="INFO">Executing JavaScript:
window.scrollTo(0, 350);
Without any arguments.</msg>
<status status="PASS" starttime="20220106 23:38:20.589" endtime="20220106 23:38:21.156"/>
</kw>
<kw name="Capture Page Screenshot" library="Selenium2Library">
<arg>${text}[0]_chartink</arg>
<doc>Takes a screenshot of the current page and embeds it into a log file.</doc>
<msg timestamp="20220106 23:38:21.323" level="INFO" html="true">&lt;/td&gt;&lt;/tr&gt;&lt;tr&gt;&lt;td colspan="3"&gt;&lt;a href="CGCL_chartink"&gt;&lt;img src="CGCL_chartink" width="800px"&gt;&lt;/a&gt;</msg>
<status status="PASS" starttime="20220106 23:38:21.156" endtime="20220106 23:38:21.323"/>
</kw>
<status status="PASS" starttime="20220106 23:38:16.615" endtime="20220106 23:38:21.323"/>
</iter>
<iter>
<var name="${text}">('BESTAGRO',)</var>
<kw name="Log" library="BuiltIn">
<arg>${text}</arg>
<doc>Logs the given message with the given level.</doc>
<msg timestamp="20220106 23:38:21.324" level="INFO">('BESTAGRO',)</msg>
<status status="PASS" starttime="20220106 23:38:21.323" endtime="20220106 23:38:21.324"/>
</kw>
<kw name="Go To" library="Selenium2Library">
<arg>${HOMEPAGE}/${text}[0].html</arg>
<doc>Navigates the current browser window to the provided ``url``.</doc>
<msg timestamp="20220106 23:38:21.324" level="INFO">Opening url 'https://chartink.com/stocks/BESTAGRO.html'</msg>
<status status="PASS" starttime="20220106 23:38:21.324" endtime="20220106 23:38:22.800"/>
</kw>
<kw name="Sleep" library="BuiltIn">
<arg>1s</arg>
<doc>Pauses the test executed for the given time.</doc>
<msg timestamp="20220106 23:38:23.803" level="INFO">Slept 1 second</msg>
<status status="PASS" starttime="20220106 23:38:22.801" endtime="20220106 23:38:23.803"/>
</kw>
<kw name="Execute Javascript" library="Selenium2Library">
<arg>window.scrollTo(0, 350);</arg>
<doc>Executes the given JavaScript code with possible arguments.</doc>
<msg timestamp="20220106 23:38:23.804" level="INFO">Executing JavaScript:
window.scrollTo(0, 350);
Without any arguments.</msg>
<status status="PASS" starttime="20220106 23:38:23.803" endtime="20220106 23:38:23.818"/>
</kw>
<kw name="Capture Page Screenshot" library="Selenium2Library">
<arg>${text}[0]_chartink</arg>
<doc>Takes a screenshot of the current page and embeds it into a log file.</doc>
<msg timestamp="20220106 23:38:24.006" level="INFO" html="true">&lt;/td&gt;&lt;/tr&gt;&lt;tr&gt;&lt;td colspan="3"&gt;&lt;a href="BESTAGRO_chartink"&gt;&lt;img src="BESTAGRO_chartink" width="800px"&gt;&lt;/a&gt;</msg>
<status status="PASS" starttime="20220106 23:38:23.819" endtime="20220106 23:38:24.006"/>
</kw>
<status status="PASS" starttime="20220106 23:38:21.323" endtime="20220106 23:38:24.006"/>
</iter>
<iter>
<var name="${text}">('WABAG',)</var>
<kw name="Log" library="BuiltIn">
<arg>${text}</arg>
<doc>Logs the given message with the given level.</doc>
<msg timestamp="20220106 23:38:24.007" level="INFO">('WABAG',)</msg>
<status status="PASS" starttime="20220106 23:38:24.006" endtime="20220106 23:38:24.007"/>
</kw>
<kw name="Go To" library="Selenium2Library">
<arg>${HOMEPAGE}/${text}[0].html</arg>
<doc>Navigates the current browser window to the provided ``url``.</doc>
<msg timestamp="20220106 23:38:24.007" level="INFO">Opening url 'https://chartink.com/stocks/WABAG.html'</msg>
<status status="PASS" starttime="20220106 23:38:24.007" endtime="20220106 23:38:25.213"/>
</kw>
<kw name="Sleep" library="BuiltIn">
<arg>1s</arg>
<doc>Pauses the test executed for the given time.</doc>
<msg timestamp="20220106 23:38:26.221" level="INFO">Slept 1 second</msg>
<status status="PASS" starttime="20220106 23:38:25.213" endtime="20220106 23:38:26.221"/>
</kw>
<kw name="Execute Javascript" library="Selenium2Library">
<arg>window.scrollTo(0, 350);</arg>
<doc>Executes the given JavaScript code with possible arguments.</doc>
<msg timestamp="20220106 23:38:26.222" level="INFO">Executing JavaScript:
window.scrollTo(0, 350);
Without any arguments.</msg>
<status status="PASS" starttime="20220106 23:38:26.221" endtime="20220106 23:38:26.347"/>
</kw>
<kw name="Capture Page Screenshot" library="Selenium2Library">
<arg>${text}[0]_chartink</arg>
<doc>Takes a screenshot of the current page and embeds it into a log file.</doc>
<msg timestamp="20220106 23:38:26.519" level="INFO" html="true">&lt;/td&gt;&lt;/tr&gt;&lt;tr&gt;&lt;td colspan="3"&gt;&lt;a href="WABAG_chartink"&gt;&lt;img src="WABAG_chartink" width="800px"&gt;&lt;/a&gt;</msg>
<status status="PASS" starttime="20220106 23:38:26.348" endtime="20220106 23:38:26.520"/>
</kw>
<status status="PASS" starttime="20220106 23:38:24.006" endtime="20220106 23:38:26.520"/>
</iter>
<iter>
<var name="${text}">('SBIETFCON',)</var>
<kw name="Log" library="BuiltIn">
<arg>${text}</arg>
<doc>Logs the given message with the given level.</doc>
<msg timestamp="20220106 23:38:26.521" level="INFO">('SBIETFCON',)</msg>
<status status="PASS" starttime="20220106 23:38:26.520" endtime="20220106 23:38:26.521"/>
</kw>
<kw name="Go To" library="Selenium2Library">
<arg>${HOMEPAGE}/${text}[0].html</arg>
<doc>Navigates the current browser window to the provided ``url``.</doc>
<msg timestamp="20220106 23:38:26.521" level="INFO">Opening url 'https://chartink.com/stocks/SBIETFCON.html'</msg>
<status status="PASS" starttime="20220106 23:38:26.521" endtime="20220106 23:38:27.889"/>
</kw>
<kw name="Sleep" library="BuiltIn">
<arg>1s</arg>
<doc>Pauses the test executed for the given time.</doc>
<msg timestamp="20220106 23:38:28.902" level="INFO">Slept 1 second</msg>
<status status="PASS" starttime="20220106 23:38:27.889" endtime="20220106 23:38:28.903"/>
</kw>
<kw name="Execute Javascript" library="Selenium2Library">
<arg>window.scrollTo(0, 350);</arg>
<doc>Executes the given JavaScript code with possible arguments.</doc>
<msg timestamp="20220106 23:38:28.905" level="INFO">Executing JavaScript:
window.scrollTo(0, 350);
Without any arguments.</msg>
<status status="PASS" starttime="20220106 23:38:28.903" endtime="20220106 23:38:28.936"/>
</kw>
<kw name="Capture Page Screenshot" library="Selenium2Library">
<arg>${text}[0]_chartink</arg>
<doc>Takes a screenshot of the current page and embeds it into a log file.</doc>
<msg timestamp="20220106 23:38:29.108" level="INFO" html="true">&lt;/td&gt;&lt;/tr&gt;&lt;tr&gt;&lt;td colspan="3"&gt;&lt;a href="SBIETFCON_chartink"&gt;&lt;img src="SBIETFCON_chartink" width="800px"&gt;&lt;/a&gt;</msg>
<status status="PASS" starttime="20220106 23:38:28.937" endtime="20220106 23:38:29.108"/>
</kw>
<status status="PASS" starttime="20220106 23:38:26.520" endtime="20220106 23:38:29.108"/>
</iter>
<iter>
<var name="${text}">('BSOFT',)</var>
<kw name="Log" library="BuiltIn">
<arg>${text}</arg>
<doc>Logs the given message with the given level.</doc>
<msg timestamp="20220106 23:38:29.109" level="INFO">('BSOFT',)</msg>
<status status="PASS" starttime="20220106 23:38:29.108" endtime="20220106 23:38:29.109"/>
</kw>
<kw name="Go To" library="Selenium2Library">
<arg>${HOMEPAGE}/${text}[0].html</arg>
<doc>Navigates the current browser window to the provided ``url``.</doc>
<msg timestamp="20220106 23:38:29.109" level="INFO">Opening url 'https://chartink.com/stocks/BSOFT.html'</msg>
<status status="PASS" starttime="20220106 23:38:29.109" endtime="20220106 23:38:30.496"/>
</kw>
<kw name="Sleep" library="BuiltIn">
<arg>1s</arg>
<doc>Pauses the test executed for the given time.</doc>
<msg timestamp="20220106 23:38:31.508" level="INFO">Slept 1 second</msg>
<status status="PASS" starttime="20220106 23:38:30.497" endtime="20220106 23:38:31.509"/>
</kw>
<kw name="Execute Javascript" library="Selenium2Library">
<arg>window.scrollTo(0, 350);</arg>
<doc>Executes the given JavaScript code with possible arguments.</doc>
<msg timestamp="20220106 23:38:31.512" level="INFO">Executing JavaScript:
window.scrollTo(0, 350);
Without any arguments.</msg>
<status status="PASS" starttime="20220106 23:38:31.509" endtime="20220106 23:38:31.546"/>
</kw>
<kw name="Capture Page Screenshot" library="Selenium2Library">
<arg>${text}[0]_chartink</arg>
<doc>Takes a screenshot of the current page and embeds it into a log file.</doc>
<msg timestamp="20220106 23:38:31.713" level="INFO" html="true">&lt;/td&gt;&lt;/tr&gt;&lt;tr&gt;&lt;td colspan="3"&gt;&lt;a href="BSOFT_chartink"&gt;&lt;img src="BSOFT_chartink" width="800px"&gt;&lt;/a&gt;</msg>
<status status="PASS" starttime="20220106 23:38:31.546" endtime="20220106 23:38:31.713"/>
</kw>
<status status="PASS" starttime="20220106 23:38:29.108" endtime="20220106 23:38:31.713"/>
</iter>
<iter>
<var name="${text}">('SHRENIK',)</var>
<kw name="Log" library="BuiltIn">
<arg>${text}</arg>
<doc>Logs the given message with the given level.</doc>
<msg timestamp="20220106 23:38:31.714" level="INFO">('SHRENIK',)</msg>
<status status="PASS" starttime="20220106 23:38:31.713" endtime="20220106 23:38:31.714"/>
</kw>
<kw name="Go To" library="Selenium2Library">
<arg>${HOMEPAGE}/${text}[0].html</arg>
<doc>Navigates the current browser window to the provided ``url``.</doc>
<msg timestamp="20220106 23:38:31.714" level="INFO">Opening url 'https://chartink.com/stocks/SHRENIK.html'</msg>
<status status="PASS" starttime="20220106 23:38:31.714" endtime="20220106 23:38:33.107"/>
</kw>
<kw name="Sleep" library="BuiltIn">
<arg>1s</arg>
<doc>Pauses the test executed for the given time.</doc>
<msg timestamp="20220106 23:38:34.121" level="INFO">Slept 1 second</msg>
<status status="PASS" starttime="20220106 23:38:33.107" endtime="20220106 23:38:34.122"/>
</kw>
<kw name="Execute Javascript" library="Selenium2Library">
<arg>window.scrollTo(0, 350);</arg>
<doc>Executes the given JavaScript code with possible arguments.</doc>
<msg timestamp="20220106 23:38:34.124" level="INFO">Executing JavaScript:
window.scrollTo(0, 350);
Without any arguments.</msg>
<status status="PASS" starttime="20220106 23:38:34.122" endtime="20220106 23:38:34.174"/>
</kw>
<kw name="Capture Page Screenshot" library="Selenium2Library">
<arg>${text}[0]_chartink</arg>
<doc>Takes a screenshot of the current page and embeds it into a log file.</doc>
<msg timestamp="20220106 23:38:34.379" level="INFO" html="true">&lt;/td&gt;&lt;/tr&gt;&lt;tr&gt;&lt;td colspan="3"&gt;&lt;a href="SHRENIK_chartink"&gt;&lt;img src="SHRENIK_chartink" width="800px"&gt;&lt;/a&gt;</msg>
<status status="PASS" starttime="20220106 23:38:34.175" endtime="20220106 23:38:34.379"/>
</kw>
<status status="PASS" starttime="20220106 23:38:31.713" endtime="20220106 23:38:34.379"/>
</iter>
<iter>
<var name="${text}">('BAJAJ-AUTO',)</var>
<kw name="Log" library="BuiltIn">
<arg>${text}</arg>
<doc>Logs the given message with the given level.</doc>
<msg timestamp="20220106 23:38:34.380" level="INFO">('BAJAJ-AUTO',)</msg>
<status status="PASS" starttime="20220106 23:38:34.380" endtime="20220106 23:38:34.380"/>
</kw>
<kw name="Go To" library="Selenium2Library">
<arg>${HOMEPAGE}/${text}[0].html</arg>
<doc>Navigates the current browser window to the provided ``url``.</doc>
<msg timestamp="20220106 23:38:34.380" level="INFO">Opening url 'https://chartink.com/stocks/BAJAJ-AUTO.html'</msg>
<status status="PASS" starttime="20220106 23:38:34.380" endtime="20220106 23:38:35.660"/>
</kw>
<kw name="Sleep" library="BuiltIn">
<arg>1s</arg>
<doc>Pauses the test executed for the given time.</doc>
<msg timestamp="20220106 23:38:36.663" level="INFO">Slept 1 second</msg>
<status status="PASS" starttime="20220106 23:38:35.660" endtime="20220106 23:38:36.663"/>
</kw>
<kw name="Execute Javascript" library="Selenium2Library">
<arg>window.scrollTo(0, 350);</arg>
<doc>Executes the given JavaScript code with possible arguments.</doc>
<msg timestamp="20220106 23:38:36.664" level="INFO">Executing JavaScript:
window.scrollTo(0, 350);
Without any arguments.</msg>
<status status="PASS" starttime="20220106 23:38:36.663" endtime="20220106 23:38:37.171"/>
</kw>
<kw name="Capture Page Screenshot" library="Selenium2Library">
<arg>${text}[0]_chartink</arg>
<doc>Takes a screenshot of the current page and embeds it into a log file.</doc>
<msg timestamp="20220106 23:38:37.347" level="INFO" html="true">&lt;/td&gt;&lt;/tr&gt;&lt;tr&gt;&lt;td colspan="3"&gt;&lt;a href="BAJAJ-AUTO_chartink"&gt;&lt;img src="BAJAJ-AUTO_chartink" width="800px"&gt;&lt;/a&gt;</msg>
<status status="PASS" starttime="20220106 23:38:37.171" endtime="20220106 23:38:37.348"/>
</kw>
<status status="PASS" starttime="20220106 23:38:34.379" endtime="20220106 23:38:37.348"/>
</iter>
<iter>
<var name="${text}">('PODDARHOUS',)</var>
<kw name="Log" library="BuiltIn">
<arg>${text}</arg>
<doc>Logs the given message with the given level.</doc>
<msg timestamp="20220106 23:38:37.348" level="INFO">('PODDARHOUS',)</msg>
<status status="PASS" starttime="20220106 23:38:37.348" endtime="20220106 23:38:37.348"/>
</kw>
<kw name="Go To" library="Selenium2Library">
<arg>${HOMEPAGE}/${text}[0].html</arg>
<doc>Navigates the current browser window to the provided ``url``.</doc>
<msg timestamp="20220106 23:38:37.349" level="INFO">Opening url 'https://chartink.com/stocks/PODDARHOUS.html'</msg>
<status status="PASS" starttime="20220106 23:38:37.349" endtime="20220106 23:38:39.837"/>
</kw>
<kw name="Sleep" library="BuiltIn">
<arg>1s</arg>
<doc>Pauses the test executed for the given time.</doc>
<msg timestamp="20220106 23:38:40.849" level="INFO">Slept 1 second</msg>
<status status="PASS" starttime="20220106 23:38:39.838" endtime="20220106 23:38:40.850"/>
</kw>
<kw name="Execute Javascript" library="Selenium2Library">
<arg>window.scrollTo(0, 350);</arg>
<doc>Executes the given JavaScript code with possible arguments.</doc>
<msg timestamp="20220106 23:38:40.852" level="INFO">Executing JavaScript:
window.scrollTo(0, 350);
Without any arguments.</msg>
<status status="PASS" starttime="20220106 23:38:40.850" endtime="20220106 23:38:40.873"/>
</kw>
<kw name="Capture Page Screenshot" library="Selenium2Library">
<arg>${text}[0]_chartink</arg>
<doc>Takes a screenshot of the current page and embeds it into a log file.</doc>
<msg timestamp="20220106 23:38:41.064" level="INFO" html="true">&lt;/td&gt;&lt;/tr&gt;&lt;tr&gt;&lt;td colspan="3"&gt;&lt;a href="PODDARHOUS_chartink"&gt;&lt;img src="PODDARHOUS_chartink" width="800px"&gt;&lt;/a&gt;</msg>
<status status="PASS" starttime="20220106 23:38:40.874" endtime="20220106 23:38:41.065"/>
</kw>
<status status="PASS" starttime="20220106 23:38:37.348" endtime="20220106 23:38:41.065"/>
</iter>
<iter>
<var name="${text}">('IVP',)</var>
<kw name="Log" library="BuiltIn">
<arg>${text}</arg>
<doc>Logs the given message with the given level.</doc>
<msg timestamp="20220106 23:38:41.066" level="INFO">('IVP',)</msg>
<status status="PASS" starttime="20220106 23:38:41.065" endtime="20220106 23:38:41.066"/>
</kw>
<kw name="Go To" library="Selenium2Library">
<arg>${HOMEPAGE}/${text}[0].html</arg>
<doc>Navigates the current browser window to the provided ``url``.</doc>
<msg timestamp="20220106 23:38:41.066" level="INFO">Opening url 'https://chartink.com/stocks/IVP.html'</msg>
<status status="PASS" starttime="20220106 23:38:41.066" endtime="20220106 23:38:42.935"/>
</kw>
<kw name="Sleep" library="BuiltIn">
<arg>1s</arg>
<doc>Pauses the test executed for the given time.</doc>
<msg timestamp="20220106 23:38:43.949" level="INFO">Slept 1 second</msg>
<status status="PASS" starttime="20220106 23:38:42.935" endtime="20220106 23:38:43.949"/>
</kw>
<kw name="Execute Javascript" library="Selenium2Library">
<arg>window.scrollTo(0, 350);</arg>
<doc>Executes the given JavaScript code with possible arguments.</doc>
<msg timestamp="20220106 23:38:43.952" level="INFO">Executing JavaScript:
window.scrollTo(0, 350);
Without any arguments.</msg>
<status status="PASS" starttime="20220106 23:38:43.950" endtime="20220106 23:38:43.978"/>
</kw>
<kw name="Capture Page Screenshot" library="Selenium2Library">
<arg>${text}[0]_chartink</arg>
<doc>Takes a screenshot of the current page and embeds it into a log file.</doc>
<msg timestamp="20220106 23:38:44.170" level="INFO" html="true">&lt;/td&gt;&lt;/tr&gt;&lt;tr&gt;&lt;td colspan="3"&gt;&lt;a href="IVP_chartink"&gt;&lt;img src="IVP_chartink" width="800px"&gt;&lt;/a&gt;</msg>
<status status="PASS" starttime="20220106 23:38:43.979" endtime="20220106 23:38:44.170"/>
</kw>
<status status="PASS" starttime="20220106 23:38:41.065" endtime="20220106 23:38:44.170"/>
</iter>
<iter>
<var name="${text}">('CONSOFINVT',)</var>
<kw name="Log" library="BuiltIn">
<arg>${text}</arg>
<doc>Logs the given message with the given level.</doc>
<msg timestamp="20220106 23:38:44.171" level="INFO">('CONSOFINVT',)</msg>
<status status="PASS" starttime="20220106 23:38:44.171" endtime="20220106 23:38:44.171"/>
</kw>
<kw name="Go To" library="Selenium2Library">
<arg>${HOMEPAGE}/${text}[0].html</arg>
<doc>Navigates the current browser window to the provided ``url``.</doc>
<msg timestamp="20220106 23:38:44.171" level="INFO">Opening url 'https://chartink.com/stocks/CONSOFINVT.html'</msg>
<status status="PASS" starttime="20220106 23:38:44.171" endtime="20220106 23:38:45.400"/>
</kw>
<kw name="Sleep" library="BuiltIn">
<arg>1s</arg>
<doc>Pauses the test executed for the given time.</doc>
<msg timestamp="20220106 23:38:46.402" level="INFO">Slept 1 second</msg>
<status status="PASS" starttime="20220106 23:38:45.400" endtime="20220106 23:38:46.402"/>
</kw>
<kw name="Execute Javascript" library="Selenium2Library">
<arg>window.scrollTo(0, 350);</arg>
<doc>Executes the given JavaScript code with possible arguments.</doc>
<msg timestamp="20220106 23:38:46.404" level="INFO">Executing JavaScript:
window.scrollTo(0, 350);
Without any arguments.</msg>
<status status="PASS" starttime="20220106 23:38:46.403" endtime="20220106 23:38:46.563"/>
</kw>
<kw name="Capture Page Screenshot" library="Selenium2Library">
<arg>${text}[0]_chartink</arg>
<doc>Takes a screenshot of the current page and embeds it into a log file.</doc>
<msg timestamp="20220106 23:38:46.778" level="INFO" html="true">&lt;/td&gt;&lt;/tr&gt;&lt;tr&gt;&lt;td colspan="3"&gt;&lt;a href="CONSOFINVT_chartink"&gt;&lt;img src="CONSOFINVT_chartink" width="800px"&gt;&lt;/a&gt;</msg>
<status status="PASS" starttime="20220106 23:38:46.564" endtime="20220106 23:38:46.778"/>
</kw>
<status status="PASS" starttime="20220106 23:38:44.171" endtime="20220106 23:38:46.778"/>
</iter>
<iter>
<var name="${text}">('FILATEX',)</var>
<kw name="Log" library="BuiltIn">
<arg>${text}</arg>
<doc>Logs the given message with the given level.</doc>
<msg timestamp="20220106 23:38:46.780" level="INFO">('FILATEX',)</msg>
<status status="PASS" starttime="20220106 23:38:46.779" endtime="20220106 23:38:46.780"/>
</kw>
<kw name="Go To" library="Selenium2Library">
<arg>${HOMEPAGE}/${text}[0].html</arg>
<doc>Navigates the current browser window to the provided ``url``.</doc>
<msg timestamp="20220106 23:38:46.781" level="INFO">Opening url 'https://chartink.com/stocks/FILATEX.html'</msg>
<status status="PASS" starttime="20220106 23:38:46.780" endtime="20220106 23:38:48.255"/>
</kw>
<kw name="Sleep" library="BuiltIn">
<arg>1s</arg>
<doc>Pauses the test executed for the given time.</doc>
<msg timestamp="20220106 23:38:49.264" level="INFO">Slept 1 second</msg>
<status status="PASS" starttime="20220106 23:38:48.255" endtime="20220106 23:38:49.265"/>
</kw>
<kw name="Execute Javascript" library="Selenium2Library">
<arg>window.scrollTo(0, 350);</arg>
<doc>Executes the given JavaScript code with possible arguments.</doc>
<msg timestamp="20220106 23:38:49.268" level="INFO">Executing JavaScript:
window.scrollTo(0, 350);
Without any arguments.</msg>
<status status="PASS" starttime="20220106 23:38:49.266" endtime="20220106 23:38:49.307"/>
</kw>
<kw name="Capture Page Screenshot" library="Selenium2Library">
<arg>${text}[0]_chartink</arg>
<doc>Takes a screenshot of the current page and embeds it into a log file.</doc>
<msg timestamp="20220106 23:38:49.511" level="INFO" html="true">&lt;/td&gt;&lt;/tr&gt;&lt;tr&gt;&lt;td colspan="3"&gt;&lt;a href="FILATEX_chartink"&gt;&lt;img src="FILATEX_chartink" width="800px"&gt;&lt;/a&gt;</msg>
<status status="PASS" starttime="20220106 23:38:49.307" endtime="20220106 23:38:49.511"/>
</kw>
<status status="PASS" starttime="20220106 23:38:46.778" endtime="20220106 23:38:49.511"/>
</iter>
<iter>
<var name="${text}">('NITINSPIN',)</var>
<kw name="Log" library="BuiltIn">
<arg>${text}</arg>
<doc>Logs the given message with the given level.</doc>
<msg timestamp="20220106 23:38:49.512" level="INFO">('NITINSPIN',)</msg>
<status status="PASS" starttime="20220106 23:38:49.511" endtime="20220106 23:38:49.512"/>
</kw>
<kw name="Go To" library="Selenium2Library">
<arg>${HOMEPAGE}/${text}[0].html</arg>
<doc>Navigates the current browser window to the provided ``url``.</doc>
<msg timestamp="20220106 23:38:49.512" level="INFO">Opening url 'https://chartink.com/stocks/NITINSPIN.html'</msg>
<status status="PASS" starttime="20220106 23:38:49.512" endtime="20220106 23:38:50.651"/>
</kw>
<kw name="Sleep" library="BuiltIn">
<arg>1s</arg>
<doc>Pauses the test executed for the given time.</doc>
<msg timestamp="20220106 23:38:51.664" level="INFO">Slept 1 second</msg>
<status status="PASS" starttime="20220106 23:38:50.652" endtime="20220106 23:38:51.664"/>
</kw>
<kw name="Execute Javascript" library="Selenium2Library">
<arg>window.scrollTo(0, 350);</arg>
<doc>Executes the given JavaScript code with possible arguments.</doc>
<msg timestamp="20220106 23:38:51.665" level="INFO">Executing JavaScript:
window.scrollTo(0, 350);
Without any arguments.</msg>
<status status="PASS" starttime="20220106 23:38:51.665" endtime="20220106 23:38:51.691"/>
</kw>
<kw name="Capture Page Screenshot" library="Selenium2Library">
<arg>${text}[0]_chartink</arg>
<doc>Takes a screenshot of the current page and embeds it into a log file.</doc>
<msg timestamp="20220106 23:38:51.841" level="INFO" html="true">&lt;/td&gt;&lt;/tr&gt;&lt;tr&gt;&lt;td colspan="3"&gt;&lt;a href="NITINSPIN_chartink"&gt;&lt;img src="NITINSPIN_chartink" width="800px"&gt;&lt;/a&gt;</msg>
<status status="PASS" starttime="20220106 23:38:51.691" endtime="20220106 23:38:51.841"/>
</kw>
<status status="PASS" starttime="20220106 23:38:49.511" endtime="20220106 23:38:51.841"/>
</iter>
<iter>
<var name="${text}">('SGIL',)</var>
<kw name="Log" library="BuiltIn">
<arg>${text}</arg>
<doc>Logs the given message with the given level.</doc>
<msg timestamp="20220106 23:38:51.842" level="INFO">('SGIL',)</msg>
<status status="PASS" starttime="20220106 23:38:51.842" endtime="20220106 23:38:51.842"/>
</kw>
<kw name="Go To" library="Selenium2Library">
<arg>${HOMEPAGE}/${text}[0].html</arg>
<doc>Navigates the current browser window to the provided ``url``.</doc>
<msg timestamp="20220106 23:38:51.842" level="INFO">Opening url 'https://chartink.com/stocks/SGIL.html'</msg>
<status status="PASS" starttime="20220106 23:38:51.842" endtime="20220106 23:38:54.691"/>
</kw>
<kw name="Sleep" library="BuiltIn">
<arg>1s</arg>
<doc>Pauses the test executed for the given time.</doc>
<msg timestamp="20220106 23:38:55.699" level="INFO">Slept 1 second</msg>
<status status="PASS" starttime="20220106 23:38:54.691" endtime="20220106 23:38:55.699"/>
</kw>
<kw name="Execute Javascript" library="Selenium2Library">
<arg>window.scrollTo(0, 350);</arg>
<doc>Executes the given JavaScript code with possible arguments.</doc>
<msg timestamp="20220106 23:38:55.700" level="INFO">Executing JavaScript:
window.scrollTo(0, 350);
Without any arguments.</msg>
<status status="PASS" starttime="20220106 23:38:55.700" endtime="20220106 23:38:55.714"/>
</kw>
<kw name="Capture Page Screenshot" library="Selenium2Library">
<arg>${text}[0]_chartink</arg>
<doc>Takes a screenshot of the current page and embeds it into a log file.</doc>
<msg timestamp="20220106 23:38:56.447" level="INFO" html="true">&lt;/td&gt;&lt;/tr&gt;&lt;tr&gt;&lt;td colspan="3"&gt;&lt;a href="SGIL_chartink"&gt;&lt;img src="SGIL_chartink" width="800px"&gt;&lt;/a&gt;</msg>
<status status="PASS" starttime="20220106 23:38:55.714" endtime="20220106 23:38:56.448"/>
</kw>
<status status="PASS" starttime="20220106 23:38:51.842" endtime="20220106 23:38:56.448"/>
</iter>
<iter>
<var name="${text}">('TGBHOTELS',)</var>
<kw name="Log" library="BuiltIn">
<arg>${text}</arg>
<doc>Logs the given message with the given level.</doc>
<msg timestamp="20220106 23:38:56.449" level="INFO">('TGBHOTELS',)</msg>
<status status="PASS" starttime="20220106 23:38:56.448" endtime="20220106 23:38:56.449"/>
</kw>
<kw name="Go To" library="Selenium2Library">
<arg>${HOMEPAGE}/${text}[0].html</arg>
<doc>Navigates the current browser window to the provided ``url``.</doc>
<msg timestamp="20220106 23:38:56.450" level="INFO">Opening url 'https://chartink.com/stocks/TGBHOTELS.html'</msg>
<status status="PASS" starttime="20220106 23:38:56.449" endtime="20220106 23:38:57.911"/>
</kw>
<kw name="Sleep" library="BuiltIn">
<arg>1s</arg>
<doc>Pauses the test executed for the given time.</doc>
<msg timestamp="20220106 23:38:58.919" level="INFO">Slept 1 second</msg>
<status status="PASS" starttime="20220106 23:38:57.911" endtime="20220106 23:38:58.919"/>
</kw>
<kw name="Execute Javascript" library="Selenium2Library">
<arg>window.scrollTo(0, 350);</arg>
<doc>Executes the given JavaScript code with possible arguments.</doc>
<msg timestamp="20220106 23:38:58.920" level="INFO">Executing JavaScript:
window.scrollTo(0, 350);
Without any arguments.</msg>
<status status="PASS" starttime="20220106 23:38:58.919" endtime="20220106 23:38:58.937"/>
</kw>
<kw name="Capture Page Screenshot" library="Selenium2Library">
<arg>${text}[0]_chartink</arg>
<doc>Takes a screenshot of the current page and embeds it into a log file.</doc>
<msg timestamp="20220106 23:38:59.103" level="INFO" html="true">&lt;/td&gt;&lt;/tr&gt;&lt;tr&gt;&lt;td colspan="3"&gt;&lt;a href="TGBHOTELS_chartink"&gt;&lt;img src="TGBHOTELS_chartink" width="800px"&gt;&lt;/a&gt;</msg>
<status status="PASS" starttime="20220106 23:38:58.937" endtime="20220106 23:38:59.103"/>
</kw>
<status status="PASS" starttime="20220106 23:38:56.448" endtime="20220106 23:38:59.104"/>
</iter>
<iter>
<var name="${text}">('HSCL',)</var>
<kw name="Log" library="BuiltIn">
<arg>${text}</arg>
<doc>Logs the given message with the given level.</doc>
<msg timestamp="20220106 23:38:59.104" level="INFO">('HSCL',)</msg>
<status status="PASS" starttime="20220106 23:38:59.104" endtime="20220106 23:38:59.104"/>
</kw>
<kw name="Go To" library="Selenium2Library">
<arg>${HOMEPAGE}/${text}[0].html</arg>
<doc>Navigates the current browser window to the provided ``url``.</doc>
<msg timestamp="20220106 23:38:59.105" level="INFO">Opening url 'https://chartink.com/stocks/HSCL.html'</msg>
<status status="PASS" starttime="20220106 23:38:59.104" endtime="20220106 23:39:00.275"/>
</kw>
<kw name="Sleep" library="BuiltIn">
<arg>1s</arg>
<doc>Pauses the test executed for the given time.</doc>
<msg timestamp="20220106 23:39:01.290" level="INFO">Slept 1 second</msg>
<status status="PASS" starttime="20220106 23:39:00.275" endtime="20220106 23:39:01.290"/>
</kw>
<kw name="Execute Javascript" library="Selenium2Library">
<arg>window.scrollTo(0, 350);</arg>
<doc>Executes the given JavaScript code with possible arguments.</doc>
<msg timestamp="20220106 23:39:01.291" level="INFO">Executing JavaScript:
window.scrollTo(0, 350);
Without any arguments.</msg>
<status status="PASS" starttime="20220106 23:39:01.290" endtime="20220106 23:39:01.312"/>
</kw>
<kw name="Capture Page Screenshot" library="Selenium2Library">
<arg>${text}[0]_chartink</arg>
<doc>Takes a screenshot of the current page and embeds it into a log file.</doc>
<msg timestamp="20220106 23:39:01.469" level="INFO" html="true">&lt;/td&gt;&lt;/tr&gt;&lt;tr&gt;&lt;td colspan="3"&gt;&lt;a href="HSCL_chartink"&gt;&lt;img src="HSCL_chartink" width="800px"&gt;&lt;/a&gt;</msg>
<status status="PASS" starttime="20220106 23:39:01.313" endtime="20220106 23:39:01.469"/>
</kw>
<status status="PASS" starttime="20220106 23:38:59.104" endtime="20220106 23:39:01.469"/>
</iter>
<iter>
<var name="${text}">('EASTSILK',)</var>
<kw name="Log" library="BuiltIn">
<arg>${text}</arg>
<doc>Logs the given message with the given level.</doc>
<msg timestamp="20220106 23:39:01.470" level="INFO">('EASTSILK',)</msg>
<status status="PASS" starttime="20220106 23:39:01.470" endtime="20220106 23:39:01.470"/>
</kw>
<kw name="Go To" library="Selenium2Library">
<arg>${HOMEPAGE}/${text}[0].html</arg>
<doc>Navigates the current browser window to the provided ``url``.</doc>
<msg timestamp="20220106 23:39:01.471" level="INFO">Opening url 'https://chartink.com/stocks/EASTSILK.html'</msg>
<status status="PASS" starttime="20220106 23:39:01.470" endtime="20220106 23:39:02.767"/>
</kw>
<kw name="Sleep" library="BuiltIn">
<arg>1s</arg>
<doc>Pauses the test executed for the given time.</doc>
<msg timestamp="20220106 23:39:03.769" level="INFO">Slept 1 second</msg>
<status status="PASS" starttime="20220106 23:39:02.767" endtime="20220106 23:39:03.769"/>
</kw>
<kw name="Execute Javascript" library="Selenium2Library">
<arg>window.scrollTo(0, 350);</arg>
<doc>Executes the given JavaScript code with possible arguments.</doc>
<msg timestamp="20220106 23:39:03.770" level="INFO">Executing JavaScript:
window.scrollTo(0, 350);
Without any arguments.</msg>
<status status="PASS" starttime="20220106 23:39:03.769" endtime="20220106 23:39:03.791"/>
</kw>
<kw name="Capture Page Screenshot" library="Selenium2Library">
<arg>${text}[0]_chartink</arg>
<doc>Takes a screenshot of the current page and embeds it into a log file.</doc>
<msg timestamp="20220106 23:39:03.937" level="INFO" html="true">&lt;/td&gt;&lt;/tr&gt;&lt;tr&gt;&lt;td colspan="3"&gt;&lt;a href="EASTSILK_chartink"&gt;&lt;img src="EASTSILK_chartink" width="800px"&gt;&lt;/a&gt;</msg>
<status status="PASS" starttime="20220106 23:39:03.792" endtime="20220106 23:39:03.937"/>
</kw>
<status status="PASS" starttime="20220106 23:39:01.470" endtime="20220106 23:39:03.937"/>
</iter>
<iter>
<var name="${text}">('RAMASTEEL',)</var>
<kw name="Log" library="BuiltIn">
<arg>${text}</arg>
<doc>Logs the given message with the given level.</doc>
<msg timestamp="20220106 23:39:03.938" level="INFO">('RAMASTEEL',)</msg>
<status status="PASS" starttime="20220106 23:39:03.938" endtime="20220106 23:39:03.938"/>
</kw>
<kw name="Go To" library="Selenium2Library">
<arg>${HOMEPAGE}/${text}[0].html</arg>
<doc>Navigates the current browser window to the provided ``url``.</doc>
<msg timestamp="20220106 23:39:03.938" level="INFO">Opening url 'https://chartink.com/stocks/RAMASTEEL.html'</msg>
<status status="PASS" starttime="20220106 23:39:03.938" endtime="20220106 23:39:04.992"/>
</kw>
<kw name="Sleep" library="BuiltIn">
<arg>1s</arg>
<doc>Pauses the test executed for the given time.</doc>
<msg timestamp="20220106 23:39:06.006" level="INFO">Slept 1 second</msg>
<status status="PASS" starttime="20220106 23:39:04.992" endtime="20220106 23:39:06.006"/>
</kw>
<kw name="Execute Javascript" library="Selenium2Library">
<arg>window.scrollTo(0, 350);</arg>
<doc>Executes the given JavaScript code with possible arguments.</doc>
<msg timestamp="20220106 23:39:06.008" level="INFO">Executing JavaScript:
window.scrollTo(0, 350);
Without any arguments.</msg>
<status status="PASS" starttime="20220106 23:39:06.007" endtime="20220106 23:39:06.043"/>
</kw>
<kw name="Capture Page Screenshot" library="Selenium2Library">
<arg>${text}[0]_chartink</arg>
<doc>Takes a screenshot of the current page and embeds it into a log file.</doc>
<msg timestamp="20220106 23:39:06.218" level="INFO" html="true">&lt;/td&gt;&lt;/tr&gt;&lt;tr&gt;&lt;td colspan="3"&gt;&lt;a href="RAMASTEEL_chartink"&gt;&lt;img src="RAMASTEEL_chartink" width="800px"&gt;&lt;/a&gt;</msg>
<status status="PASS" starttime="20220106 23:39:06.044" endtime="20220106 23:39:06.218"/>
</kw>
<status status="PASS" starttime="20220106 23:39:03.937" endtime="20220106 23:39:06.218"/>
</iter>
<iter>
<var name="${text}">('DENORA',)</var>
<kw name="Log" library="BuiltIn">
<arg>${text}</arg>
<doc>Logs the given message with the given level.</doc>
<msg timestamp="20220106 23:39:06.219" level="INFO">('DENORA',)</msg>
<status status="PASS" starttime="20220106 23:39:06.218" endtime="20220106 23:39:06.219"/>
</kw>
<kw name="Go To" library="Selenium2Library">
<arg>${HOMEPAGE}/${text}[0].html</arg>
<doc>Navigates the current browser window to the provided ``url``.</doc>
<msg timestamp="20220106 23:39:06.219" level="INFO">Opening url 'https://chartink.com/stocks/DENORA.html'</msg>
<status status="PASS" starttime="20220106 23:39:06.219" endtime="20220106 23:39:08.513"/>
</kw>
<kw name="Sleep" library="BuiltIn">
<arg>1s</arg>
<doc>Pauses the test executed for the given time.</doc>
<msg timestamp="20220106 23:39:09.526" level="INFO">Slept 1 second</msg>
<status status="PASS" starttime="20220106 23:39:08.514" endtime="20220106 23:39:09.526"/>
</kw>
<kw name="Execute Javascript" library="Selenium2Library">
<arg>window.scrollTo(0, 350);</arg>
<doc>Executes the given JavaScript code with possible arguments.</doc>
<msg timestamp="20220106 23:39:09.527" level="INFO">Executing JavaScript:
window.scrollTo(0, 350);
Without any arguments.</msg>
<status status="PASS" starttime="20220106 23:39:09.526" endtime="20220106 23:39:09.539"/>
</kw>
<kw name="Capture Page Screenshot" library="Selenium2Library">
<arg>${text}[0]_chartink</arg>
<doc>Takes a screenshot of the current page and embeds it into a log file.</doc>
<msg timestamp="20220106 23:39:09.770" level="INFO" html="true">&lt;/td&gt;&lt;/tr&gt;&lt;tr&gt;&lt;td colspan="3"&gt;&lt;a href="DENORA_chartink"&gt;&lt;img src="DENORA_chartink" width="800px"&gt;&lt;/a&gt;</msg>
<status status="PASS" starttime="20220106 23:39:09.539" endtime="20220106 23:39:09.770"/>
</kw>
<status status="PASS" starttime="20220106 23:39:06.218" endtime="20220106 23:39:09.770"/>
</iter>
<iter>
<var name="${text}">('BHEL',)</var>
<kw name="Log" library="BuiltIn">
<arg>${text}</arg>
<doc>Logs the given message with the given level.</doc>
<msg timestamp="20220106 23:39:09.771" level="INFO">('BHEL',)</msg>
<status status="PASS" starttime="20220106 23:39:09.771" endtime="20220106 23:39:09.771"/>
</kw>
<kw name="Go To" library="Selenium2Library">
<arg>${HOMEPAGE}/${text}[0].html</arg>
<doc>Navigates the current browser window to the provided ``url``.</doc>
<msg timestamp="20220106 23:39:09.772" level="INFO">Opening url 'https://chartink.com/stocks/BHEL.html'</msg>
<status status="PASS" starttime="20220106 23:39:09.772" endtime="20220106 23:39:11.482"/>
</kw>
<kw name="Sleep" library="BuiltIn">
<arg>1s</arg>
<doc>Pauses the test executed for the given time.</doc>
<msg timestamp="20220106 23:39:12.493" level="INFO">Slept 1 second</msg>
<status status="PASS" starttime="20220106 23:39:11.482" endtime="20220106 23:39:12.493"/>
</kw>
<kw name="Execute Javascript" library="Selenium2Library">
<arg>window.scrollTo(0, 350);</arg>
<doc>Executes the given JavaScript code with possible arguments.</doc>
<msg timestamp="20220106 23:39:12.496" level="INFO">Executing JavaScript:
window.scrollTo(0, 350);
Without any arguments.</msg>
<status status="PASS" starttime="20220106 23:39:12.494" endtime="20220106 23:39:12.536"/>
</kw>
<kw name="Capture Page Screenshot" library="Selenium2Library">
<arg>${text}[0]_chartink</arg>
<doc>Takes a screenshot of the current page and embeds it into a log file.</doc>
<msg timestamp="20220106 23:39:12.741" level="INFO" html="true">&lt;/td&gt;&lt;/tr&gt;&lt;tr&gt;&lt;td colspan="3"&gt;&lt;a href="BHEL_chartink"&gt;&lt;img src="BHEL_chartink" width="800px"&gt;&lt;/a&gt;</msg>
<status status="PASS" starttime="20220106 23:39:12.537" endtime="20220106 23:39:12.741"/>
</kw>
<status status="PASS" starttime="20220106 23:39:09.771" endtime="20220106 23:39:12.741"/>
</iter>
<iter>
<var name="${text}">('VARDHACRLC',)</var>
<kw name="Log" library="BuiltIn">
<arg>${text}</arg>
<doc>Logs the given message with the given level.</doc>
<msg timestamp="20220106 23:39:12.742" level="INFO">('VARDHACRLC',)</msg>
<status status="PASS" starttime="20220106 23:39:12.741" endtime="20220106 23:39:12.742"/>
</kw>
<kw name="Go To" library="Selenium2Library">
<arg>${HOMEPAGE}/${text}[0].html</arg>
<doc>Navigates the current browser window to the provided ``url``.</doc>
<msg timestamp="20220106 23:39:12.742" level="INFO">Opening url 'https://chartink.com/stocks/VARDHACRLC.html'</msg>
<status status="PASS" starttime="20220106 23:39:12.742" endtime="20220106 23:39:15.557"/>
</kw>
<kw name="Sleep" library="BuiltIn">
<arg>1s</arg>
<doc>Pauses the test executed for the given time.</doc>
<msg timestamp="20220106 23:39:16.563" level="INFO">Slept 1 second</msg>
<status status="PASS" starttime="20220106 23:39:15.558" endtime="20220106 23:39:16.563"/>
</kw>
<kw name="Execute Javascript" library="Selenium2Library">
<arg>window.scrollTo(0, 350);</arg>
<doc>Executes the given JavaScript code with possible arguments.</doc>
<msg timestamp="20220106 23:39:16.564" level="INFO">Executing JavaScript:
window.scrollTo(0, 350);
Without any arguments.</msg>
<status status="PASS" starttime="20220106 23:39:16.563" endtime="20220106 23:39:16.589"/>
</kw>
<kw name="Capture Page Screenshot" library="Selenium2Library">
<arg>${text}[0]_chartink</arg>
<doc>Takes a screenshot of the current page and embeds it into a log file.</doc>
<msg timestamp="20220106 23:39:17.297" level="INFO" html="true">&lt;/td&gt;&lt;/tr&gt;&lt;tr&gt;&lt;td colspan="3"&gt;&lt;a href="VARDHACRLC_chartink"&gt;&lt;img src="VARDHACRLC_chartink" width="800px"&gt;&lt;/a&gt;</msg>
<status status="PASS" starttime="20220106 23:39:16.589" endtime="20220106 23:39:17.297"/>
</kw>
<status status="PASS" starttime="20220106 23:39:12.741" endtime="20220106 23:39:17.297"/>
</iter>
<iter>
<var name="${text}">('ROSSELLIND',)</var>
<kw name="Log" library="BuiltIn">
<arg>${text}</arg>
<doc>Logs the given message with the given level.</doc>
<msg timestamp="20220106 23:39:17.299" level="INFO">('ROSSELLIND',)</msg>
<status status="PASS" starttime="20220106 23:39:17.298" endtime="20220106 23:39:17.299"/>
</kw>
<kw name="Go To" library="Selenium2Library">
<arg>${HOMEPAGE}/${text}[0].html</arg>
<doc>Navigates the current browser window to the provided ``url``.</doc>
<msg timestamp="20220106 23:39:17.300" level="INFO">Opening url 'https://chartink.com/stocks/ROSSELLIND.html'</msg>
<status status="PASS" starttime="20220106 23:39:17.299" endtime="20220106 23:39:19.679"/>
</kw>
<kw name="Sleep" library="BuiltIn">
<arg>1s</arg>
<doc>Pauses the test executed for the given time.</doc>
<msg timestamp="20220106 23:39:20.685" level="INFO">Slept 1 second</msg>
<status status="PASS" starttime="20220106 23:39:19.679" endtime="20220106 23:39:20.685"/>
</kw>
<kw name="Execute Javascript" library="Selenium2Library">
<arg>window.scrollTo(0, 350);</arg>
<doc>Executes the given JavaScript code with possible arguments.</doc>
<msg timestamp="20220106 23:39:20.686" level="INFO">Executing JavaScript:
window.scrollTo(0, 350);
Without any arguments.</msg>
<status status="PASS" starttime="20220106 23:39:20.685" endtime="20220106 23:39:20.701"/>
</kw>
<kw name="Capture Page Screenshot" library="Selenium2Library">
<arg>${text}[0]_chartink</arg>
<doc>Takes a screenshot of the current page and embeds it into a log file.</doc>
<msg timestamp="20220106 23:39:20.903" level="INFO" html="true">&lt;/td&gt;&lt;/tr&gt;&lt;tr&gt;&lt;td colspan="3"&gt;&lt;a href="ROSSELLIND_chartink"&gt;&lt;img src="ROSSELLIND_chartink" width="800px"&gt;&lt;/a&gt;</msg>
<status status="PASS" starttime="20220106 23:39:20.701" endtime="20220106 23:39:20.903"/>
</kw>
<status status="PASS" starttime="20220106 23:39:17.298" endtime="20220106 23:39:20.903"/>
</iter>
<iter>
<var name="${text}">('CUMMINSIND',)</var>
<kw name="Log" library="BuiltIn">
<arg>${text}</arg>
<doc>Logs the given message with the given level.</doc>
<msg timestamp="20220106 23:39:20.903" level="INFO">('CUMMINSIND',)</msg>
<status status="PASS" starttime="20220106 23:39:20.903" endtime="20220106 23:39:20.903"/>
</kw>
<kw name="Go To" library="Selenium2Library">
<arg>${HOMEPAGE}/${text}[0].html</arg>
<doc>Navigates the current browser window to the provided ``url``.</doc>
<msg timestamp="20220106 23:39:20.904" level="INFO">Opening url 'https://chartink.com/stocks/CUMMINSIND.html'</msg>
<status status="PASS" starttime="20220106 23:39:20.903" endtime="20220106 23:39:22.168"/>
</kw>
<kw name="Sleep" library="BuiltIn">
<arg>1s</arg>
<doc>Pauses the test executed for the given time.</doc>
<msg timestamp="20220106 23:39:23.170" level="INFO">Slept 1 second</msg>
<status status="PASS" starttime="20220106 23:39:22.169" endtime="20220106 23:39:23.171"/>
</kw>
<kw name="Execute Javascript" library="Selenium2Library">
<arg>window.scrollTo(0, 350);</arg>
<doc>Executes the given JavaScript code with possible arguments.</doc>
<msg timestamp="20220106 23:39:23.173" level="INFO">Executing JavaScript:
window.scrollTo(0, 350);
Without any arguments.</msg>
<status status="PASS" starttime="20220106 23:39:23.171" endtime="20220106 23:39:23.204"/>
</kw>
<kw name="Capture Page Screenshot" library="Selenium2Library">
<arg>${text}[0]_chartink</arg>
<doc>Takes a screenshot of the current page and embeds it into a log file.</doc>
<msg timestamp="20220106 23:39:23.397" level="INFO" html="true">&lt;/td&gt;&lt;/tr&gt;&lt;tr&gt;&lt;td colspan="3"&gt;&lt;a href="CUMMINSIND_chartink"&gt;&lt;img src="CUMMINSIND_chartink" width="800px"&gt;&lt;/a&gt;</msg>
<status status="PASS" starttime="20220106 23:39:23.205" endtime="20220106 23:39:23.397"/>
</kw>
<status status="PASS" starttime="20220106 23:39:20.903" endtime="20220106 23:39:23.397"/>
</iter>
<iter>
<var name="${text}">('PAGEIND',)</var>
<kw name="Log" library="BuiltIn">
<arg>${text}</arg>
<doc>Logs the given message with the given level.</doc>
<msg timestamp="20220106 23:39:23.398" level="INFO">('PAGEIND',)</msg>
<status status="PASS" starttime="20220106 23:39:23.397" endtime="20220106 23:39:23.398"/>
</kw>
<kw name="Go To" library="Selenium2Library">
[...]
<msg timestamp="20220106 23:48:30.858" level="INFO">Executing JavaScript:
window.scrollTo(0, 350);
Without any arguments.</msg>
<status status="PASS" starttime="20220106 23:48:30.857" endtime="20220106 23:48:30.890"/>
</kw>
<kw name="Capture Page Screenshot" library="Selenium2Library">
<arg>${text}[0]_chartink</arg>
<doc>Takes a screenshot of the current page and embeds it into a log file.</doc>
<msg timestamp="20220106 23:48:31.060" level="INFO" html="true">&lt;/td&gt;&lt;/tr&gt;&lt;tr&gt;&lt;td colspan="3"&gt;&lt;a href="BAJFINANCE_chartink"&gt;&lt;img src="BAJFINANCE_chartink" width="800px"&gt;&lt;/a&gt;</msg>
<status status="PASS" starttime="20220106 23:48:30.891" endtime="20220106 23:48:31.060"/>
</kw>
<status status="PASS" starttime="20220106 23:48:28.667" endtime="20220106 23:48:31.060"/>
</iter>
<iter>
<var name="${text}">('RAJTV',)</var>
<kw name="Log" library="BuiltIn">
<arg>${text}</arg>
<doc>Logs the given message with the given level.</doc>
<msg timestamp="20220106 23:48:31.061" level="INFO">('RAJTV',)</msg>
<status status="PASS" starttime="20220106 23:48:31.061" endtime="20220106 23:48:31.061"/>
</kw>
<kw name="Go To" library="Selenium2Library">
<arg>${HOMEPAGE}/${text}[0].html</arg>
<doc>Navigates the current browser window to the provided ``url``.</doc>
<msg timestamp="20220106 23:48:31.061" level="INFO">Opening url 'https://chartink.com/stocks/RAJTV.html'</msg>
<status status="PASS" starttime="20220106 23:48:31.061" endtime="20220106 23:48:32.167"/>
</kw>
<kw name="Sleep" library="BuiltIn">
<arg>1s</arg>
<doc>Pauses the test executed for the given time.</doc>
<msg timestamp="20220106 23:48:33.178" level="INFO">Slept 1 second</msg>
<status status="PASS" starttime="20220106 23:48:32.168" endtime="20220106 23:48:33.178"/>
</kw>
<kw name="Execute Javascript" library="Selenium2Library">
<arg>window.scrollTo(0, 350);</arg>
<doc>Executes the given JavaScript code with possible arguments.</doc>
<msg timestamp="20220106 23:48:33.178" level="INFO">Executing JavaScript:
window.scrollTo(0, 350);
Without any arguments.</msg>
<status status="PASS" starttime="20220106 23:48:33.178" endtime="20220106 23:48:33.204"/>
</kw>
<kw name="Capture Page Screenshot" library="Selenium2Library">
<arg>${text}[0]_chartink</arg>
<doc>Takes a screenshot of the current page and embeds it into a log file.</doc>
<msg timestamp="20220106 23:48:33.370" level="INFO" html="true">&lt;/td&gt;&lt;/tr&gt;&lt;tr&gt;&lt;td colspan="3"&gt;&lt;a href="RAJTV_chartink"&gt;&lt;img src="RAJTV_chartink" width="800px"&gt;&lt;/a&gt;</msg>
<status status="PASS" starttime="20220106 23:48:33.205" endtime="20220106 23:48:33.370"/>
</kw>
<status status="PASS" starttime="20220106 23:48:31.060" endtime="20220106 23:48:33.370"/>
</iter>
<iter>
<var name="${text}">('GTNTEX',)</var>
<kw name="Log" library="BuiltIn">
<arg>${text}</arg>
<doc>Logs the given message with the given level.</doc>
<msg timestamp="20220106 23:48:33.371" level="INFO">('GTNTEX',)</msg>
<status status="PASS" starttime="20220106 23:48:33.371" endtime="20220106 23:48:33.371"/>
</kw>
<kw name="Go To" library="Selenium2Library">
<arg>${HOMEPAGE}/${text}[0].html</arg>
<doc>Navigates the current browser window to the provided ``url``.</doc>
<msg timestamp="20220106 23:48:33.372" level="INFO">Opening url 'https://chartink.com/stocks/GTNTEX.html'</msg>
<status status="PASS" starttime="20220106 23:48:33.372" endtime="20220106 23:48:34.564"/>
</kw>
<kw name="Sleep" library="BuiltIn">
<arg>1s</arg>
<doc>Pauses the test executed for the given time.</doc>
<msg timestamp="20220106 23:48:35.573" level="INFO">Slept 1 second</msg>
<status status="PASS" starttime="20220106 23:48:34.564" endtime="20220106 23:48:35.573"/>
</kw>
<kw name="Execute Javascript" library="Selenium2Library">
<arg>window.scrollTo(0, 350);</arg>
<doc>Executes the given JavaScript code with possible arguments.</doc>
<msg timestamp="20220106 23:48:35.576" level="INFO">Executing JavaScript:
window.scrollTo(0, 350);
Without any arguments.</msg>
<status status="PASS" starttime="20220106 23:48:35.575" endtime="20220106 23:48:35.606"/>
</kw>
<kw name="Capture Page Screenshot" library="Selenium2Library">
<arg>${text}[0]_chartink</arg>
<doc>Takes a screenshot of the current page and embeds it into a log file.</doc>
<msg timestamp="20220106 23:48:35.815" level="INFO" html="true">&lt;/td&gt;&lt;/tr&gt;&lt;tr&gt;&lt;td colspan="3"&gt;&lt;a href="GTNTEX_chartink"&gt;&lt;img src="GTNTEX_chartink" width="800px"&gt;&lt;/a&gt;</msg>
<status status="PASS" starttime="20220106 23:48:35.607" endtime="20220106 23:48:35.815"/>
</kw>
<status status="PASS" starttime="20220106 23:48:33.370" endtime="20220106 23:48:35.815"/>
</iter>
<iter>
<var name="${text}">('NKIND',)</var>
<kw name="Log" library="BuiltIn">
<arg>${text}</arg>
<doc>Logs the given message with the given level.</doc>
<msg timestamp="20220106 23:48:35.816" level="INFO">('NKIND',)</msg>
<status status="PASS" starttime="20220106 23:48:35.816" endtime="20220106 23:48:35.816"/>
</kw>
<kw name="Go To" library="Selenium2Library">
<arg>${HOMEPAGE}/${text}[0].html</arg>
<doc>Navigates the current browser window to the provided ``url``.</doc>
<msg timestamp="20220106 23:48:35.817" level="INFO">Opening url 'https://chartink.com/stocks/NKIND.html'</msg>
<status status="PASS" starttime="20220106 23:48:35.816" endtime="20220106 23:48:36.848"/>
</kw>
<kw name="Sleep" library="BuiltIn">
<arg>1s</arg>
<doc>Pauses the test executed for the given time.</doc>
<msg timestamp="20220106 23:48:37.852" level="INFO">Slept 1 second</msg>
<status status="PASS" starttime="20220106 23:48:36.849" endtime="20220106 23:48:37.852"/>
</kw>
<kw name="Execute Javascript" library="Selenium2Library">
<arg>window.scrollTo(0, 350);</arg>
<doc>Executes the given JavaScript code with possible arguments.</doc>
<msg timestamp="20220106 23:48:37.855" level="INFO">Executing JavaScript:
window.scrollTo(0, 350);
Without any arguments.</msg>
<status status="PASS" starttime="20220106 23:48:37.853" endtime="20220106 23:48:37.887"/>
</kw>
<kw name="Capture Page Screenshot" library="Selenium2Library">
<arg>${text}[0]_chartink</arg>
<doc>Takes a screenshot of the current page and embeds it into a log file.</doc>
<msg timestamp="20220106 23:48:38.075" level="INFO" html="true">&lt;/td&gt;&lt;/tr&gt;&lt;tr&gt;&lt;td colspan="3"&gt;&lt;a href="NKIND_chartink"&gt;&lt;img src="NKIND_chartink" width="800px"&gt;&lt;/a&gt;</msg>
<status status="PASS" starttime="20220106 23:48:37.888" endtime="20220106 23:48:38.075"/>
</kw>
<status status="PASS" starttime="20220106 23:48:35.816" endtime="20220106 23:48:38.075"/>
</iter>
<iter>
<var name="${text}">('3PLAND',)</var>
<kw name="Log" library="BuiltIn">
<arg>${text}</arg>
<doc>Logs the given message with the given level.</doc>
<msg timestamp="20220106 23:48:38.076" level="INFO">('3PLAND',)</msg>
<status status="PASS" starttime="20220106 23:48:38.075" endtime="20220106 23:48:38.076"/>
</kw>
<kw name="Go To" library="Selenium2Library">
<arg>${HOMEPAGE}/${text}[0].html</arg>
<doc>Navigates the current browser window to the provided ``url``.</doc>
<msg timestamp="20220106 23:48:38.076" level="INFO">Opening url 'https://chartink.com/stocks/3PLAND.html'</msg>
<status status="PASS" starttime="20220106 23:48:38.076" endtime="20220106 23:48:39.411"/>
</kw>
<kw name="Sleep" library="BuiltIn">
<arg>1s</arg>
<doc>Pauses the test executed for the given time.</doc>
<msg timestamp="20220106 23:48:40.420" level="INFO">Slept 1 second</msg>
<status status="PASS" starttime="20220106 23:48:39.412" endtime="20220106 23:48:40.420"/>
</kw>
<kw name="Execute Javascript" library="Selenium2Library">
<arg>window.scrollTo(0, 350);</arg>
<doc>Executes the given JavaScript code with possible arguments.</doc>
<msg timestamp="20220106 23:48:40.423" level="INFO">Executing JavaScript:
window.scrollTo(0, 350);
Without any arguments.</msg>
<status status="PASS" starttime="20220106 23:48:40.421" endtime="20220106 23:48:40.459"/>
</kw>
<kw name="Capture Page Screenshot" library="Selenium2Library">
<arg>${text}[0]_chartink</arg>
<doc>Takes a screenshot of the current page and embeds it into a log file.</doc>
<msg timestamp="20220106 23:48:40.644" level="INFO" html="true">&lt;/td&gt;&lt;/tr&gt;&lt;tr&gt;&lt;td colspan="3"&gt;&lt;a href="3PLAND_chartink"&gt;&lt;img src="3PLAND_chartink" width="800px"&gt;&lt;/a&gt;</msg>
<status status="PASS" starttime="20220106 23:48:40.460" endtime="20220106 23:48:40.644"/>
</kw>
<status status="PASS" starttime="20220106 23:48:38.075" endtime="20220106 23:48:40.644"/>
</iter>
<iter>
<var name="${text}">('NATIONALUM',)</var>
<kw name="Log" library="BuiltIn">
<arg>${text}</arg>
<doc>Logs the given message with the given level.</doc>
<msg timestamp="20220106 23:48:40.645" level="INFO">('NATIONALUM',)</msg>
<status status="PASS" starttime="20220106 23:48:40.644" endtime="20220106 23:48:40.645"/>
</kw>
<kw name="Go To" library="Selenium2Library">
<arg>${HOMEPAGE}/${text}[0].html</arg>
<doc>Navigates the current browser window to the provided ``url``.</doc>
<msg timestamp="20220106 23:48:40.645" level="INFO">Opening url 'https://chartink.com/stocks/NATIONALUM.html'</msg>
<status status="PASS" starttime="20220106 23:48:40.645" endtime="20220106 23:48:41.852"/>
</kw>
<kw name="Sleep" library="BuiltIn">
<arg>1s</arg>
<doc>Pauses the test executed for the given time.</doc>
<msg timestamp="20220106 23:48:42.857" level="INFO">Slept 1 second</msg>
<status status="PASS" starttime="20220106 23:48:41.852" endtime="20220106 23:48:42.857"/>
</kw>
<kw name="Execute Javascript" library="Selenium2Library">
<arg>window.scrollTo(0, 350);</arg>
<doc>Executes the given JavaScript code with possible arguments.</doc>
<msg timestamp="20220106 23:48:42.858" level="INFO">Executing JavaScript:
window.scrollTo(0, 350);
Without any arguments.</msg>
<status status="PASS" starttime="20220106 23:48:42.857" endtime="20220106 23:48:42.876"/>
</kw>
<kw name="Capture Page Screenshot" library="Selenium2Library">
<arg>${text}[0]_chartink</arg>
<doc>Takes a screenshot of the current page and embeds it into a log file.</doc>
<msg timestamp="20220106 23:48:43.032" level="INFO" html="true">&lt;/td&gt;&lt;/tr&gt;&lt;tr&gt;&lt;td colspan="3"&gt;&lt;a href="NATIONALUM_chartink"&gt;&lt;img src="NATIONALUM_chartink" width="800px"&gt;&lt;/a&gt;</msg>
<status status="PASS" starttime="20220106 23:48:42.877" endtime="20220106 23:48:43.032"/>
</kw>
<status status="PASS" starttime="20220106 23:48:40.644" endtime="20220106 23:48:43.032"/>
</iter>
<iter>
<var name="${text}">('LEMONTREE',)</var>
<kw name="Log" library="BuiltIn">
<arg>${text}</arg>
<doc>Logs the given message with the given level.</doc>
<msg timestamp="20220106 23:48:43.033" level="INFO">('LEMONTREE',)</msg>
<status status="PASS" starttime="20220106 23:48:43.033" endtime="20220106 23:48:43.033"/>
</kw>
<kw name="Go To" library="Selenium2Library">
<arg>${HOMEPAGE}/${text}[0].html</arg>
<doc>Navigates the current browser window to the provided ``url``.</doc>
<msg timestamp="20220106 23:48:43.033" level="INFO">Opening url 'https://chartink.com/stocks/LEMONTREE.html'</msg>
<status status="PASS" starttime="20220106 23:48:43.033" endtime="20220106 23:48:44.033"/>
</kw>
<kw name="Sleep" library="BuiltIn">
<arg>1s</arg>
<doc>Pauses the test executed for the given time.</doc>
<msg timestamp="20220106 23:48:45.039" level="INFO">Slept 1 second</msg>
<status status="PASS" starttime="20220106 23:48:44.033" endtime="20220106 23:48:45.039"/>
</kw>
<kw name="Execute Javascript" library="Selenium2Library">
<arg>window.scrollTo(0, 350);</arg>
<doc>Executes the given JavaScript code with possible arguments.</doc>
<msg timestamp="20220106 23:48:45.042" level="INFO">Executing JavaScript:
window.scrollTo(0, 350);
Without any arguments.</msg>
<status status="PASS" starttime="20220106 23:48:45.040" endtime="20220106 23:48:45.094"/>
</kw>
<kw name="Capture Page Screenshot" library="Selenium2Library">
<arg>${text}[0]_chartink</arg>
<doc>Takes a screenshot of the current page and embeds it into a log file.</doc>
<msg timestamp="20220106 23:48:45.260" level="INFO" html="true">&lt;/td&gt;&lt;/tr&gt;&lt;tr&gt;&lt;td colspan="3"&gt;&lt;a href="LEMONTREE_chartink"&gt;&lt;img src="LEMONTREE_chartink" width="800px"&gt;&lt;/a&gt;</msg>
<status status="PASS" starttime="20220106 23:48:45.095" endtime="20220106 23:48:45.260"/>
</kw>
<status status="PASS" starttime="20220106 23:48:43.032" endtime="20220106 23:48:45.260"/>
</iter>
<iter>
<var name="${text}">('HCL-INSYS',)</var>
<kw name="Log" library="BuiltIn">
<arg>${text}</arg>
<doc>Logs the given message with the given level.</doc>
<msg timestamp="20220106 23:48:45.261" level="INFO">('HCL-INSYS',)</msg>
<status status="PASS" starttime="20220106 23:48:45.261" endtime="20220106 23:48:45.261"/>
</kw>
<kw name="Go To" library="Selenium2Library">
<arg>${HOMEPAGE}/${text}[0].html</arg>
<doc>Navigates the current browser window to the provided ``url``.</doc>
<msg timestamp="20220106 23:48:45.261" level="INFO">Opening url 'https://chartink.com/stocks/HCL-INSYS.html'</msg>
<status status="PASS" starttime="20220106 23:48:45.261" endtime="20220106 23:48:47.078"/>
</kw>
<kw name="Sleep" library="BuiltIn">
<arg>1s</arg>
<doc>Pauses the test executed for the given time.</doc>
<msg timestamp="20220106 23:48:48.082" level="INFO">Slept 1 second</msg>
<status status="PASS" starttime="20220106 23:48:47.078" endtime="20220106 23:48:48.082"/>
</kw>
<kw name="Execute Javascript" library="Selenium2Library">
<arg>window.scrollTo(0, 350);</arg>
<doc>Executes the given JavaScript code with possible arguments.</doc>
<msg timestamp="20220106 23:48:48.084" level="INFO">Executing JavaScript:
window.scrollTo(0, 350);
Without any arguments.</msg>
<status status="PASS" starttime="20220106 23:48:48.083" endtime="20220106 23:48:48.115"/>
</kw>
<kw name="Capture Page Screenshot" library="Selenium2Library">
<arg>${text}[0]_chartink</arg>
<doc>Takes a screenshot of the current page and embeds it into a log file.</doc>
<msg timestamp="20220106 23:48:48.273" level="INFO" html="true">&lt;/td&gt;&lt;/tr&gt;&lt;tr&gt;&lt;td colspan="3"&gt;&lt;a href="HCL-INSYS_chartink"&gt;&lt;img src="HCL-INSYS_chartink" width="800px"&gt;&lt;/a&gt;</msg>
<status status="PASS" starttime="20220106 23:48:48.115" endtime="20220106 23:48:48.273"/>
</kw>
<status status="PASS" starttime="20220106 23:48:45.260" endtime="20220106 23:48:48.273"/>
</iter>
<iter>
<var name="${text}">('ANGELONE',)</var>
<kw name="Log" library="BuiltIn">
<arg>${text}</arg>
<doc>Logs the given message with the given level.</doc>
<msg timestamp="20220106 23:48:48.274" level="INFO">('ANGELONE',)</msg>
<status status="PASS" starttime="20220106 23:48:48.273" endtime="20220106 23:48:48.274"/>
</kw>
<kw name="Go To" library="Selenium2Library">
<arg>${HOMEPAGE}/${text}[0].html</arg>
<doc>Navigates the current browser window to the provided ``url``.</doc>
<msg timestamp="20220106 23:48:48.274" level="INFO">Opening url 'https://chartink.com/stocks/ANGELONE.html'</msg>
<status status="PASS" starttime="20220106 23:48:48.274" endtime="20220106 23:48:51.341"/>
</kw>
<kw name="Sleep" library="BuiltIn">
<arg>1s</arg>
<doc>Pauses the test executed for the given time.</doc>
<msg timestamp="20220106 23:48:52.350" level="INFO">Slept 1 second</msg>
<status status="PASS" starttime="20220106 23:48:51.342" endtime="20220106 23:48:52.350"/>
</kw>
<kw name="Execute Javascript" library="Selenium2Library">
<arg>window.scrollTo(0, 350);</arg>
<doc>Executes the given JavaScript code with possible arguments.</doc>
<msg timestamp="20220106 23:48:52.351" level="INFO">Executing JavaScript:
window.scrollTo(0, 350);
Without any arguments.</msg>
<status status="PASS" starttime="20220106 23:48:52.350" endtime="20220106 23:48:52.650"/>
</kw>
<kw name="Capture Page Screenshot" library="Selenium2Library">
<arg>${text}[0]_chartink</arg>
<doc>Takes a screenshot of the current page and embeds it into a log file.</doc>
<msg timestamp="20220106 23:48:52.794" level="INFO" html="true">&lt;/td&gt;&lt;/tr&gt;&lt;tr&gt;&lt;td colspan="3"&gt;&lt;a href="ANGELONE_chartink"&gt;&lt;img src="ANGELONE_chartink" width="800px"&gt;&lt;/a&gt;</msg>
<status status="PASS" starttime="20220106 23:48:52.650" endtime="20220106 23:48:52.794"/>
</kw>
<status status="PASS" starttime="20220106 23:48:48.273" endtime="20220106 23:48:52.794"/>
</iter>
<iter>
<var name="${text}">('AROGRANITE',)</var>
<kw name="Log" library="BuiltIn">
<arg>${text}</arg>
<doc>Logs the given message with the given level.</doc>
<msg timestamp="20220106 23:48:52.795" level="INFO">('AROGRANITE',)</msg>
<status status="PASS" starttime="20220106 23:48:52.795" endtime="20220106 23:48:52.795"/>
</kw>
<kw name="Go To" library="Selenium2Library">
<arg>${HOMEPAGE}/${text}[0].html</arg>
<doc>Navigates the current browser window to the provided ``url``.</doc>
<msg timestamp="20220106 23:48:52.796" level="INFO">Opening url 'https://chartink.com/stocks/AROGRANITE.html'</msg>
<status status="PASS" starttime="20220106 23:48:52.795" endtime="20220106 23:48:54.050"/>
</kw>
<kw name="Sleep" library="BuiltIn">
<arg>1s</arg>
<doc>Pauses the test executed for the given time.</doc>
<msg timestamp="20220106 23:48:55.055" level="INFO">Slept 1 second</msg>
<status status="PASS" starttime="20220106 23:48:54.051" endtime="20220106 23:48:55.055"/>
</kw>
<kw name="Execute Javascript" library="Selenium2Library">
<arg>window.scrollTo(0, 350);</arg>
<doc>Executes the given JavaScript code with possible arguments.</doc>
<msg timestamp="20220106 23:48:55.057" level="INFO">Executing JavaScript:
window.scrollTo(0, 350);
Without any arguments.</msg>
<status status="PASS" starttime="20220106 23:48:55.056" endtime="20220106 23:48:55.094"/>
</kw>
<kw name="Capture Page Screenshot" library="Selenium2Library">
<arg>${text}[0]_chartink</arg>
<doc>Takes a screenshot of the current page and embeds it into a log file.</doc>
<msg timestamp="20220106 23:48:55.278" level="INFO" html="true">&lt;/td&gt;&lt;/tr&gt;&lt;tr&gt;&lt;td colspan="3"&gt;&lt;a href="AROGRANITE_chartink"&gt;&lt;img src="AROGRANITE_chartink" width="800px"&gt;&lt;/a&gt;</msg>
<status status="PASS" starttime="20220106 23:48:55.095" endtime="20220106 23:48:55.278"/>
</kw>
<status status="PASS" starttime="20220106 23:48:52.795" endtime="20220106 23:48:55.278"/>
</iter>
<status status="PASS" starttime="20220106 23:37:29.457" endtime="20220106 23:48:55.278"/>
</for>
<status status="PASS" starttime="20220106 23:37:25.182" endtime="20220106 23:48:55.279"/>
</test>
<kw name="Close Browser" library="Selenium2Library" type="TEARDOWN">
<doc>Closes the current browser.</doc>
<status status="PASS" starttime="20220106 23:48:55.282" endtime="20220106 23:48:57.995"/>
</kw>
<status status="PASS" starttime="20220106 23:37:22.620" endtime="20220106 23:48:57.995"/>
</suite>
<statistics>
<total>
<stat pass="1" fail="0" skip="0">All Tests</stat>
</total>
<tag>
</tag>
<suite>
<stat pass="1" fail="0" skip="0" id="s1" name="Chartinkscreen">Chartinkscreen</stat>
</suite>
</statistics>
<errors>
<msg timestamp="20220106 23:37:22.953" level="ERROR">Error in file 'C:\Users\User\PycharmProjects\stock\SeleniumLibrary\keywords.robot' on line 2: Importing library 'C:\Users\User\PycharmProjects\stock\SeleniumLibrary\keywords\BrowserManagementKeywords.py' failed: ImportError: attempted relative import with no known parent package
Traceback (most recent call last):
  File "C:\Users\User\PycharmProjects\stock\SeleniumLibrary\keywords\BrowserManagementKeywords.py", line 30, in &lt;module&gt;
    from .webdrivertools import WebDriverCreator
PYTHONPATH:
  C:\Users\User\AppData\Local\Programs\Python\Python39\Scripts\robot.exe
  c:\users\user\appdata\local\programs\python\python39\python39.zip
  c:\users\user\appdata\local\programs\python\python39\DLLs
  c:\users\user\appdata\local\programs\python\python39\lib
  c:\users\user\appdata\local\programs\python\python39
  c:\users\user\appdata\local\programs\python\python39\lib\site-packages</msg>
</errors>
</robot>
